<?xml version="1.0" encoding="UTF-8"?>
<testsuite xmlns:xsi="http://www.w3.org/2001/XMLSchema-instance" xsi:noNamespaceSchemaLocation="https://maven.apache.org/surefire/maven-surefire-plugin/xsd/surefire-test-report.xsd" name="karate.AllFeatureTest" time="59.359" tests="1" errors="0" skipped="0" failures="1">
  <properties>
    <property name="awt.toolkit" value="sun.awt.X11.XToolkit"/>
    <property name="file.encoding.pkg" value="sun.io"/>
    <property name="java.specification.version" value="1.8"/>
    <property name="sun.cpu.isalist" value=""/>
    <property name="sun.jnu.encoding" value="UTF-8"/>
    <property name="java.class.path" value="/home/mati/Desktop/newbuck/PetStore-proyect-with-postman/petStoreKarate/petStoreKarate/target/test-classes:/home/mati/Desktop/newbuck/PetStore-proyect-with-postman/petStoreKarate/petStoreKarate/target/classes:/home/mati/.m2/repository/com/intuit/karate/karate-apache/0.9.6/karate-apache-0.9.6.jar:/home/mati/.m2/repository/com/intuit/karate/karate-core/0.9.6/karate-core-0.9.6.jar:/home/mati/.m2/repository/com/jayway/jsonpath/json-path/2.4.0/json-path-2.4.0.jar:/home/mati/.m2/repository/net/minidev/json-smart/2.3/json-smart-2.3.jar:/home/mati/.m2/repository/net/minidev/accessors-smart/1.2/accessors-smart-1.2.jar:/home/mati/.m2/repository/org/ow2/asm/asm/5.0.4/asm-5.0.4.jar:/home/mati/.m2/repository/info/cukes/cucumber-java/1.2.5/cucumber-java-1.2.5.jar:/home/mati/.m2/repository/info/cukes/cucumber-core/1.2.5/cucumber-core-1.2.5.jar:/home/mati/.m2/repository/org/yaml/snakeyaml/1.24/snakeyaml-1.24.jar:/home/mati/.m2/repository/de/siegmar/fastcsv/1.0.3/fastcsv-1.0.3.jar:/home/mati/.m2/repository/info/picocli/picocli/4.0.3/picocli-4.0.3.jar:/home/mati/.m2/repository/org/apache/httpcomponents/httpclient/4.5.12/httpclient-4.5.12.jar:/home/mati/.m2/repository/org/apache/httpcomponents/httpcore/4.4.13/httpcore-4.4.13.jar:/home/mati/.m2/repository/commons-codec/commons-codec/1.11/commons-codec-1.11.jar:/home/mati/.m2/repository/org/apache/httpcomponents/httpmime/4.5.12/httpmime-4.5.12.jar:/home/mati/.m2/repository/org/slf4j/jcl-over-slf4j/1.7.25/jcl-over-slf4j-1.7.25.jar:/home/mati/.m2/repository/org/slf4j/slf4j-api/1.7.25/slf4j-api-1.7.25.jar:/home/mati/.m2/repository/ch/qos/logback/logback-classic/1.2.3/logback-classic-1.2.3.jar:/home/mati/.m2/repository/ch/qos/logback/logback-core/1.2.3/logback-core-1.2.3.jar:/home/mati/.m2/repository/com/intuit/karate/karate-junit5/0.9.6/karate-junit5-0.9.6.jar:/home/mati/.m2/repository/org/junit/jupiter/junit-jupiter-api/5.5.0/junit-jupiter-api-5.5.0.jar:/home/mati/.m2/repository/org/apiguardian/apiguardian-api/1.1.0/apiguardian-api-1.1.0.jar:/home/mati/.m2/repository/org/opentest4j/opentest4j/1.2.0/opentest4j-1.2.0.jar:/home/mati/.m2/repository/org/junit/platform/junit-platform-commons/1.5.0/junit-platform-commons-1.5.0.jar:/home/mati/.m2/repository/org/junit/jupiter/junit-jupiter-engine/5.5.0/junit-jupiter-engine-5.5.0.jar:/home/mati/.m2/repository/org/junit/platform/junit-platform-engine/1.5.0/junit-platform-engine-1.5.0.jar:/home/mati/.m2/repository/net/masterthought/cucumber-reporting/4.6.0/cucumber-reporting-4.6.0.jar:/home/mati/.m2/repository/com/fasterxml/jackson/core/jackson-databind/2.9.8/jackson-databind-2.9.8.jar:/home/mati/.m2/repository/com/fasterxml/jackson/core/jackson-annotations/2.9.0/jackson-annotations-2.9.0.jar:/home/mati/.m2/repository/com/fasterxml/jackson/core/jackson-core/2.9.8/jackson-core-2.9.8.jar:/home/mati/.m2/repository/org/apache/velocity/velocity/1.7/velocity-1.7.jar:/home/mati/.m2/repository/commons-collections/commons-collections/3.2.1/commons-collections-3.2.1.jar:/home/mati/.m2/repository/commons-lang/commons-lang/2.4/commons-lang-2.4.jar:/home/mati/.m2/repository/velocity-tools/velocity-tools/1.4/velocity-tools-1.4.jar:/home/mati/.m2/repository/joda-time/joda-time/2.10.1/joda-time-2.10.1.jar:/home/mati/.m2/repository/org/apache/commons/commons-lang3/3.8.1/commons-lang3-3.8.1.jar:/home/mati/.m2/repository/commons-io/commons-io/2.6/commons-io-2.6.jar:/home/mati/.m2/repository/org/codehaus/plexus/plexus-utils/3.1.1/plexus-utils-3.1.1.jar:/home/mati/.m2/repository/org/jsoup/jsoup/1.11.3/jsoup-1.11.3.jar:/home/mati/.m2/repository/com/googlecode/owasp-java-html-sanitizer/owasp-java-html-sanitizer/20190325.1/owasp-java-html-sanitizer-20190325.1.jar:/home/mati/.m2/repository/com/google/guava/guava/27.1-jre/guava-27.1-jre.jar:/home/mati/.m2/repository/com/google/guava/failureaccess/1.0.1/failureaccess-1.0.1.jar:/home/mati/.m2/repository/com/google/guava/listenablefuture/9999.0-empty-to-avoid-conflict-with-guava/listenablefuture-9999.0-empty-to-avoid-conflict-with-guava.jar:/home/mati/.m2/repository/com/google/code/findbugs/jsr305/3.0.2/jsr305-3.0.2.jar:/home/mati/.m2/repository/org/checkerframework/checker-qual/2.5.2/checker-qual-2.5.2.jar:/home/mati/.m2/repository/com/google/errorprone/error_prone_annotations/2.2.0/error_prone_annotations-2.2.0.jar:/home/mati/.m2/repository/com/google/j2objc/j2objc-annotations/1.1/j2objc-annotations-1.1.jar:/home/mati/.m2/repository/org/codehaus/mojo/animal-sniffer-annotations/1.17/animal-sniffer-annotations-1.17.jar:/home/mati/.m2/repository/commons-configuration/commons-configuration/1.10/commons-configuration-1.10.jar:/home/mati/.m2/repository/commons-logging/commons-logging/1.1.1/commons-logging-1.1.1.jar:"/>
    <property name="java.vm.vendor" value="Oracle Corporation"/>
    <property name="sun.arch.data.model" value="64"/>
    <property name="java.vendor.url" value="http://java.oracle.com/"/>
    <property name="user.timezone" value=""/>
    <property name="java.vm.specification.version" value="1.8"/>
    <property name="os.name" value="Linux"/>
    <property name="user.country" value="US"/>
    <property name="sun.java.launcher" value="SUN_STANDARD"/>
    <property name="sun.boot.library.path" value="/usr/lib/jvm/jdk1.8.0_331/jre/lib/amd64"/>
    <property name="sun.java.command" value="/home/mati/Desktop/newbuck/PetStore-proyect-with-postman/petStoreKarate/petStoreKarate/target/surefire/surefirebooter163022914182224606.jar /home/mati/Desktop/newbuck/PetStore-proyect-with-postman/petStoreKarate/petStoreKarate/target/surefire 2022-08-24T08-00-31_035-jvmRun1 surefire8039510286219209559tmp surefire_06530575681383838060tmp"/>
    <property name="surefire.test.class.path" value="/home/mati/Desktop/newbuck/PetStore-proyect-with-postman/petStoreKarate/petStoreKarate/target/test-classes:/home/mati/Desktop/newbuck/PetStore-proyect-with-postman/petStoreKarate/petStoreKarate/target/classes:/home/mati/.m2/repository/com/intuit/karate/karate-apache/0.9.6/karate-apache-0.9.6.jar:/home/mati/.m2/repository/com/intuit/karate/karate-core/0.9.6/karate-core-0.9.6.jar:/home/mati/.m2/repository/com/jayway/jsonpath/json-path/2.4.0/json-path-2.4.0.jar:/home/mati/.m2/repository/net/minidev/json-smart/2.3/json-smart-2.3.jar:/home/mati/.m2/repository/net/minidev/accessors-smart/1.2/accessors-smart-1.2.jar:/home/mati/.m2/repository/org/ow2/asm/asm/5.0.4/asm-5.0.4.jar:/home/mati/.m2/repository/info/cukes/cucumber-java/1.2.5/cucumber-java-1.2.5.jar:/home/mati/.m2/repository/info/cukes/cucumber-core/1.2.5/cucumber-core-1.2.5.jar:/home/mati/.m2/repository/org/yaml/snakeyaml/1.24/snakeyaml-1.24.jar:/home/mati/.m2/repository/de/siegmar/fastcsv/1.0.3/fastcsv-1.0.3.jar:/home/mati/.m2/repository/info/picocli/picocli/4.0.3/picocli-4.0.3.jar:/home/mati/.m2/repository/org/apache/httpcomponents/httpclient/4.5.12/httpclient-4.5.12.jar:/home/mati/.m2/repository/org/apache/httpcomponents/httpcore/4.4.13/httpcore-4.4.13.jar:/home/mati/.m2/repository/commons-codec/commons-codec/1.11/commons-codec-1.11.jar:/home/mati/.m2/repository/org/apache/httpcomponents/httpmime/4.5.12/httpmime-4.5.12.jar:/home/mati/.m2/repository/org/slf4j/jcl-over-slf4j/1.7.25/jcl-over-slf4j-1.7.25.jar:/home/mati/.m2/repository/org/slf4j/slf4j-api/1.7.25/slf4j-api-1.7.25.jar:/home/mati/.m2/repository/ch/qos/logback/logback-classic/1.2.3/logback-classic-1.2.3.jar:/home/mati/.m2/repository/ch/qos/logback/logback-core/1.2.3/logback-core-1.2.3.jar:/home/mati/.m2/repository/com/intuit/karate/karate-junit5/0.9.6/karate-junit5-0.9.6.jar:/home/mati/.m2/repository/org/junit/jupiter/junit-jupiter-api/5.5.0/junit-jupiter-api-5.5.0.jar:/home/mati/.m2/repository/org/apiguardian/apiguardian-api/1.1.0/apiguardian-api-1.1.0.jar:/home/mati/.m2/repository/org/opentest4j/opentest4j/1.2.0/opentest4j-1.2.0.jar:/home/mati/.m2/repository/org/junit/platform/junit-platform-commons/1.5.0/junit-platform-commons-1.5.0.jar:/home/mati/.m2/repository/org/junit/jupiter/junit-jupiter-engine/5.5.0/junit-jupiter-engine-5.5.0.jar:/home/mati/.m2/repository/org/junit/platform/junit-platform-engine/1.5.0/junit-platform-engine-1.5.0.jar:/home/mati/.m2/repository/net/masterthought/cucumber-reporting/4.6.0/cucumber-reporting-4.6.0.jar:/home/mati/.m2/repository/com/fasterxml/jackson/core/jackson-databind/2.9.8/jackson-databind-2.9.8.jar:/home/mati/.m2/repository/com/fasterxml/jackson/core/jackson-annotations/2.9.0/jackson-annotations-2.9.0.jar:/home/mati/.m2/repository/com/fasterxml/jackson/core/jackson-core/2.9.8/jackson-core-2.9.8.jar:/home/mati/.m2/repository/org/apache/velocity/velocity/1.7/velocity-1.7.jar:/home/mati/.m2/repository/commons-collections/commons-collections/3.2.1/commons-collections-3.2.1.jar:/home/mati/.m2/repository/commons-lang/commons-lang/2.4/commons-lang-2.4.jar:/home/mati/.m2/repository/velocity-tools/velocity-tools/1.4/velocity-tools-1.4.jar:/home/mati/.m2/repository/joda-time/joda-time/2.10.1/joda-time-2.10.1.jar:/home/mati/.m2/repository/org/apache/commons/commons-lang3/3.8.1/commons-lang3-3.8.1.jar:/home/mati/.m2/repository/commons-io/commons-io/2.6/commons-io-2.6.jar:/home/mati/.m2/repository/org/codehaus/plexus/plexus-utils/3.1.1/plexus-utils-3.1.1.jar:/home/mati/.m2/repository/org/jsoup/jsoup/1.11.3/jsoup-1.11.3.jar:/home/mati/.m2/repository/com/googlecode/owasp-java-html-sanitizer/owasp-java-html-sanitizer/20190325.1/owasp-java-html-sanitizer-20190325.1.jar:/home/mati/.m2/repository/com/google/guava/guava/27.1-jre/guava-27.1-jre.jar:/home/mati/.m2/repository/com/google/guava/failureaccess/1.0.1/failureaccess-1.0.1.jar:/home/mati/.m2/repository/com/google/guava/listenablefuture/9999.0-empty-to-avoid-conflict-with-guava/listenablefuture-9999.0-empty-to-avoid-conflict-with-guava.jar:/home/mati/.m2/repository/com/google/code/findbugs/jsr305/3.0.2/jsr305-3.0.2.jar:/home/mati/.m2/repository/org/checkerframework/checker-qual/2.5.2/checker-qual-2.5.2.jar:/home/mati/.m2/repository/com/google/errorprone/error_prone_annotations/2.2.0/error_prone_annotations-2.2.0.jar:/home/mati/.m2/repository/com/google/j2objc/j2objc-annotations/1.1/j2objc-annotations-1.1.jar:/home/mati/.m2/repository/org/codehaus/mojo/animal-sniffer-annotations/1.17/animal-sniffer-annotations-1.17.jar:/home/mati/.m2/repository/commons-configuration/commons-configuration/1.10/commons-configuration-1.10.jar:/home/mati/.m2/repository/commons-logging/commons-logging/1.1.1/commons-logging-1.1.1.jar:"/>
    <property name="sun.cpu.endian" value="little"/>
    <property name="user.home" value="/home/mati"/>
    <property name="user.language" value="en"/>
    <property name="java.specification.vendor" value="Oracle Corporation"/>
    <property name="java.home" value="/usr/lib/jvm/jdk1.8.0_331/jre"/>
    <property name="basedir" value="/home/mati/Desktop/newbuck/PetStore-proyect-with-postman/petStoreKarate/petStoreKarate"/>
    <property name="file.separator" value="/"/>
    <property name="line.separator" value="&#10;"/>
    <property name="java.vm.specification.vendor" value="Oracle Corporation"/>
    <property name="java.specification.name" value="Java Platform API Specification"/>
    <property name="java.awt.graphicsenv" value="sun.awt.X11GraphicsEnvironment"/>
    <property name="karate.options" value="--tags ~@ignore"/>
    <property name="surefire.real.class.path" value="/home/mati/Desktop/newbuck/PetStore-proyect-with-postman/petStoreKarate/petStoreKarate/target/surefire/surefirebooter163022914182224606.jar"/>
    <property name="sun.boot.class.path" value="/usr/lib/jvm/jdk1.8.0_331/jre/lib/resources.jar:/usr/lib/jvm/jdk1.8.0_331/jre/lib/rt.jar:/usr/lib/jvm/jdk1.8.0_331/jre/lib/sunrsasign.jar:/usr/lib/jvm/jdk1.8.0_331/jre/lib/jsse.jar:/usr/lib/jvm/jdk1.8.0_331/jre/lib/jce.jar:/usr/lib/jvm/jdk1.8.0_331/jre/lib/charsets.jar:/usr/lib/jvm/jdk1.8.0_331/jre/lib/jfr.jar:/usr/lib/jvm/jdk1.8.0_331/jre/classes"/>
    <property name="sun.management.compiler" value="HotSpot 64-Bit Tiered Compilers"/>
    <property name="java.runtime.version" value="1.8.0_331-b09"/>
    <property name="user.name" value="mati"/>
    <property name="path.separator" value=":"/>
    <property name="os.version" value="5.15.0-46-generic"/>
    <property name="java.endorsed.dirs" value="/usr/lib/jvm/jdk1.8.0_331/jre/lib/endorsed"/>
    <property name="java.runtime.name" value="Java(TM) SE Runtime Environment"/>
    <property name="file.encoding" value="UTF-8"/>
    <property name="java.vm.name" value="Java HotSpot(TM) 64-Bit Server VM"/>
    <property name="localRepository" value="/home/mati/.m2/repository"/>
    <property name="java.vendor.url.bug" value="http://bugreport.sun.com/bugreport/"/>
    <property name="java.io.tmpdir" value="/tmp"/>
    <property name="java.version" value="1.8.0_331"/>
    <property name="user.dir" value="/home/mati/Desktop/newbuck/PetStore-proyect-with-postman/petStoreKarate/petStoreKarate"/>
    <property name="os.arch" value="amd64"/>
    <property name="java.vm.specification.name" value="Java Virtual Machine Specification"/>
    <property name="java.awt.printerjob" value="sun.print.PSPrinterJob"/>
    <property name="sun.os.patch.level" value="unknown"/>
    <property name="java.library.path" value="/usr/java/packages/lib/amd64:/usr/lib64:/lib64:/lib:/usr/lib"/>
    <property name="java.vm.info" value="mixed mode"/>
    <property name="java.vendor" value="Oracle Corporation"/>
    <property name="java.vm.version" value="25.331-b09"/>
    <property name="java.ext.dirs" value="/usr/lib/jvm/jdk1.8.0_331/jre/lib/ext:/usr/java/packages/lib/ext"/>
    <property name="sun.io.unicode.encoding" value="UnicodeLittle"/>
    <property name="java.class.version" value="52.0"/>
  </properties>
  <testcase name="testParallel" classname="karate.AllFeatureTest" time="59.352">
    <failure message="expected: &lt;0&gt; but was: &lt;1&gt;" type="org.opentest4j.AssertionFailedError"><![CDATA[org.opentest4j.AssertionFailedError: expected: <0> but was: <1>
	at karate.AllFeatureTest.testParallel(AllFeatureTest.java:33)
]]></failure>
    <system-out><![CDATA[08:00:32.239 [main] INFO com.intuit.karate.RunnerOptions - found system property 'karate.options': --tags ~@ignore
08:00:33.347 [main] INFO com.intuit.karate.Runner - waiting for parallel features to complete ...
08:00:33.823 [ForkJoinPool-1-worker-1] DEBUG com.jayway.jsonpath.internal.path.CompiledPath - Evaluating path: $
08:00:33.825 [ForkJoinPool-1-worker-1] DEBUG com.jayway.jsonpath.internal.path.CompiledPath - Evaluating path: $
08:00:33.844 [ForkJoinPool-1-worker-1] DEBUG com.jayway.jsonpath.internal.path.CompiledPath - Evaluating path: $
08:00:33.844 [ForkJoinPool-1-worker-1] DEBUG com.jayway.jsonpath.internal.path.CompiledPath - Evaluating path: $
08:00:33.846 [ForkJoinPool-1-worker-1] DEBUG com.jayway.jsonpath.internal.path.CompiledPath - Evaluating path: $
08:00:34.665 [ForkJoinPool-1-worker-1] DEBUG org.apache.http.client.protocol.RequestAddCookies - CookieSpec selected: karate
08:00:34.669 [ForkJoinPool-1-worker-1] DEBUG org.apache.http.client.protocol.RequestAuthCache - Auth cache not set in the context
08:00:34.671 [ForkJoinPool-1-worker-1] DEBUG com.intuit.karate - request:
1 > POST https://petstore.swagger.io/v2/pet
1 > Accept-Encoding: gzip,deflate
1 > Connection: Keep-Alive
1 > Content-Length: 145
1 > Content-Type: application/json; charset=UTF-8
1 > Host: petstore.swagger.io
1 > User-Agent: Apache-HttpClient/4.5.12 (Java/1.8.0_331)
{"id":8,"category":{"id":"1","name":"pepito"},"name":"doggie","photoUrls":["pepito.jpg"],"tags":[{"id":0,"name":"perrito"}],"status":"available"}

08:00:34.673 [ForkJoinPool-1-worker-1] DEBUG org.apache.http.impl.conn.PoolingHttpClientConnectionManager - Connection request: [route: {s}->https://petstore.swagger.io:443][total available: 0; route allocated: 0 of 5; total allocated: 0 of 10]
08:00:34.682 [ForkJoinPool-1-worker-1] DEBUG org.apache.http.impl.conn.PoolingHttpClientConnectionManager - Connection leased: [id: 0][route: {s}->https://petstore.swagger.io:443][total available: 0; route allocated: 1 of 5; total allocated: 1 of 10]
08:00:34.683 [ForkJoinPool-1-worker-1] DEBUG org.apache.http.impl.execchain.MainClientExec - Opening connection {s}->https://petstore.swagger.io:443
08:00:34.700 [ForkJoinPool-1-worker-1] DEBUG org.apache.http.impl.conn.DefaultHttpClientConnectionOperator - Connecting to petstore.swagger.io/35.174.182.136:443
08:00:34.700 [ForkJoinPool-1-worker-1] DEBUG org.apache.http.conn.ssl.SSLConnectionSocketFactory - Connecting socket to petstore.swagger.io/35.174.182.136:443 with timeout 30000
08:00:35.156 [ForkJoinPool-1-worker-1] DEBUG org.apache.http.conn.ssl.SSLConnectionSocketFactory - Enabled protocols: [TLSv1.2]
08:00:35.156 [ForkJoinPool-1-worker-1] DEBUG org.apache.http.conn.ssl.SSLConnectionSocketFactory - Enabled cipher suites:[TLS_ECDHE_ECDSA_WITH_AES_256_GCM_SHA384, TLS_ECDHE_ECDSA_WITH_AES_128_GCM_SHA256, TLS_ECDHE_RSA_WITH_AES_256_GCM_SHA384, TLS_ECDHE_RSA_WITH_AES_128_GCM_SHA256, TLS_DHE_RSA_WITH_AES_256_GCM_SHA384, TLS_DHE_DSS_WITH_AES_256_GCM_SHA384, TLS_DHE_RSA_WITH_AES_128_GCM_SHA256, TLS_DHE_DSS_WITH_AES_128_GCM_SHA256, TLS_ECDHE_ECDSA_WITH_AES_256_CBC_SHA384, TLS_ECDHE_RSA_WITH_AES_256_CBC_SHA384, TLS_ECDHE_ECDSA_WITH_AES_128_CBC_SHA256, TLS_ECDHE_RSA_WITH_AES_128_CBC_SHA256, TLS_DHE_RSA_WITH_AES_256_CBC_SHA256, TLS_DHE_DSS_WITH_AES_256_CBC_SHA256, TLS_DHE_RSA_WITH_AES_128_CBC_SHA256, TLS_DHE_DSS_WITH_AES_128_CBC_SHA256, TLS_ECDH_ECDSA_WITH_AES_256_GCM_SHA384, TLS_ECDH_RSA_WITH_AES_256_GCM_SHA384, TLS_ECDH_ECDSA_WITH_AES_128_GCM_SHA256, TLS_ECDH_RSA_WITH_AES_128_GCM_SHA256, TLS_ECDH_ECDSA_WITH_AES_256_CBC_SHA384, TLS_ECDH_RSA_WITH_AES_256_CBC_SHA384, TLS_ECDH_ECDSA_WITH_AES_128_CBC_SHA256, TLS_ECDH_RSA_WITH_AES_128_CBC_SHA256, TLS_ECDHE_ECDSA_WITH_AES_256_CBC_SHA, TLS_ECDHE_RSA_WITH_AES_256_CBC_SHA, TLS_ECDHE_ECDSA_WITH_AES_128_CBC_SHA, TLS_ECDHE_RSA_WITH_AES_128_CBC_SHA, TLS_DHE_RSA_WITH_AES_256_CBC_SHA, TLS_DHE_DSS_WITH_AES_256_CBC_SHA, TLS_DHE_RSA_WITH_AES_128_CBC_SHA, TLS_DHE_DSS_WITH_AES_128_CBC_SHA, TLS_ECDH_ECDSA_WITH_AES_256_CBC_SHA, TLS_ECDH_RSA_WITH_AES_256_CBC_SHA, TLS_ECDH_ECDSA_WITH_AES_128_CBC_SHA, TLS_ECDH_RSA_WITH_AES_128_CBC_SHA, TLS_RSA_WITH_AES_256_GCM_SHA384, TLS_RSA_WITH_AES_128_GCM_SHA256, TLS_RSA_WITH_AES_256_CBC_SHA256, TLS_RSA_WITH_AES_128_CBC_SHA256, TLS_RSA_WITH_AES_256_CBC_SHA, TLS_RSA_WITH_AES_128_CBC_SHA, TLS_EMPTY_RENEGOTIATION_INFO_SCSV]
08:00:35.156 [ForkJoinPool-1-worker-1] DEBUG org.apache.http.conn.ssl.SSLConnectionSocketFactory - Starting handshake
08:00:35.980 [ForkJoinPool-1-worker-1] DEBUG org.apache.http.conn.ssl.SSLConnectionSocketFactory - Secure session established
08:00:35.981 [ForkJoinPool-1-worker-1] DEBUG org.apache.http.conn.ssl.SSLConnectionSocketFactory -  negotiated protocol: TLSv1.2
08:00:35.981 [ForkJoinPool-1-worker-1] DEBUG org.apache.http.conn.ssl.SSLConnectionSocketFactory -  negotiated cipher suite: TLS_ECDHE_RSA_WITH_AES_128_GCM_SHA256
08:00:35.981 [ForkJoinPool-1-worker-1] DEBUG org.apache.http.conn.ssl.SSLConnectionSocketFactory -  peer principal: CN=*.swagger.io
08:00:35.981 [ForkJoinPool-1-worker-1] DEBUG org.apache.http.conn.ssl.SSLConnectionSocketFactory -  peer alternative names: [*.swagger.io]
08:00:35.981 [ForkJoinPool-1-worker-1] DEBUG org.apache.http.conn.ssl.SSLConnectionSocketFactory -  issuer principal: CN=Amazon, OU=Server CA 1B, O=Amazon, C=US
08:00:35.987 [ForkJoinPool-1-worker-1] DEBUG org.apache.http.impl.conn.DefaultHttpClientConnectionOperator - Connection established 192.168.2.247:44596<->35.174.182.136:443
08:00:35.988 [ForkJoinPool-1-worker-1] DEBUG org.apache.http.impl.conn.DefaultManagedHttpClientConnection - http-outgoing-0: set socket timeout to 30000
08:00:35.989 [ForkJoinPool-1-worker-1] DEBUG org.apache.http.impl.execchain.MainClientExec - Executing request POST /v2/pet HTTP/1.1
08:00:35.989 [ForkJoinPool-1-worker-1] DEBUG org.apache.http.impl.execchain.MainClientExec - Target auth state: UNCHALLENGED
08:00:35.990 [ForkJoinPool-1-worker-1] DEBUG org.apache.http.impl.execchain.MainClientExec - Proxy auth state: UNCHALLENGED
08:00:35.992 [ForkJoinPool-1-worker-1] DEBUG org.apache.http.headers - http-outgoing-0 >> POST /v2/pet HTTP/1.1
08:00:35.992 [ForkJoinPool-1-worker-1] DEBUG org.apache.http.headers - http-outgoing-0 >> Content-Type: application/json; charset=UTF-8
08:00:35.992 [ForkJoinPool-1-worker-1] DEBUG org.apache.http.headers - http-outgoing-0 >> Content-Length: 145
08:00:35.992 [ForkJoinPool-1-worker-1] DEBUG org.apache.http.headers - http-outgoing-0 >> Host: petstore.swagger.io
08:00:35.992 [ForkJoinPool-1-worker-1] DEBUG org.apache.http.headers - http-outgoing-0 >> Connection: Keep-Alive
08:00:35.992 [ForkJoinPool-1-worker-1] DEBUG org.apache.http.headers - http-outgoing-0 >> User-Agent: Apache-HttpClient/4.5.12 (Java/1.8.0_331)
08:00:35.993 [ForkJoinPool-1-worker-1] DEBUG org.apache.http.headers - http-outgoing-0 >> Accept-Encoding: gzip,deflate
08:00:35.993 [ForkJoinPool-1-worker-1] DEBUG org.apache.http.wire - http-outgoing-0 >> "POST /v2/pet HTTP/1.1[\r][\n]"
08:00:35.993 [ForkJoinPool-1-worker-1] DEBUG org.apache.http.wire - http-outgoing-0 >> "Content-Type: application/json; charset=UTF-8[\r][\n]"
08:00:35.993 [ForkJoinPool-1-worker-1] DEBUG org.apache.http.wire - http-outgoing-0 >> "Content-Length: 145[\r][\n]"
08:00:35.993 [ForkJoinPool-1-worker-1] DEBUG org.apache.http.wire - http-outgoing-0 >> "Host: petstore.swagger.io[\r][\n]"
08:00:35.993 [ForkJoinPool-1-worker-1] DEBUG org.apache.http.wire - http-outgoing-0 >> "Connection: Keep-Alive[\r][\n]"
08:00:35.993 [ForkJoinPool-1-worker-1] DEBUG org.apache.http.wire - http-outgoing-0 >> "User-Agent: Apache-HttpClient/4.5.12 (Java/1.8.0_331)[\r][\n]"
08:00:35.993 [ForkJoinPool-1-worker-1] DEBUG org.apache.http.wire - http-outgoing-0 >> "Accept-Encoding: gzip,deflate[\r][\n]"
08:00:35.993 [ForkJoinPool-1-worker-1] DEBUG org.apache.http.wire - http-outgoing-0 >> "[\r][\n]"
08:00:35.994 [ForkJoinPool-1-worker-1] DEBUG org.apache.http.wire - http-outgoing-0 >> "{"id":8,"category":{"id":"1","name":"pepito"},"name":"doggie","photoUrls":["pepito.jpg"],"tags":[{"id":0,"name":"perrito"}],"status":"available"}"
08:00:36.159 [ForkJoinPool-1-worker-1] DEBUG org.apache.http.wire - http-outgoing-0 << "HTTP/1.1 200 OK[\r][\n]"
08:00:36.159 [ForkJoinPool-1-worker-1] DEBUG org.apache.http.wire - http-outgoing-0 << "Date: Wed, 24 Aug 2022 11:00:36 GMT[\r][\n]"
08:00:36.159 [ForkJoinPool-1-worker-1] DEBUG org.apache.http.wire - http-outgoing-0 << "Content-Type: application/json[\r][\n]"
08:00:36.159 [ForkJoinPool-1-worker-1] DEBUG org.apache.http.wire - http-outgoing-0 << "Transfer-Encoding: chunked[\r][\n]"
08:00:36.159 [ForkJoinPool-1-worker-1] DEBUG org.apache.http.wire - http-outgoing-0 << "Connection: keep-alive[\r][\n]"
08:00:36.160 [ForkJoinPool-1-worker-1] DEBUG org.apache.http.wire - http-outgoing-0 << "Access-Control-Allow-Origin: *[\r][\n]"
08:00:36.160 [ForkJoinPool-1-worker-1] DEBUG org.apache.http.wire - http-outgoing-0 << "Access-Control-Allow-Methods: GET, POST, DELETE, PUT[\r][\n]"
08:00:36.160 [ForkJoinPool-1-worker-1] DEBUG org.apache.http.wire - http-outgoing-0 << "Access-Control-Allow-Headers: Content-Type, api_key, Authorization[\r][\n]"
08:00:36.160 [ForkJoinPool-1-worker-1] DEBUG org.apache.http.wire - http-outgoing-0 << "Server: Jetty(9.2.9.v20150224)[\r][\n]"
08:00:36.160 [ForkJoinPool-1-worker-1] DEBUG org.apache.http.wire - http-outgoing-0 << "[\r][\n]"
08:00:36.160 [ForkJoinPool-1-worker-1] DEBUG org.apache.http.wire - http-outgoing-0 << "8f[\r][\n]"
08:00:36.160 [ForkJoinPool-1-worker-1] DEBUG org.apache.http.wire - http-outgoing-0 << "{"id":8,"category":{"id":1,"name":"pepito"},"name":"doggie","photoUrls":["pepito.jpg"],"tags":[{"id":0,"name":"perrito"}],"status":"available"}[\r][\n]"
08:00:36.163 [ForkJoinPool-1-worker-1] DEBUG org.apache.http.headers - http-outgoing-0 << HTTP/1.1 200 OK
08:00:36.164 [ForkJoinPool-1-worker-1] DEBUG org.apache.http.headers - http-outgoing-0 << Date: Wed, 24 Aug 2022 11:00:36 GMT
08:00:36.164 [ForkJoinPool-1-worker-1] DEBUG org.apache.http.headers - http-outgoing-0 << Content-Type: application/json
08:00:36.164 [ForkJoinPool-1-worker-1] DEBUG org.apache.http.headers - http-outgoing-0 << Transfer-Encoding: chunked
08:00:36.164 [ForkJoinPool-1-worker-1] DEBUG org.apache.http.headers - http-outgoing-0 << Connection: keep-alive
08:00:36.164 [ForkJoinPool-1-worker-1] DEBUG org.apache.http.headers - http-outgoing-0 << Access-Control-Allow-Origin: *
08:00:36.164 [ForkJoinPool-1-worker-1] DEBUG org.apache.http.headers - http-outgoing-0 << Access-Control-Allow-Methods: GET, POST, DELETE, PUT
08:00:36.164 [ForkJoinPool-1-worker-1] DEBUG org.apache.http.headers - http-outgoing-0 << Access-Control-Allow-Headers: Content-Type, api_key, Authorization
08:00:36.164 [ForkJoinPool-1-worker-1] DEBUG org.apache.http.headers - http-outgoing-0 << Server: Jetty(9.2.9.v20150224)
08:00:36.169 [ForkJoinPool-1-worker-1] DEBUG org.apache.http.impl.execchain.MainClientExec - Connection can be kept alive indefinitely
08:00:36.175 [ForkJoinPool-1-worker-1] DEBUG org.apache.http.wire - http-outgoing-0 << "0[\r][\n]"
08:00:36.176 [ForkJoinPool-1-worker-1] DEBUG org.apache.http.wire - http-outgoing-0 << "[\r][\n]"
08:00:36.176 [ForkJoinPool-1-worker-1] DEBUG org.apache.http.impl.conn.PoolingHttpClientConnectionManager - Connection [id: 0][route: {s}->https://petstore.swagger.io:443] can be kept alive indefinitely
08:00:36.176 [ForkJoinPool-1-worker-1] DEBUG org.apache.http.impl.conn.DefaultManagedHttpClientConnection - http-outgoing-0: set socket timeout to 0
08:00:36.176 [ForkJoinPool-1-worker-1] DEBUG org.apache.http.impl.conn.PoolingHttpClientConnectionManager - Connection released: [id: 0][route: {s}->https://petstore.swagger.io:443][total available: 1; route allocated: 1 of 5; total allocated: 1 of 10]
08:00:36.176 [ForkJoinPool-1-worker-1] DEBUG com.intuit.karate - response time in milliseconds: 1501.59
1 < 200
1 < Access-Control-Allow-Headers: Content-Type, api_key, Authorization
1 < Access-Control-Allow-Methods: GET, POST, DELETE, PUT
1 < Access-Control-Allow-Origin: *
1 < Connection: keep-alive
1 < Content-Type: application/json
1 < Date: Wed, 24 Aug 2022 11:00:36 GMT
1 < Server: Jetty(9.2.9.v20150224)
1 < Transfer-Encoding: chunked
{"id":8,"category":{"id":1,"name":"pepito"},"name":"doggie","photoUrls":["pepito.jpg"],"tags":[{"id":0,"name":"perrito"}],"status":"available"}

08:00:36.179 [ForkJoinPool-1-worker-1] DEBUG com.jayway.jsonpath.internal.path.CompiledPath - Evaluating path: $
08:00:36.186 [ForkJoinPool-1-worker-1] DEBUG com.jayway.jsonpath.internal.path.CompiledPath - Evaluating path: $
08:00:36.186 [ForkJoinPool-1-worker-1] DEBUG com.jayway.jsonpath.internal.path.CompiledPath - Evaluating path: $
08:00:36.188 [ForkJoinPool-1-worker-1] DEBUG com.jayway.jsonpath.internal.path.CompiledPath - Evaluating path: $
08:00:36.188 [ForkJoinPool-1-worker-1] DEBUG com.jayway.jsonpath.internal.path.CompiledPath - Evaluating path: $
08:00:36.189 [ForkJoinPool-1-worker-1] DEBUG com.jayway.jsonpath.internal.path.CompiledPath - Evaluating path: $
08:00:36.191 [ForkJoinPool-1-worker-1] DEBUG org.apache.http.client.protocol.RequestAddCookies - CookieSpec selected: karate
08:00:36.192 [ForkJoinPool-1-worker-1] DEBUG org.apache.http.client.protocol.RequestAuthCache - Auth cache not set in the context
08:00:36.192 [ForkJoinPool-1-worker-1] DEBUG com.intuit.karate - request:
1 > POST https://petstore.swagger.io/v2/pet
1 > Accept-Encoding: gzip,deflate
1 > Connection: Keep-Alive
1 > Content-Length: 146
1 > Content-Type: application/json; charset=UTF-8
1 > Host: petstore.swagger.io
1 > User-Agent: Apache-HttpClient/4.5.12 (Java/1.8.0_331)
{"id":8,"category":{"id":"25","name":"PEPITO"},"name":"doggie","photoUrls":["pepito.jpg"],"tags":[{"id":0,"name":"perrito"}],"status":"available"}

08:00:36.192 [ForkJoinPool-1-worker-1] DEBUG org.apache.http.impl.conn.PoolingHttpClientConnectionManager - Connection request: [route: {s}->https://petstore.swagger.io:443][total available: 0; route allocated: 0 of 5; total allocated: 0 of 10]
08:00:36.192 [ForkJoinPool-1-worker-1] DEBUG org.apache.http.impl.conn.PoolingHttpClientConnectionManager - Connection leased: [id: 1][route: {s}->https://petstore.swagger.io:443][total available: 0; route allocated: 1 of 5; total allocated: 1 of 10]
08:00:36.192 [ForkJoinPool-1-worker-1] DEBUG org.apache.http.impl.execchain.MainClientExec - Opening connection {s}->https://petstore.swagger.io:443
08:00:36.193 [ForkJoinPool-1-worker-1] DEBUG org.apache.http.impl.conn.DefaultHttpClientConnectionOperator - Connecting to petstore.swagger.io/35.174.182.136:443
08:00:36.193 [ForkJoinPool-1-worker-1] DEBUG org.apache.http.conn.ssl.SSLConnectionSocketFactory - Connecting socket to petstore.swagger.io/35.174.182.136:443 with timeout 30000
08:00:36.477 [ForkJoinPool-1-worker-1] DEBUG org.apache.http.conn.ssl.SSLConnectionSocketFactory - Enabled protocols: [TLSv1.2]
08:00:36.478 [ForkJoinPool-1-worker-1] DEBUG org.apache.http.conn.ssl.SSLConnectionSocketFactory - Enabled cipher suites:[TLS_ECDHE_ECDSA_WITH_AES_256_GCM_SHA384, TLS_ECDHE_ECDSA_WITH_AES_128_GCM_SHA256, TLS_ECDHE_RSA_WITH_AES_256_GCM_SHA384, TLS_ECDHE_RSA_WITH_AES_128_GCM_SHA256, TLS_DHE_RSA_WITH_AES_256_GCM_SHA384, TLS_DHE_DSS_WITH_AES_256_GCM_SHA384, TLS_DHE_RSA_WITH_AES_128_GCM_SHA256, TLS_DHE_DSS_WITH_AES_128_GCM_SHA256, TLS_ECDHE_ECDSA_WITH_AES_256_CBC_SHA384, TLS_ECDHE_RSA_WITH_AES_256_CBC_SHA384, TLS_ECDHE_ECDSA_WITH_AES_128_CBC_SHA256, TLS_ECDHE_RSA_WITH_AES_128_CBC_SHA256, TLS_DHE_RSA_WITH_AES_256_CBC_SHA256, TLS_DHE_DSS_WITH_AES_256_CBC_SHA256, TLS_DHE_RSA_WITH_AES_128_CBC_SHA256, TLS_DHE_DSS_WITH_AES_128_CBC_SHA256, TLS_ECDH_ECDSA_WITH_AES_256_GCM_SHA384, TLS_ECDH_RSA_WITH_AES_256_GCM_SHA384, TLS_ECDH_ECDSA_WITH_AES_128_GCM_SHA256, TLS_ECDH_RSA_WITH_AES_128_GCM_SHA256, TLS_ECDH_ECDSA_WITH_AES_256_CBC_SHA384, TLS_ECDH_RSA_WITH_AES_256_CBC_SHA384, TLS_ECDH_ECDSA_WITH_AES_128_CBC_SHA256, TLS_ECDH_RSA_WITH_AES_128_CBC_SHA256, TLS_ECDHE_ECDSA_WITH_AES_256_CBC_SHA, TLS_ECDHE_RSA_WITH_AES_256_CBC_SHA, TLS_ECDHE_ECDSA_WITH_AES_128_CBC_SHA, TLS_ECDHE_RSA_WITH_AES_128_CBC_SHA, TLS_DHE_RSA_WITH_AES_256_CBC_SHA, TLS_DHE_DSS_WITH_AES_256_CBC_SHA, TLS_DHE_RSA_WITH_AES_128_CBC_SHA, TLS_DHE_DSS_WITH_AES_128_CBC_SHA, TLS_ECDH_ECDSA_WITH_AES_256_CBC_SHA, TLS_ECDH_RSA_WITH_AES_256_CBC_SHA, TLS_ECDH_ECDSA_WITH_AES_128_CBC_SHA, TLS_ECDH_RSA_WITH_AES_128_CBC_SHA, TLS_RSA_WITH_AES_256_GCM_SHA384, TLS_RSA_WITH_AES_128_GCM_SHA256, TLS_RSA_WITH_AES_256_CBC_SHA256, TLS_RSA_WITH_AES_128_CBC_SHA256, TLS_RSA_WITH_AES_256_CBC_SHA, TLS_RSA_WITH_AES_128_CBC_SHA, TLS_EMPTY_RENEGOTIATION_INFO_SCSV]
08:00:36.478 [ForkJoinPool-1-worker-1] DEBUG org.apache.http.conn.ssl.SSLConnectionSocketFactory - Starting handshake
08:00:36.849 [ForkJoinPool-1-worker-1] DEBUG org.apache.http.conn.ssl.SSLConnectionSocketFactory - Secure session established
08:00:36.849 [ForkJoinPool-1-worker-1] DEBUG org.apache.http.conn.ssl.SSLConnectionSocketFactory -  negotiated protocol: TLSv1.2
08:00:36.849 [ForkJoinPool-1-worker-1] DEBUG org.apache.http.conn.ssl.SSLConnectionSocketFactory -  negotiated cipher suite: TLS_ECDHE_RSA_WITH_AES_128_GCM_SHA256
08:00:36.849 [ForkJoinPool-1-worker-1] DEBUG org.apache.http.conn.ssl.SSLConnectionSocketFactory -  peer principal: CN=*.swagger.io
08:00:36.849 [ForkJoinPool-1-worker-1] DEBUG org.apache.http.conn.ssl.SSLConnectionSocketFactory -  peer alternative names: [*.swagger.io]
08:00:36.849 [ForkJoinPool-1-worker-1] DEBUG org.apache.http.conn.ssl.SSLConnectionSocketFactory -  issuer principal: CN=Amazon, OU=Server CA 1B, O=Amazon, C=US
08:00:36.850 [ForkJoinPool-1-worker-1] DEBUG org.apache.http.impl.conn.DefaultHttpClientConnectionOperator - Connection established 192.168.2.247:44600<->35.174.182.136:443
08:00:36.850 [ForkJoinPool-1-worker-1] DEBUG org.apache.http.impl.conn.DefaultManagedHttpClientConnection - http-outgoing-1: set socket timeout to 30000
08:00:36.850 [ForkJoinPool-1-worker-1] DEBUG org.apache.http.impl.execchain.MainClientExec - Executing request POST /v2/pet HTTP/1.1
08:00:36.850 [ForkJoinPool-1-worker-1] DEBUG org.apache.http.impl.execchain.MainClientExec - Target auth state: UNCHALLENGED
08:00:36.850 [ForkJoinPool-1-worker-1] DEBUG org.apache.http.impl.execchain.MainClientExec - Proxy auth state: UNCHALLENGED
08:00:36.850 [ForkJoinPool-1-worker-1] DEBUG org.apache.http.headers - http-outgoing-1 >> POST /v2/pet HTTP/1.1
08:00:36.851 [ForkJoinPool-1-worker-1] DEBUG org.apache.http.headers - http-outgoing-1 >> Content-Type: application/json; charset=UTF-8
08:00:36.851 [ForkJoinPool-1-worker-1] DEBUG org.apache.http.headers - http-outgoing-1 >> Content-Length: 146
08:00:36.851 [ForkJoinPool-1-worker-1] DEBUG org.apache.http.headers - http-outgoing-1 >> Host: petstore.swagger.io
08:00:36.851 [ForkJoinPool-1-worker-1] DEBUG org.apache.http.headers - http-outgoing-1 >> Connection: Keep-Alive
08:00:36.851 [ForkJoinPool-1-worker-1] DEBUG org.apache.http.headers - http-outgoing-1 >> User-Agent: Apache-HttpClient/4.5.12 (Java/1.8.0_331)
08:00:36.851 [ForkJoinPool-1-worker-1] DEBUG org.apache.http.headers - http-outgoing-1 >> Accept-Encoding: gzip,deflate
08:00:36.851 [ForkJoinPool-1-worker-1] DEBUG org.apache.http.wire - http-outgoing-1 >> "POST /v2/pet HTTP/1.1[\r][\n]"
08:00:36.851 [ForkJoinPool-1-worker-1] DEBUG org.apache.http.wire - http-outgoing-1 >> "Content-Type: application/json; charset=UTF-8[\r][\n]"
08:00:36.851 [ForkJoinPool-1-worker-1] DEBUG org.apache.http.wire - http-outgoing-1 >> "Content-Length: 146[\r][\n]"
08:00:36.851 [ForkJoinPool-1-worker-1] DEBUG org.apache.http.wire - http-outgoing-1 >> "Host: petstore.swagger.io[\r][\n]"
08:00:36.852 [ForkJoinPool-1-worker-1] DEBUG org.apache.http.wire - http-outgoing-1 >> "Connection: Keep-Alive[\r][\n]"
08:00:36.852 [ForkJoinPool-1-worker-1] DEBUG org.apache.http.wire - http-outgoing-1 >> "User-Agent: Apache-HttpClient/4.5.12 (Java/1.8.0_331)[\r][\n]"
08:00:36.852 [ForkJoinPool-1-worker-1] DEBUG org.apache.http.wire - http-outgoing-1 >> "Accept-Encoding: gzip,deflate[\r][\n]"
08:00:36.852 [ForkJoinPool-1-worker-1] DEBUG org.apache.http.wire - http-outgoing-1 >> "[\r][\n]"
08:00:36.852 [ForkJoinPool-1-worker-1] DEBUG org.apache.http.wire - http-outgoing-1 >> "{"id":8,"category":{"id":"25","name":"PEPITO"},"name":"doggie","photoUrls":["pepito.jpg"],"tags":[{"id":0,"name":"perrito"}],"status":"available"}"
08:00:37.031 [ForkJoinPool-1-worker-1] DEBUG org.apache.http.wire - http-outgoing-1 << "HTTP/1.1 200 OK[\r][\n]"
08:00:37.031 [ForkJoinPool-1-worker-1] DEBUG org.apache.http.wire - http-outgoing-1 << "Date: Wed, 24 Aug 2022 11:00:36 GMT[\r][\n]"
08:00:37.031 [ForkJoinPool-1-worker-1] DEBUG org.apache.http.wire - http-outgoing-1 << "Content-Type: application/json[\r][\n]"
08:00:37.031 [ForkJoinPool-1-worker-1] DEBUG org.apache.http.wire - http-outgoing-1 << "Transfer-Encoding: chunked[\r][\n]"
08:00:37.031 [ForkJoinPool-1-worker-1] DEBUG org.apache.http.wire - http-outgoing-1 << "Connection: keep-alive[\r][\n]"
08:00:37.031 [ForkJoinPool-1-worker-1] DEBUG org.apache.http.wire - http-outgoing-1 << "Access-Control-Allow-Origin: *[\r][\n]"
08:00:37.031 [ForkJoinPool-1-worker-1] DEBUG org.apache.http.wire - http-outgoing-1 << "Access-Control-Allow-Methods: GET, POST, DELETE, PUT[\r][\n]"
08:00:37.031 [ForkJoinPool-1-worker-1] DEBUG org.apache.http.wire - http-outgoing-1 << "Access-Control-Allow-Headers: Content-Type, api_key, Authorization[\r][\n]"
08:00:37.031 [ForkJoinPool-1-worker-1] DEBUG org.apache.http.wire - http-outgoing-1 << "Server: Jetty(9.2.9.v20150224)[\r][\n]"
08:00:37.032 [ForkJoinPool-1-worker-1] DEBUG org.apache.http.wire - http-outgoing-1 << "[\r][\n]"
08:00:37.032 [ForkJoinPool-1-worker-1] DEBUG org.apache.http.wire - http-outgoing-1 << "90[\r][\n]"
08:00:37.032 [ForkJoinPool-1-worker-1] DEBUG org.apache.http.wire - http-outgoing-1 << "{"id":8,"category":{"id":25,"name":"PEPITO"},"name":"doggie","photoUrls":["pepito.jpg"],"tags":[{"id":0,"name":"perrito"}],"status":"available"}[\r][\n]"
08:00:37.032 [ForkJoinPool-1-worker-1] DEBUG org.apache.http.headers - http-outgoing-1 << HTTP/1.1 200 OK
08:00:37.032 [ForkJoinPool-1-worker-1] DEBUG org.apache.http.headers - http-outgoing-1 << Date: Wed, 24 Aug 2022 11:00:36 GMT
08:00:37.032 [ForkJoinPool-1-worker-1] DEBUG org.apache.http.headers - http-outgoing-1 << Content-Type: application/json
08:00:37.032 [ForkJoinPool-1-worker-1] DEBUG org.apache.http.headers - http-outgoing-1 << Transfer-Encoding: chunked
08:00:37.032 [ForkJoinPool-1-worker-1] DEBUG org.apache.http.headers - http-outgoing-1 << Connection: keep-alive
08:00:37.032 [ForkJoinPool-1-worker-1] DEBUG org.apache.http.headers - http-outgoing-1 << Access-Control-Allow-Origin: *
08:00:37.032 [ForkJoinPool-1-worker-1] DEBUG org.apache.http.headers - http-outgoing-1 << Access-Control-Allow-Methods: GET, POST, DELETE, PUT
08:00:37.032 [ForkJoinPool-1-worker-1] DEBUG org.apache.http.headers - http-outgoing-1 << Access-Control-Allow-Headers: Content-Type, api_key, Authorization
08:00:37.032 [ForkJoinPool-1-worker-1] DEBUG org.apache.http.headers - http-outgoing-1 << Server: Jetty(9.2.9.v20150224)
08:00:37.033 [ForkJoinPool-1-worker-1] DEBUG org.apache.http.impl.execchain.MainClientExec - Connection can be kept alive indefinitely
08:00:37.033 [ForkJoinPool-1-worker-1] DEBUG org.apache.http.wire - http-outgoing-1 << "0[\r][\n]"
08:00:37.034 [ForkJoinPool-1-worker-1] DEBUG org.apache.http.wire - http-outgoing-1 << "[\r][\n]"
08:00:37.034 [ForkJoinPool-1-worker-1] DEBUG org.apache.http.impl.conn.PoolingHttpClientConnectionManager - Connection [id: 1][route: {s}->https://petstore.swagger.io:443] can be kept alive indefinitely
08:00:37.034 [ForkJoinPool-1-worker-1] DEBUG org.apache.http.impl.conn.DefaultManagedHttpClientConnection - http-outgoing-1: set socket timeout to 0
08:00:37.034 [ForkJoinPool-1-worker-1] DEBUG org.apache.http.impl.conn.PoolingHttpClientConnectionManager - Connection released: [id: 1][route: {s}->https://petstore.swagger.io:443][total available: 1; route allocated: 1 of 5; total allocated: 1 of 10]
08:00:37.034 [ForkJoinPool-1-worker-1] DEBUG com.intuit.karate - response time in milliseconds: 840.80
1 < 200
1 < Access-Control-Allow-Headers: Content-Type, api_key, Authorization
1 < Access-Control-Allow-Methods: GET, POST, DELETE, PUT
1 < Access-Control-Allow-Origin: *
1 < Connection: keep-alive
1 < Content-Type: application/json
1 < Date: Wed, 24 Aug 2022 11:00:36 GMT
1 < Server: Jetty(9.2.9.v20150224)
1 < Transfer-Encoding: chunked
{"id":8,"category":{"id":25,"name":"PEPITO"},"name":"doggie","photoUrls":["pepito.jpg"],"tags":[{"id":0,"name":"perrito"}],"status":"available"}

08:00:37.036 [ForkJoinPool-1-worker-1] DEBUG com.jayway.jsonpath.internal.path.CompiledPath - Evaluating path: $
08:00:37.047 [ForkJoinPool-1-worker-1] DEBUG com.jayway.jsonpath.internal.path.CompiledPath - Evaluating path: $
08:00:37.047 [ForkJoinPool-1-worker-1] DEBUG com.jayway.jsonpath.internal.path.CompiledPath - Evaluating path: $
08:00:37.048 [ForkJoinPool-1-worker-1] DEBUG com.jayway.jsonpath.internal.path.CompiledPath - Evaluating path: $
08:00:37.049 [ForkJoinPool-1-worker-1] DEBUG com.jayway.jsonpath.internal.path.CompiledPath - Evaluating path: $
08:00:37.049 [ForkJoinPool-1-worker-1] DEBUG com.jayway.jsonpath.internal.path.CompiledPath - Evaluating path: $
08:00:37.050 [ForkJoinPool-1-worker-1] DEBUG org.apache.http.client.protocol.RequestAddCookies - CookieSpec selected: karate
08:00:37.050 [ForkJoinPool-1-worker-1] DEBUG org.apache.http.client.protocol.RequestAuthCache - Auth cache not set in the context
08:00:37.051 [ForkJoinPool-1-worker-1] DEBUG com.intuit.karate - request:
1 > POST https://petstore.swagger.io/v2/pet
1 > Accept-Encoding: gzip,deflate
1 > Connection: Keep-Alive
1 > Content-Length: 147
1 > Content-Type: application/json; charset=UTF-8
1 > Host: petstore.swagger.io
1 > User-Agent: Apache-HttpClient/4.5.12 (Java/1.8.0_331)
{"id":8,"category":{"id":"365","name":"pepe15"},"name":"doggie","photoUrls":["pepito.jpg"],"tags":[{"id":0,"name":"perrito"}],"status":"available"}

08:00:37.051 [ForkJoinPool-1-worker-1] DEBUG org.apache.http.impl.conn.PoolingHttpClientConnectionManager - Connection request: [route: {s}->https://petstore.swagger.io:443][total available: 0; route allocated: 0 of 5; total allocated: 0 of 10]
08:00:37.051 [ForkJoinPool-1-worker-1] DEBUG org.apache.http.impl.conn.PoolingHttpClientConnectionManager - Connection leased: [id: 2][route: {s}->https://petstore.swagger.io:443][total available: 0; route allocated: 1 of 5; total allocated: 1 of 10]
08:00:37.051 [ForkJoinPool-1-worker-1] DEBUG org.apache.http.impl.execchain.MainClientExec - Opening connection {s}->https://petstore.swagger.io:443
08:00:37.052 [ForkJoinPool-1-worker-1] DEBUG org.apache.http.impl.conn.DefaultHttpClientConnectionOperator - Connecting to petstore.swagger.io/35.174.182.136:443
08:00:37.052 [ForkJoinPool-1-worker-1] DEBUG org.apache.http.conn.ssl.SSLConnectionSocketFactory - Connecting socket to petstore.swagger.io/35.174.182.136:443 with timeout 30000
08:00:37.208 [ForkJoinPool-1-worker-1] DEBUG org.apache.http.conn.ssl.SSLConnectionSocketFactory - Enabled protocols: [TLSv1.2]
08:00:37.209 [ForkJoinPool-1-worker-1] DEBUG org.apache.http.conn.ssl.SSLConnectionSocketFactory - Enabled cipher suites:[TLS_ECDHE_ECDSA_WITH_AES_256_GCM_SHA384, TLS_ECDHE_ECDSA_WITH_AES_128_GCM_SHA256, TLS_ECDHE_RSA_WITH_AES_256_GCM_SHA384, TLS_ECDHE_RSA_WITH_AES_128_GCM_SHA256, TLS_DHE_RSA_WITH_AES_256_GCM_SHA384, TLS_DHE_DSS_WITH_AES_256_GCM_SHA384, TLS_DHE_RSA_WITH_AES_128_GCM_SHA256, TLS_DHE_DSS_WITH_AES_128_GCM_SHA256, TLS_ECDHE_ECDSA_WITH_AES_256_CBC_SHA384, TLS_ECDHE_RSA_WITH_AES_256_CBC_SHA384, TLS_ECDHE_ECDSA_WITH_AES_128_CBC_SHA256, TLS_ECDHE_RSA_WITH_AES_128_CBC_SHA256, TLS_DHE_RSA_WITH_AES_256_CBC_SHA256, TLS_DHE_DSS_WITH_AES_256_CBC_SHA256, TLS_DHE_RSA_WITH_AES_128_CBC_SHA256, TLS_DHE_DSS_WITH_AES_128_CBC_SHA256, TLS_ECDH_ECDSA_WITH_AES_256_GCM_SHA384, TLS_ECDH_RSA_WITH_AES_256_GCM_SHA384, TLS_ECDH_ECDSA_WITH_AES_128_GCM_SHA256, TLS_ECDH_RSA_WITH_AES_128_GCM_SHA256, TLS_ECDH_ECDSA_WITH_AES_256_CBC_SHA384, TLS_ECDH_RSA_WITH_AES_256_CBC_SHA384, TLS_ECDH_ECDSA_WITH_AES_128_CBC_SHA256, TLS_ECDH_RSA_WITH_AES_128_CBC_SHA256, TLS_ECDHE_ECDSA_WITH_AES_256_CBC_SHA, TLS_ECDHE_RSA_WITH_AES_256_CBC_SHA, TLS_ECDHE_ECDSA_WITH_AES_128_CBC_SHA, TLS_ECDHE_RSA_WITH_AES_128_CBC_SHA, TLS_DHE_RSA_WITH_AES_256_CBC_SHA, TLS_DHE_DSS_WITH_AES_256_CBC_SHA, TLS_DHE_RSA_WITH_AES_128_CBC_SHA, TLS_DHE_DSS_WITH_AES_128_CBC_SHA, TLS_ECDH_ECDSA_WITH_AES_256_CBC_SHA, TLS_ECDH_RSA_WITH_AES_256_CBC_SHA, TLS_ECDH_ECDSA_WITH_AES_128_CBC_SHA, TLS_ECDH_RSA_WITH_AES_128_CBC_SHA, TLS_RSA_WITH_AES_256_GCM_SHA384, TLS_RSA_WITH_AES_128_GCM_SHA256, TLS_RSA_WITH_AES_256_CBC_SHA256, TLS_RSA_WITH_AES_128_CBC_SHA256, TLS_RSA_WITH_AES_256_CBC_SHA, TLS_RSA_WITH_AES_128_CBC_SHA, TLS_EMPTY_RENEGOTIATION_INFO_SCSV]
08:00:37.209 [ForkJoinPool-1-worker-1] DEBUG org.apache.http.conn.ssl.SSLConnectionSocketFactory - Starting handshake
08:00:37.557 [ForkJoinPool-1-worker-1] DEBUG org.apache.http.conn.ssl.SSLConnectionSocketFactory - Secure session established
08:00:37.558 [ForkJoinPool-1-worker-1] DEBUG org.apache.http.conn.ssl.SSLConnectionSocketFactory -  negotiated protocol: TLSv1.2
08:00:37.558 [ForkJoinPool-1-worker-1] DEBUG org.apache.http.conn.ssl.SSLConnectionSocketFactory -  negotiated cipher suite: TLS_ECDHE_RSA_WITH_AES_128_GCM_SHA256
08:00:37.558 [ForkJoinPool-1-worker-1] DEBUG org.apache.http.conn.ssl.SSLConnectionSocketFactory -  peer principal: CN=*.swagger.io
08:00:37.558 [ForkJoinPool-1-worker-1] DEBUG org.apache.http.conn.ssl.SSLConnectionSocketFactory -  peer alternative names: [*.swagger.io]
08:00:37.558 [ForkJoinPool-1-worker-1] DEBUG org.apache.http.conn.ssl.SSLConnectionSocketFactory -  issuer principal: CN=Amazon, OU=Server CA 1B, O=Amazon, C=US
08:00:37.558 [ForkJoinPool-1-worker-1] DEBUG org.apache.http.impl.conn.DefaultHttpClientConnectionOperator - Connection established 192.168.2.247:44602<->35.174.182.136:443
08:00:37.558 [ForkJoinPool-1-worker-1] DEBUG org.apache.http.impl.conn.DefaultManagedHttpClientConnection - http-outgoing-2: set socket timeout to 30000
08:00:37.558 [ForkJoinPool-1-worker-1] DEBUG org.apache.http.impl.execchain.MainClientExec - Executing request POST /v2/pet HTTP/1.1
08:00:37.559 [ForkJoinPool-1-worker-1] DEBUG org.apache.http.impl.execchain.MainClientExec - Target auth state: UNCHALLENGED
08:00:37.559 [ForkJoinPool-1-worker-1] DEBUG org.apache.http.impl.execchain.MainClientExec - Proxy auth state: UNCHALLENGED
08:00:37.559 [ForkJoinPool-1-worker-1] DEBUG org.apache.http.headers - http-outgoing-2 >> POST /v2/pet HTTP/1.1
08:00:37.559 [ForkJoinPool-1-worker-1] DEBUG org.apache.http.headers - http-outgoing-2 >> Content-Type: application/json; charset=UTF-8
08:00:37.559 [ForkJoinPool-1-worker-1] DEBUG org.apache.http.headers - http-outgoing-2 >> Content-Length: 147
08:00:37.559 [ForkJoinPool-1-worker-1] DEBUG org.apache.http.headers - http-outgoing-2 >> Host: petstore.swagger.io
08:00:37.559 [ForkJoinPool-1-worker-1] DEBUG org.apache.http.headers - http-outgoing-2 >> Connection: Keep-Alive
08:00:37.559 [ForkJoinPool-1-worker-1] DEBUG org.apache.http.headers - http-outgoing-2 >> User-Agent: Apache-HttpClient/4.5.12 (Java/1.8.0_331)
08:00:37.559 [ForkJoinPool-1-worker-1] DEBUG org.apache.http.headers - http-outgoing-2 >> Accept-Encoding: gzip,deflate
08:00:37.559 [ForkJoinPool-1-worker-1] DEBUG org.apache.http.wire - http-outgoing-2 >> "POST /v2/pet HTTP/1.1[\r][\n]"
08:00:37.559 [ForkJoinPool-1-worker-1] DEBUG org.apache.http.wire - http-outgoing-2 >> "Content-Type: application/json; charset=UTF-8[\r][\n]"
08:00:37.560 [ForkJoinPool-1-worker-1] DEBUG org.apache.http.wire - http-outgoing-2 >> "Content-Length: 147[\r][\n]"
08:00:37.560 [ForkJoinPool-1-worker-1] DEBUG org.apache.http.wire - http-outgoing-2 >> "Host: petstore.swagger.io[\r][\n]"
08:00:37.560 [ForkJoinPool-1-worker-1] DEBUG org.apache.http.wire - http-outgoing-2 >> "Connection: Keep-Alive[\r][\n]"
08:00:37.560 [ForkJoinPool-1-worker-1] DEBUG org.apache.http.wire - http-outgoing-2 >> "User-Agent: Apache-HttpClient/4.5.12 (Java/1.8.0_331)[\r][\n]"
08:00:37.560 [ForkJoinPool-1-worker-1] DEBUG org.apache.http.wire - http-outgoing-2 >> "Accept-Encoding: gzip,deflate[\r][\n]"
08:00:37.560 [ForkJoinPool-1-worker-1] DEBUG org.apache.http.wire - http-outgoing-2 >> "[\r][\n]"
08:00:37.560 [ForkJoinPool-1-worker-1] DEBUG org.apache.http.wire - http-outgoing-2 >> "{"id":8,"category":{"id":"365","name":"pepe15"},"name":"doggie","photoUrls":["pepito.jpg"],"tags":[{"id":0,"name":"perrito"}],"status":"available"}"
08:00:37.715 [ForkJoinPool-1-worker-1] DEBUG org.apache.http.wire - http-outgoing-2 << "HTTP/1.1 200 OK[\r][\n]"
08:00:37.715 [ForkJoinPool-1-worker-1] DEBUG org.apache.http.wire - http-outgoing-2 << "Date: Wed, 24 Aug 2022 11:00:37 GMT[\r][\n]"
08:00:37.715 [ForkJoinPool-1-worker-1] DEBUG org.apache.http.wire - http-outgoing-2 << "Content-Type: application/json[\r][\n]"
08:00:37.715 [ForkJoinPool-1-worker-1] DEBUG org.apache.http.wire - http-outgoing-2 << "Transfer-Encoding: chunked[\r][\n]"
08:00:37.715 [ForkJoinPool-1-worker-1] DEBUG org.apache.http.wire - http-outgoing-2 << "Connection: keep-alive[\r][\n]"
08:00:37.715 [ForkJoinPool-1-worker-1] DEBUG org.apache.http.wire - http-outgoing-2 << "Access-Control-Allow-Origin: *[\r][\n]"
08:00:37.715 [ForkJoinPool-1-worker-1] DEBUG org.apache.http.wire - http-outgoing-2 << "Access-Control-Allow-Methods: GET, POST, DELETE, PUT[\r][\n]"
08:00:37.715 [ForkJoinPool-1-worker-1] DEBUG org.apache.http.wire - http-outgoing-2 << "Access-Control-Allow-Headers: Content-Type, api_key, Authorization[\r][\n]"
08:00:37.715 [ForkJoinPool-1-worker-1] DEBUG org.apache.http.wire - http-outgoing-2 << "Server: Jetty(9.2.9.v20150224)[\r][\n]"
08:00:37.715 [ForkJoinPool-1-worker-1] DEBUG org.apache.http.wire - http-outgoing-2 << "[\r][\n]"
08:00:37.715 [ForkJoinPool-1-worker-1] DEBUG org.apache.http.wire - http-outgoing-2 << "91[\r][\n]"
08:00:37.715 [ForkJoinPool-1-worker-1] DEBUG org.apache.http.wire - http-outgoing-2 << "{"id":8,"category":{"id":365,"name":"pepe15"},"name":"doggie","photoUrls":["pepito.jpg"],"tags":[{"id":0,"name":"perrito"}],"status":"available"}[\r][\n]"
08:00:37.715 [ForkJoinPool-1-worker-1] DEBUG org.apache.http.headers - http-outgoing-2 << HTTP/1.1 200 OK
08:00:37.715 [ForkJoinPool-1-worker-1] DEBUG org.apache.http.headers - http-outgoing-2 << Date: Wed, 24 Aug 2022 11:00:37 GMT
08:00:37.715 [ForkJoinPool-1-worker-1] DEBUG org.apache.http.headers - http-outgoing-2 << Content-Type: application/json
08:00:37.715 [ForkJoinPool-1-worker-1] DEBUG org.apache.http.headers - http-outgoing-2 << Transfer-Encoding: chunked
08:00:37.715 [ForkJoinPool-1-worker-1] DEBUG org.apache.http.headers - http-outgoing-2 << Connection: keep-alive
08:00:37.715 [ForkJoinPool-1-worker-1] DEBUG org.apache.http.headers - http-outgoing-2 << Access-Control-Allow-Origin: *
08:00:37.715 [ForkJoinPool-1-worker-1] DEBUG org.apache.http.headers - http-outgoing-2 << Access-Control-Allow-Methods: GET, POST, DELETE, PUT
08:00:37.715 [ForkJoinPool-1-worker-1] DEBUG org.apache.http.headers - http-outgoing-2 << Access-Control-Allow-Headers: Content-Type, api_key, Authorization
08:00:37.715 [ForkJoinPool-1-worker-1] DEBUG org.apache.http.headers - http-outgoing-2 << Server: Jetty(9.2.9.v20150224)
08:00:37.716 [ForkJoinPool-1-worker-1] DEBUG org.apache.http.impl.execchain.MainClientExec - Connection can be kept alive indefinitely
08:00:37.716 [ForkJoinPool-1-worker-1] DEBUG org.apache.http.wire - http-outgoing-2 << "0[\r][\n]"
08:00:37.716 [ForkJoinPool-1-worker-1] DEBUG org.apache.http.wire - http-outgoing-2 << "[\r][\n]"
08:00:37.716 [ForkJoinPool-1-worker-1] DEBUG org.apache.http.impl.conn.PoolingHttpClientConnectionManager - Connection [id: 2][route: {s}->https://petstore.swagger.io:443] can be kept alive indefinitely
08:00:37.716 [ForkJoinPool-1-worker-1] DEBUG org.apache.http.impl.conn.DefaultManagedHttpClientConnection - http-outgoing-2: set socket timeout to 0
08:00:37.716 [ForkJoinPool-1-worker-1] DEBUG org.apache.http.impl.conn.PoolingHttpClientConnectionManager - Connection released: [id: 2][route: {s}->https://petstore.swagger.io:443][total available: 1; route allocated: 1 of 5; total allocated: 1 of 10]
08:00:37.716 [ForkJoinPool-1-worker-1] DEBUG com.intuit.karate - response time in milliseconds: 664.96
1 < 200
1 < Access-Control-Allow-Headers: Content-Type, api_key, Authorization
1 < Access-Control-Allow-Methods: GET, POST, DELETE, PUT
1 < Access-Control-Allow-Origin: *
1 < Connection: keep-alive
1 < Content-Type: application/json
1 < Date: Wed, 24 Aug 2022 11:00:37 GMT
1 < Server: Jetty(9.2.9.v20150224)
1 < Transfer-Encoding: chunked
{"id":8,"category":{"id":365,"name":"pepe15"},"name":"doggie","photoUrls":["pepito.jpg"],"tags":[{"id":0,"name":"perrito"}],"status":"available"}

08:00:37.717 [ForkJoinPool-1-worker-1] DEBUG com.jayway.jsonpath.internal.path.CompiledPath - Evaluating path: $
08:00:37.726 [ForkJoinPool-1-worker-1] DEBUG com.jayway.jsonpath.internal.path.CompiledPath - Evaluating path: $
08:00:37.726 [ForkJoinPool-1-worker-1] DEBUG com.jayway.jsonpath.internal.path.CompiledPath - Evaluating path: $
08:00:37.728 [ForkJoinPool-1-worker-1] DEBUG com.jayway.jsonpath.internal.path.CompiledPath - Evaluating path: $
08:00:37.728 [ForkJoinPool-1-worker-1] DEBUG com.jayway.jsonpath.internal.path.CompiledPath - Evaluating path: $
08:00:37.729 [ForkJoinPool-1-worker-1] DEBUG com.jayway.jsonpath.internal.path.CompiledPath - Evaluating path: $
08:00:37.731 [ForkJoinPool-1-worker-1] DEBUG org.apache.http.client.protocol.RequestAddCookies - CookieSpec selected: karate
08:00:37.731 [ForkJoinPool-1-worker-1] DEBUG org.apache.http.client.protocol.RequestAuthCache - Auth cache not set in the context
08:00:37.731 [ForkJoinPool-1-worker-1] DEBUG com.intuit.karate - request:
1 > POST https://petstore.swagger.io/v2/pet
1 > Accept-Encoding: gzip,deflate
1 > Connection: Keep-Alive
1 > Content-Length: 149
1 > Content-Type: application/json; charset=UTF-8
1 > Host: petstore.swagger.io
1 > User-Agent: Apache-HttpClient/4.5.12 (Java/1.8.0_331)
{"id":8,"category":{"id":"4983","name":"pepe-15"},"name":"doggie","photoUrls":["pepito.jpg"],"tags":[{"id":0,"name":"perrito"}],"status":"available"}

08:00:37.731 [ForkJoinPool-1-worker-1] DEBUG org.apache.http.impl.conn.PoolingHttpClientConnectionManager - Connection request: [route: {s}->https://petstore.swagger.io:443][total available: 0; route allocated: 0 of 5; total allocated: 0 of 10]
08:00:37.731 [ForkJoinPool-1-worker-1] DEBUG org.apache.http.impl.conn.PoolingHttpClientConnectionManager - Connection leased: [id: 3][route: {s}->https://petstore.swagger.io:443][total available: 0; route allocated: 1 of 5; total allocated: 1 of 10]
08:00:37.731 [ForkJoinPool-1-worker-1] DEBUG org.apache.http.impl.execchain.MainClientExec - Opening connection {s}->https://petstore.swagger.io:443
08:00:37.732 [ForkJoinPool-1-worker-1] DEBUG org.apache.http.impl.conn.DefaultHttpClientConnectionOperator - Connecting to petstore.swagger.io/35.174.182.136:443
08:00:37.732 [ForkJoinPool-1-worker-1] DEBUG org.apache.http.conn.ssl.SSLConnectionSocketFactory - Connecting socket to petstore.swagger.io/35.174.182.136:443 with timeout 30000
08:00:37.892 [ForkJoinPool-1-worker-1] DEBUG org.apache.http.conn.ssl.SSLConnectionSocketFactory - Enabled protocols: [TLSv1.2]
08:00:37.892 [ForkJoinPool-1-worker-1] DEBUG org.apache.http.conn.ssl.SSLConnectionSocketFactory - Enabled cipher suites:[TLS_ECDHE_ECDSA_WITH_AES_256_GCM_SHA384, TLS_ECDHE_ECDSA_WITH_AES_128_GCM_SHA256, TLS_ECDHE_RSA_WITH_AES_256_GCM_SHA384, TLS_ECDHE_RSA_WITH_AES_128_GCM_SHA256, TLS_DHE_RSA_WITH_AES_256_GCM_SHA384, TLS_DHE_DSS_WITH_AES_256_GCM_SHA384, TLS_DHE_RSA_WITH_AES_128_GCM_SHA256, TLS_DHE_DSS_WITH_AES_128_GCM_SHA256, TLS_ECDHE_ECDSA_WITH_AES_256_CBC_SHA384, TLS_ECDHE_RSA_WITH_AES_256_CBC_SHA384, TLS_ECDHE_ECDSA_WITH_AES_128_CBC_SHA256, TLS_ECDHE_RSA_WITH_AES_128_CBC_SHA256, TLS_DHE_RSA_WITH_AES_256_CBC_SHA256, TLS_DHE_DSS_WITH_AES_256_CBC_SHA256, TLS_DHE_RSA_WITH_AES_128_CBC_SHA256, TLS_DHE_DSS_WITH_AES_128_CBC_SHA256, TLS_ECDH_ECDSA_WITH_AES_256_GCM_SHA384, TLS_ECDH_RSA_WITH_AES_256_GCM_SHA384, TLS_ECDH_ECDSA_WITH_AES_128_GCM_SHA256, TLS_ECDH_RSA_WITH_AES_128_GCM_SHA256, TLS_ECDH_ECDSA_WITH_AES_256_CBC_SHA384, TLS_ECDH_RSA_WITH_AES_256_CBC_SHA384, TLS_ECDH_ECDSA_WITH_AES_128_CBC_SHA256, TLS_ECDH_RSA_WITH_AES_128_CBC_SHA256, TLS_ECDHE_ECDSA_WITH_AES_256_CBC_SHA, TLS_ECDHE_RSA_WITH_AES_256_CBC_SHA, TLS_ECDHE_ECDSA_WITH_AES_128_CBC_SHA, TLS_ECDHE_RSA_WITH_AES_128_CBC_SHA, TLS_DHE_RSA_WITH_AES_256_CBC_SHA, TLS_DHE_DSS_WITH_AES_256_CBC_SHA, TLS_DHE_RSA_WITH_AES_128_CBC_SHA, TLS_DHE_DSS_WITH_AES_128_CBC_SHA, TLS_ECDH_ECDSA_WITH_AES_256_CBC_SHA, TLS_ECDH_RSA_WITH_AES_256_CBC_SHA, TLS_ECDH_ECDSA_WITH_AES_128_CBC_SHA, TLS_ECDH_RSA_WITH_AES_128_CBC_SHA, TLS_RSA_WITH_AES_256_GCM_SHA384, TLS_RSA_WITH_AES_128_GCM_SHA256, TLS_RSA_WITH_AES_256_CBC_SHA256, TLS_RSA_WITH_AES_128_CBC_SHA256, TLS_RSA_WITH_AES_256_CBC_SHA, TLS_RSA_WITH_AES_128_CBC_SHA, TLS_EMPTY_RENEGOTIATION_INFO_SCSV]
08:00:37.892 [ForkJoinPool-1-worker-1] DEBUG org.apache.http.conn.ssl.SSLConnectionSocketFactory - Starting handshake
08:00:38.236 [ForkJoinPool-1-worker-1] DEBUG org.apache.http.conn.ssl.SSLConnectionSocketFactory - Secure session established
08:00:38.236 [ForkJoinPool-1-worker-1] DEBUG org.apache.http.conn.ssl.SSLConnectionSocketFactory -  negotiated protocol: TLSv1.2
08:00:38.236 [ForkJoinPool-1-worker-1] DEBUG org.apache.http.conn.ssl.SSLConnectionSocketFactory -  negotiated cipher suite: TLS_ECDHE_RSA_WITH_AES_128_GCM_SHA256
08:00:38.236 [ForkJoinPool-1-worker-1] DEBUG org.apache.http.conn.ssl.SSLConnectionSocketFactory -  peer principal: CN=*.swagger.io
08:00:38.236 [ForkJoinPool-1-worker-1] DEBUG org.apache.http.conn.ssl.SSLConnectionSocketFactory -  peer alternative names: [*.swagger.io]
08:00:38.236 [ForkJoinPool-1-worker-1] DEBUG org.apache.http.conn.ssl.SSLConnectionSocketFactory -  issuer principal: CN=Amazon, OU=Server CA 1B, O=Amazon, C=US
08:00:38.237 [ForkJoinPool-1-worker-1] DEBUG org.apache.http.impl.conn.DefaultHttpClientConnectionOperator - Connection established 192.168.2.247:44604<->35.174.182.136:443
08:00:38.237 [ForkJoinPool-1-worker-1] DEBUG org.apache.http.impl.conn.DefaultManagedHttpClientConnection - http-outgoing-3: set socket timeout to 30000
08:00:38.237 [ForkJoinPool-1-worker-1] DEBUG org.apache.http.impl.execchain.MainClientExec - Executing request POST /v2/pet HTTP/1.1
08:00:38.237 [ForkJoinPool-1-worker-1] DEBUG org.apache.http.impl.execchain.MainClientExec - Target auth state: UNCHALLENGED
08:00:38.237 [ForkJoinPool-1-worker-1] DEBUG org.apache.http.impl.execchain.MainClientExec - Proxy auth state: UNCHALLENGED
08:00:38.237 [ForkJoinPool-1-worker-1] DEBUG org.apache.http.headers - http-outgoing-3 >> POST /v2/pet HTTP/1.1
08:00:38.237 [ForkJoinPool-1-worker-1] DEBUG org.apache.http.headers - http-outgoing-3 >> Content-Type: application/json; charset=UTF-8
08:00:38.237 [ForkJoinPool-1-worker-1] DEBUG org.apache.http.headers - http-outgoing-3 >> Content-Length: 149
08:00:38.237 [ForkJoinPool-1-worker-1] DEBUG org.apache.http.headers - http-outgoing-3 >> Host: petstore.swagger.io
08:00:38.237 [ForkJoinPool-1-worker-1] DEBUG org.apache.http.headers - http-outgoing-3 >> Connection: Keep-Alive
08:00:38.237 [ForkJoinPool-1-worker-1] DEBUG org.apache.http.headers - http-outgoing-3 >> User-Agent: Apache-HttpClient/4.5.12 (Java/1.8.0_331)
08:00:38.238 [ForkJoinPool-1-worker-1] DEBUG org.apache.http.headers - http-outgoing-3 >> Accept-Encoding: gzip,deflate
08:00:38.238 [ForkJoinPool-1-worker-1] DEBUG org.apache.http.wire - http-outgoing-3 >> "POST /v2/pet HTTP/1.1[\r][\n]"
08:00:38.238 [ForkJoinPool-1-worker-1] DEBUG org.apache.http.wire - http-outgoing-3 >> "Content-Type: application/json; charset=UTF-8[\r][\n]"
08:00:38.238 [ForkJoinPool-1-worker-1] DEBUG org.apache.http.wire - http-outgoing-3 >> "Content-Length: 149[\r][\n]"
08:00:38.238 [ForkJoinPool-1-worker-1] DEBUG org.apache.http.wire - http-outgoing-3 >> "Host: petstore.swagger.io[\r][\n]"
08:00:38.238 [ForkJoinPool-1-worker-1] DEBUG org.apache.http.wire - http-outgoing-3 >> "Connection: Keep-Alive[\r][\n]"
08:00:38.238 [ForkJoinPool-1-worker-1] DEBUG org.apache.http.wire - http-outgoing-3 >> "User-Agent: Apache-HttpClient/4.5.12 (Java/1.8.0_331)[\r][\n]"
08:00:38.238 [ForkJoinPool-1-worker-1] DEBUG org.apache.http.wire - http-outgoing-3 >> "Accept-Encoding: gzip,deflate[\r][\n]"
08:00:38.238 [ForkJoinPool-1-worker-1] DEBUG org.apache.http.wire - http-outgoing-3 >> "[\r][\n]"
08:00:38.238 [ForkJoinPool-1-worker-1] DEBUG org.apache.http.wire - http-outgoing-3 >> "{"id":8,"category":{"id":"4983","name":"pepe-15"},"name":"doggie","photoUrls":["pepito.jpg"],"tags":[{"id":0,"name":"perrito"}],"status":"available"}"
08:00:38.401 [ForkJoinPool-1-worker-1] DEBUG org.apache.http.wire - http-outgoing-3 << "HTTP/1.1 200 OK[\r][\n]"
08:00:38.401 [ForkJoinPool-1-worker-1] DEBUG org.apache.http.wire - http-outgoing-3 << "Date: Wed, 24 Aug 2022 11:00:38 GMT[\r][\n]"
08:00:38.401 [ForkJoinPool-1-worker-1] DEBUG org.apache.http.wire - http-outgoing-3 << "Content-Type: application/json[\r][\n]"
08:00:38.401 [ForkJoinPool-1-worker-1] DEBUG org.apache.http.wire - http-outgoing-3 << "Transfer-Encoding: chunked[\r][\n]"
08:00:38.401 [ForkJoinPool-1-worker-1] DEBUG org.apache.http.wire - http-outgoing-3 << "Connection: keep-alive[\r][\n]"
08:00:38.401 [ForkJoinPool-1-worker-1] DEBUG org.apache.http.wire - http-outgoing-3 << "Access-Control-Allow-Origin: *[\r][\n]"
08:00:38.401 [ForkJoinPool-1-worker-1] DEBUG org.apache.http.wire - http-outgoing-3 << "Access-Control-Allow-Methods: GET, POST, DELETE, PUT[\r][\n]"
08:00:38.401 [ForkJoinPool-1-worker-1] DEBUG org.apache.http.wire - http-outgoing-3 << "Access-Control-Allow-Headers: Content-Type, api_key, Authorization[\r][\n]"
08:00:38.401 [ForkJoinPool-1-worker-1] DEBUG org.apache.http.wire - http-outgoing-3 << "Server: Jetty(9.2.9.v20150224)[\r][\n]"
08:00:38.401 [ForkJoinPool-1-worker-1] DEBUG org.apache.http.wire - http-outgoing-3 << "[\r][\n]"
08:00:38.401 [ForkJoinPool-1-worker-1] DEBUG org.apache.http.wire - http-outgoing-3 << "93[\r][\n]"
08:00:38.401 [ForkJoinPool-1-worker-1] DEBUG org.apache.http.wire - http-outgoing-3 << "{"id":8,"category":{"id":4983,"name":"pepe-15"},"name":"doggie","photoUrls":["pepito.jpg"],"tags":[{"id":0,"name":"perrito"}],"status":"available"}[\r][\n]"
08:00:38.401 [ForkJoinPool-1-worker-1] DEBUG org.apache.http.headers - http-outgoing-3 << HTTP/1.1 200 OK
08:00:38.402 [ForkJoinPool-1-worker-1] DEBUG org.apache.http.headers - http-outgoing-3 << Date: Wed, 24 Aug 2022 11:00:38 GMT
08:00:38.402 [ForkJoinPool-1-worker-1] DEBUG org.apache.http.headers - http-outgoing-3 << Content-Type: application/json
08:00:38.402 [ForkJoinPool-1-worker-1] DEBUG org.apache.http.headers - http-outgoing-3 << Transfer-Encoding: chunked
08:00:38.402 [ForkJoinPool-1-worker-1] DEBUG org.apache.http.headers - http-outgoing-3 << Connection: keep-alive
08:00:38.402 [ForkJoinPool-1-worker-1] DEBUG org.apache.http.headers - http-outgoing-3 << Access-Control-Allow-Origin: *
08:00:38.402 [ForkJoinPool-1-worker-1] DEBUG org.apache.http.headers - http-outgoing-3 << Access-Control-Allow-Methods: GET, POST, DELETE, PUT
08:00:38.402 [ForkJoinPool-1-worker-1] DEBUG org.apache.http.headers - http-outgoing-3 << Access-Control-Allow-Headers: Content-Type, api_key, Authorization
08:00:38.402 [ForkJoinPool-1-worker-1] DEBUG org.apache.http.headers - http-outgoing-3 << Server: Jetty(9.2.9.v20150224)
08:00:38.402 [ForkJoinPool-1-worker-1] DEBUG org.apache.http.impl.execchain.MainClientExec - Connection can be kept alive indefinitely
08:00:38.403 [ForkJoinPool-1-worker-1] DEBUG org.apache.http.wire - http-outgoing-3 << "0[\r][\n]"
08:00:38.403 [ForkJoinPool-1-worker-1] DEBUG org.apache.http.wire - http-outgoing-3 << "[\r][\n]"
08:00:38.403 [ForkJoinPool-1-worker-1] DEBUG org.apache.http.impl.conn.PoolingHttpClientConnectionManager - Connection [id: 3][route: {s}->https://petstore.swagger.io:443] can be kept alive indefinitely
08:00:38.404 [ForkJoinPool-1-worker-1] DEBUG org.apache.http.impl.conn.DefaultManagedHttpClientConnection - http-outgoing-3: set socket timeout to 0
08:00:38.404 [ForkJoinPool-1-worker-1] DEBUG org.apache.http.impl.conn.PoolingHttpClientConnectionManager - Connection released: [id: 3][route: {s}->https://petstore.swagger.io:443][total available: 1; route allocated: 1 of 5; total allocated: 1 of 10]
08:00:38.404 [ForkJoinPool-1-worker-1] DEBUG com.intuit.karate - response time in milliseconds: 671.09
1 < 200
1 < Access-Control-Allow-Headers: Content-Type, api_key, Authorization
1 < Access-Control-Allow-Methods: GET, POST, DELETE, PUT
1 < Access-Control-Allow-Origin: *
1 < Connection: keep-alive
1 < Content-Type: application/json
1 < Date: Wed, 24 Aug 2022 11:00:38 GMT
1 < Server: Jetty(9.2.9.v20150224)
1 < Transfer-Encoding: chunked
{"id":8,"category":{"id":4983,"name":"pepe-15"},"name":"doggie","photoUrls":["pepito.jpg"],"tags":[{"id":0,"name":"perrito"}],"status":"available"}

08:00:38.429 [ForkJoinPool-1-worker-1] DEBUG com.jayway.jsonpath.internal.path.CompiledPath - Evaluating path: $
08:00:38.435 [ForkJoinPool-1-worker-1] DEBUG com.jayway.jsonpath.internal.path.CompiledPath - Evaluating path: $
08:00:38.435 [ForkJoinPool-1-worker-1] DEBUG com.jayway.jsonpath.internal.path.CompiledPath - Evaluating path: $
08:00:38.437 [ForkJoinPool-1-worker-1] DEBUG com.jayway.jsonpath.internal.path.CompiledPath - Evaluating path: $
08:00:38.437 [ForkJoinPool-1-worker-1] DEBUG com.jayway.jsonpath.internal.path.CompiledPath - Evaluating path: $
08:00:38.438 [ForkJoinPool-1-worker-1] DEBUG com.jayway.jsonpath.internal.path.CompiledPath - Evaluating path: $
08:00:38.439 [ForkJoinPool-1-worker-1] DEBUG org.apache.http.client.protocol.RequestAddCookies - CookieSpec selected: karate
08:00:38.440 [ForkJoinPool-1-worker-1] DEBUG org.apache.http.client.protocol.RequestAuthCache - Auth cache not set in the context
08:00:38.440 [ForkJoinPool-1-worker-1] DEBUG com.intuit.karate - request:
1 > POST https://petstore.swagger.io/v2/pet
1 > Accept-Encoding: gzip,deflate
1 > Connection: Keep-Alive
1 > Content-Length: 144
1 > Content-Type: application/json; charset=UTF-8
1 > Host: petstore.swagger.io
1 > User-Agent: Apache-HttpClient/4.5.12 (Java/1.8.0_331)
{"id":8,"category":{"id":"26983","name":"p"},"name":"doggie","photoUrls":["pepito.jpg"],"tags":[{"id":0,"name":"perrito"}],"status":"available"}

08:00:38.440 [ForkJoinPool-1-worker-1] DEBUG org.apache.http.impl.conn.PoolingHttpClientConnectionManager - Connection request: [route: {s}->https://petstore.swagger.io:443][total available: 0; route allocated: 0 of 5; total allocated: 0 of 10]
08:00:38.440 [ForkJoinPool-1-worker-1] DEBUG org.apache.http.impl.conn.PoolingHttpClientConnectionManager - Connection leased: [id: 4][route: {s}->https://petstore.swagger.io:443][total available: 0; route allocated: 1 of 5; total allocated: 1 of 10]
08:00:38.440 [ForkJoinPool-1-worker-1] DEBUG org.apache.http.impl.execchain.MainClientExec - Opening connection {s}->https://petstore.swagger.io:443
08:00:38.440 [ForkJoinPool-1-worker-1] DEBUG org.apache.http.impl.conn.DefaultHttpClientConnectionOperator - Connecting to petstore.swagger.io/35.174.182.136:443
08:00:38.440 [ForkJoinPool-1-worker-1] DEBUG org.apache.http.conn.ssl.SSLConnectionSocketFactory - Connecting socket to petstore.swagger.io/35.174.182.136:443 with timeout 30000
08:00:38.603 [ForkJoinPool-1-worker-1] DEBUG org.apache.http.conn.ssl.SSLConnectionSocketFactory - Enabled protocols: [TLSv1.2]
08:00:38.603 [ForkJoinPool-1-worker-1] DEBUG org.apache.http.conn.ssl.SSLConnectionSocketFactory - Enabled cipher suites:[TLS_ECDHE_ECDSA_WITH_AES_256_GCM_SHA384, TLS_ECDHE_ECDSA_WITH_AES_128_GCM_SHA256, TLS_ECDHE_RSA_WITH_AES_256_GCM_SHA384, TLS_ECDHE_RSA_WITH_AES_128_GCM_SHA256, TLS_DHE_RSA_WITH_AES_256_GCM_SHA384, TLS_DHE_DSS_WITH_AES_256_GCM_SHA384, TLS_DHE_RSA_WITH_AES_128_GCM_SHA256, TLS_DHE_DSS_WITH_AES_128_GCM_SHA256, TLS_ECDHE_ECDSA_WITH_AES_256_CBC_SHA384, TLS_ECDHE_RSA_WITH_AES_256_CBC_SHA384, TLS_ECDHE_ECDSA_WITH_AES_128_CBC_SHA256, TLS_ECDHE_RSA_WITH_AES_128_CBC_SHA256, TLS_DHE_RSA_WITH_AES_256_CBC_SHA256, TLS_DHE_DSS_WITH_AES_256_CBC_SHA256, TLS_DHE_RSA_WITH_AES_128_CBC_SHA256, TLS_DHE_DSS_WITH_AES_128_CBC_SHA256, TLS_ECDH_ECDSA_WITH_AES_256_GCM_SHA384, TLS_ECDH_RSA_WITH_AES_256_GCM_SHA384, TLS_ECDH_ECDSA_WITH_AES_128_GCM_SHA256, TLS_ECDH_RSA_WITH_AES_128_GCM_SHA256, TLS_ECDH_ECDSA_WITH_AES_256_CBC_SHA384, TLS_ECDH_RSA_WITH_AES_256_CBC_SHA384, TLS_ECDH_ECDSA_WITH_AES_128_CBC_SHA256, TLS_ECDH_RSA_WITH_AES_128_CBC_SHA256, TLS_ECDHE_ECDSA_WITH_AES_256_CBC_SHA, TLS_ECDHE_RSA_WITH_AES_256_CBC_SHA, TLS_ECDHE_ECDSA_WITH_AES_128_CBC_SHA, TLS_ECDHE_RSA_WITH_AES_128_CBC_SHA, TLS_DHE_RSA_WITH_AES_256_CBC_SHA, TLS_DHE_DSS_WITH_AES_256_CBC_SHA, TLS_DHE_RSA_WITH_AES_128_CBC_SHA, TLS_DHE_DSS_WITH_AES_128_CBC_SHA, TLS_ECDH_ECDSA_WITH_AES_256_CBC_SHA, TLS_ECDH_RSA_WITH_AES_256_CBC_SHA, TLS_ECDH_ECDSA_WITH_AES_128_CBC_SHA, TLS_ECDH_RSA_WITH_AES_128_CBC_SHA, TLS_RSA_WITH_AES_256_GCM_SHA384, TLS_RSA_WITH_AES_128_GCM_SHA256, TLS_RSA_WITH_AES_256_CBC_SHA256, TLS_RSA_WITH_AES_128_CBC_SHA256, TLS_RSA_WITH_AES_256_CBC_SHA, TLS_RSA_WITH_AES_128_CBC_SHA, TLS_EMPTY_RENEGOTIATION_INFO_SCSV]
08:00:38.603 [ForkJoinPool-1-worker-1] DEBUG org.apache.http.conn.ssl.SSLConnectionSocketFactory - Starting handshake
08:00:38.950 [ForkJoinPool-1-worker-1] DEBUG org.apache.http.conn.ssl.SSLConnectionSocketFactory - Secure session established
08:00:38.950 [ForkJoinPool-1-worker-1] DEBUG org.apache.http.conn.ssl.SSLConnectionSocketFactory -  negotiated protocol: TLSv1.2
08:00:38.950 [ForkJoinPool-1-worker-1] DEBUG org.apache.http.conn.ssl.SSLConnectionSocketFactory -  negotiated cipher suite: TLS_ECDHE_RSA_WITH_AES_128_GCM_SHA256
08:00:38.950 [ForkJoinPool-1-worker-1] DEBUG org.apache.http.conn.ssl.SSLConnectionSocketFactory -  peer principal: CN=*.swagger.io
08:00:38.950 [ForkJoinPool-1-worker-1] DEBUG org.apache.http.conn.ssl.SSLConnectionSocketFactory -  peer alternative names: [*.swagger.io]
08:00:38.950 [ForkJoinPool-1-worker-1] DEBUG org.apache.http.conn.ssl.SSLConnectionSocketFactory -  issuer principal: CN=Amazon, OU=Server CA 1B, O=Amazon, C=US
08:00:38.951 [ForkJoinPool-1-worker-1] DEBUG org.apache.http.impl.conn.DefaultHttpClientConnectionOperator - Connection established 192.168.2.247:44606<->35.174.182.136:443
08:00:38.951 [ForkJoinPool-1-worker-1] DEBUG org.apache.http.impl.conn.DefaultManagedHttpClientConnection - http-outgoing-4: set socket timeout to 30000
08:00:38.951 [ForkJoinPool-1-worker-1] DEBUG org.apache.http.impl.execchain.MainClientExec - Executing request POST /v2/pet HTTP/1.1
08:00:38.951 [ForkJoinPool-1-worker-1] DEBUG org.apache.http.impl.execchain.MainClientExec - Target auth state: UNCHALLENGED
08:00:38.951 [ForkJoinPool-1-worker-1] DEBUG org.apache.http.impl.execchain.MainClientExec - Proxy auth state: UNCHALLENGED
08:00:38.951 [ForkJoinPool-1-worker-1] DEBUG org.apache.http.headers - http-outgoing-4 >> POST /v2/pet HTTP/1.1
08:00:38.951 [ForkJoinPool-1-worker-1] DEBUG org.apache.http.headers - http-outgoing-4 >> Content-Type: application/json; charset=UTF-8
08:00:38.952 [ForkJoinPool-1-worker-1] DEBUG org.apache.http.headers - http-outgoing-4 >> Content-Length: 144
08:00:38.952 [ForkJoinPool-1-worker-1] DEBUG org.apache.http.headers - http-outgoing-4 >> Host: petstore.swagger.io
08:00:38.952 [ForkJoinPool-1-worker-1] DEBUG org.apache.http.headers - http-outgoing-4 >> Connection: Keep-Alive
08:00:38.952 [ForkJoinPool-1-worker-1] DEBUG org.apache.http.headers - http-outgoing-4 >> User-Agent: Apache-HttpClient/4.5.12 (Java/1.8.0_331)
08:00:38.952 [ForkJoinPool-1-worker-1] DEBUG org.apache.http.headers - http-outgoing-4 >> Accept-Encoding: gzip,deflate
08:00:38.952 [ForkJoinPool-1-worker-1] DEBUG org.apache.http.wire - http-outgoing-4 >> "POST /v2/pet HTTP/1.1[\r][\n]"
08:00:38.952 [ForkJoinPool-1-worker-1] DEBUG org.apache.http.wire - http-outgoing-4 >> "Content-Type: application/json; charset=UTF-8[\r][\n]"
08:00:38.952 [ForkJoinPool-1-worker-1] DEBUG org.apache.http.wire - http-outgoing-4 >> "Content-Length: 144[\r][\n]"
08:00:38.952 [ForkJoinPool-1-worker-1] DEBUG org.apache.http.wire - http-outgoing-4 >> "Host: petstore.swagger.io[\r][\n]"
08:00:38.952 [ForkJoinPool-1-worker-1] DEBUG org.apache.http.wire - http-outgoing-4 >> "Connection: Keep-Alive[\r][\n]"
08:00:38.952 [ForkJoinPool-1-worker-1] DEBUG org.apache.http.wire - http-outgoing-4 >> "User-Agent: Apache-HttpClient/4.5.12 (Java/1.8.0_331)[\r][\n]"
08:00:38.952 [ForkJoinPool-1-worker-1] DEBUG org.apache.http.wire - http-outgoing-4 >> "Accept-Encoding: gzip,deflate[\r][\n]"
08:00:38.952 [ForkJoinPool-1-worker-1] DEBUG org.apache.http.wire - http-outgoing-4 >> "[\r][\n]"
08:00:38.952 [ForkJoinPool-1-worker-1] DEBUG org.apache.http.wire - http-outgoing-4 >> "{"id":8,"category":{"id":"26983","name":"p"},"name":"doggie","photoUrls":["pepito.jpg"],"tags":[{"id":0,"name":"perrito"}],"status":"available"}"
08:00:39.116 [ForkJoinPool-1-worker-1] DEBUG org.apache.http.wire - http-outgoing-4 << "HTTP/1.1 200 OK[\r][\n]"
08:00:39.117 [ForkJoinPool-1-worker-1] DEBUG org.apache.http.wire - http-outgoing-4 << "Date: Wed, 24 Aug 2022 11:00:39 GMT[\r][\n]"
08:00:39.117 [ForkJoinPool-1-worker-1] DEBUG org.apache.http.wire - http-outgoing-4 << "Content-Type: application/json[\r][\n]"
08:00:39.117 [ForkJoinPool-1-worker-1] DEBUG org.apache.http.wire - http-outgoing-4 << "Transfer-Encoding: chunked[\r][\n]"
08:00:39.117 [ForkJoinPool-1-worker-1] DEBUG org.apache.http.wire - http-outgoing-4 << "Connection: keep-alive[\r][\n]"
08:00:39.117 [ForkJoinPool-1-worker-1] DEBUG org.apache.http.wire - http-outgoing-4 << "Access-Control-Allow-Origin: *[\r][\n]"
08:00:39.117 [ForkJoinPool-1-worker-1] DEBUG org.apache.http.wire - http-outgoing-4 << "Access-Control-Allow-Methods: GET, POST, DELETE, PUT[\r][\n]"
08:00:39.117 [ForkJoinPool-1-worker-1] DEBUG org.apache.http.wire - http-outgoing-4 << "Access-Control-Allow-Headers: Content-Type, api_key, Authorization[\r][\n]"
08:00:39.117 [ForkJoinPool-1-worker-1] DEBUG org.apache.http.wire - http-outgoing-4 << "Server: Jetty(9.2.9.v20150224)[\r][\n]"
08:00:39.117 [ForkJoinPool-1-worker-1] DEBUG org.apache.http.wire - http-outgoing-4 << "[\r][\n]"
08:00:39.117 [ForkJoinPool-1-worker-1] DEBUG org.apache.http.wire - http-outgoing-4 << "8e[\r][\n]"
08:00:39.117 [ForkJoinPool-1-worker-1] DEBUG org.apache.http.wire - http-outgoing-4 << "{"id":8,"category":{"id":26983,"name":"p"},"name":"doggie","photoUrls":["pepito.jpg"],"tags":[{"id":0,"name":"perrito"}],"status":"available"}[\r][\n]"
08:00:39.117 [ForkJoinPool-1-worker-1] DEBUG org.apache.http.headers - http-outgoing-4 << HTTP/1.1 200 OK
08:00:39.118 [ForkJoinPool-1-worker-1] DEBUG org.apache.http.headers - http-outgoing-4 << Date: Wed, 24 Aug 2022 11:00:39 GMT
08:00:39.118 [ForkJoinPool-1-worker-1] DEBUG org.apache.http.headers - http-outgoing-4 << Content-Type: application/json
08:00:39.118 [ForkJoinPool-1-worker-1] DEBUG org.apache.http.headers - http-outgoing-4 << Transfer-Encoding: chunked
08:00:39.118 [ForkJoinPool-1-worker-1] DEBUG org.apache.http.headers - http-outgoing-4 << Connection: keep-alive
08:00:39.118 [ForkJoinPool-1-worker-1] DEBUG org.apache.http.headers - http-outgoing-4 << Access-Control-Allow-Origin: *
08:00:39.118 [ForkJoinPool-1-worker-1] DEBUG org.apache.http.headers - http-outgoing-4 << Access-Control-Allow-Methods: GET, POST, DELETE, PUT
08:00:39.118 [ForkJoinPool-1-worker-1] DEBUG org.apache.http.headers - http-outgoing-4 << Access-Control-Allow-Headers: Content-Type, api_key, Authorization
08:00:39.118 [ForkJoinPool-1-worker-1] DEBUG org.apache.http.headers - http-outgoing-4 << Server: Jetty(9.2.9.v20150224)
08:00:39.118 [ForkJoinPool-1-worker-1] DEBUG org.apache.http.impl.execchain.MainClientExec - Connection can be kept alive indefinitely
08:00:39.119 [ForkJoinPool-1-worker-1] DEBUG org.apache.http.wire - http-outgoing-4 << "0[\r][\n]"
08:00:39.119 [ForkJoinPool-1-worker-1] DEBUG org.apache.http.wire - http-outgoing-4 << "[\r][\n]"
08:00:39.119 [ForkJoinPool-1-worker-1] DEBUG org.apache.http.impl.conn.PoolingHttpClientConnectionManager - Connection [id: 4][route: {s}->https://petstore.swagger.io:443] can be kept alive indefinitely
08:00:39.119 [ForkJoinPool-1-worker-1] DEBUG org.apache.http.impl.conn.DefaultManagedHttpClientConnection - http-outgoing-4: set socket timeout to 0
08:00:39.120 [ForkJoinPool-1-worker-1] DEBUG org.apache.http.impl.conn.PoolingHttpClientConnectionManager - Connection released: [id: 4][route: {s}->https://petstore.swagger.io:443][total available: 1; route allocated: 1 of 5; total allocated: 1 of 10]
08:00:39.120 [ForkJoinPool-1-worker-1] DEBUG com.intuit.karate - response time in milliseconds: 678.44
1 < 200
1 < Access-Control-Allow-Headers: Content-Type, api_key, Authorization
1 < Access-Control-Allow-Methods: GET, POST, DELETE, PUT
1 < Access-Control-Allow-Origin: *
1 < Connection: keep-alive
1 < Content-Type: application/json
1 < Date: Wed, 24 Aug 2022 11:00:39 GMT
1 < Server: Jetty(9.2.9.v20150224)
1 < Transfer-Encoding: chunked
{"id":8,"category":{"id":26983,"name":"p"},"name":"doggie","photoUrls":["pepito.jpg"],"tags":[{"id":0,"name":"perrito"}],"status":"available"}

08:00:39.121 [ForkJoinPool-1-worker-1] DEBUG com.jayway.jsonpath.internal.path.CompiledPath - Evaluating path: $
08:00:39.131 [ForkJoinPool-1-worker-1] DEBUG com.jayway.jsonpath.internal.path.CompiledPath - Evaluating path: $
08:00:39.131 [ForkJoinPool-1-worker-1] DEBUG com.jayway.jsonpath.internal.path.CompiledPath - Evaluating path: $
08:00:39.133 [ForkJoinPool-1-worker-1] DEBUG com.jayway.jsonpath.internal.path.CompiledPath - Evaluating path: $
08:00:39.133 [ForkJoinPool-1-worker-1] DEBUG com.jayway.jsonpath.internal.path.CompiledPath - Evaluating path: $
08:00:39.134 [ForkJoinPool-1-worker-1] DEBUG com.jayway.jsonpath.internal.path.CompiledPath - Evaluating path: $
08:00:39.135 [ForkJoinPool-1-worker-1] DEBUG org.apache.http.client.protocol.RequestAddCookies - CookieSpec selected: karate
08:00:39.136 [ForkJoinPool-1-worker-1] DEBUG org.apache.http.client.protocol.RequestAuthCache - Auth cache not set in the context
08:00:39.136 [ForkJoinPool-1-worker-1] DEBUG com.intuit.karate - request:
1 > POST https://petstore.swagger.io/v2/pet
1 > Accept-Encoding: gzip,deflate
1 > Connection: Keep-Alive
1 > Content-Length: 139
1 > Content-Type: application/json; charset=UTF-8
1 > Host: petstore.swagger.io
1 > User-Agent: Apache-HttpClient/4.5.12 (Java/1.8.0_331)
{"id":8,"category":{"id":"","name":"P"},"name":"doggie","photoUrls":["pepito.jpg"],"tags":[{"id":0,"name":"perrito"}],"status":"available"}

08:00:39.136 [ForkJoinPool-1-worker-1] DEBUG org.apache.http.impl.conn.PoolingHttpClientConnectionManager - Connection request: [route: {s}->https://petstore.swagger.io:443][total available: 0; route allocated: 0 of 5; total allocated: 0 of 10]
08:00:39.136 [ForkJoinPool-1-worker-1] DEBUG org.apache.http.impl.conn.PoolingHttpClientConnectionManager - Connection leased: [id: 5][route: {s}->https://petstore.swagger.io:443][total available: 0; route allocated: 1 of 5; total allocated: 1 of 10]
08:00:39.136 [ForkJoinPool-1-worker-1] DEBUG org.apache.http.impl.execchain.MainClientExec - Opening connection {s}->https://petstore.swagger.io:443
08:00:39.136 [ForkJoinPool-1-worker-1] DEBUG org.apache.http.impl.conn.DefaultHttpClientConnectionOperator - Connecting to petstore.swagger.io/35.174.182.136:443
08:00:39.136 [ForkJoinPool-1-worker-1] DEBUG org.apache.http.conn.ssl.SSLConnectionSocketFactory - Connecting socket to petstore.swagger.io/35.174.182.136:443 with timeout 30000
08:00:39.300 [ForkJoinPool-1-worker-1] DEBUG org.apache.http.conn.ssl.SSLConnectionSocketFactory - Enabled protocols: [TLSv1.2]
08:00:39.300 [ForkJoinPool-1-worker-1] DEBUG org.apache.http.conn.ssl.SSLConnectionSocketFactory - Enabled cipher suites:[TLS_ECDHE_ECDSA_WITH_AES_256_GCM_SHA384, TLS_ECDHE_ECDSA_WITH_AES_128_GCM_SHA256, TLS_ECDHE_RSA_WITH_AES_256_GCM_SHA384, TLS_ECDHE_RSA_WITH_AES_128_GCM_SHA256, TLS_DHE_RSA_WITH_AES_256_GCM_SHA384, TLS_DHE_DSS_WITH_AES_256_GCM_SHA384, TLS_DHE_RSA_WITH_AES_128_GCM_SHA256, TLS_DHE_DSS_WITH_AES_128_GCM_SHA256, TLS_ECDHE_ECDSA_WITH_AES_256_CBC_SHA384, TLS_ECDHE_RSA_WITH_AES_256_CBC_SHA384, TLS_ECDHE_ECDSA_WITH_AES_128_CBC_SHA256, TLS_ECDHE_RSA_WITH_AES_128_CBC_SHA256, TLS_DHE_RSA_WITH_AES_256_CBC_SHA256, TLS_DHE_DSS_WITH_AES_256_CBC_SHA256, TLS_DHE_RSA_WITH_AES_128_CBC_SHA256, TLS_DHE_DSS_WITH_AES_128_CBC_SHA256, TLS_ECDH_ECDSA_WITH_AES_256_GCM_SHA384, TLS_ECDH_RSA_WITH_AES_256_GCM_SHA384, TLS_ECDH_ECDSA_WITH_AES_128_GCM_SHA256, TLS_ECDH_RSA_WITH_AES_128_GCM_SHA256, TLS_ECDH_ECDSA_WITH_AES_256_CBC_SHA384, TLS_ECDH_RSA_WITH_AES_256_CBC_SHA384, TLS_ECDH_ECDSA_WITH_AES_128_CBC_SHA256, TLS_ECDH_RSA_WITH_AES_128_CBC_SHA256, TLS_ECDHE_ECDSA_WITH_AES_256_CBC_SHA, TLS_ECDHE_RSA_WITH_AES_256_CBC_SHA, TLS_ECDHE_ECDSA_WITH_AES_128_CBC_SHA, TLS_ECDHE_RSA_WITH_AES_128_CBC_SHA, TLS_DHE_RSA_WITH_AES_256_CBC_SHA, TLS_DHE_DSS_WITH_AES_256_CBC_SHA, TLS_DHE_RSA_WITH_AES_128_CBC_SHA, TLS_DHE_DSS_WITH_AES_128_CBC_SHA, TLS_ECDH_ECDSA_WITH_AES_256_CBC_SHA, TLS_ECDH_RSA_WITH_AES_256_CBC_SHA, TLS_ECDH_ECDSA_WITH_AES_128_CBC_SHA, TLS_ECDH_RSA_WITH_AES_128_CBC_SHA, TLS_RSA_WITH_AES_256_GCM_SHA384, TLS_RSA_WITH_AES_128_GCM_SHA256, TLS_RSA_WITH_AES_256_CBC_SHA256, TLS_RSA_WITH_AES_128_CBC_SHA256, TLS_RSA_WITH_AES_256_CBC_SHA, TLS_RSA_WITH_AES_128_CBC_SHA, TLS_EMPTY_RENEGOTIATION_INFO_SCSV]
08:00:39.300 [ForkJoinPool-1-worker-1] DEBUG org.apache.http.conn.ssl.SSLConnectionSocketFactory - Starting handshake
08:00:39.810 [ForkJoinPool-1-worker-1] DEBUG org.apache.http.conn.ssl.SSLConnectionSocketFactory - Secure session established
08:00:39.810 [ForkJoinPool-1-worker-1] DEBUG org.apache.http.conn.ssl.SSLConnectionSocketFactory -  negotiated protocol: TLSv1.2
08:00:39.810 [ForkJoinPool-1-worker-1] DEBUG org.apache.http.conn.ssl.SSLConnectionSocketFactory -  negotiated cipher suite: TLS_ECDHE_RSA_WITH_AES_128_GCM_SHA256
08:00:39.810 [ForkJoinPool-1-worker-1] DEBUG org.apache.http.conn.ssl.SSLConnectionSocketFactory -  peer principal: CN=*.swagger.io
08:00:39.810 [ForkJoinPool-1-worker-1] DEBUG org.apache.http.conn.ssl.SSLConnectionSocketFactory -  peer alternative names: [*.swagger.io]
08:00:39.810 [ForkJoinPool-1-worker-1] DEBUG org.apache.http.conn.ssl.SSLConnectionSocketFactory -  issuer principal: CN=Amazon, OU=Server CA 1B, O=Amazon, C=US
08:00:39.810 [ForkJoinPool-1-worker-1] DEBUG org.apache.http.impl.conn.DefaultHttpClientConnectionOperator - Connection established 192.168.2.247:44608<->35.174.182.136:443
08:00:39.810 [ForkJoinPool-1-worker-1] DEBUG org.apache.http.impl.conn.DefaultManagedHttpClientConnection - http-outgoing-5: set socket timeout to 30000
08:00:39.810 [ForkJoinPool-1-worker-1] DEBUG org.apache.http.impl.execchain.MainClientExec - Executing request POST /v2/pet HTTP/1.1
08:00:39.810 [ForkJoinPool-1-worker-1] DEBUG org.apache.http.impl.execchain.MainClientExec - Target auth state: UNCHALLENGED
08:00:39.810 [ForkJoinPool-1-worker-1] DEBUG org.apache.http.impl.execchain.MainClientExec - Proxy auth state: UNCHALLENGED
08:00:39.811 [ForkJoinPool-1-worker-1] DEBUG org.apache.http.headers - http-outgoing-5 >> POST /v2/pet HTTP/1.1
08:00:39.811 [ForkJoinPool-1-worker-1] DEBUG org.apache.http.headers - http-outgoing-5 >> Content-Type: application/json; charset=UTF-8
08:00:39.811 [ForkJoinPool-1-worker-1] DEBUG org.apache.http.headers - http-outgoing-5 >> Content-Length: 139
08:00:39.811 [ForkJoinPool-1-worker-1] DEBUG org.apache.http.headers - http-outgoing-5 >> Host: petstore.swagger.io
08:00:39.811 [ForkJoinPool-1-worker-1] DEBUG org.apache.http.headers - http-outgoing-5 >> Connection: Keep-Alive
08:00:39.811 [ForkJoinPool-1-worker-1] DEBUG org.apache.http.headers - http-outgoing-5 >> User-Agent: Apache-HttpClient/4.5.12 (Java/1.8.0_331)
08:00:39.811 [ForkJoinPool-1-worker-1] DEBUG org.apache.http.headers - http-outgoing-5 >> Accept-Encoding: gzip,deflate
08:00:39.811 [ForkJoinPool-1-worker-1] DEBUG org.apache.http.wire - http-outgoing-5 >> "POST /v2/pet HTTP/1.1[\r][\n]"
08:00:39.811 [ForkJoinPool-1-worker-1] DEBUG org.apache.http.wire - http-outgoing-5 >> "Content-Type: application/json; charset=UTF-8[\r][\n]"
08:00:39.811 [ForkJoinPool-1-worker-1] DEBUG org.apache.http.wire - http-outgoing-5 >> "Content-Length: 139[\r][\n]"
08:00:39.811 [ForkJoinPool-1-worker-1] DEBUG org.apache.http.wire - http-outgoing-5 >> "Host: petstore.swagger.io[\r][\n]"
08:00:39.811 [ForkJoinPool-1-worker-1] DEBUG org.apache.http.wire - http-outgoing-5 >> "Connection: Keep-Alive[\r][\n]"
08:00:39.811 [ForkJoinPool-1-worker-1] DEBUG org.apache.http.wire - http-outgoing-5 >> "User-Agent: Apache-HttpClient/4.5.12 (Java/1.8.0_331)[\r][\n]"
08:00:39.811 [ForkJoinPool-1-worker-1] DEBUG org.apache.http.wire - http-outgoing-5 >> "Accept-Encoding: gzip,deflate[\r][\n]"
08:00:39.811 [ForkJoinPool-1-worker-1] DEBUG org.apache.http.wire - http-outgoing-5 >> "[\r][\n]"
08:00:39.811 [ForkJoinPool-1-worker-1] DEBUG org.apache.http.wire - http-outgoing-5 >> "{"id":8,"category":{"id":"","name":"P"},"name":"doggie","photoUrls":["pepito.jpg"],"tags":[{"id":0,"name":"perrito"}],"status":"available"}"
08:00:40.117 [ForkJoinPool-1-worker-1] DEBUG org.apache.http.wire - http-outgoing-5 << "HTTP/1.1 200 OK[\r][\n]"
08:00:40.117 [ForkJoinPool-1-worker-1] DEBUG org.apache.http.wire - http-outgoing-5 << "Date: Wed, 24 Aug 2022 11:00:39 GMT[\r][\n]"
08:00:40.118 [ForkJoinPool-1-worker-1] DEBUG org.apache.http.wire - http-outgoing-5 << "Content-Type: application/json[\r][\n]"
08:00:40.118 [ForkJoinPool-1-worker-1] DEBUG org.apache.http.wire - http-outgoing-5 << "Transfer-Encoding: chunked[\r][\n]"
08:00:40.118 [ForkJoinPool-1-worker-1] DEBUG org.apache.http.wire - http-outgoing-5 << "Connection: keep-alive[\r][\n]"
08:00:40.118 [ForkJoinPool-1-worker-1] DEBUG org.apache.http.wire - http-outgoing-5 << "Access-Control-Allow-Origin: *[\r][\n]"
08:00:40.118 [ForkJoinPool-1-worker-1] DEBUG org.apache.http.wire - http-outgoing-5 << "Access-Control-Allow-Methods: GET, POST, DELETE, PUT[\r][\n]"
08:00:40.118 [ForkJoinPool-1-worker-1] DEBUG org.apache.http.wire - http-outgoing-5 << "Access-Control-Allow-Headers: Content-Type, api_key, Authorization[\r][\n]"
08:00:40.118 [ForkJoinPool-1-worker-1] DEBUG org.apache.http.wire - http-outgoing-5 << "Server: Jetty(9.2.9.v20150224)[\r][\n]"
08:00:40.118 [ForkJoinPool-1-worker-1] DEBUG org.apache.http.wire - http-outgoing-5 << "[\r][\n]"
08:00:40.118 [ForkJoinPool-1-worker-1] DEBUG org.apache.http.wire - http-outgoing-5 << "8a[\r][\n]"
08:00:40.118 [ForkJoinPool-1-worker-1] DEBUG org.apache.http.wire - http-outgoing-5 << "{"id":8,"category":{"id":0,"name":"P"},"name":"doggie","photoUrls":["pepito.jpg"],"tags":[{"id":0,"name":"perrito"}],"status":"available"}[\r][\n]"
08:00:40.118 [ForkJoinPool-1-worker-1] DEBUG org.apache.http.headers - http-outgoing-5 << HTTP/1.1 200 OK
08:00:40.118 [ForkJoinPool-1-worker-1] DEBUG org.apache.http.headers - http-outgoing-5 << Date: Wed, 24 Aug 2022 11:00:39 GMT
08:00:40.118 [ForkJoinPool-1-worker-1] DEBUG org.apache.http.headers - http-outgoing-5 << Content-Type: application/json
08:00:40.118 [ForkJoinPool-1-worker-1] DEBUG org.apache.http.headers - http-outgoing-5 << Transfer-Encoding: chunked
08:00:40.118 [ForkJoinPool-1-worker-1] DEBUG org.apache.http.headers - http-outgoing-5 << Connection: keep-alive
08:00:40.118 [ForkJoinPool-1-worker-1] DEBUG org.apache.http.headers - http-outgoing-5 << Access-Control-Allow-Origin: *
08:00:40.118 [ForkJoinPool-1-worker-1] DEBUG org.apache.http.headers - http-outgoing-5 << Access-Control-Allow-Methods: GET, POST, DELETE, PUT
08:00:40.118 [ForkJoinPool-1-worker-1] DEBUG org.apache.http.headers - http-outgoing-5 << Access-Control-Allow-Headers: Content-Type, api_key, Authorization
08:00:40.119 [ForkJoinPool-1-worker-1] DEBUG org.apache.http.headers - http-outgoing-5 << Server: Jetty(9.2.9.v20150224)
08:00:40.119 [ForkJoinPool-1-worker-1] DEBUG org.apache.http.impl.execchain.MainClientExec - Connection can be kept alive indefinitely
08:00:40.120 [ForkJoinPool-1-worker-1] DEBUG org.apache.http.wire - http-outgoing-5 << "0[\r][\n]"
08:00:40.120 [ForkJoinPool-1-worker-1] DEBUG org.apache.http.wire - http-outgoing-5 << "[\r][\n]"
08:00:40.120 [ForkJoinPool-1-worker-1] DEBUG org.apache.http.impl.conn.PoolingHttpClientConnectionManager - Connection [id: 5][route: {s}->https://petstore.swagger.io:443] can be kept alive indefinitely
08:00:40.120 [ForkJoinPool-1-worker-1] DEBUG org.apache.http.impl.conn.DefaultManagedHttpClientConnection - http-outgoing-5: set socket timeout to 0
08:00:40.120 [ForkJoinPool-1-worker-1] DEBUG org.apache.http.impl.conn.PoolingHttpClientConnectionManager - Connection released: [id: 5][route: {s}->https://petstore.swagger.io:443][total available: 1; route allocated: 1 of 5; total allocated: 1 of 10]
08:00:40.120 [ForkJoinPool-1-worker-1] DEBUG com.intuit.karate - response time in milliseconds: 983.09
1 < 200
1 < Access-Control-Allow-Headers: Content-Type, api_key, Authorization
1 < Access-Control-Allow-Methods: GET, POST, DELETE, PUT
1 < Access-Control-Allow-Origin: *
1 < Connection: keep-alive
1 < Content-Type: application/json
1 < Date: Wed, 24 Aug 2022 11:00:39 GMT
1 < Server: Jetty(9.2.9.v20150224)
1 < Transfer-Encoding: chunked
{"id":8,"category":{"id":0,"name":"P"},"name":"doggie","photoUrls":["pepito.jpg"],"tags":[{"id":0,"name":"perrito"}],"status":"available"}

08:00:40.121 [ForkJoinPool-1-worker-1] DEBUG com.jayway.jsonpath.internal.path.CompiledPath - Evaluating path: $
08:00:40.129 [ForkJoinPool-1-worker-1] DEBUG com.jayway.jsonpath.internal.path.CompiledPath - Evaluating path: $
08:00:40.129 [ForkJoinPool-1-worker-1] DEBUG com.jayway.jsonpath.internal.path.CompiledPath - Evaluating path: $
08:00:40.130 [ForkJoinPool-1-worker-1] DEBUG com.jayway.jsonpath.internal.path.CompiledPath - Evaluating path: $
08:00:40.131 [ForkJoinPool-1-worker-1] DEBUG org.apache.http.client.protocol.RequestAddCookies - CookieSpec selected: karate
08:00:40.132 [ForkJoinPool-1-worker-1] DEBUG org.apache.http.client.protocol.RequestAuthCache - Auth cache not set in the context
08:00:40.132 [ForkJoinPool-1-worker-1] DEBUG com.intuit.karate - request:
1 > POST https://petstore.swagger.io/v2/pet
1 > Accept-Encoding: gzip,deflate
1 > Connection: Keep-Alive
1 > Content-Length: 150
1 > Content-Type: application/json; charset=UTF-8
1 > Host: petstore.swagger.io
1 > User-Agent: Apache-HttpClient/4.5.12 (Java/1.8.0_331)
{"id":"pepito","category":{"id":"pepito","name":1},"name":"doggie","photoUrls":["pepito.jpg"],"tags":[{"id":0,"name":"perrito"}],"status":"available"}

08:00:40.132 [ForkJoinPool-1-worker-1] DEBUG org.apache.http.impl.conn.PoolingHttpClientConnectionManager - Connection request: [route: {s}->https://petstore.swagger.io:443][total available: 0; route allocated: 0 of 5; total allocated: 0 of 10]
08:00:40.132 [ForkJoinPool-1-worker-1] DEBUG org.apache.http.impl.conn.PoolingHttpClientConnectionManager - Connection leased: [id: 6][route: {s}->https://petstore.swagger.io:443][total available: 0; route allocated: 1 of 5; total allocated: 1 of 10]
08:00:40.132 [ForkJoinPool-1-worker-1] DEBUG org.apache.http.impl.execchain.MainClientExec - Opening connection {s}->https://petstore.swagger.io:443
08:00:40.132 [ForkJoinPool-1-worker-1] DEBUG org.apache.http.impl.conn.DefaultHttpClientConnectionOperator - Connecting to petstore.swagger.io/35.174.182.136:443
08:00:40.132 [ForkJoinPool-1-worker-1] DEBUG org.apache.http.conn.ssl.SSLConnectionSocketFactory - Connecting socket to petstore.swagger.io/35.174.182.136:443 with timeout 30000
08:00:40.425 [ForkJoinPool-1-worker-1] DEBUG org.apache.http.conn.ssl.SSLConnectionSocketFactory - Enabled protocols: [TLSv1.2]
08:00:40.425 [ForkJoinPool-1-worker-1] DEBUG org.apache.http.conn.ssl.SSLConnectionSocketFactory - Enabled cipher suites:[TLS_ECDHE_ECDSA_WITH_AES_256_GCM_SHA384, TLS_ECDHE_ECDSA_WITH_AES_128_GCM_SHA256, TLS_ECDHE_RSA_WITH_AES_256_GCM_SHA384, TLS_ECDHE_RSA_WITH_AES_128_GCM_SHA256, TLS_DHE_RSA_WITH_AES_256_GCM_SHA384, TLS_DHE_DSS_WITH_AES_256_GCM_SHA384, TLS_DHE_RSA_WITH_AES_128_GCM_SHA256, TLS_DHE_DSS_WITH_AES_128_GCM_SHA256, TLS_ECDHE_ECDSA_WITH_AES_256_CBC_SHA384, TLS_ECDHE_RSA_WITH_AES_256_CBC_SHA384, TLS_ECDHE_ECDSA_WITH_AES_128_CBC_SHA256, TLS_ECDHE_RSA_WITH_AES_128_CBC_SHA256, TLS_DHE_RSA_WITH_AES_256_CBC_SHA256, TLS_DHE_DSS_WITH_AES_256_CBC_SHA256, TLS_DHE_RSA_WITH_AES_128_CBC_SHA256, TLS_DHE_DSS_WITH_AES_128_CBC_SHA256, TLS_ECDH_ECDSA_WITH_AES_256_GCM_SHA384, TLS_ECDH_RSA_WITH_AES_256_GCM_SHA384, TLS_ECDH_ECDSA_WITH_AES_128_GCM_SHA256, TLS_ECDH_RSA_WITH_AES_128_GCM_SHA256, TLS_ECDH_ECDSA_WITH_AES_256_CBC_SHA384, TLS_ECDH_RSA_WITH_AES_256_CBC_SHA384, TLS_ECDH_ECDSA_WITH_AES_128_CBC_SHA256, TLS_ECDH_RSA_WITH_AES_128_CBC_SHA256, TLS_ECDHE_ECDSA_WITH_AES_256_CBC_SHA, TLS_ECDHE_RSA_WITH_AES_256_CBC_SHA, TLS_ECDHE_ECDSA_WITH_AES_128_CBC_SHA, TLS_ECDHE_RSA_WITH_AES_128_CBC_SHA, TLS_DHE_RSA_WITH_AES_256_CBC_SHA, TLS_DHE_DSS_WITH_AES_256_CBC_SHA, TLS_DHE_RSA_WITH_AES_128_CBC_SHA, TLS_DHE_DSS_WITH_AES_128_CBC_SHA, TLS_ECDH_ECDSA_WITH_AES_256_CBC_SHA, TLS_ECDH_RSA_WITH_AES_256_CBC_SHA, TLS_ECDH_ECDSA_WITH_AES_128_CBC_SHA, TLS_ECDH_RSA_WITH_AES_128_CBC_SHA, TLS_RSA_WITH_AES_256_GCM_SHA384, TLS_RSA_WITH_AES_128_GCM_SHA256, TLS_RSA_WITH_AES_256_CBC_SHA256, TLS_RSA_WITH_AES_128_CBC_SHA256, TLS_RSA_WITH_AES_256_CBC_SHA, TLS_RSA_WITH_AES_128_CBC_SHA, TLS_EMPTY_RENEGOTIATION_INFO_SCSV]
08:00:40.425 [ForkJoinPool-1-worker-1] DEBUG org.apache.http.conn.ssl.SSLConnectionSocketFactory - Starting handshake
08:00:41.038 [ForkJoinPool-1-worker-1] DEBUG org.apache.http.conn.ssl.SSLConnectionSocketFactory - Secure session established
08:00:41.039 [ForkJoinPool-1-worker-1] DEBUG org.apache.http.conn.ssl.SSLConnectionSocketFactory -  negotiated protocol: TLSv1.2
08:00:41.039 [ForkJoinPool-1-worker-1] DEBUG org.apache.http.conn.ssl.SSLConnectionSocketFactory -  negotiated cipher suite: TLS_ECDHE_RSA_WITH_AES_128_GCM_SHA256
08:00:41.039 [ForkJoinPool-1-worker-1] DEBUG org.apache.http.conn.ssl.SSLConnectionSocketFactory -  peer principal: CN=*.swagger.io
08:00:41.039 [ForkJoinPool-1-worker-1] DEBUG org.apache.http.conn.ssl.SSLConnectionSocketFactory -  peer alternative names: [*.swagger.io]
08:00:41.039 [ForkJoinPool-1-worker-1] DEBUG org.apache.http.conn.ssl.SSLConnectionSocketFactory -  issuer principal: CN=Amazon, OU=Server CA 1B, O=Amazon, C=US
08:00:41.039 [ForkJoinPool-1-worker-1] DEBUG org.apache.http.impl.conn.DefaultHttpClientConnectionOperator - Connection established 192.168.2.247:44610<->35.174.182.136:443
08:00:41.039 [ForkJoinPool-1-worker-1] DEBUG org.apache.http.impl.conn.DefaultManagedHttpClientConnection - http-outgoing-6: set socket timeout to 30000
08:00:41.039 [ForkJoinPool-1-worker-1] DEBUG org.apache.http.impl.execchain.MainClientExec - Executing request POST /v2/pet HTTP/1.1
08:00:41.039 [ForkJoinPool-1-worker-1] DEBUG org.apache.http.impl.execchain.MainClientExec - Target auth state: UNCHALLENGED
08:00:41.039 [ForkJoinPool-1-worker-1] DEBUG org.apache.http.impl.execchain.MainClientExec - Proxy auth state: UNCHALLENGED
08:00:41.039 [ForkJoinPool-1-worker-1] DEBUG org.apache.http.headers - http-outgoing-6 >> POST /v2/pet HTTP/1.1
08:00:41.039 [ForkJoinPool-1-worker-1] DEBUG org.apache.http.headers - http-outgoing-6 >> Content-Type: application/json; charset=UTF-8
08:00:41.039 [ForkJoinPool-1-worker-1] DEBUG org.apache.http.headers - http-outgoing-6 >> Content-Length: 150
08:00:41.039 [ForkJoinPool-1-worker-1] DEBUG org.apache.http.headers - http-outgoing-6 >> Host: petstore.swagger.io
08:00:41.039 [ForkJoinPool-1-worker-1] DEBUG org.apache.http.headers - http-outgoing-6 >> Connection: Keep-Alive
08:00:41.039 [ForkJoinPool-1-worker-1] DEBUG org.apache.http.headers - http-outgoing-6 >> User-Agent: Apache-HttpClient/4.5.12 (Java/1.8.0_331)
08:00:41.039 [ForkJoinPool-1-worker-1] DEBUG org.apache.http.headers - http-outgoing-6 >> Accept-Encoding: gzip,deflate
08:00:41.040 [ForkJoinPool-1-worker-1] DEBUG org.apache.http.wire - http-outgoing-6 >> "POST /v2/pet HTTP/1.1[\r][\n]"
08:00:41.040 [ForkJoinPool-1-worker-1] DEBUG org.apache.http.wire - http-outgoing-6 >> "Content-Type: application/json; charset=UTF-8[\r][\n]"
08:00:41.040 [ForkJoinPool-1-worker-1] DEBUG org.apache.http.wire - http-outgoing-6 >> "Content-Length: 150[\r][\n]"
08:00:41.040 [ForkJoinPool-1-worker-1] DEBUG org.apache.http.wire - http-outgoing-6 >> "Host: petstore.swagger.io[\r][\n]"
08:00:41.040 [ForkJoinPool-1-worker-1] DEBUG org.apache.http.wire - http-outgoing-6 >> "Connection: Keep-Alive[\r][\n]"
08:00:41.040 [ForkJoinPool-1-worker-1] DEBUG org.apache.http.wire - http-outgoing-6 >> "User-Agent: Apache-HttpClient/4.5.12 (Java/1.8.0_331)[\r][\n]"
08:00:41.040 [ForkJoinPool-1-worker-1] DEBUG org.apache.http.wire - http-outgoing-6 >> "Accept-Encoding: gzip,deflate[\r][\n]"
08:00:41.040 [ForkJoinPool-1-worker-1] DEBUG org.apache.http.wire - http-outgoing-6 >> "[\r][\n]"
08:00:41.040 [ForkJoinPool-1-worker-1] DEBUG org.apache.http.wire - http-outgoing-6 >> "{"id":"pepito","category":{"id":"pepito","name":1},"name":"doggie","photoUrls":["pepito.jpg"],"tags":[{"id":0,"name":"perrito"}],"status":"available"}"
08:00:41.302 [ForkJoinPool-1-worker-1] DEBUG org.apache.http.wire - http-outgoing-6 << "HTTP/1.1 500 Server Error[\r][\n]"
08:00:41.302 [ForkJoinPool-1-worker-1] DEBUG org.apache.http.wire - http-outgoing-6 << "Date: Wed, 24 Aug 2022 11:00:41 GMT[\r][\n]"
08:00:41.302 [ForkJoinPool-1-worker-1] DEBUG org.apache.http.wire - http-outgoing-6 << "Content-Type: application/json[\r][\n]"
08:00:41.302 [ForkJoinPool-1-worker-1] DEBUG org.apache.http.wire - http-outgoing-6 << "Transfer-Encoding: chunked[\r][\n]"
08:00:41.302 [ForkJoinPool-1-worker-1] DEBUG org.apache.http.wire - http-outgoing-6 << "Connection: keep-alive[\r][\n]"
08:00:41.302 [ForkJoinPool-1-worker-1] DEBUG org.apache.http.wire - http-outgoing-6 << "Access-Control-Allow-Origin: *[\r][\n]"
08:00:41.302 [ForkJoinPool-1-worker-1] DEBUG org.apache.http.wire - http-outgoing-6 << "Access-Control-Allow-Methods: GET, POST, DELETE, PUT[\r][\n]"
08:00:41.302 [ForkJoinPool-1-worker-1] DEBUG org.apache.http.wire - http-outgoing-6 << "Access-Control-Allow-Headers: Content-Type, api_key, Authorization[\r][\n]"
08:00:41.302 [ForkJoinPool-1-worker-1] DEBUG org.apache.http.wire - http-outgoing-6 << "Server: Jetty(9.2.9.v20150224)[\r][\n]"
08:00:41.302 [ForkJoinPool-1-worker-1] DEBUG org.apache.http.wire - http-outgoing-6 << "[\r][\n]"
08:00:41.302 [ForkJoinPool-1-worker-1] DEBUG org.apache.http.wire - http-outgoing-6 << "40[\r][\n]"
08:00:41.302 [ForkJoinPool-1-worker-1] DEBUG org.apache.http.wire - http-outgoing-6 << "{"code":500,"type":"unknown","message":"something bad happened"}[\r][\n]"
08:00:41.303 [ForkJoinPool-1-worker-1] DEBUG org.apache.http.headers - http-outgoing-6 << HTTP/1.1 500 Server Error
08:00:41.303 [ForkJoinPool-1-worker-1] DEBUG org.apache.http.headers - http-outgoing-6 << Date: Wed, 24 Aug 2022 11:00:41 GMT
08:00:41.303 [ForkJoinPool-1-worker-1] DEBUG org.apache.http.headers - http-outgoing-6 << Content-Type: application/json
08:00:41.303 [ForkJoinPool-1-worker-1] DEBUG org.apache.http.headers - http-outgoing-6 << Transfer-Encoding: chunked
08:00:41.303 [ForkJoinPool-1-worker-1] DEBUG org.apache.http.headers - http-outgoing-6 << Connection: keep-alive
08:00:41.303 [ForkJoinPool-1-worker-1] DEBUG org.apache.http.headers - http-outgoing-6 << Access-Control-Allow-Origin: *
08:00:41.303 [ForkJoinPool-1-worker-1] DEBUG org.apache.http.headers - http-outgoing-6 << Access-Control-Allow-Methods: GET, POST, DELETE, PUT
08:00:41.303 [ForkJoinPool-1-worker-1] DEBUG org.apache.http.headers - http-outgoing-6 << Access-Control-Allow-Headers: Content-Type, api_key, Authorization
08:00:41.303 [ForkJoinPool-1-worker-1] DEBUG org.apache.http.headers - http-outgoing-6 << Server: Jetty(9.2.9.v20150224)
08:00:41.303 [ForkJoinPool-1-worker-1] DEBUG org.apache.http.impl.execchain.MainClientExec - Connection can be kept alive indefinitely
08:00:41.304 [ForkJoinPool-1-worker-1] DEBUG org.apache.http.wire - http-outgoing-6 << "0[\r][\n]"
08:00:41.304 [ForkJoinPool-1-worker-1] DEBUG org.apache.http.wire - http-outgoing-6 << "[\r][\n]"
08:00:41.304 [ForkJoinPool-1-worker-1] DEBUG org.apache.http.impl.conn.PoolingHttpClientConnectionManager - Connection [id: 6][route: {s}->https://petstore.swagger.io:443] can be kept alive indefinitely
08:00:41.304 [ForkJoinPool-1-worker-1] DEBUG org.apache.http.impl.conn.DefaultManagedHttpClientConnection - http-outgoing-6: set socket timeout to 0
08:00:41.305 [ForkJoinPool-1-worker-1] DEBUG org.apache.http.impl.conn.PoolingHttpClientConnectionManager - Connection released: [id: 6][route: {s}->https://petstore.swagger.io:443][total available: 1; route allocated: 1 of 5; total allocated: 1 of 10]
08:00:41.305 [ForkJoinPool-1-worker-1] DEBUG com.intuit.karate - response time in milliseconds: 1171.69
1 < 500
1 < Access-Control-Allow-Headers: Content-Type, api_key, Authorization
1 < Access-Control-Allow-Methods: GET, POST, DELETE, PUT
1 < Access-Control-Allow-Origin: *
1 < Connection: keep-alive
1 < Content-Type: application/json
1 < Date: Wed, 24 Aug 2022 11:00:41 GMT
1 < Server: Jetty(9.2.9.v20150224)
1 < Transfer-Encoding: chunked
{"code":500,"type":"unknown","message":"something bad happened"}

08:00:41.313 [ForkJoinPool-1-worker-1] DEBUG com.jayway.jsonpath.internal.path.CompiledPath - Evaluating path: $
08:00:41.313 [ForkJoinPool-1-worker-1] DEBUG com.jayway.jsonpath.internal.path.CompiledPath - Evaluating path: $
08:00:41.314 [ForkJoinPool-1-worker-1] DEBUG com.jayway.jsonpath.internal.path.CompiledPath - Evaluating path: $
08:00:41.316 [ForkJoinPool-1-worker-1] DEBUG org.apache.http.client.protocol.RequestAddCookies - CookieSpec selected: karate
08:00:41.316 [ForkJoinPool-1-worker-1] DEBUG org.apache.http.client.protocol.RequestAuthCache - Auth cache not set in the context
08:00:41.316 [ForkJoinPool-1-worker-1] DEBUG com.intuit.karate - request:
1 > POST https://petstore.swagger.io/v2/pet
1 > Accept-Encoding: gzip,deflate
1 > Connection: Keep-Alive
1 > Content-Length: 141
1 > Content-Type: application/json; charset=UTF-8
1 > Host: petstore.swagger.io
1 > User-Agent: Apache-HttpClient/4.5.12 (Java/1.8.0_331)
{"id":"A","category":{"id":"A","name":-1},"name":"doggie","photoUrls":["pepito.jpg"],"tags":[{"id":0,"name":"perrito"}],"status":"available"}

08:00:41.316 [ForkJoinPool-1-worker-1] DEBUG org.apache.http.impl.conn.PoolingHttpClientConnectionManager - Connection request: [route: {s}->https://petstore.swagger.io:443][total available: 0; route allocated: 0 of 5; total allocated: 0 of 10]
08:00:41.317 [ForkJoinPool-1-worker-1] DEBUG org.apache.http.impl.conn.PoolingHttpClientConnectionManager - Connection leased: [id: 7][route: {s}->https://petstore.swagger.io:443][total available: 0; route allocated: 1 of 5; total allocated: 1 of 10]
08:00:41.317 [ForkJoinPool-1-worker-1] DEBUG org.apache.http.impl.execchain.MainClientExec - Opening connection {s}->https://petstore.swagger.io:443
08:00:41.317 [ForkJoinPool-1-worker-1] DEBUG org.apache.http.impl.conn.DefaultHttpClientConnectionOperator - Connecting to petstore.swagger.io/35.174.182.136:443
08:00:41.317 [ForkJoinPool-1-worker-1] DEBUG org.apache.http.conn.ssl.SSLConnectionSocketFactory - Connecting socket to petstore.swagger.io/35.174.182.136:443 with timeout 30000
08:00:41.652 [ForkJoinPool-1-worker-1] DEBUG org.apache.http.conn.ssl.SSLConnectionSocketFactory - Enabled protocols: [TLSv1.2]
08:00:41.653 [ForkJoinPool-1-worker-1] DEBUG org.apache.http.conn.ssl.SSLConnectionSocketFactory - Enabled cipher suites:[TLS_ECDHE_ECDSA_WITH_AES_256_GCM_SHA384, TLS_ECDHE_ECDSA_WITH_AES_128_GCM_SHA256, TLS_ECDHE_RSA_WITH_AES_256_GCM_SHA384, TLS_ECDHE_RSA_WITH_AES_128_GCM_SHA256, TLS_DHE_RSA_WITH_AES_256_GCM_SHA384, TLS_DHE_DSS_WITH_AES_256_GCM_SHA384, TLS_DHE_RSA_WITH_AES_128_GCM_SHA256, TLS_DHE_DSS_WITH_AES_128_GCM_SHA256, TLS_ECDHE_ECDSA_WITH_AES_256_CBC_SHA384, TLS_ECDHE_RSA_WITH_AES_256_CBC_SHA384, TLS_ECDHE_ECDSA_WITH_AES_128_CBC_SHA256, TLS_ECDHE_RSA_WITH_AES_128_CBC_SHA256, TLS_DHE_RSA_WITH_AES_256_CBC_SHA256, TLS_DHE_DSS_WITH_AES_256_CBC_SHA256, TLS_DHE_RSA_WITH_AES_128_CBC_SHA256, TLS_DHE_DSS_WITH_AES_128_CBC_SHA256, TLS_ECDH_ECDSA_WITH_AES_256_GCM_SHA384, TLS_ECDH_RSA_WITH_AES_256_GCM_SHA384, TLS_ECDH_ECDSA_WITH_AES_128_GCM_SHA256, TLS_ECDH_RSA_WITH_AES_128_GCM_SHA256, TLS_ECDH_ECDSA_WITH_AES_256_CBC_SHA384, TLS_ECDH_RSA_WITH_AES_256_CBC_SHA384, TLS_ECDH_ECDSA_WITH_AES_128_CBC_SHA256, TLS_ECDH_RSA_WITH_AES_128_CBC_SHA256, TLS_ECDHE_ECDSA_WITH_AES_256_CBC_SHA, TLS_ECDHE_RSA_WITH_AES_256_CBC_SHA, TLS_ECDHE_ECDSA_WITH_AES_128_CBC_SHA, TLS_ECDHE_RSA_WITH_AES_128_CBC_SHA, TLS_DHE_RSA_WITH_AES_256_CBC_SHA, TLS_DHE_DSS_WITH_AES_256_CBC_SHA, TLS_DHE_RSA_WITH_AES_128_CBC_SHA, TLS_DHE_DSS_WITH_AES_128_CBC_SHA, TLS_ECDH_ECDSA_WITH_AES_256_CBC_SHA, TLS_ECDH_RSA_WITH_AES_256_CBC_SHA, TLS_ECDH_ECDSA_WITH_AES_128_CBC_SHA, TLS_ECDH_RSA_WITH_AES_128_CBC_SHA, TLS_RSA_WITH_AES_256_GCM_SHA384, TLS_RSA_WITH_AES_128_GCM_SHA256, TLS_RSA_WITH_AES_256_CBC_SHA256, TLS_RSA_WITH_AES_128_CBC_SHA256, TLS_RSA_WITH_AES_256_CBC_SHA, TLS_RSA_WITH_AES_128_CBC_SHA, TLS_EMPTY_RENEGOTIATION_INFO_SCSV]
08:00:41.653 [ForkJoinPool-1-worker-1] DEBUG org.apache.http.conn.ssl.SSLConnectionSocketFactory - Starting handshake
08:00:42.268 [ForkJoinPool-1-worker-1] DEBUG org.apache.http.conn.ssl.SSLConnectionSocketFactory - Secure session established
08:00:42.268 [ForkJoinPool-1-worker-1] DEBUG org.apache.http.conn.ssl.SSLConnectionSocketFactory -  negotiated protocol: TLSv1.2
08:00:42.268 [ForkJoinPool-1-worker-1] DEBUG org.apache.http.conn.ssl.SSLConnectionSocketFactory -  negotiated cipher suite: TLS_ECDHE_RSA_WITH_AES_128_GCM_SHA256
08:00:42.268 [ForkJoinPool-1-worker-1] DEBUG org.apache.http.conn.ssl.SSLConnectionSocketFactory -  peer principal: CN=*.swagger.io
08:00:42.268 [ForkJoinPool-1-worker-1] DEBUG org.apache.http.conn.ssl.SSLConnectionSocketFactory -  peer alternative names: [*.swagger.io]
08:00:42.268 [ForkJoinPool-1-worker-1] DEBUG org.apache.http.conn.ssl.SSLConnectionSocketFactory -  issuer principal: CN=Amazon, OU=Server CA 1B, O=Amazon, C=US
08:00:42.269 [ForkJoinPool-1-worker-1] DEBUG org.apache.http.impl.conn.DefaultHttpClientConnectionOperator - Connection established 192.168.2.247:44612<->35.174.182.136:443
08:00:42.269 [ForkJoinPool-1-worker-1] DEBUG org.apache.http.impl.conn.DefaultManagedHttpClientConnection - http-outgoing-7: set socket timeout to 30000
08:00:42.269 [ForkJoinPool-1-worker-1] DEBUG org.apache.http.impl.execchain.MainClientExec - Executing request POST /v2/pet HTTP/1.1
08:00:42.269 [ForkJoinPool-1-worker-1] DEBUG org.apache.http.impl.execchain.MainClientExec - Target auth state: UNCHALLENGED
08:00:42.269 [ForkJoinPool-1-worker-1] DEBUG org.apache.http.impl.execchain.MainClientExec - Proxy auth state: UNCHALLENGED
08:00:42.269 [ForkJoinPool-1-worker-1] DEBUG org.apache.http.headers - http-outgoing-7 >> POST /v2/pet HTTP/1.1
08:00:42.269 [ForkJoinPool-1-worker-1] DEBUG org.apache.http.headers - http-outgoing-7 >> Content-Type: application/json; charset=UTF-8
08:00:42.269 [ForkJoinPool-1-worker-1] DEBUG org.apache.http.headers - http-outgoing-7 >> Content-Length: 141
08:00:42.269 [ForkJoinPool-1-worker-1] DEBUG org.apache.http.headers - http-outgoing-7 >> Host: petstore.swagger.io
08:00:42.269 [ForkJoinPool-1-worker-1] DEBUG org.apache.http.headers - http-outgoing-7 >> Connection: Keep-Alive
08:00:42.269 [ForkJoinPool-1-worker-1] DEBUG org.apache.http.headers - http-outgoing-7 >> User-Agent: Apache-HttpClient/4.5.12 (Java/1.8.0_331)
08:00:42.269 [ForkJoinPool-1-worker-1] DEBUG org.apache.http.headers - http-outgoing-7 >> Accept-Encoding: gzip,deflate
08:00:42.269 [ForkJoinPool-1-worker-1] DEBUG org.apache.http.wire - http-outgoing-7 >> "POST /v2/pet HTTP/1.1[\r][\n]"
08:00:42.269 [ForkJoinPool-1-worker-1] DEBUG org.apache.http.wire - http-outgoing-7 >> "Content-Type: application/json; charset=UTF-8[\r][\n]"
08:00:42.269 [ForkJoinPool-1-worker-1] DEBUG org.apache.http.wire - http-outgoing-7 >> "Content-Length: 141[\r][\n]"
08:00:42.270 [ForkJoinPool-1-worker-1] DEBUG org.apache.http.wire - http-outgoing-7 >> "Host: petstore.swagger.io[\r][\n]"
08:00:42.270 [ForkJoinPool-1-worker-1] DEBUG org.apache.http.wire - http-outgoing-7 >> "Connection: Keep-Alive[\r][\n]"
08:00:42.270 [ForkJoinPool-1-worker-1] DEBUG org.apache.http.wire - http-outgoing-7 >> "User-Agent: Apache-HttpClient/4.5.12 (Java/1.8.0_331)[\r][\n]"
08:00:42.270 [ForkJoinPool-1-worker-1] DEBUG org.apache.http.wire - http-outgoing-7 >> "Accept-Encoding: gzip,deflate[\r][\n]"
08:00:42.270 [ForkJoinPool-1-worker-1] DEBUG org.apache.http.wire - http-outgoing-7 >> "[\r][\n]"
08:00:42.270 [ForkJoinPool-1-worker-1] DEBUG org.apache.http.wire - http-outgoing-7 >> "{"id":"A","category":{"id":"A","name":-1},"name":"doggie","photoUrls":["pepito.jpg"],"tags":[{"id":0,"name":"perrito"}],"status":"available"}"
08:00:42.577 [ForkJoinPool-1-worker-1] DEBUG org.apache.http.wire - http-outgoing-7 << "HTTP/1.1 500 Server Error[\r][\n]"
08:00:42.577 [ForkJoinPool-1-worker-1] DEBUG org.apache.http.wire - http-outgoing-7 << "Date: Wed, 24 Aug 2022 11:00:42 GMT[\r][\n]"
08:00:42.577 [ForkJoinPool-1-worker-1] DEBUG org.apache.http.wire - http-outgoing-7 << "Content-Type: application/json[\r][\n]"
08:00:42.577 [ForkJoinPool-1-worker-1] DEBUG org.apache.http.wire - http-outgoing-7 << "Transfer-Encoding: chunked[\r][\n]"
08:00:42.577 [ForkJoinPool-1-worker-1] DEBUG org.apache.http.wire - http-outgoing-7 << "Connection: keep-alive[\r][\n]"
08:00:42.577 [ForkJoinPool-1-worker-1] DEBUG org.apache.http.wire - http-outgoing-7 << "Access-Control-Allow-Origin: *[\r][\n]"
08:00:42.577 [ForkJoinPool-1-worker-1] DEBUG org.apache.http.wire - http-outgoing-7 << "Access-Control-Allow-Methods: GET, POST, DELETE, PUT[\r][\n]"
08:00:42.577 [ForkJoinPool-1-worker-1] DEBUG org.apache.http.wire - http-outgoing-7 << "Access-Control-Allow-Headers: Content-Type, api_key, Authorization[\r][\n]"
08:00:42.577 [ForkJoinPool-1-worker-1] DEBUG org.apache.http.wire - http-outgoing-7 << "Server: Jetty(9.2.9.v20150224)[\r][\n]"
08:00:42.577 [ForkJoinPool-1-worker-1] DEBUG org.apache.http.wire - http-outgoing-7 << "[\r][\n]"
08:00:42.577 [ForkJoinPool-1-worker-1] DEBUG org.apache.http.wire - http-outgoing-7 << "40[\r][\n]"
08:00:42.577 [ForkJoinPool-1-worker-1] DEBUG org.apache.http.wire - http-outgoing-7 << "{"code":500,"type":"unknown","message":"something bad happened"}[\r][\n]"
08:00:42.577 [ForkJoinPool-1-worker-1] DEBUG org.apache.http.headers - http-outgoing-7 << HTTP/1.1 500 Server Error
08:00:42.577 [ForkJoinPool-1-worker-1] DEBUG org.apache.http.headers - http-outgoing-7 << Date: Wed, 24 Aug 2022 11:00:42 GMT
08:00:42.577 [ForkJoinPool-1-worker-1] DEBUG org.apache.http.headers - http-outgoing-7 << Content-Type: application/json
08:00:42.577 [ForkJoinPool-1-worker-1] DEBUG org.apache.http.headers - http-outgoing-7 << Transfer-Encoding: chunked
08:00:42.577 [ForkJoinPool-1-worker-1] DEBUG org.apache.http.headers - http-outgoing-7 << Connection: keep-alive
08:00:42.577 [ForkJoinPool-1-worker-1] DEBUG org.apache.http.headers - http-outgoing-7 << Access-Control-Allow-Origin: *
08:00:42.577 [ForkJoinPool-1-worker-1] DEBUG org.apache.http.headers - http-outgoing-7 << Access-Control-Allow-Methods: GET, POST, DELETE, PUT
08:00:42.577 [ForkJoinPool-1-worker-1] DEBUG org.apache.http.headers - http-outgoing-7 << Access-Control-Allow-Headers: Content-Type, api_key, Authorization
08:00:42.578 [ForkJoinPool-1-worker-1] DEBUG org.apache.http.headers - http-outgoing-7 << Server: Jetty(9.2.9.v20150224)
08:00:42.578 [ForkJoinPool-1-worker-1] DEBUG org.apache.http.impl.execchain.MainClientExec - Connection can be kept alive indefinitely
08:00:42.578 [ForkJoinPool-1-worker-1] DEBUG org.apache.http.wire - http-outgoing-7 << "0[\r][\n]"
08:00:42.579 [ForkJoinPool-1-worker-1] DEBUG org.apache.http.wire - http-outgoing-7 << "[\r][\n]"
08:00:42.579 [ForkJoinPool-1-worker-1] DEBUG org.apache.http.impl.conn.PoolingHttpClientConnectionManager - Connection [id: 7][route: {s}->https://petstore.swagger.io:443] can be kept alive indefinitely
08:00:42.579 [ForkJoinPool-1-worker-1] DEBUG org.apache.http.impl.conn.DefaultManagedHttpClientConnection - http-outgoing-7: set socket timeout to 0
08:00:42.579 [ForkJoinPool-1-worker-1] DEBUG org.apache.http.impl.conn.PoolingHttpClientConnectionManager - Connection released: [id: 7][route: {s}->https://petstore.swagger.io:443][total available: 1; route allocated: 1 of 5; total allocated: 1 of 10]
08:00:42.579 [ForkJoinPool-1-worker-1] DEBUG com.intuit.karate - response time in milliseconds: 1261.45
1 < 500
1 < Access-Control-Allow-Headers: Content-Type, api_key, Authorization
1 < Access-Control-Allow-Methods: GET, POST, DELETE, PUT
1 < Access-Control-Allow-Origin: *
1 < Connection: keep-alive
1 < Content-Type: application/json
1 < Date: Wed, 24 Aug 2022 11:00:42 GMT
1 < Server: Jetty(9.2.9.v20150224)
1 < Transfer-Encoding: chunked
{"code":500,"type":"unknown","message":"something bad happened"}

08:00:42.586 [ForkJoinPool-1-worker-1] DEBUG com.jayway.jsonpath.internal.path.CompiledPath - Evaluating path: $
08:00:42.587 [ForkJoinPool-1-worker-1] DEBUG com.jayway.jsonpath.internal.path.CompiledPath - Evaluating path: $
08:00:42.587 [ForkJoinPool-1-worker-1] DEBUG com.jayway.jsonpath.internal.path.CompiledPath - Evaluating path: $
08:00:42.589 [ForkJoinPool-1-worker-1] DEBUG org.apache.http.client.protocol.RequestAddCookies - CookieSpec selected: karate
08:00:42.589 [ForkJoinPool-1-worker-1] DEBUG org.apache.http.client.protocol.RequestAuthCache - Auth cache not set in the context
08:00:42.589 [ForkJoinPool-1-worker-1] DEBUG com.intuit.karate - request:
1 > POST https://petstore.swagger.io/v2/pet
1 > Accept-Encoding: gzip,deflate
1 > Connection: Keep-Alive
1 > Content-Length: 151
1 > Content-Type: application/json; charset=UTF-8
1 > Host: petstore.swagger.io
1 > User-Agent: Apache-HttpClient/4.5.12 (Java/1.8.0_331)
{"id":"#$%&","category":{"id":"#$%&","name":"#$%&"},"name":"doggie","photoUrls":["pepito.jpg"],"tags":[{"id":0,"name":"perrito"}],"status":"available"}

08:00:42.589 [ForkJoinPool-1-worker-1] DEBUG org.apache.http.impl.conn.PoolingHttpClientConnectionManager - Connection request: [route: {s}->https://petstore.swagger.io:443][total available: 0; route allocated: 0 of 5; total allocated: 0 of 10]
08:00:42.589 [ForkJoinPool-1-worker-1] DEBUG org.apache.http.impl.conn.PoolingHttpClientConnectionManager - Connection leased: [id: 8][route: {s}->https://petstore.swagger.io:443][total available: 0; route allocated: 1 of 5; total allocated: 1 of 10]
08:00:42.589 [ForkJoinPool-1-worker-1] DEBUG org.apache.http.impl.execchain.MainClientExec - Opening connection {s}->https://petstore.swagger.io:443
08:00:42.590 [ForkJoinPool-1-worker-1] DEBUG org.apache.http.impl.conn.DefaultHttpClientConnectionOperator - Connecting to petstore.swagger.io/35.174.182.136:443
08:00:42.590 [ForkJoinPool-1-worker-1] DEBUG org.apache.http.conn.ssl.SSLConnectionSocketFactory - Connecting socket to petstore.swagger.io/35.174.182.136:443 with timeout 30000
08:00:42.883 [ForkJoinPool-1-worker-1] DEBUG org.apache.http.conn.ssl.SSLConnectionSocketFactory - Enabled protocols: [TLSv1.2]
08:00:42.883 [ForkJoinPool-1-worker-1] DEBUG org.apache.http.conn.ssl.SSLConnectionSocketFactory - Enabled cipher suites:[TLS_ECDHE_ECDSA_WITH_AES_256_GCM_SHA384, TLS_ECDHE_ECDSA_WITH_AES_128_GCM_SHA256, TLS_ECDHE_RSA_WITH_AES_256_GCM_SHA384, TLS_ECDHE_RSA_WITH_AES_128_GCM_SHA256, TLS_DHE_RSA_WITH_AES_256_GCM_SHA384, TLS_DHE_DSS_WITH_AES_256_GCM_SHA384, TLS_DHE_RSA_WITH_AES_128_GCM_SHA256, TLS_DHE_DSS_WITH_AES_128_GCM_SHA256, TLS_ECDHE_ECDSA_WITH_AES_256_CBC_SHA384, TLS_ECDHE_RSA_WITH_AES_256_CBC_SHA384, TLS_ECDHE_ECDSA_WITH_AES_128_CBC_SHA256, TLS_ECDHE_RSA_WITH_AES_128_CBC_SHA256, TLS_DHE_RSA_WITH_AES_256_CBC_SHA256, TLS_DHE_DSS_WITH_AES_256_CBC_SHA256, TLS_DHE_RSA_WITH_AES_128_CBC_SHA256, TLS_DHE_DSS_WITH_AES_128_CBC_SHA256, TLS_ECDH_ECDSA_WITH_AES_256_GCM_SHA384, TLS_ECDH_RSA_WITH_AES_256_GCM_SHA384, TLS_ECDH_ECDSA_WITH_AES_128_GCM_SHA256, TLS_ECDH_RSA_WITH_AES_128_GCM_SHA256, TLS_ECDH_ECDSA_WITH_AES_256_CBC_SHA384, TLS_ECDH_RSA_WITH_AES_256_CBC_SHA384, TLS_ECDH_ECDSA_WITH_AES_128_CBC_SHA256, TLS_ECDH_RSA_WITH_AES_128_CBC_SHA256, TLS_ECDHE_ECDSA_WITH_AES_256_CBC_SHA, TLS_ECDHE_RSA_WITH_AES_256_CBC_SHA, TLS_ECDHE_ECDSA_WITH_AES_128_CBC_SHA, TLS_ECDHE_RSA_WITH_AES_128_CBC_SHA, TLS_DHE_RSA_WITH_AES_256_CBC_SHA, TLS_DHE_DSS_WITH_AES_256_CBC_SHA, TLS_DHE_RSA_WITH_AES_128_CBC_SHA, TLS_DHE_DSS_WITH_AES_128_CBC_SHA, TLS_ECDH_ECDSA_WITH_AES_256_CBC_SHA, TLS_ECDH_RSA_WITH_AES_256_CBC_SHA, TLS_ECDH_ECDSA_WITH_AES_128_CBC_SHA, TLS_ECDH_RSA_WITH_AES_128_CBC_SHA, TLS_RSA_WITH_AES_256_GCM_SHA384, TLS_RSA_WITH_AES_128_GCM_SHA256, TLS_RSA_WITH_AES_256_CBC_SHA256, TLS_RSA_WITH_AES_128_CBC_SHA256, TLS_RSA_WITH_AES_256_CBC_SHA, TLS_RSA_WITH_AES_128_CBC_SHA, TLS_EMPTY_RENEGOTIATION_INFO_SCSV]
08:00:42.883 [ForkJoinPool-1-worker-1] DEBUG org.apache.http.conn.ssl.SSLConnectionSocketFactory - Starting handshake
08:00:43.395 [ForkJoinPool-1-worker-1] DEBUG org.apache.http.conn.ssl.SSLConnectionSocketFactory - Secure session established
08:00:43.395 [ForkJoinPool-1-worker-1] DEBUG org.apache.http.conn.ssl.SSLConnectionSocketFactory -  negotiated protocol: TLSv1.2
08:00:43.395 [ForkJoinPool-1-worker-1] DEBUG org.apache.http.conn.ssl.SSLConnectionSocketFactory -  negotiated cipher suite: TLS_ECDHE_RSA_WITH_AES_128_GCM_SHA256
08:00:43.395 [ForkJoinPool-1-worker-1] DEBUG org.apache.http.conn.ssl.SSLConnectionSocketFactory -  peer principal: CN=*.swagger.io
08:00:43.395 [ForkJoinPool-1-worker-1] DEBUG org.apache.http.conn.ssl.SSLConnectionSocketFactory -  peer alternative names: [*.swagger.io]
08:00:43.395 [ForkJoinPool-1-worker-1] DEBUG org.apache.http.conn.ssl.SSLConnectionSocketFactory -  issuer principal: CN=Amazon, OU=Server CA 1B, O=Amazon, C=US
08:00:43.395 [ForkJoinPool-1-worker-1] DEBUG org.apache.http.impl.conn.DefaultHttpClientConnectionOperator - Connection established 192.168.2.247:44614<->35.174.182.136:443
08:00:43.395 [ForkJoinPool-1-worker-1] DEBUG org.apache.http.impl.conn.DefaultManagedHttpClientConnection - http-outgoing-8: set socket timeout to 30000
08:00:43.395 [ForkJoinPool-1-worker-1] DEBUG org.apache.http.impl.execchain.MainClientExec - Executing request POST /v2/pet HTTP/1.1
08:00:43.395 [ForkJoinPool-1-worker-1] DEBUG org.apache.http.impl.execchain.MainClientExec - Target auth state: UNCHALLENGED
08:00:43.395 [ForkJoinPool-1-worker-1] DEBUG org.apache.http.impl.execchain.MainClientExec - Proxy auth state: UNCHALLENGED
08:00:43.396 [ForkJoinPool-1-worker-1] DEBUG org.apache.http.headers - http-outgoing-8 >> POST /v2/pet HTTP/1.1
08:00:43.396 [ForkJoinPool-1-worker-1] DEBUG org.apache.http.headers - http-outgoing-8 >> Content-Type: application/json; charset=UTF-8
08:00:43.396 [ForkJoinPool-1-worker-1] DEBUG org.apache.http.headers - http-outgoing-8 >> Content-Length: 151
08:00:43.396 [ForkJoinPool-1-worker-1] DEBUG org.apache.http.headers - http-outgoing-8 >> Host: petstore.swagger.io
08:00:43.396 [ForkJoinPool-1-worker-1] DEBUG org.apache.http.headers - http-outgoing-8 >> Connection: Keep-Alive
08:00:43.396 [ForkJoinPool-1-worker-1] DEBUG org.apache.http.headers - http-outgoing-8 >> User-Agent: Apache-HttpClient/4.5.12 (Java/1.8.0_331)
08:00:43.396 [ForkJoinPool-1-worker-1] DEBUG org.apache.http.headers - http-outgoing-8 >> Accept-Encoding: gzip,deflate
08:00:43.396 [ForkJoinPool-1-worker-1] DEBUG org.apache.http.wire - http-outgoing-8 >> "POST /v2/pet HTTP/1.1[\r][\n]"
08:00:43.396 [ForkJoinPool-1-worker-1] DEBUG org.apache.http.wire - http-outgoing-8 >> "Content-Type: application/json; charset=UTF-8[\r][\n]"
08:00:43.396 [ForkJoinPool-1-worker-1] DEBUG org.apache.http.wire - http-outgoing-8 >> "Content-Length: 151[\r][\n]"
08:00:43.396 [ForkJoinPool-1-worker-1] DEBUG org.apache.http.wire - http-outgoing-8 >> "Host: petstore.swagger.io[\r][\n]"
08:00:43.396 [ForkJoinPool-1-worker-1] DEBUG org.apache.http.wire - http-outgoing-8 >> "Connection: Keep-Alive[\r][\n]"
08:00:43.396 [ForkJoinPool-1-worker-1] DEBUG org.apache.http.wire - http-outgoing-8 >> "User-Agent: Apache-HttpClient/4.5.12 (Java/1.8.0_331)[\r][\n]"
08:00:43.396 [ForkJoinPool-1-worker-1] DEBUG org.apache.http.wire - http-outgoing-8 >> "Accept-Encoding: gzip,deflate[\r][\n]"
08:00:43.396 [ForkJoinPool-1-worker-1] DEBUG org.apache.http.wire - http-outgoing-8 >> "[\r][\n]"
08:00:43.396 [ForkJoinPool-1-worker-1] DEBUG org.apache.http.wire - http-outgoing-8 >> "{"id":"#$%&","category":{"id":"#$%&","name":"#$%&"},"name":"doggie","photoUrls":["pepito.jpg"],"tags":[{"id":0,"name":"perrito"}],"status":"available"}"
08:00:43.808 [ForkJoinPool-1-worker-1] DEBUG org.apache.http.wire - http-outgoing-8 << "HTTP/1.1 500 Server Error[\r][\n]"
08:00:43.808 [ForkJoinPool-1-worker-1] DEBUG org.apache.http.wire - http-outgoing-8 << "Date: Wed, 24 Aug 2022 11:00:43 GMT[\r][\n]"
08:00:43.808 [ForkJoinPool-1-worker-1] DEBUG org.apache.http.wire - http-outgoing-8 << "Content-Type: application/json[\r][\n]"
08:00:43.808 [ForkJoinPool-1-worker-1] DEBUG org.apache.http.wire - http-outgoing-8 << "Transfer-Encoding: chunked[\r][\n]"
08:00:43.808 [ForkJoinPool-1-worker-1] DEBUG org.apache.http.wire - http-outgoing-8 << "Connection: keep-alive[\r][\n]"
08:00:43.808 [ForkJoinPool-1-worker-1] DEBUG org.apache.http.wire - http-outgoing-8 << "Access-Control-Allow-Origin: *[\r][\n]"
08:00:43.808 [ForkJoinPool-1-worker-1] DEBUG org.apache.http.wire - http-outgoing-8 << "Access-Control-Allow-Methods: GET, POST, DELETE, PUT[\r][\n]"
08:00:43.808 [ForkJoinPool-1-worker-1] DEBUG org.apache.http.wire - http-outgoing-8 << "Access-Control-Allow-Headers: Content-Type, api_key, Authorization[\r][\n]"
08:00:43.808 [ForkJoinPool-1-worker-1] DEBUG org.apache.http.wire - http-outgoing-8 << "Server: Jetty(9.2.9.v20150224)[\r][\n]"
08:00:43.808 [ForkJoinPool-1-worker-1] DEBUG org.apache.http.wire - http-outgoing-8 << "[\r][\n]"
08:00:43.808 [ForkJoinPool-1-worker-1] DEBUG org.apache.http.wire - http-outgoing-8 << "40[\r][\n]"
08:00:43.808 [ForkJoinPool-1-worker-1] DEBUG org.apache.http.wire - http-outgoing-8 << "{"code":500,"type":"unknown","message":"something bad happened"}[\r][\n]"
08:00:43.808 [ForkJoinPool-1-worker-1] DEBUG org.apache.http.headers - http-outgoing-8 << HTTP/1.1 500 Server Error
08:00:43.808 [ForkJoinPool-1-worker-1] DEBUG org.apache.http.headers - http-outgoing-8 << Date: Wed, 24 Aug 2022 11:00:43 GMT
08:00:43.808 [ForkJoinPool-1-worker-1] DEBUG org.apache.http.headers - http-outgoing-8 << Content-Type: application/json
08:00:43.808 [ForkJoinPool-1-worker-1] DEBUG org.apache.http.headers - http-outgoing-8 << Transfer-Encoding: chunked
08:00:43.809 [ForkJoinPool-1-worker-1] DEBUG org.apache.http.headers - http-outgoing-8 << Connection: keep-alive
08:00:43.809 [ForkJoinPool-1-worker-1] DEBUG org.apache.http.headers - http-outgoing-8 << Access-Control-Allow-Origin: *
08:00:43.809 [ForkJoinPool-1-worker-1] DEBUG org.apache.http.headers - http-outgoing-8 << Access-Control-Allow-Methods: GET, POST, DELETE, PUT
08:00:43.809 [ForkJoinPool-1-worker-1] DEBUG org.apache.http.headers - http-outgoing-8 << Access-Control-Allow-Headers: Content-Type, api_key, Authorization
08:00:43.809 [ForkJoinPool-1-worker-1] DEBUG org.apache.http.headers - http-outgoing-8 << Server: Jetty(9.2.9.v20150224)
08:00:43.809 [ForkJoinPool-1-worker-1] DEBUG org.apache.http.impl.execchain.MainClientExec - Connection can be kept alive indefinitely
08:00:43.810 [ForkJoinPool-1-worker-1] DEBUG org.apache.http.wire - http-outgoing-8 << "0[\r][\n]"
08:00:43.810 [ForkJoinPool-1-worker-1] DEBUG org.apache.http.wire - http-outgoing-8 << "[\r][\n]"
08:00:43.810 [ForkJoinPool-1-worker-1] DEBUG org.apache.http.impl.conn.PoolingHttpClientConnectionManager - Connection [id: 8][route: {s}->https://petstore.swagger.io:443] can be kept alive indefinitely
08:00:43.810 [ForkJoinPool-1-worker-1] DEBUG org.apache.http.impl.conn.DefaultManagedHttpClientConnection - http-outgoing-8: set socket timeout to 0
08:00:43.810 [ForkJoinPool-1-worker-1] DEBUG org.apache.http.impl.conn.PoolingHttpClientConnectionManager - Connection released: [id: 8][route: {s}->https://petstore.swagger.io:443][total available: 1; route allocated: 1 of 5; total allocated: 1 of 10]
08:00:43.811 [ForkJoinPool-1-worker-1] DEBUG com.intuit.karate - response time in milliseconds: 1219.92
1 < 500
1 < Access-Control-Allow-Headers: Content-Type, api_key, Authorization
1 < Access-Control-Allow-Methods: GET, POST, DELETE, PUT
1 < Access-Control-Allow-Origin: *
1 < Connection: keep-alive
1 < Content-Type: application/json
1 < Date: Wed, 24 Aug 2022 11:00:43 GMT
1 < Server: Jetty(9.2.9.v20150224)
1 < Transfer-Encoding: chunked
{"code":500,"type":"unknown","message":"something bad happened"}

08:00:43.820 [ForkJoinPool-1-worker-1] DEBUG com.jayway.jsonpath.internal.path.CompiledPath - Evaluating path: $
08:00:43.820 [ForkJoinPool-1-worker-1] DEBUG com.jayway.jsonpath.internal.path.CompiledPath - Evaluating path: $
08:00:43.822 [ForkJoinPool-1-worker-1] DEBUG com.jayway.jsonpath.internal.path.CompiledPath - Evaluating path: $
08:00:43.823 [ForkJoinPool-1-worker-1] DEBUG com.jayway.jsonpath.internal.path.CompiledPath - Evaluating path: $
08:00:43.824 [ForkJoinPool-1-worker-1] DEBUG com.jayway.jsonpath.internal.path.CompiledPath - Evaluating path: $
08:00:43.825 [ForkJoinPool-1-worker-1] DEBUG org.apache.http.client.protocol.RequestAddCookies - CookieSpec selected: karate
08:00:43.826 [ForkJoinPool-1-worker-1] DEBUG org.apache.http.client.protocol.RequestAuthCache - Auth cache not set in the context
08:00:43.826 [ForkJoinPool-1-worker-1] DEBUG com.intuit.karate - request:
1 > POST https://petstore.swagger.io/v2/pet
1 > Accept-Encoding: gzip,deflate
1 > Connection: Keep-Alive
1 > Content-Length: 143
1 > Content-Type: application/json; charset=UTF-8
1 > Host: petstore.swagger.io
1 > User-Agent: Apache-HttpClient/4.5.12 (Java/1.8.0_331)
{"id":8,"category":{"id":0,"name":"pepito"},"name":"doggie","photoUrls":["pepito.jpg"],"tags":[{"id":0,"name":"perrito"}],"status":"available"}

08:00:43.826 [ForkJoinPool-1-worker-1] DEBUG org.apache.http.impl.conn.PoolingHttpClientConnectionManager - Connection request: [route: {s}->https://petstore.swagger.io:443][total available: 0; route allocated: 0 of 5; total allocated: 0 of 10]
08:00:43.826 [ForkJoinPool-1-worker-1] DEBUG org.apache.http.impl.conn.PoolingHttpClientConnectionManager - Connection leased: [id: 9][route: {s}->https://petstore.swagger.io:443][total available: 0; route allocated: 1 of 5; total allocated: 1 of 10]
08:00:43.826 [ForkJoinPool-1-worker-1] DEBUG org.apache.http.impl.execchain.MainClientExec - Opening connection {s}->https://petstore.swagger.io:443
08:00:43.826 [ForkJoinPool-1-worker-1] DEBUG org.apache.http.impl.conn.DefaultHttpClientConnectionOperator - Connecting to petstore.swagger.io/35.174.182.136:443
08:00:43.826 [ForkJoinPool-1-worker-1] DEBUG org.apache.http.conn.ssl.SSLConnectionSocketFactory - Connecting socket to petstore.swagger.io/35.174.182.136:443 with timeout 30000
08:00:44.113 [ForkJoinPool-1-worker-1] DEBUG org.apache.http.conn.ssl.SSLConnectionSocketFactory - Enabled protocols: [TLSv1.2]
08:00:44.113 [ForkJoinPool-1-worker-1] DEBUG org.apache.http.conn.ssl.SSLConnectionSocketFactory - Enabled cipher suites:[TLS_ECDHE_ECDSA_WITH_AES_256_GCM_SHA384, TLS_ECDHE_ECDSA_WITH_AES_128_GCM_SHA256, TLS_ECDHE_RSA_WITH_AES_256_GCM_SHA384, TLS_ECDHE_RSA_WITH_AES_128_GCM_SHA256, TLS_DHE_RSA_WITH_AES_256_GCM_SHA384, TLS_DHE_DSS_WITH_AES_256_GCM_SHA384, TLS_DHE_RSA_WITH_AES_128_GCM_SHA256, TLS_DHE_DSS_WITH_AES_128_GCM_SHA256, TLS_ECDHE_ECDSA_WITH_AES_256_CBC_SHA384, TLS_ECDHE_RSA_WITH_AES_256_CBC_SHA384, TLS_ECDHE_ECDSA_WITH_AES_128_CBC_SHA256, TLS_ECDHE_RSA_WITH_AES_128_CBC_SHA256, TLS_DHE_RSA_WITH_AES_256_CBC_SHA256, TLS_DHE_DSS_WITH_AES_256_CBC_SHA256, TLS_DHE_RSA_WITH_AES_128_CBC_SHA256, TLS_DHE_DSS_WITH_AES_128_CBC_SHA256, TLS_ECDH_ECDSA_WITH_AES_256_GCM_SHA384, TLS_ECDH_RSA_WITH_AES_256_GCM_SHA384, TLS_ECDH_ECDSA_WITH_AES_128_GCM_SHA256, TLS_ECDH_RSA_WITH_AES_128_GCM_SHA256, TLS_ECDH_ECDSA_WITH_AES_256_CBC_SHA384, TLS_ECDH_RSA_WITH_AES_256_CBC_SHA384, TLS_ECDH_ECDSA_WITH_AES_128_CBC_SHA256, TLS_ECDH_RSA_WITH_AES_128_CBC_SHA256, TLS_ECDHE_ECDSA_WITH_AES_256_CBC_SHA, TLS_ECDHE_RSA_WITH_AES_256_CBC_SHA, TLS_ECDHE_ECDSA_WITH_AES_128_CBC_SHA, TLS_ECDHE_RSA_WITH_AES_128_CBC_SHA, TLS_DHE_RSA_WITH_AES_256_CBC_SHA, TLS_DHE_DSS_WITH_AES_256_CBC_SHA, TLS_DHE_RSA_WITH_AES_128_CBC_SHA, TLS_DHE_DSS_WITH_AES_128_CBC_SHA, TLS_ECDH_ECDSA_WITH_AES_256_CBC_SHA, TLS_ECDH_RSA_WITH_AES_256_CBC_SHA, TLS_ECDH_ECDSA_WITH_AES_128_CBC_SHA, TLS_ECDH_RSA_WITH_AES_128_CBC_SHA, TLS_RSA_WITH_AES_256_GCM_SHA384, TLS_RSA_WITH_AES_128_GCM_SHA256, TLS_RSA_WITH_AES_256_CBC_SHA256, TLS_RSA_WITH_AES_128_CBC_SHA256, TLS_RSA_WITH_AES_256_CBC_SHA, TLS_RSA_WITH_AES_128_CBC_SHA, TLS_EMPTY_RENEGOTIATION_INFO_SCSV]
08:00:44.113 [ForkJoinPool-1-worker-1] DEBUG org.apache.http.conn.ssl.SSLConnectionSocketFactory - Starting handshake
08:00:44.428 [Finalizer] DEBUG org.apache.http.impl.conn.PoolingHttpClientConnectionManager - Connection manager is shutting down
08:00:44.429 [Finalizer] DEBUG org.apache.http.impl.conn.DefaultManagedHttpClientConnection - http-outgoing-0: Close connection
08:00:44.432 [Finalizer] DEBUG org.apache.http.impl.conn.PoolingHttpClientConnectionManager - Connection manager shut down
08:00:44.434 [Finalizer] DEBUG org.apache.http.impl.conn.PoolingHttpClientConnectionManager - Connection manager is shutting down
08:00:44.435 [Finalizer] DEBUG org.apache.http.impl.conn.DefaultManagedHttpClientConnection - http-outgoing-8: Close connection
08:00:44.435 [Finalizer] DEBUG org.apache.http.impl.conn.PoolingHttpClientConnectionManager - Connection manager shut down
08:00:44.437 [Finalizer] DEBUG org.apache.http.impl.conn.PoolingHttpClientConnectionManager - Connection manager is shutting down
08:00:44.437 [Finalizer] DEBUG org.apache.http.impl.conn.DefaultManagedHttpClientConnection - http-outgoing-7: Close connection
08:00:44.437 [Finalizer] DEBUG org.apache.http.impl.conn.PoolingHttpClientConnectionManager - Connection manager shut down
08:00:44.438 [Finalizer] DEBUG org.apache.http.impl.conn.PoolingHttpClientConnectionManager - Connection manager is shutting down
08:00:44.438 [Finalizer] DEBUG org.apache.http.impl.conn.DefaultManagedHttpClientConnection - http-outgoing-6: Close connection
08:00:44.438 [Finalizer] DEBUG org.apache.http.impl.conn.PoolingHttpClientConnectionManager - Connection manager shut down
08:00:44.440 [Finalizer] DEBUG org.apache.http.impl.conn.PoolingHttpClientConnectionManager - Connection manager is shutting down
08:00:44.440 [Finalizer] DEBUG org.apache.http.impl.conn.DefaultManagedHttpClientConnection - http-outgoing-5: Close connection
08:00:44.440 [Finalizer] DEBUG org.apache.http.impl.conn.PoolingHttpClientConnectionManager - Connection manager shut down
08:00:44.441 [Finalizer] DEBUG org.apache.http.impl.conn.PoolingHttpClientConnectionManager - Connection manager is shutting down
08:00:44.441 [Finalizer] DEBUG org.apache.http.impl.conn.DefaultManagedHttpClientConnection - http-outgoing-4: Close connection
08:00:44.441 [Finalizer] DEBUG org.apache.http.impl.conn.PoolingHttpClientConnectionManager - Connection manager shut down
08:00:44.441 [Finalizer] DEBUG org.apache.http.impl.conn.PoolingHttpClientConnectionManager - Connection manager is shutting down
08:00:44.441 [Finalizer] DEBUG org.apache.http.impl.conn.DefaultManagedHttpClientConnection - http-outgoing-3: Close connection
08:00:44.441 [Finalizer] DEBUG org.apache.http.impl.conn.PoolingHttpClientConnectionManager - Connection manager shut down
08:00:44.441 [Finalizer] DEBUG org.apache.http.impl.conn.PoolingHttpClientConnectionManager - Connection manager is shutting down
08:00:44.441 [Finalizer] DEBUG org.apache.http.impl.conn.DefaultManagedHttpClientConnection - http-outgoing-2: Close connection
08:00:44.441 [Finalizer] DEBUG org.apache.http.impl.conn.PoolingHttpClientConnectionManager - Connection manager shut down
08:00:44.442 [Finalizer] DEBUG org.apache.http.impl.conn.PoolingHttpClientConnectionManager - Connection manager is shutting down
08:00:44.442 [Finalizer] DEBUG org.apache.http.impl.conn.DefaultManagedHttpClientConnection - http-outgoing-1: Close connection
08:00:44.442 [Finalizer] DEBUG org.apache.http.impl.conn.PoolingHttpClientConnectionManager - Connection manager shut down
08:00:44.725 [ForkJoinPool-1-worker-1] DEBUG org.apache.http.conn.ssl.SSLConnectionSocketFactory - Secure session established
08:00:44.725 [ForkJoinPool-1-worker-1] DEBUG org.apache.http.conn.ssl.SSLConnectionSocketFactory -  negotiated protocol: TLSv1.2
08:00:44.725 [ForkJoinPool-1-worker-1] DEBUG org.apache.http.conn.ssl.SSLConnectionSocketFactory -  negotiated cipher suite: TLS_ECDHE_RSA_WITH_AES_128_GCM_SHA256
08:00:44.725 [ForkJoinPool-1-worker-1] DEBUG org.apache.http.conn.ssl.SSLConnectionSocketFactory -  peer principal: CN=*.swagger.io
08:00:44.725 [ForkJoinPool-1-worker-1] DEBUG org.apache.http.conn.ssl.SSLConnectionSocketFactory -  peer alternative names: [*.swagger.io]
08:00:44.725 [ForkJoinPool-1-worker-1] DEBUG org.apache.http.conn.ssl.SSLConnectionSocketFactory -  issuer principal: CN=Amazon, OU=Server CA 1B, O=Amazon, C=US
08:00:44.725 [ForkJoinPool-1-worker-1] DEBUG org.apache.http.impl.conn.DefaultHttpClientConnectionOperator - Connection established 192.168.2.247:44616<->35.174.182.136:443
08:00:44.725 [ForkJoinPool-1-worker-1] DEBUG org.apache.http.impl.conn.DefaultManagedHttpClientConnection - http-outgoing-9: set socket timeout to 30000
08:00:44.726 [ForkJoinPool-1-worker-1] DEBUG org.apache.http.impl.execchain.MainClientExec - Executing request POST /v2/pet HTTP/1.1
08:00:44.726 [ForkJoinPool-1-worker-1] DEBUG org.apache.http.impl.execchain.MainClientExec - Target auth state: UNCHALLENGED
08:00:44.726 [ForkJoinPool-1-worker-1] DEBUG org.apache.http.impl.execchain.MainClientExec - Proxy auth state: UNCHALLENGED
08:00:44.726 [ForkJoinPool-1-worker-1] DEBUG org.apache.http.headers - http-outgoing-9 >> POST /v2/pet HTTP/1.1
08:00:44.726 [ForkJoinPool-1-worker-1] DEBUG org.apache.http.headers - http-outgoing-9 >> Content-Type: application/json; charset=UTF-8
08:00:44.726 [ForkJoinPool-1-worker-1] DEBUG org.apache.http.headers - http-outgoing-9 >> Content-Length: 143
08:00:44.726 [ForkJoinPool-1-worker-1] DEBUG org.apache.http.headers - http-outgoing-9 >> Host: petstore.swagger.io
08:00:44.726 [ForkJoinPool-1-worker-1] DEBUG org.apache.http.headers - http-outgoing-9 >> Connection: Keep-Alive
08:00:44.726 [ForkJoinPool-1-worker-1] DEBUG org.apache.http.headers - http-outgoing-9 >> User-Agent: Apache-HttpClient/4.5.12 (Java/1.8.0_331)
08:00:44.726 [ForkJoinPool-1-worker-1] DEBUG org.apache.http.headers - http-outgoing-9 >> Accept-Encoding: gzip,deflate
08:00:44.726 [ForkJoinPool-1-worker-1] DEBUG org.apache.http.wire - http-outgoing-9 >> "POST /v2/pet HTTP/1.1[\r][\n]"
08:00:44.726 [ForkJoinPool-1-worker-1] DEBUG org.apache.http.wire - http-outgoing-9 >> "Content-Type: application/json; charset=UTF-8[\r][\n]"
08:00:44.726 [ForkJoinPool-1-worker-1] DEBUG org.apache.http.wire - http-outgoing-9 >> "Content-Length: 143[\r][\n]"
08:00:44.726 [ForkJoinPool-1-worker-1] DEBUG org.apache.http.wire - http-outgoing-9 >> "Host: petstore.swagger.io[\r][\n]"
08:00:44.726 [ForkJoinPool-1-worker-1] DEBUG org.apache.http.wire - http-outgoing-9 >> "Connection: Keep-Alive[\r][\n]"
08:00:44.726 [ForkJoinPool-1-worker-1] DEBUG org.apache.http.wire - http-outgoing-9 >> "User-Agent: Apache-HttpClient/4.5.12 (Java/1.8.0_331)[\r][\n]"
08:00:44.726 [ForkJoinPool-1-worker-1] DEBUG org.apache.http.wire - http-outgoing-9 >> "Accept-Encoding: gzip,deflate[\r][\n]"
08:00:44.726 [ForkJoinPool-1-worker-1] DEBUG org.apache.http.wire - http-outgoing-9 >> "[\r][\n]"
08:00:44.726 [ForkJoinPool-1-worker-1] DEBUG org.apache.http.wire - http-outgoing-9 >> "{"id":8,"category":{"id":0,"name":"pepito"},"name":"doggie","photoUrls":["pepito.jpg"],"tags":[{"id":0,"name":"perrito"}],"status":"available"}"
08:00:45.032 [ForkJoinPool-1-worker-1] DEBUG org.apache.http.wire - http-outgoing-9 << "HTTP/1.1 200 OK[\r][\n]"
08:00:45.032 [ForkJoinPool-1-worker-1] DEBUG org.apache.http.wire - http-outgoing-9 << "Date: Wed, 24 Aug 2022 11:00:44 GMT[\r][\n]"
08:00:45.032 [ForkJoinPool-1-worker-1] DEBUG org.apache.http.wire - http-outgoing-9 << "Content-Type: application/json[\r][\n]"
08:00:45.032 [ForkJoinPool-1-worker-1] DEBUG org.apache.http.wire - http-outgoing-9 << "Transfer-Encoding: chunked[\r][\n]"
08:00:45.032 [ForkJoinPool-1-worker-1] DEBUG org.apache.http.wire - http-outgoing-9 << "Connection: keep-alive[\r][\n]"
08:00:45.032 [ForkJoinPool-1-worker-1] DEBUG org.apache.http.wire - http-outgoing-9 << "Access-Control-Allow-Origin: *[\r][\n]"
08:00:45.032 [ForkJoinPool-1-worker-1] DEBUG org.apache.http.wire - http-outgoing-9 << "Access-Control-Allow-Methods: GET, POST, DELETE, PUT[\r][\n]"
08:00:45.032 [ForkJoinPool-1-worker-1] DEBUG org.apache.http.wire - http-outgoing-9 << "Access-Control-Allow-Headers: Content-Type, api_key, Authorization[\r][\n]"
08:00:45.032 [ForkJoinPool-1-worker-1] DEBUG org.apache.http.wire - http-outgoing-9 << "Server: Jetty(9.2.9.v20150224)[\r][\n]"
08:00:45.032 [ForkJoinPool-1-worker-1] DEBUG org.apache.http.wire - http-outgoing-9 << "[\r][\n]"
08:00:45.032 [ForkJoinPool-1-worker-1] DEBUG org.apache.http.wire - http-outgoing-9 << "8f[\r][\n]"
08:00:45.032 [ForkJoinPool-1-worker-1] DEBUG org.apache.http.wire - http-outgoing-9 << "{"id":8,"category":{"id":0,"name":"pepito"},"name":"doggie","photoUrls":["pepito.jpg"],"tags":[{"id":0,"name":"perrito"}],"status":"available"}[\r][\n]"
08:00:45.032 [ForkJoinPool-1-worker-1] DEBUG org.apache.http.headers - http-outgoing-9 << HTTP/1.1 200 OK
08:00:45.032 [ForkJoinPool-1-worker-1] DEBUG org.apache.http.headers - http-outgoing-9 << Date: Wed, 24 Aug 2022 11:00:44 GMT
08:00:45.032 [ForkJoinPool-1-worker-1] DEBUG org.apache.http.headers - http-outgoing-9 << Content-Type: application/json
08:00:45.032 [ForkJoinPool-1-worker-1] DEBUG org.apache.http.headers - http-outgoing-9 << Transfer-Encoding: chunked
08:00:45.032 [ForkJoinPool-1-worker-1] DEBUG org.apache.http.headers - http-outgoing-9 << Connection: keep-alive
08:00:45.033 [ForkJoinPool-1-worker-1] DEBUG org.apache.http.headers - http-outgoing-9 << Access-Control-Allow-Origin: *
08:00:45.033 [ForkJoinPool-1-worker-1] DEBUG org.apache.http.headers - http-outgoing-9 << Access-Control-Allow-Methods: GET, POST, DELETE, PUT
08:00:45.033 [ForkJoinPool-1-worker-1] DEBUG org.apache.http.headers - http-outgoing-9 << Access-Control-Allow-Headers: Content-Type, api_key, Authorization
08:00:45.033 [ForkJoinPool-1-worker-1] DEBUG org.apache.http.headers - http-outgoing-9 << Server: Jetty(9.2.9.v20150224)
08:00:45.033 [ForkJoinPool-1-worker-1] DEBUG org.apache.http.impl.execchain.MainClientExec - Connection can be kept alive indefinitely
08:00:45.034 [ForkJoinPool-1-worker-1] DEBUG org.apache.http.wire - http-outgoing-9 << "0[\r][\n]"
08:00:45.034 [ForkJoinPool-1-worker-1] DEBUG org.apache.http.wire - http-outgoing-9 << "[\r][\n]"
08:00:45.034 [ForkJoinPool-1-worker-1] DEBUG org.apache.http.impl.conn.PoolingHttpClientConnectionManager - Connection [id: 9][route: {s}->https://petstore.swagger.io:443] can be kept alive indefinitely
08:00:45.034 [ForkJoinPool-1-worker-1] DEBUG org.apache.http.impl.conn.DefaultManagedHttpClientConnection - http-outgoing-9: set socket timeout to 0
08:00:45.034 [ForkJoinPool-1-worker-1] DEBUG org.apache.http.impl.conn.PoolingHttpClientConnectionManager - Connection released: [id: 9][route: {s}->https://petstore.swagger.io:443][total available: 1; route allocated: 1 of 5; total allocated: 1 of 10]
08:00:45.034 [ForkJoinPool-1-worker-1] DEBUG com.intuit.karate - response time in milliseconds: 1207.15
1 < 200
1 < Access-Control-Allow-Headers: Content-Type, api_key, Authorization
1 < Access-Control-Allow-Methods: GET, POST, DELETE, PUT
1 < Access-Control-Allow-Origin: *
1 < Connection: keep-alive
1 < Content-Type: application/json
1 < Date: Wed, 24 Aug 2022 11:00:44 GMT
1 < Server: Jetty(9.2.9.v20150224)
1 < Transfer-Encoding: chunked
{"id":8,"category":{"id":0,"name":"pepito"},"name":"doggie","photoUrls":["pepito.jpg"],"tags":[{"id":0,"name":"perrito"}],"status":"available"}

08:00:45.035 [ForkJoinPool-1-worker-1] DEBUG com.jayway.jsonpath.internal.path.CompiledPath - Evaluating path: $
08:00:45.042 [ForkJoinPool-1-worker-1] DEBUG com.jayway.jsonpath.internal.path.CompiledPath - Evaluating path: $
08:00:45.043 [ForkJoinPool-1-worker-1] DEBUG com.jayway.jsonpath.internal.path.CompiledPath - Evaluating path: $
08:00:45.044 [ForkJoinPool-1-worker-1] DEBUG com.jayway.jsonpath.internal.path.CompiledPath - Evaluating path: $
08:00:45.045 [ForkJoinPool-1-worker-1] DEBUG com.jayway.jsonpath.internal.path.CompiledPath - Evaluating path: $
08:00:45.045 [ForkJoinPool-1-worker-1] DEBUG com.jayway.jsonpath.internal.path.CompiledPath - Evaluating path: $
08:00:45.047 [ForkJoinPool-1-worker-1] DEBUG org.apache.http.client.protocol.RequestAddCookies - CookieSpec selected: karate
08:00:45.047 [ForkJoinPool-1-worker-1] DEBUG org.apache.http.client.protocol.RequestAuthCache - Auth cache not set in the context
08:00:45.047 [ForkJoinPool-1-worker-1] DEBUG com.intuit.karate - request:
1 > POST https://petstore.swagger.io/v2/pet
1 > Accept-Encoding: gzip,deflate
1 > Connection: Keep-Alive
1 > Content-Length: 141
1 > Content-Type: application/json; charset=UTF-8
1 > Host: petstore.swagger.io
1 > User-Agent: Apache-HttpClient/4.5.12 (Java/1.8.0_331)
{"id":8,"category":{"id":0,"name":"pepito"},"name":"doggie","photoUrls":["pepito.jpg"],"tags":[{"id":0,"name":"perrito"}],"status":"pending"}

08:00:45.047 [ForkJoinPool-1-worker-1] DEBUG org.apache.http.impl.conn.PoolingHttpClientConnectionManager - Connection request: [route: {s}->https://petstore.swagger.io:443][total available: 0; route allocated: 0 of 5; total allocated: 0 of 10]
08:00:45.047 [ForkJoinPool-1-worker-1] DEBUG org.apache.http.impl.conn.PoolingHttpClientConnectionManager - Connection leased: [id: 10][route: {s}->https://petstore.swagger.io:443][total available: 0; route allocated: 1 of 5; total allocated: 1 of 10]
08:00:45.047 [ForkJoinPool-1-worker-1] DEBUG org.apache.http.impl.execchain.MainClientExec - Opening connection {s}->https://petstore.swagger.io:443
08:00:45.047 [ForkJoinPool-1-worker-1] DEBUG org.apache.http.impl.conn.DefaultHttpClientConnectionOperator - Connecting to petstore.swagger.io/35.174.182.136:443
08:00:45.047 [ForkJoinPool-1-worker-1] DEBUG org.apache.http.conn.ssl.SSLConnectionSocketFactory - Connecting socket to petstore.swagger.io/35.174.182.136:443 with timeout 30000
08:00:45.246 [ForkJoinPool-1-worker-1] DEBUG org.apache.http.conn.ssl.SSLConnectionSocketFactory - Enabled protocols: [TLSv1.2]
08:00:45.246 [ForkJoinPool-1-worker-1] DEBUG org.apache.http.conn.ssl.SSLConnectionSocketFactory - Enabled cipher suites:[TLS_ECDHE_ECDSA_WITH_AES_256_GCM_SHA384, TLS_ECDHE_ECDSA_WITH_AES_128_GCM_SHA256, TLS_ECDHE_RSA_WITH_AES_256_GCM_SHA384, TLS_ECDHE_RSA_WITH_AES_128_GCM_SHA256, TLS_DHE_RSA_WITH_AES_256_GCM_SHA384, TLS_DHE_DSS_WITH_AES_256_GCM_SHA384, TLS_DHE_RSA_WITH_AES_128_GCM_SHA256, TLS_DHE_DSS_WITH_AES_128_GCM_SHA256, TLS_ECDHE_ECDSA_WITH_AES_256_CBC_SHA384, TLS_ECDHE_RSA_WITH_AES_256_CBC_SHA384, TLS_ECDHE_ECDSA_WITH_AES_128_CBC_SHA256, TLS_ECDHE_RSA_WITH_AES_128_CBC_SHA256, TLS_DHE_RSA_WITH_AES_256_CBC_SHA256, TLS_DHE_DSS_WITH_AES_256_CBC_SHA256, TLS_DHE_RSA_WITH_AES_128_CBC_SHA256, TLS_DHE_DSS_WITH_AES_128_CBC_SHA256, TLS_ECDH_ECDSA_WITH_AES_256_GCM_SHA384, TLS_ECDH_RSA_WITH_AES_256_GCM_SHA384, TLS_ECDH_ECDSA_WITH_AES_128_GCM_SHA256, TLS_ECDH_RSA_WITH_AES_128_GCM_SHA256, TLS_ECDH_ECDSA_WITH_AES_256_CBC_SHA384, TLS_ECDH_RSA_WITH_AES_256_CBC_SHA384, TLS_ECDH_ECDSA_WITH_AES_128_CBC_SHA256, TLS_ECDH_RSA_WITH_AES_128_CBC_SHA256, TLS_ECDHE_ECDSA_WITH_AES_256_CBC_SHA, TLS_ECDHE_RSA_WITH_AES_256_CBC_SHA, TLS_ECDHE_ECDSA_WITH_AES_128_CBC_SHA, TLS_ECDHE_RSA_WITH_AES_128_CBC_SHA, TLS_DHE_RSA_WITH_AES_256_CBC_SHA, TLS_DHE_DSS_WITH_AES_256_CBC_SHA, TLS_DHE_RSA_WITH_AES_128_CBC_SHA, TLS_DHE_DSS_WITH_AES_128_CBC_SHA, TLS_ECDH_ECDSA_WITH_AES_256_CBC_SHA, TLS_ECDH_RSA_WITH_AES_256_CBC_SHA, TLS_ECDH_ECDSA_WITH_AES_128_CBC_SHA, TLS_ECDH_RSA_WITH_AES_128_CBC_SHA, TLS_RSA_WITH_AES_256_GCM_SHA384, TLS_RSA_WITH_AES_128_GCM_SHA256, TLS_RSA_WITH_AES_256_CBC_SHA256, TLS_RSA_WITH_AES_128_CBC_SHA256, TLS_RSA_WITH_AES_256_CBC_SHA, TLS_RSA_WITH_AES_128_CBC_SHA, TLS_EMPTY_RENEGOTIATION_INFO_SCSV]
08:00:45.246 [ForkJoinPool-1-worker-1] DEBUG org.apache.http.conn.ssl.SSLConnectionSocketFactory - Starting handshake
08:00:45.954 [ForkJoinPool-1-worker-1] DEBUG org.apache.http.conn.ssl.SSLConnectionSocketFactory - Secure session established
08:00:45.954 [ForkJoinPool-1-worker-1] DEBUG org.apache.http.conn.ssl.SSLConnectionSocketFactory -  negotiated protocol: TLSv1.2
08:00:45.954 [ForkJoinPool-1-worker-1] DEBUG org.apache.http.conn.ssl.SSLConnectionSocketFactory -  negotiated cipher suite: TLS_ECDHE_RSA_WITH_AES_128_GCM_SHA256
08:00:45.954 [ForkJoinPool-1-worker-1] DEBUG org.apache.http.conn.ssl.SSLConnectionSocketFactory -  peer principal: CN=*.swagger.io
08:00:45.954 [ForkJoinPool-1-worker-1] DEBUG org.apache.http.conn.ssl.SSLConnectionSocketFactory -  peer alternative names: [*.swagger.io]
08:00:45.954 [ForkJoinPool-1-worker-1] DEBUG org.apache.http.conn.ssl.SSLConnectionSocketFactory -  issuer principal: CN=Amazon, OU=Server CA 1B, O=Amazon, C=US
08:00:45.954 [ForkJoinPool-1-worker-1] DEBUG org.apache.http.impl.conn.DefaultHttpClientConnectionOperator - Connection established 192.168.2.247:44618<->35.174.182.136:443
08:00:45.954 [ForkJoinPool-1-worker-1] DEBUG org.apache.http.impl.conn.DefaultManagedHttpClientConnection - http-outgoing-10: set socket timeout to 30000
08:00:45.954 [ForkJoinPool-1-worker-1] DEBUG org.apache.http.impl.execchain.MainClientExec - Executing request POST /v2/pet HTTP/1.1
08:00:45.954 [ForkJoinPool-1-worker-1] DEBUG org.apache.http.impl.execchain.MainClientExec - Target auth state: UNCHALLENGED
08:00:45.954 [ForkJoinPool-1-worker-1] DEBUG org.apache.http.impl.execchain.MainClientExec - Proxy auth state: UNCHALLENGED
08:00:45.955 [ForkJoinPool-1-worker-1] DEBUG org.apache.http.headers - http-outgoing-10 >> POST /v2/pet HTTP/1.1
08:00:45.955 [ForkJoinPool-1-worker-1] DEBUG org.apache.http.headers - http-outgoing-10 >> Content-Type: application/json; charset=UTF-8
08:00:45.955 [ForkJoinPool-1-worker-1] DEBUG org.apache.http.headers - http-outgoing-10 >> Content-Length: 141
08:00:45.955 [ForkJoinPool-1-worker-1] DEBUG org.apache.http.headers - http-outgoing-10 >> Host: petstore.swagger.io
08:00:45.955 [ForkJoinPool-1-worker-1] DEBUG org.apache.http.headers - http-outgoing-10 >> Connection: Keep-Alive
08:00:45.955 [ForkJoinPool-1-worker-1] DEBUG org.apache.http.headers - http-outgoing-10 >> User-Agent: Apache-HttpClient/4.5.12 (Java/1.8.0_331)
08:00:45.955 [ForkJoinPool-1-worker-1] DEBUG org.apache.http.headers - http-outgoing-10 >> Accept-Encoding: gzip,deflate
08:00:45.955 [ForkJoinPool-1-worker-1] DEBUG org.apache.http.wire - http-outgoing-10 >> "POST /v2/pet HTTP/1.1[\r][\n]"
08:00:45.955 [ForkJoinPool-1-worker-1] DEBUG org.apache.http.wire - http-outgoing-10 >> "Content-Type: application/json; charset=UTF-8[\r][\n]"
08:00:45.955 [ForkJoinPool-1-worker-1] DEBUG org.apache.http.wire - http-outgoing-10 >> "Content-Length: 141[\r][\n]"
08:00:45.955 [ForkJoinPool-1-worker-1] DEBUG org.apache.http.wire - http-outgoing-10 >> "Host: petstore.swagger.io[\r][\n]"
08:00:45.955 [ForkJoinPool-1-worker-1] DEBUG org.apache.http.wire - http-outgoing-10 >> "Connection: Keep-Alive[\r][\n]"
08:00:45.955 [ForkJoinPool-1-worker-1] DEBUG org.apache.http.wire - http-outgoing-10 >> "User-Agent: Apache-HttpClient/4.5.12 (Java/1.8.0_331)[\r][\n]"
08:00:45.955 [ForkJoinPool-1-worker-1] DEBUG org.apache.http.wire - http-outgoing-10 >> "Accept-Encoding: gzip,deflate[\r][\n]"
08:00:45.955 [ForkJoinPool-1-worker-1] DEBUG org.apache.http.wire - http-outgoing-10 >> "[\r][\n]"
08:00:45.955 [ForkJoinPool-1-worker-1] DEBUG org.apache.http.wire - http-outgoing-10 >> "{"id":8,"category":{"id":0,"name":"pepito"},"name":"doggie","photoUrls":["pepito.jpg"],"tags":[{"id":0,"name":"perrito"}],"status":"pending"}"
08:00:46.261 [ForkJoinPool-1-worker-1] DEBUG org.apache.http.wire - http-outgoing-10 << "HTTP/1.1 200 OK[\r][\n]"
08:00:46.261 [ForkJoinPool-1-worker-1] DEBUG org.apache.http.wire - http-outgoing-10 << "Date: Wed, 24 Aug 2022 11:00:46 GMT[\r][\n]"
08:00:46.261 [ForkJoinPool-1-worker-1] DEBUG org.apache.http.wire - http-outgoing-10 << "Content-Type: application/json[\r][\n]"
08:00:46.261 [ForkJoinPool-1-worker-1] DEBUG org.apache.http.wire - http-outgoing-10 << "Transfer-Encoding: chunked[\r][\n]"
08:00:46.261 [ForkJoinPool-1-worker-1] DEBUG org.apache.http.wire - http-outgoing-10 << "Connection: keep-alive[\r][\n]"
08:00:46.261 [ForkJoinPool-1-worker-1] DEBUG org.apache.http.wire - http-outgoing-10 << "Access-Control-Allow-Origin: *[\r][\n]"
08:00:46.261 [ForkJoinPool-1-worker-1] DEBUG org.apache.http.wire - http-outgoing-10 << "Access-Control-Allow-Methods: GET, POST, DELETE, PUT[\r][\n]"
08:00:46.261 [ForkJoinPool-1-worker-1] DEBUG org.apache.http.wire - http-outgoing-10 << "Access-Control-Allow-Headers: Content-Type, api_key, Authorization[\r][\n]"
08:00:46.261 [ForkJoinPool-1-worker-1] DEBUG org.apache.http.wire - http-outgoing-10 << "Server: Jetty(9.2.9.v20150224)[\r][\n]"
08:00:46.261 [ForkJoinPool-1-worker-1] DEBUG org.apache.http.wire - http-outgoing-10 << "[\r][\n]"
08:00:46.261 [ForkJoinPool-1-worker-1] DEBUG org.apache.http.wire - http-outgoing-10 << "8d[\r][\n]"
08:00:46.261 [ForkJoinPool-1-worker-1] DEBUG org.apache.http.wire - http-outgoing-10 << "{"id":8,"category":{"id":0,"name":"pepito"},"name":"doggie","photoUrls":["pepito.jpg"],"tags":[{"id":0,"name":"perrito"}],"status":"pending"}[\r][\n]"
08:00:46.261 [ForkJoinPool-1-worker-1] DEBUG org.apache.http.headers - http-outgoing-10 << HTTP/1.1 200 OK
08:00:46.261 [ForkJoinPool-1-worker-1] DEBUG org.apache.http.headers - http-outgoing-10 << Date: Wed, 24 Aug 2022 11:00:46 GMT
08:00:46.261 [ForkJoinPool-1-worker-1] DEBUG org.apache.http.headers - http-outgoing-10 << Content-Type: application/json
08:00:46.261 [ForkJoinPool-1-worker-1] DEBUG org.apache.http.headers - http-outgoing-10 << Transfer-Encoding: chunked
08:00:46.261 [ForkJoinPool-1-worker-1] DEBUG org.apache.http.headers - http-outgoing-10 << Connection: keep-alive
08:00:46.261 [ForkJoinPool-1-worker-1] DEBUG org.apache.http.headers - http-outgoing-10 << Access-Control-Allow-Origin: *
08:00:46.261 [ForkJoinPool-1-worker-1] DEBUG org.apache.http.headers - http-outgoing-10 << Access-Control-Allow-Methods: GET, POST, DELETE, PUT
08:00:46.261 [ForkJoinPool-1-worker-1] DEBUG org.apache.http.headers - http-outgoing-10 << Access-Control-Allow-Headers: Content-Type, api_key, Authorization
08:00:46.261 [ForkJoinPool-1-worker-1] DEBUG org.apache.http.headers - http-outgoing-10 << Server: Jetty(9.2.9.v20150224)
08:00:46.262 [ForkJoinPool-1-worker-1] DEBUG org.apache.http.impl.execchain.MainClientExec - Connection can be kept alive indefinitely
08:00:46.262 [ForkJoinPool-1-worker-1] DEBUG org.apache.http.wire - http-outgoing-10 << "0[\r][\n]"
08:00:46.263 [ForkJoinPool-1-worker-1] DEBUG org.apache.http.wire - http-outgoing-10 << "[\r][\n]"
08:00:46.263 [ForkJoinPool-1-worker-1] DEBUG org.apache.http.impl.conn.PoolingHttpClientConnectionManager - Connection [id: 10][route: {s}->https://petstore.swagger.io:443] can be kept alive indefinitely
08:00:46.263 [ForkJoinPool-1-worker-1] DEBUG org.apache.http.impl.conn.DefaultManagedHttpClientConnection - http-outgoing-10: set socket timeout to 0
08:00:46.263 [ForkJoinPool-1-worker-1] DEBUG org.apache.http.impl.conn.PoolingHttpClientConnectionManager - Connection released: [id: 10][route: {s}->https://petstore.swagger.io:443][total available: 1; route allocated: 1 of 5; total allocated: 1 of 10]
08:00:46.263 [ForkJoinPool-1-worker-1] DEBUG com.intuit.karate - response time in milliseconds: 1214.78
1 < 200
1 < Access-Control-Allow-Headers: Content-Type, api_key, Authorization
1 < Access-Control-Allow-Methods: GET, POST, DELETE, PUT
1 < Access-Control-Allow-Origin: *
1 < Connection: keep-alive
1 < Content-Type: application/json
1 < Date: Wed, 24 Aug 2022 11:00:46 GMT
1 < Server: Jetty(9.2.9.v20150224)
1 < Transfer-Encoding: chunked
{"id":8,"category":{"id":0,"name":"pepito"},"name":"doggie","photoUrls":["pepito.jpg"],"tags":[{"id":0,"name":"perrito"}],"status":"pending"}

08:00:46.264 [ForkJoinPool-1-worker-1] DEBUG com.jayway.jsonpath.internal.path.CompiledPath - Evaluating path: $
08:00:46.271 [ForkJoinPool-1-worker-1] DEBUG com.jayway.jsonpath.internal.path.CompiledPath - Evaluating path: $
08:00:46.271 [ForkJoinPool-1-worker-1] DEBUG com.jayway.jsonpath.internal.path.CompiledPath - Evaluating path: $
08:00:46.273 [ForkJoinPool-1-worker-1] DEBUG com.jayway.jsonpath.internal.path.CompiledPath - Evaluating path: $
08:00:46.273 [ForkJoinPool-1-worker-1] DEBUG com.jayway.jsonpath.internal.path.CompiledPath - Evaluating path: $
08:00:46.273 [ForkJoinPool-1-worker-1] DEBUG com.jayway.jsonpath.internal.path.CompiledPath - Evaluating path: $
08:00:46.275 [ForkJoinPool-1-worker-1] DEBUG org.apache.http.client.protocol.RequestAddCookies - CookieSpec selected: karate
08:00:46.275 [ForkJoinPool-1-worker-1] DEBUG org.apache.http.client.protocol.RequestAuthCache - Auth cache not set in the context
08:00:46.275 [ForkJoinPool-1-worker-1] DEBUG com.intuit.karate - request:
1 > POST https://petstore.swagger.io/v2/pet
1 > Accept-Encoding: gzip,deflate
1 > Connection: Keep-Alive
1 > Content-Length: 138
1 > Content-Type: application/json; charset=UTF-8
1 > Host: petstore.swagger.io
1 > User-Agent: Apache-HttpClient/4.5.12 (Java/1.8.0_331)
{"id":8,"category":{"id":0,"name":"pepito"},"name":"doggie","photoUrls":["pepito.jpg"],"tags":[{"id":0,"name":"perrito"}],"status":"sold"}

08:00:46.275 [ForkJoinPool-1-worker-1] DEBUG org.apache.http.impl.conn.PoolingHttpClientConnectionManager - Connection request: [route: {s}->https://petstore.swagger.io:443][total available: 0; route allocated: 0 of 5; total allocated: 0 of 10]
08:00:46.275 [ForkJoinPool-1-worker-1] DEBUG org.apache.http.impl.conn.PoolingHttpClientConnectionManager - Connection leased: [id: 11][route: {s}->https://petstore.swagger.io:443][total available: 0; route allocated: 1 of 5; total allocated: 1 of 10]
08:00:46.275 [ForkJoinPool-1-worker-1] DEBUG org.apache.http.impl.execchain.MainClientExec - Opening connection {s}->https://petstore.swagger.io:443
08:00:46.275 [ForkJoinPool-1-worker-1] DEBUG org.apache.http.impl.conn.DefaultHttpClientConnectionOperator - Connecting to petstore.swagger.io/35.174.182.136:443
08:00:46.275 [ForkJoinPool-1-worker-1] DEBUG org.apache.http.conn.ssl.SSLConnectionSocketFactory - Connecting socket to petstore.swagger.io/35.174.182.136:443 with timeout 30000
08:00:46.568 [ForkJoinPool-1-worker-1] DEBUG org.apache.http.conn.ssl.SSLConnectionSocketFactory - Enabled protocols: [TLSv1.2]
08:00:46.569 [ForkJoinPool-1-worker-1] DEBUG org.apache.http.conn.ssl.SSLConnectionSocketFactory - Enabled cipher suites:[TLS_ECDHE_ECDSA_WITH_AES_256_GCM_SHA384, TLS_ECDHE_ECDSA_WITH_AES_128_GCM_SHA256, TLS_ECDHE_RSA_WITH_AES_256_GCM_SHA384, TLS_ECDHE_RSA_WITH_AES_128_GCM_SHA256, TLS_DHE_RSA_WITH_AES_256_GCM_SHA384, TLS_DHE_DSS_WITH_AES_256_GCM_SHA384, TLS_DHE_RSA_WITH_AES_128_GCM_SHA256, TLS_DHE_DSS_WITH_AES_128_GCM_SHA256, TLS_ECDHE_ECDSA_WITH_AES_256_CBC_SHA384, TLS_ECDHE_RSA_WITH_AES_256_CBC_SHA384, TLS_ECDHE_ECDSA_WITH_AES_128_CBC_SHA256, TLS_ECDHE_RSA_WITH_AES_128_CBC_SHA256, TLS_DHE_RSA_WITH_AES_256_CBC_SHA256, TLS_DHE_DSS_WITH_AES_256_CBC_SHA256, TLS_DHE_RSA_WITH_AES_128_CBC_SHA256, TLS_DHE_DSS_WITH_AES_128_CBC_SHA256, TLS_ECDH_ECDSA_WITH_AES_256_GCM_SHA384, TLS_ECDH_RSA_WITH_AES_256_GCM_SHA384, TLS_ECDH_ECDSA_WITH_AES_128_GCM_SHA256, TLS_ECDH_RSA_WITH_AES_128_GCM_SHA256, TLS_ECDH_ECDSA_WITH_AES_256_CBC_SHA384, TLS_ECDH_RSA_WITH_AES_256_CBC_SHA384, TLS_ECDH_ECDSA_WITH_AES_128_CBC_SHA256, TLS_ECDH_RSA_WITH_AES_128_CBC_SHA256, TLS_ECDHE_ECDSA_WITH_AES_256_CBC_SHA, TLS_ECDHE_RSA_WITH_AES_256_CBC_SHA, TLS_ECDHE_ECDSA_WITH_AES_128_CBC_SHA, TLS_ECDHE_RSA_WITH_AES_128_CBC_SHA, TLS_DHE_RSA_WITH_AES_256_CBC_SHA, TLS_DHE_DSS_WITH_AES_256_CBC_SHA, TLS_DHE_RSA_WITH_AES_128_CBC_SHA, TLS_DHE_DSS_WITH_AES_128_CBC_SHA, TLS_ECDH_ECDSA_WITH_AES_256_CBC_SHA, TLS_ECDH_RSA_WITH_AES_256_CBC_SHA, TLS_ECDH_ECDSA_WITH_AES_128_CBC_SHA, TLS_ECDH_RSA_WITH_AES_128_CBC_SHA, TLS_RSA_WITH_AES_256_GCM_SHA384, TLS_RSA_WITH_AES_128_GCM_SHA256, TLS_RSA_WITH_AES_256_CBC_SHA256, TLS_RSA_WITH_AES_128_CBC_SHA256, TLS_RSA_WITH_AES_256_CBC_SHA, TLS_RSA_WITH_AES_128_CBC_SHA, TLS_EMPTY_RENEGOTIATION_INFO_SCSV]
08:00:46.569 [ForkJoinPool-1-worker-1] DEBUG org.apache.http.conn.ssl.SSLConnectionSocketFactory - Starting handshake
08:00:47.184 [ForkJoinPool-1-worker-1] DEBUG org.apache.http.conn.ssl.SSLConnectionSocketFactory - Secure session established
08:00:47.184 [ForkJoinPool-1-worker-1] DEBUG org.apache.http.conn.ssl.SSLConnectionSocketFactory -  negotiated protocol: TLSv1.2
08:00:47.184 [ForkJoinPool-1-worker-1] DEBUG org.apache.http.conn.ssl.SSLConnectionSocketFactory -  negotiated cipher suite: TLS_ECDHE_RSA_WITH_AES_128_GCM_SHA256
08:00:47.184 [ForkJoinPool-1-worker-1] DEBUG org.apache.http.conn.ssl.SSLConnectionSocketFactory -  peer principal: CN=*.swagger.io
08:00:47.184 [ForkJoinPool-1-worker-1] DEBUG org.apache.http.conn.ssl.SSLConnectionSocketFactory -  peer alternative names: [*.swagger.io]
08:00:47.184 [ForkJoinPool-1-worker-1] DEBUG org.apache.http.conn.ssl.SSLConnectionSocketFactory -  issuer principal: CN=Amazon, OU=Server CA 1B, O=Amazon, C=US
08:00:47.184 [ForkJoinPool-1-worker-1] DEBUG org.apache.http.impl.conn.DefaultHttpClientConnectionOperator - Connection established 192.168.2.247:44620<->35.174.182.136:443
08:00:47.185 [ForkJoinPool-1-worker-1] DEBUG org.apache.http.impl.conn.DefaultManagedHttpClientConnection - http-outgoing-11: set socket timeout to 30000
08:00:47.185 [ForkJoinPool-1-worker-1] DEBUG org.apache.http.impl.execchain.MainClientExec - Executing request POST /v2/pet HTTP/1.1
08:00:47.185 [ForkJoinPool-1-worker-1] DEBUG org.apache.http.impl.execchain.MainClientExec - Target auth state: UNCHALLENGED
08:00:47.185 [ForkJoinPool-1-worker-1] DEBUG org.apache.http.impl.execchain.MainClientExec - Proxy auth state: UNCHALLENGED
08:00:47.185 [ForkJoinPool-1-worker-1] DEBUG org.apache.http.headers - http-outgoing-11 >> POST /v2/pet HTTP/1.1
08:00:47.185 [ForkJoinPool-1-worker-1] DEBUG org.apache.http.headers - http-outgoing-11 >> Content-Type: application/json; charset=UTF-8
08:00:47.185 [ForkJoinPool-1-worker-1] DEBUG org.apache.http.headers - http-outgoing-11 >> Content-Length: 138
08:00:47.185 [ForkJoinPool-1-worker-1] DEBUG org.apache.http.headers - http-outgoing-11 >> Host: petstore.swagger.io
08:00:47.185 [ForkJoinPool-1-worker-1] DEBUG org.apache.http.headers - http-outgoing-11 >> Connection: Keep-Alive
08:00:47.185 [ForkJoinPool-1-worker-1] DEBUG org.apache.http.headers - http-outgoing-11 >> User-Agent: Apache-HttpClient/4.5.12 (Java/1.8.0_331)
08:00:47.185 [ForkJoinPool-1-worker-1] DEBUG org.apache.http.headers - http-outgoing-11 >> Accept-Encoding: gzip,deflate
08:00:47.185 [ForkJoinPool-1-worker-1] DEBUG org.apache.http.wire - http-outgoing-11 >> "POST /v2/pet HTTP/1.1[\r][\n]"
08:00:47.185 [ForkJoinPool-1-worker-1] DEBUG org.apache.http.wire - http-outgoing-11 >> "Content-Type: application/json; charset=UTF-8[\r][\n]"
08:00:47.185 [ForkJoinPool-1-worker-1] DEBUG org.apache.http.wire - http-outgoing-11 >> "Content-Length: 138[\r][\n]"
08:00:47.185 [ForkJoinPool-1-worker-1] DEBUG org.apache.http.wire - http-outgoing-11 >> "Host: petstore.swagger.io[\r][\n]"
08:00:47.185 [ForkJoinPool-1-worker-1] DEBUG org.apache.http.wire - http-outgoing-11 >> "Connection: Keep-Alive[\r][\n]"
08:00:47.185 [ForkJoinPool-1-worker-1] DEBUG org.apache.http.wire - http-outgoing-11 >> "User-Agent: Apache-HttpClient/4.5.12 (Java/1.8.0_331)[\r][\n]"
08:00:47.185 [ForkJoinPool-1-worker-1] DEBUG org.apache.http.wire - http-outgoing-11 >> "Accept-Encoding: gzip,deflate[\r][\n]"
08:00:47.185 [ForkJoinPool-1-worker-1] DEBUG org.apache.http.wire - http-outgoing-11 >> "[\r][\n]"
08:00:47.185 [ForkJoinPool-1-worker-1] DEBUG org.apache.http.wire - http-outgoing-11 >> "{"id":8,"category":{"id":0,"name":"pepito"},"name":"doggie","photoUrls":["pepito.jpg"],"tags":[{"id":0,"name":"perrito"}],"status":"sold"}"
08:00:47.387 [ForkJoinPool-1-worker-1] DEBUG org.apache.http.wire - http-outgoing-11 << "HTTP/1.1 200 OK[\r][\n]"
08:00:47.387 [ForkJoinPool-1-worker-1] DEBUG org.apache.http.wire - http-outgoing-11 << "Date: Wed, 24 Aug 2022 11:00:47 GMT[\r][\n]"
08:00:47.387 [ForkJoinPool-1-worker-1] DEBUG org.apache.http.wire - http-outgoing-11 << "Content-Type: application/json[\r][\n]"
08:00:47.387 [ForkJoinPool-1-worker-1] DEBUG org.apache.http.wire - http-outgoing-11 << "Transfer-Encoding: chunked[\r][\n]"
08:00:47.387 [ForkJoinPool-1-worker-1] DEBUG org.apache.http.wire - http-outgoing-11 << "Connection: keep-alive[\r][\n]"
08:00:47.387 [ForkJoinPool-1-worker-1] DEBUG org.apache.http.wire - http-outgoing-11 << "Access-Control-Allow-Origin: *[\r][\n]"
08:00:47.387 [ForkJoinPool-1-worker-1] DEBUG org.apache.http.wire - http-outgoing-11 << "Access-Control-Allow-Methods: GET, POST, DELETE, PUT[\r][\n]"
08:00:47.387 [ForkJoinPool-1-worker-1] DEBUG org.apache.http.wire - http-outgoing-11 << "Access-Control-Allow-Headers: Content-Type, api_key, Authorization[\r][\n]"
08:00:47.387 [ForkJoinPool-1-worker-1] DEBUG org.apache.http.wire - http-outgoing-11 << "Server: Jetty(9.2.9.v20150224)[\r][\n]"
08:00:47.387 [ForkJoinPool-1-worker-1] DEBUG org.apache.http.wire - http-outgoing-11 << "[\r][\n]"
08:00:47.387 [ForkJoinPool-1-worker-1] DEBUG org.apache.http.wire - http-outgoing-11 << "8a[\r][\n]"
08:00:47.387 [ForkJoinPool-1-worker-1] DEBUG org.apache.http.wire - http-outgoing-11 << "{"id":8,"category":{"id":0,"name":"pepito"},"name":"doggie","photoUrls":["pepito.jpg"],"tags":[{"id":0,"name":"perrito"}],"status":"sold"}[\r][\n]"
08:00:47.387 [ForkJoinPool-1-worker-1] DEBUG org.apache.http.headers - http-outgoing-11 << HTTP/1.1 200 OK
08:00:47.387 [ForkJoinPool-1-worker-1] DEBUG org.apache.http.headers - http-outgoing-11 << Date: Wed, 24 Aug 2022 11:00:47 GMT
08:00:47.387 [ForkJoinPool-1-worker-1] DEBUG org.apache.http.headers - http-outgoing-11 << Content-Type: application/json
08:00:47.387 [ForkJoinPool-1-worker-1] DEBUG org.apache.http.headers - http-outgoing-11 << Transfer-Encoding: chunked
08:00:47.387 [ForkJoinPool-1-worker-1] DEBUG org.apache.http.headers - http-outgoing-11 << Connection: keep-alive
08:00:47.387 [ForkJoinPool-1-worker-1] DEBUG org.apache.http.headers - http-outgoing-11 << Access-Control-Allow-Origin: *
08:00:47.387 [ForkJoinPool-1-worker-1] DEBUG org.apache.http.headers - http-outgoing-11 << Access-Control-Allow-Methods: GET, POST, DELETE, PUT
08:00:47.387 [ForkJoinPool-1-worker-1] DEBUG org.apache.http.headers - http-outgoing-11 << Access-Control-Allow-Headers: Content-Type, api_key, Authorization
08:00:47.387 [ForkJoinPool-1-worker-1] DEBUG org.apache.http.headers - http-outgoing-11 << Server: Jetty(9.2.9.v20150224)
08:00:47.388 [ForkJoinPool-1-worker-1] DEBUG org.apache.http.impl.execchain.MainClientExec - Connection can be kept alive indefinitely
08:00:47.388 [ForkJoinPool-1-worker-1] DEBUG org.apache.http.wire - http-outgoing-11 << "0[\r][\n]"
08:00:47.388 [ForkJoinPool-1-worker-1] DEBUG org.apache.http.wire - http-outgoing-11 << "[\r][\n]"
08:00:47.389 [ForkJoinPool-1-worker-1] DEBUG org.apache.http.impl.conn.PoolingHttpClientConnectionManager - Connection [id: 11][route: {s}->https://petstore.swagger.io:443] can be kept alive indefinitely
08:00:47.389 [ForkJoinPool-1-worker-1] DEBUG org.apache.http.impl.conn.DefaultManagedHttpClientConnection - http-outgoing-11: set socket timeout to 0
08:00:47.389 [ForkJoinPool-1-worker-1] DEBUG org.apache.http.impl.conn.PoolingHttpClientConnectionManager - Connection released: [id: 11][route: {s}->https://petstore.swagger.io:443][total available: 1; route allocated: 1 of 5; total allocated: 1 of 10]
08:00:47.389 [ForkJoinPool-1-worker-1] DEBUG com.intuit.karate - response time in milliseconds: 1112.73
1 < 200
1 < Access-Control-Allow-Headers: Content-Type, api_key, Authorization
1 < Access-Control-Allow-Methods: GET, POST, DELETE, PUT
1 < Access-Control-Allow-Origin: *
1 < Connection: keep-alive
1 < Content-Type: application/json
1 < Date: Wed, 24 Aug 2022 11:00:47 GMT
1 < Server: Jetty(9.2.9.v20150224)
1 < Transfer-Encoding: chunked
{"id":8,"category":{"id":0,"name":"pepito"},"name":"doggie","photoUrls":["pepito.jpg"],"tags":[{"id":0,"name":"perrito"}],"status":"sold"}

08:00:47.390 [ForkJoinPool-1-worker-1] DEBUG com.jayway.jsonpath.internal.path.CompiledPath - Evaluating path: $
08:00:47.399 [ForkJoinPool-1-worker-1] DEBUG com.jayway.jsonpath.internal.path.CompiledPath - Evaluating path: $
08:00:47.399 [ForkJoinPool-1-worker-1] DEBUG com.jayway.jsonpath.internal.path.CompiledPath - Evaluating path: $
08:00:47.400 [ForkJoinPool-1-worker-1] DEBUG com.jayway.jsonpath.internal.path.CompiledPath - Evaluating path: $
08:00:47.401 [ForkJoinPool-1-worker-1] DEBUG org.apache.http.client.protocol.RequestAddCookies - CookieSpec selected: karate
08:00:47.401 [ForkJoinPool-1-worker-1] DEBUG org.apache.http.client.protocol.RequestAuthCache - Auth cache not set in the context
08:00:47.401 [ForkJoinPool-1-worker-1] DEBUG com.intuit.karate - request:
1 > POST https://petstore.swagger.io/v2/pet
1 > Accept-Encoding: gzip,deflate
1 > Connection: Keep-Alive
1 > Content-Length: 134
1 > Content-Type: application/json; charset=UTF-8
1 > Host: petstore.swagger.io
1 > User-Agent: Apache-HttpClient/4.5.12 (Java/1.8.0_331)
{"id":8,"category":{"id":0,"name":"pepito"},"name":"doggie","photoUrls":["pepito.jpg"],"tags":[{"id":0,"name":"perrito"}],"status":""}

08:00:47.401 [ForkJoinPool-1-worker-1] DEBUG org.apache.http.impl.conn.PoolingHttpClientConnectionManager - Connection request: [route: {s}->https://petstore.swagger.io:443][total available: 0; route allocated: 0 of 5; total allocated: 0 of 10]
08:00:47.402 [ForkJoinPool-1-worker-1] DEBUG org.apache.http.impl.conn.PoolingHttpClientConnectionManager - Connection leased: [id: 12][route: {s}->https://petstore.swagger.io:443][total available: 0; route allocated: 1 of 5; total allocated: 1 of 10]
08:00:47.402 [ForkJoinPool-1-worker-1] DEBUG org.apache.http.impl.execchain.MainClientExec - Opening connection {s}->https://petstore.swagger.io:443
08:00:47.402 [ForkJoinPool-1-worker-1] DEBUG org.apache.http.impl.conn.DefaultHttpClientConnectionOperator - Connecting to petstore.swagger.io/35.174.182.136:443
08:00:47.402 [ForkJoinPool-1-worker-1] DEBUG org.apache.http.conn.ssl.SSLConnectionSocketFactory - Connecting socket to petstore.swagger.io/35.174.182.136:443 with timeout 30000
08:00:47.798 [ForkJoinPool-1-worker-1] DEBUG org.apache.http.conn.ssl.SSLConnectionSocketFactory - Enabled protocols: [TLSv1.2]
08:00:47.798 [ForkJoinPool-1-worker-1] DEBUG org.apache.http.conn.ssl.SSLConnectionSocketFactory - Enabled cipher suites:[TLS_ECDHE_ECDSA_WITH_AES_256_GCM_SHA384, TLS_ECDHE_ECDSA_WITH_AES_128_GCM_SHA256, TLS_ECDHE_RSA_WITH_AES_256_GCM_SHA384, TLS_ECDHE_RSA_WITH_AES_128_GCM_SHA256, TLS_DHE_RSA_WITH_AES_256_GCM_SHA384, TLS_DHE_DSS_WITH_AES_256_GCM_SHA384, TLS_DHE_RSA_WITH_AES_128_GCM_SHA256, TLS_DHE_DSS_WITH_AES_128_GCM_SHA256, TLS_ECDHE_ECDSA_WITH_AES_256_CBC_SHA384, TLS_ECDHE_RSA_WITH_AES_256_CBC_SHA384, TLS_ECDHE_ECDSA_WITH_AES_128_CBC_SHA256, TLS_ECDHE_RSA_WITH_AES_128_CBC_SHA256, TLS_DHE_RSA_WITH_AES_256_CBC_SHA256, TLS_DHE_DSS_WITH_AES_256_CBC_SHA256, TLS_DHE_RSA_WITH_AES_128_CBC_SHA256, TLS_DHE_DSS_WITH_AES_128_CBC_SHA256, TLS_ECDH_ECDSA_WITH_AES_256_GCM_SHA384, TLS_ECDH_RSA_WITH_AES_256_GCM_SHA384, TLS_ECDH_ECDSA_WITH_AES_128_GCM_SHA256, TLS_ECDH_RSA_WITH_AES_128_GCM_SHA256, TLS_ECDH_ECDSA_WITH_AES_256_CBC_SHA384, TLS_ECDH_RSA_WITH_AES_256_CBC_SHA384, TLS_ECDH_ECDSA_WITH_AES_128_CBC_SHA256, TLS_ECDH_RSA_WITH_AES_128_CBC_SHA256, TLS_ECDHE_ECDSA_WITH_AES_256_CBC_SHA, TLS_ECDHE_RSA_WITH_AES_256_CBC_SHA, TLS_ECDHE_ECDSA_WITH_AES_128_CBC_SHA, TLS_ECDHE_RSA_WITH_AES_128_CBC_SHA, TLS_DHE_RSA_WITH_AES_256_CBC_SHA, TLS_DHE_DSS_WITH_AES_256_CBC_SHA, TLS_DHE_RSA_WITH_AES_128_CBC_SHA, TLS_DHE_DSS_WITH_AES_128_CBC_SHA, TLS_ECDH_ECDSA_WITH_AES_256_CBC_SHA, TLS_ECDH_RSA_WITH_AES_256_CBC_SHA, TLS_ECDH_ECDSA_WITH_AES_128_CBC_SHA, TLS_ECDH_RSA_WITH_AES_128_CBC_SHA, TLS_RSA_WITH_AES_256_GCM_SHA384, TLS_RSA_WITH_AES_128_GCM_SHA256, TLS_RSA_WITH_AES_256_CBC_SHA256, TLS_RSA_WITH_AES_128_CBC_SHA256, TLS_RSA_WITH_AES_256_CBC_SHA, TLS_RSA_WITH_AES_128_CBC_SHA, TLS_EMPTY_RENEGOTIATION_INFO_SCSV]
08:00:47.798 [ForkJoinPool-1-worker-1] DEBUG org.apache.http.conn.ssl.SSLConnectionSocketFactory - Starting handshake
08:00:48.411 [ForkJoinPool-1-worker-1] DEBUG org.apache.http.conn.ssl.SSLConnectionSocketFactory - Secure session established
08:00:48.411 [ForkJoinPool-1-worker-1] DEBUG org.apache.http.conn.ssl.SSLConnectionSocketFactory -  negotiated protocol: TLSv1.2
08:00:48.411 [ForkJoinPool-1-worker-1] DEBUG org.apache.http.conn.ssl.SSLConnectionSocketFactory -  negotiated cipher suite: TLS_ECDHE_RSA_WITH_AES_128_GCM_SHA256
08:00:48.411 [ForkJoinPool-1-worker-1] DEBUG org.apache.http.conn.ssl.SSLConnectionSocketFactory -  peer principal: CN=*.swagger.io
08:00:48.411 [ForkJoinPool-1-worker-1] DEBUG org.apache.http.conn.ssl.SSLConnectionSocketFactory -  peer alternative names: [*.swagger.io]
08:00:48.411 [ForkJoinPool-1-worker-1] DEBUG org.apache.http.conn.ssl.SSLConnectionSocketFactory -  issuer principal: CN=Amazon, OU=Server CA 1B, O=Amazon, C=US
08:00:48.412 [ForkJoinPool-1-worker-1] DEBUG org.apache.http.impl.conn.DefaultHttpClientConnectionOperator - Connection established 192.168.2.247:44622<->35.174.182.136:443
08:00:48.412 [ForkJoinPool-1-worker-1] DEBUG org.apache.http.impl.conn.DefaultManagedHttpClientConnection - http-outgoing-12: set socket timeout to 30000
08:00:48.412 [ForkJoinPool-1-worker-1] DEBUG org.apache.http.impl.execchain.MainClientExec - Executing request POST /v2/pet HTTP/1.1
08:00:48.412 [ForkJoinPool-1-worker-1] DEBUG org.apache.http.impl.execchain.MainClientExec - Target auth state: UNCHALLENGED
08:00:48.412 [ForkJoinPool-1-worker-1] DEBUG org.apache.http.impl.execchain.MainClientExec - Proxy auth state: UNCHALLENGED
08:00:48.412 [ForkJoinPool-1-worker-1] DEBUG org.apache.http.headers - http-outgoing-12 >> POST /v2/pet HTTP/1.1
08:00:48.412 [ForkJoinPool-1-worker-1] DEBUG org.apache.http.headers - http-outgoing-12 >> Content-Type: application/json; charset=UTF-8
08:00:48.412 [ForkJoinPool-1-worker-1] DEBUG org.apache.http.headers - http-outgoing-12 >> Content-Length: 134
08:00:48.412 [ForkJoinPool-1-worker-1] DEBUG org.apache.http.headers - http-outgoing-12 >> Host: petstore.swagger.io
08:00:48.412 [ForkJoinPool-1-worker-1] DEBUG org.apache.http.headers - http-outgoing-12 >> Connection: Keep-Alive
08:00:48.412 [ForkJoinPool-1-worker-1] DEBUG org.apache.http.headers - http-outgoing-12 >> User-Agent: Apache-HttpClient/4.5.12 (Java/1.8.0_331)
08:00:48.412 [ForkJoinPool-1-worker-1] DEBUG org.apache.http.headers - http-outgoing-12 >> Accept-Encoding: gzip,deflate
08:00:48.412 [ForkJoinPool-1-worker-1] DEBUG org.apache.http.wire - http-outgoing-12 >> "POST /v2/pet HTTP/1.1[\r][\n]"
08:00:48.412 [ForkJoinPool-1-worker-1] DEBUG org.apache.http.wire - http-outgoing-12 >> "Content-Type: application/json; charset=UTF-8[\r][\n]"
08:00:48.412 [ForkJoinPool-1-worker-1] DEBUG org.apache.http.wire - http-outgoing-12 >> "Content-Length: 134[\r][\n]"
08:00:48.412 [ForkJoinPool-1-worker-1] DEBUG org.apache.http.wire - http-outgoing-12 >> "Host: petstore.swagger.io[\r][\n]"
08:00:48.412 [ForkJoinPool-1-worker-1] DEBUG org.apache.http.wire - http-outgoing-12 >> "Connection: Keep-Alive[\r][\n]"
08:00:48.412 [ForkJoinPool-1-worker-1] DEBUG org.apache.http.wire - http-outgoing-12 >> "User-Agent: Apache-HttpClient/4.5.12 (Java/1.8.0_331)[\r][\n]"
08:00:48.413 [ForkJoinPool-1-worker-1] DEBUG org.apache.http.wire - http-outgoing-12 >> "Accept-Encoding: gzip,deflate[\r][\n]"
08:00:48.413 [ForkJoinPool-1-worker-1] DEBUG org.apache.http.wire - http-outgoing-12 >> "[\r][\n]"
08:00:48.413 [ForkJoinPool-1-worker-1] DEBUG org.apache.http.wire - http-outgoing-12 >> "{"id":8,"category":{"id":0,"name":"pepito"},"name":"doggie","photoUrls":["pepito.jpg"],"tags":[{"id":0,"name":"perrito"}],"status":""}"
08:00:48.719 [ForkJoinPool-1-worker-1] DEBUG org.apache.http.wire - http-outgoing-12 << "HTTP/1.1 200 OK[\r][\n]"
08:00:48.719 [ForkJoinPool-1-worker-1] DEBUG org.apache.http.wire - http-outgoing-12 << "Date: Wed, 24 Aug 2022 11:00:48 GMT[\r][\n]"
08:00:48.719 [ForkJoinPool-1-worker-1] DEBUG org.apache.http.wire - http-outgoing-12 << "Content-Type: application/json[\r][\n]"
08:00:48.719 [ForkJoinPool-1-worker-1] DEBUG org.apache.http.wire - http-outgoing-12 << "Transfer-Encoding: chunked[\r][\n]"
08:00:48.719 [ForkJoinPool-1-worker-1] DEBUG org.apache.http.wire - http-outgoing-12 << "Connection: keep-alive[\r][\n]"
08:00:48.719 [ForkJoinPool-1-worker-1] DEBUG org.apache.http.wire - http-outgoing-12 << "Access-Control-Allow-Origin: *[\r][\n]"
08:00:48.719 [ForkJoinPool-1-worker-1] DEBUG org.apache.http.wire - http-outgoing-12 << "Access-Control-Allow-Methods: GET, POST, DELETE, PUT[\r][\n]"
08:00:48.719 [ForkJoinPool-1-worker-1] DEBUG org.apache.http.wire - http-outgoing-12 << "Access-Control-Allow-Headers: Content-Type, api_key, Authorization[\r][\n]"
08:00:48.719 [ForkJoinPool-1-worker-1] DEBUG org.apache.http.wire - http-outgoing-12 << "Server: Jetty(9.2.9.v20150224)[\r][\n]"
08:00:48.719 [ForkJoinPool-1-worker-1] DEBUG org.apache.http.wire - http-outgoing-12 << "[\r][\n]"
08:00:48.719 [ForkJoinPool-1-worker-1] DEBUG org.apache.http.wire - http-outgoing-12 << "86[\r][\n]"
08:00:48.719 [ForkJoinPool-1-worker-1] DEBUG org.apache.http.wire - http-outgoing-12 << "{"id":8,"category":{"id":0,"name":"pepito"},"name":"doggie","photoUrls":["pepito.jpg"],"tags":[{"id":0,"name":"perrito"}],"status":""}[\r][\n]"
08:00:48.719 [ForkJoinPool-1-worker-1] DEBUG org.apache.http.headers - http-outgoing-12 << HTTP/1.1 200 OK
08:00:48.720 [ForkJoinPool-1-worker-1] DEBUG org.apache.http.headers - http-outgoing-12 << Date: Wed, 24 Aug 2022 11:00:48 GMT
08:00:48.720 [ForkJoinPool-1-worker-1] DEBUG org.apache.http.headers - http-outgoing-12 << Content-Type: application/json
08:00:48.720 [ForkJoinPool-1-worker-1] DEBUG org.apache.http.headers - http-outgoing-12 << Transfer-Encoding: chunked
08:00:48.720 [ForkJoinPool-1-worker-1] DEBUG org.apache.http.headers - http-outgoing-12 << Connection: keep-alive
08:00:48.720 [ForkJoinPool-1-worker-1] DEBUG org.apache.http.headers - http-outgoing-12 << Access-Control-Allow-Origin: *
08:00:48.720 [ForkJoinPool-1-worker-1] DEBUG org.apache.http.headers - http-outgoing-12 << Access-Control-Allow-Methods: GET, POST, DELETE, PUT
08:00:48.720 [ForkJoinPool-1-worker-1] DEBUG org.apache.http.headers - http-outgoing-12 << Access-Control-Allow-Headers: Content-Type, api_key, Authorization
08:00:48.720 [ForkJoinPool-1-worker-1] DEBUG org.apache.http.headers - http-outgoing-12 << Server: Jetty(9.2.9.v20150224)
08:00:48.720 [ForkJoinPool-1-worker-1] DEBUG org.apache.http.impl.execchain.MainClientExec - Connection can be kept alive indefinitely
08:00:48.721 [ForkJoinPool-1-worker-1] DEBUG org.apache.http.wire - http-outgoing-12 << "0[\r][\n]"
08:00:48.721 [ForkJoinPool-1-worker-1] DEBUG org.apache.http.wire - http-outgoing-12 << "[\r][\n]"
08:00:48.721 [ForkJoinPool-1-worker-1] DEBUG org.apache.http.impl.conn.PoolingHttpClientConnectionManager - Connection [id: 12][route: {s}->https://petstore.swagger.io:443] can be kept alive indefinitely
08:00:48.721 [ForkJoinPool-1-worker-1] DEBUG org.apache.http.impl.conn.DefaultManagedHttpClientConnection - http-outgoing-12: set socket timeout to 0
08:00:48.721 [ForkJoinPool-1-worker-1] DEBUG org.apache.http.impl.conn.PoolingHttpClientConnectionManager - Connection released: [id: 12][route: {s}->https://petstore.swagger.io:443][total available: 1; route allocated: 1 of 5; total allocated: 1 of 10]
08:00:48.721 [ForkJoinPool-1-worker-1] DEBUG com.intuit.karate - response time in milliseconds: 1318.65
1 < 200
1 < Access-Control-Allow-Headers: Content-Type, api_key, Authorization
1 < Access-Control-Allow-Methods: GET, POST, DELETE, PUT
1 < Access-Control-Allow-Origin: *
1 < Connection: keep-alive
1 < Content-Type: application/json
1 < Date: Wed, 24 Aug 2022 11:00:48 GMT
1 < Server: Jetty(9.2.9.v20150224)
1 < Transfer-Encoding: chunked
{"id":8,"category":{"id":0,"name":"pepito"},"name":"doggie","photoUrls":["pepito.jpg"],"tags":[{"id":0,"name":"perrito"}],"status":""}

08:00:48.732 [ForkJoinPool-1-worker-1] DEBUG com.jayway.jsonpath.internal.path.CompiledPath - Evaluating path: $
08:00:48.732 [ForkJoinPool-1-worker-1] DEBUG com.jayway.jsonpath.internal.path.CompiledPath - Evaluating path: $
08:00:48.733 [ForkJoinPool-1-worker-1] DEBUG com.jayway.jsonpath.internal.path.CompiledPath - Evaluating path: $
08:00:48.735 [ForkJoinPool-1-worker-1] DEBUG org.apache.http.client.protocol.RequestAddCookies - CookieSpec selected: karate
08:00:48.735 [ForkJoinPool-1-worker-1] DEBUG org.apache.http.client.protocol.RequestAuthCache - Auth cache not set in the context
08:00:48.735 [ForkJoinPool-1-worker-1] DEBUG com.intuit.karate - request:
1 > POST https://petstore.swagger.io/v2/pet
1 > Accept-Encoding: gzip,deflate
1 > Connection: Keep-Alive
1 > Content-Length: 135
1 > Content-Type: application/json; charset=UTF-8
1 > Host: petstore.swagger.io
1 > User-Agent: Apache-HttpClient/4.5.12 (Java/1.8.0_331)
{"id":8,"category":{"id":0,"name":"pepito"},"name":"doggie","photoUrls":["pepito.jpg"],"tags":[{"id":0,"name":"perrito"}],"status":"1"}

08:00:48.736 [ForkJoinPool-1-worker-1] DEBUG org.apache.http.impl.conn.PoolingHttpClientConnectionManager - Connection request: [route: {s}->https://petstore.swagger.io:443][total available: 0; route allocated: 0 of 5; total allocated: 0 of 10]
08:00:48.736 [ForkJoinPool-1-worker-1] DEBUG org.apache.http.impl.conn.PoolingHttpClientConnectionManager - Connection leased: [id: 13][route: {s}->https://petstore.swagger.io:443][total available: 0; route allocated: 1 of 5; total allocated: 1 of 10]
08:00:48.736 [ForkJoinPool-1-worker-1] DEBUG org.apache.http.impl.execchain.MainClientExec - Opening connection {s}->https://petstore.swagger.io:443
08:00:48.736 [ForkJoinPool-1-worker-1] DEBUG org.apache.http.impl.conn.DefaultHttpClientConnectionOperator - Connecting to petstore.swagger.io/35.174.182.136:443
08:00:48.736 [ForkJoinPool-1-worker-1] DEBUG org.apache.http.conn.ssl.SSLConnectionSocketFactory - Connecting socket to petstore.swagger.io/35.174.182.136:443 with timeout 30000
08:00:49.026 [ForkJoinPool-1-worker-1] DEBUG org.apache.http.conn.ssl.SSLConnectionSocketFactory - Enabled protocols: [TLSv1.2]
08:00:49.027 [ForkJoinPool-1-worker-1] DEBUG org.apache.http.conn.ssl.SSLConnectionSocketFactory - Enabled cipher suites:[TLS_ECDHE_ECDSA_WITH_AES_256_GCM_SHA384, TLS_ECDHE_ECDSA_WITH_AES_128_GCM_SHA256, TLS_ECDHE_RSA_WITH_AES_256_GCM_SHA384, TLS_ECDHE_RSA_WITH_AES_128_GCM_SHA256, TLS_DHE_RSA_WITH_AES_256_GCM_SHA384, TLS_DHE_DSS_WITH_AES_256_GCM_SHA384, TLS_DHE_RSA_WITH_AES_128_GCM_SHA256, TLS_DHE_DSS_WITH_AES_128_GCM_SHA256, TLS_ECDHE_ECDSA_WITH_AES_256_CBC_SHA384, TLS_ECDHE_RSA_WITH_AES_256_CBC_SHA384, TLS_ECDHE_ECDSA_WITH_AES_128_CBC_SHA256, TLS_ECDHE_RSA_WITH_AES_128_CBC_SHA256, TLS_DHE_RSA_WITH_AES_256_CBC_SHA256, TLS_DHE_DSS_WITH_AES_256_CBC_SHA256, TLS_DHE_RSA_WITH_AES_128_CBC_SHA256, TLS_DHE_DSS_WITH_AES_128_CBC_SHA256, TLS_ECDH_ECDSA_WITH_AES_256_GCM_SHA384, TLS_ECDH_RSA_WITH_AES_256_GCM_SHA384, TLS_ECDH_ECDSA_WITH_AES_128_GCM_SHA256, TLS_ECDH_RSA_WITH_AES_128_GCM_SHA256, TLS_ECDH_ECDSA_WITH_AES_256_CBC_SHA384, TLS_ECDH_RSA_WITH_AES_256_CBC_SHA384, TLS_ECDH_ECDSA_WITH_AES_128_CBC_SHA256, TLS_ECDH_RSA_WITH_AES_128_CBC_SHA256, TLS_ECDHE_ECDSA_WITH_AES_256_CBC_SHA, TLS_ECDHE_RSA_WITH_AES_256_CBC_SHA, TLS_ECDHE_ECDSA_WITH_AES_128_CBC_SHA, TLS_ECDHE_RSA_WITH_AES_128_CBC_SHA, TLS_DHE_RSA_WITH_AES_256_CBC_SHA, TLS_DHE_DSS_WITH_AES_256_CBC_SHA, TLS_DHE_RSA_WITH_AES_128_CBC_SHA, TLS_DHE_DSS_WITH_AES_128_CBC_SHA, TLS_ECDH_ECDSA_WITH_AES_256_CBC_SHA, TLS_ECDH_RSA_WITH_AES_256_CBC_SHA, TLS_ECDH_ECDSA_WITH_AES_128_CBC_SHA, TLS_ECDH_RSA_WITH_AES_128_CBC_SHA, TLS_RSA_WITH_AES_256_GCM_SHA384, TLS_RSA_WITH_AES_128_GCM_SHA256, TLS_RSA_WITH_AES_256_CBC_SHA256, TLS_RSA_WITH_AES_128_CBC_SHA256, TLS_RSA_WITH_AES_256_CBC_SHA, TLS_RSA_WITH_AES_128_CBC_SHA, TLS_EMPTY_RENEGOTIATION_INFO_SCSV]
08:00:49.027 [ForkJoinPool-1-worker-1] DEBUG org.apache.http.conn.ssl.SSLConnectionSocketFactory - Starting handshake
08:00:49.641 [ForkJoinPool-1-worker-1] DEBUG org.apache.http.conn.ssl.SSLConnectionSocketFactory - Secure session established
08:00:49.641 [ForkJoinPool-1-worker-1] DEBUG org.apache.http.conn.ssl.SSLConnectionSocketFactory -  negotiated protocol: TLSv1.2
08:00:49.641 [ForkJoinPool-1-worker-1] DEBUG org.apache.http.conn.ssl.SSLConnectionSocketFactory -  negotiated cipher suite: TLS_ECDHE_RSA_WITH_AES_128_GCM_SHA256
08:00:49.641 [ForkJoinPool-1-worker-1] DEBUG org.apache.http.conn.ssl.SSLConnectionSocketFactory -  peer principal: CN=*.swagger.io
08:00:49.641 [ForkJoinPool-1-worker-1] DEBUG org.apache.http.conn.ssl.SSLConnectionSocketFactory -  peer alternative names: [*.swagger.io]
08:00:49.641 [ForkJoinPool-1-worker-1] DEBUG org.apache.http.conn.ssl.SSLConnectionSocketFactory -  issuer principal: CN=Amazon, OU=Server CA 1B, O=Amazon, C=US
08:00:49.641 [ForkJoinPool-1-worker-1] DEBUG org.apache.http.impl.conn.DefaultHttpClientConnectionOperator - Connection established 192.168.2.247:44624<->35.174.182.136:443
08:00:49.641 [ForkJoinPool-1-worker-1] DEBUG org.apache.http.impl.conn.DefaultManagedHttpClientConnection - http-outgoing-13: set socket timeout to 30000
08:00:49.641 [ForkJoinPool-1-worker-1] DEBUG org.apache.http.impl.execchain.MainClientExec - Executing request POST /v2/pet HTTP/1.1
08:00:49.641 [ForkJoinPool-1-worker-1] DEBUG org.apache.http.impl.execchain.MainClientExec - Target auth state: UNCHALLENGED
08:00:49.641 [ForkJoinPool-1-worker-1] DEBUG org.apache.http.impl.execchain.MainClientExec - Proxy auth state: UNCHALLENGED
08:00:49.642 [ForkJoinPool-1-worker-1] DEBUG org.apache.http.headers - http-outgoing-13 >> POST /v2/pet HTTP/1.1
08:00:49.642 [ForkJoinPool-1-worker-1] DEBUG org.apache.http.headers - http-outgoing-13 >> Content-Type: application/json; charset=UTF-8
08:00:49.642 [ForkJoinPool-1-worker-1] DEBUG org.apache.http.headers - http-outgoing-13 >> Content-Length: 135
08:00:49.642 [ForkJoinPool-1-worker-1] DEBUG org.apache.http.headers - http-outgoing-13 >> Host: petstore.swagger.io
08:00:49.642 [ForkJoinPool-1-worker-1] DEBUG org.apache.http.headers - http-outgoing-13 >> Connection: Keep-Alive
08:00:49.642 [ForkJoinPool-1-worker-1] DEBUG org.apache.http.headers - http-outgoing-13 >> User-Agent: Apache-HttpClient/4.5.12 (Java/1.8.0_331)
08:00:49.642 [ForkJoinPool-1-worker-1] DEBUG org.apache.http.headers - http-outgoing-13 >> Accept-Encoding: gzip,deflate
08:00:49.642 [ForkJoinPool-1-worker-1] DEBUG org.apache.http.wire - http-outgoing-13 >> "POST /v2/pet HTTP/1.1[\r][\n]"
08:00:49.642 [ForkJoinPool-1-worker-1] DEBUG org.apache.http.wire - http-outgoing-13 >> "Content-Type: application/json; charset=UTF-8[\r][\n]"
08:00:49.642 [ForkJoinPool-1-worker-1] DEBUG org.apache.http.wire - http-outgoing-13 >> "Content-Length: 135[\r][\n]"
08:00:49.642 [ForkJoinPool-1-worker-1] DEBUG org.apache.http.wire - http-outgoing-13 >> "Host: petstore.swagger.io[\r][\n]"
08:00:49.642 [ForkJoinPool-1-worker-1] DEBUG org.apache.http.wire - http-outgoing-13 >> "Connection: Keep-Alive[\r][\n]"
08:00:49.642 [ForkJoinPool-1-worker-1] DEBUG org.apache.http.wire - http-outgoing-13 >> "User-Agent: Apache-HttpClient/4.5.12 (Java/1.8.0_331)[\r][\n]"
08:00:49.642 [ForkJoinPool-1-worker-1] DEBUG org.apache.http.wire - http-outgoing-13 >> "Accept-Encoding: gzip,deflate[\r][\n]"
08:00:49.642 [ForkJoinPool-1-worker-1] DEBUG org.apache.http.wire - http-outgoing-13 >> "[\r][\n]"
08:00:49.642 [ForkJoinPool-1-worker-1] DEBUG org.apache.http.wire - http-outgoing-13 >> "{"id":8,"category":{"id":0,"name":"pepito"},"name":"doggie","photoUrls":["pepito.jpg"],"tags":[{"id":0,"name":"perrito"}],"status":"1"}"
08:00:49.950 [ForkJoinPool-1-worker-1] DEBUG org.apache.http.wire - http-outgoing-13 << "HTTP/1.1 200 OK[\r][\n]"
08:00:49.950 [ForkJoinPool-1-worker-1] DEBUG org.apache.http.wire - http-outgoing-13 << "Date: Wed, 24 Aug 2022 11:00:49 GMT[\r][\n]"
08:00:49.950 [ForkJoinPool-1-worker-1] DEBUG org.apache.http.wire - http-outgoing-13 << "Content-Type: application/json[\r][\n]"
08:00:49.950 [ForkJoinPool-1-worker-1] DEBUG org.apache.http.wire - http-outgoing-13 << "Transfer-Encoding: chunked[\r][\n]"
08:00:49.950 [ForkJoinPool-1-worker-1] DEBUG org.apache.http.wire - http-outgoing-13 << "Connection: keep-alive[\r][\n]"
08:00:49.950 [ForkJoinPool-1-worker-1] DEBUG org.apache.http.wire - http-outgoing-13 << "Access-Control-Allow-Origin: *[\r][\n]"
08:00:49.950 [ForkJoinPool-1-worker-1] DEBUG org.apache.http.wire - http-outgoing-13 << "Access-Control-Allow-Methods: GET, POST, DELETE, PUT[\r][\n]"
08:00:49.950 [ForkJoinPool-1-worker-1] DEBUG org.apache.http.wire - http-outgoing-13 << "Access-Control-Allow-Headers: Content-Type, api_key, Authorization[\r][\n]"
08:00:49.950 [ForkJoinPool-1-worker-1] DEBUG org.apache.http.wire - http-outgoing-13 << "Server: Jetty(9.2.9.v20150224)[\r][\n]"
08:00:49.950 [ForkJoinPool-1-worker-1] DEBUG org.apache.http.wire - http-outgoing-13 << "[\r][\n]"
08:00:49.950 [ForkJoinPool-1-worker-1] DEBUG org.apache.http.wire - http-outgoing-13 << "87[\r][\n]"
08:00:49.951 [ForkJoinPool-1-worker-1] DEBUG org.apache.http.wire - http-outgoing-13 << "{"id":8,"category":{"id":0,"name":"pepito"},"name":"doggie","photoUrls":["pepito.jpg"],"tags":[{"id":0,"name":"perrito"}],"status":"1"}[\r][\n]"
08:00:49.951 [ForkJoinPool-1-worker-1] DEBUG org.apache.http.headers - http-outgoing-13 << HTTP/1.1 200 OK
08:00:49.951 [ForkJoinPool-1-worker-1] DEBUG org.apache.http.headers - http-outgoing-13 << Date: Wed, 24 Aug 2022 11:00:49 GMT
08:00:49.951 [ForkJoinPool-1-worker-1] DEBUG org.apache.http.headers - http-outgoing-13 << Content-Type: application/json
08:00:49.951 [ForkJoinPool-1-worker-1] DEBUG org.apache.http.headers - http-outgoing-13 << Transfer-Encoding: chunked
08:00:49.951 [ForkJoinPool-1-worker-1] DEBUG org.apache.http.headers - http-outgoing-13 << Connection: keep-alive
08:00:49.951 [ForkJoinPool-1-worker-1] DEBUG org.apache.http.headers - http-outgoing-13 << Access-Control-Allow-Origin: *
08:00:49.951 [ForkJoinPool-1-worker-1] DEBUG org.apache.http.headers - http-outgoing-13 << Access-Control-Allow-Methods: GET, POST, DELETE, PUT
08:00:49.951 [ForkJoinPool-1-worker-1] DEBUG org.apache.http.headers - http-outgoing-13 << Access-Control-Allow-Headers: Content-Type, api_key, Authorization
08:00:49.951 [ForkJoinPool-1-worker-1] DEBUG org.apache.http.headers - http-outgoing-13 << Server: Jetty(9.2.9.v20150224)
08:00:49.951 [ForkJoinPool-1-worker-1] DEBUG org.apache.http.impl.execchain.MainClientExec - Connection can be kept alive indefinitely
08:00:49.952 [ForkJoinPool-1-worker-1] DEBUG org.apache.http.wire - http-outgoing-13 << "0[\r][\n]"
08:00:49.952 [ForkJoinPool-1-worker-1] DEBUG org.apache.http.wire - http-outgoing-13 << "[\r][\n]"
08:00:49.952 [ForkJoinPool-1-worker-1] DEBUG org.apache.http.impl.conn.PoolingHttpClientConnectionManager - Connection [id: 13][route: {s}->https://petstore.swagger.io:443] can be kept alive indefinitely
08:00:49.952 [ForkJoinPool-1-worker-1] DEBUG org.apache.http.impl.conn.DefaultManagedHttpClientConnection - http-outgoing-13: set socket timeout to 0
08:00:49.952 [ForkJoinPool-1-worker-1] DEBUG org.apache.http.impl.conn.PoolingHttpClientConnectionManager - Connection released: [id: 13][route: {s}->https://petstore.swagger.io:443][total available: 1; route allocated: 1 of 5; total allocated: 1 of 10]
08:00:49.952 [ForkJoinPool-1-worker-1] DEBUG com.intuit.karate - response time in milliseconds: 1215.67
1 < 200
1 < Access-Control-Allow-Headers: Content-Type, api_key, Authorization
1 < Access-Control-Allow-Methods: GET, POST, DELETE, PUT
1 < Access-Control-Allow-Origin: *
1 < Connection: keep-alive
1 < Content-Type: application/json
1 < Date: Wed, 24 Aug 2022 11:00:49 GMT
1 < Server: Jetty(9.2.9.v20150224)
1 < Transfer-Encoding: chunked
{"id":8,"category":{"id":0,"name":"pepito"},"name":"doggie","photoUrls":["pepito.jpg"],"tags":[{"id":0,"name":"perrito"}],"status":"1"}

08:00:49.959 [ForkJoinPool-1-worker-1] DEBUG com.jayway.jsonpath.internal.path.CompiledPath - Evaluating path: $
08:00:49.960 [ForkJoinPool-1-worker-1] DEBUG com.jayway.jsonpath.internal.path.CompiledPath - Evaluating path: $
08:00:49.960 [ForkJoinPool-1-worker-1] DEBUG com.jayway.jsonpath.internal.path.CompiledPath - Evaluating path: $
08:00:49.962 [ForkJoinPool-1-worker-1] DEBUG org.apache.http.client.protocol.RequestAddCookies - CookieSpec selected: karate
08:00:49.962 [ForkJoinPool-1-worker-1] DEBUG org.apache.http.client.protocol.RequestAuthCache - Auth cache not set in the context
08:00:49.962 [ForkJoinPool-1-worker-1] DEBUG com.intuit.karate - request:
1 > POST https://petstore.swagger.io/v2/pet
1 > Accept-Encoding: gzip,deflate
1 > Connection: Keep-Alive
1 > Content-Length: 136
1 > Content-Type: application/json; charset=UTF-8
1 > Host: petstore.swagger.io
1 > User-Agent: Apache-HttpClient/4.5.12 (Java/1.8.0_331)
{"id":8,"category":{"id":0,"name":"pepito"},"name":"doggie","photoUrls":["pepito.jpg"],"tags":[{"id":0,"name":"perrito"}],"status":"-1"}

08:00:49.962 [ForkJoinPool-1-worker-1] DEBUG org.apache.http.impl.conn.PoolingHttpClientConnectionManager - Connection request: [route: {s}->https://petstore.swagger.io:443][total available: 0; route allocated: 0 of 5; total allocated: 0 of 10]
08:00:49.963 [ForkJoinPool-1-worker-1] DEBUG org.apache.http.impl.conn.PoolingHttpClientConnectionManager - Connection leased: [id: 14][route: {s}->https://petstore.swagger.io:443][total available: 0; route allocated: 1 of 5; total allocated: 1 of 10]
08:00:49.963 [ForkJoinPool-1-worker-1] DEBUG org.apache.http.impl.execchain.MainClientExec - Opening connection {s}->https://petstore.swagger.io:443
08:00:49.963 [ForkJoinPool-1-worker-1] DEBUG org.apache.http.impl.conn.DefaultHttpClientConnectionOperator - Connecting to petstore.swagger.io/35.174.182.136:443
08:00:49.963 [ForkJoinPool-1-worker-1] DEBUG org.apache.http.conn.ssl.SSLConnectionSocketFactory - Connecting socket to petstore.swagger.io/35.174.182.136:443 with timeout 30000
08:00:50.255 [ForkJoinPool-1-worker-1] DEBUG org.apache.http.conn.ssl.SSLConnectionSocketFactory - Enabled protocols: [TLSv1.2]
08:00:50.255 [ForkJoinPool-1-worker-1] DEBUG org.apache.http.conn.ssl.SSLConnectionSocketFactory - Enabled cipher suites:[TLS_ECDHE_ECDSA_WITH_AES_256_GCM_SHA384, TLS_ECDHE_ECDSA_WITH_AES_128_GCM_SHA256, TLS_ECDHE_RSA_WITH_AES_256_GCM_SHA384, TLS_ECDHE_RSA_WITH_AES_128_GCM_SHA256, TLS_DHE_RSA_WITH_AES_256_GCM_SHA384, TLS_DHE_DSS_WITH_AES_256_GCM_SHA384, TLS_DHE_RSA_WITH_AES_128_GCM_SHA256, TLS_DHE_DSS_WITH_AES_128_GCM_SHA256, TLS_ECDHE_ECDSA_WITH_AES_256_CBC_SHA384, TLS_ECDHE_RSA_WITH_AES_256_CBC_SHA384, TLS_ECDHE_ECDSA_WITH_AES_128_CBC_SHA256, TLS_ECDHE_RSA_WITH_AES_128_CBC_SHA256, TLS_DHE_RSA_WITH_AES_256_CBC_SHA256, TLS_DHE_DSS_WITH_AES_256_CBC_SHA256, TLS_DHE_RSA_WITH_AES_128_CBC_SHA256, TLS_DHE_DSS_WITH_AES_128_CBC_SHA256, TLS_ECDH_ECDSA_WITH_AES_256_GCM_SHA384, TLS_ECDH_RSA_WITH_AES_256_GCM_SHA384, TLS_ECDH_ECDSA_WITH_AES_128_GCM_SHA256, TLS_ECDH_RSA_WITH_AES_128_GCM_SHA256, TLS_ECDH_ECDSA_WITH_AES_256_CBC_SHA384, TLS_ECDH_RSA_WITH_AES_256_CBC_SHA384, TLS_ECDH_ECDSA_WITH_AES_128_CBC_SHA256, TLS_ECDH_RSA_WITH_AES_128_CBC_SHA256, TLS_ECDHE_ECDSA_WITH_AES_256_CBC_SHA, TLS_ECDHE_RSA_WITH_AES_256_CBC_SHA, TLS_ECDHE_ECDSA_WITH_AES_128_CBC_SHA, TLS_ECDHE_RSA_WITH_AES_128_CBC_SHA, TLS_DHE_RSA_WITH_AES_256_CBC_SHA, TLS_DHE_DSS_WITH_AES_256_CBC_SHA, TLS_DHE_RSA_WITH_AES_128_CBC_SHA, TLS_DHE_DSS_WITH_AES_128_CBC_SHA, TLS_ECDH_ECDSA_WITH_AES_256_CBC_SHA, TLS_ECDH_RSA_WITH_AES_256_CBC_SHA, TLS_ECDH_ECDSA_WITH_AES_128_CBC_SHA, TLS_ECDH_RSA_WITH_AES_128_CBC_SHA, TLS_RSA_WITH_AES_256_GCM_SHA384, TLS_RSA_WITH_AES_128_GCM_SHA256, TLS_RSA_WITH_AES_256_CBC_SHA256, TLS_RSA_WITH_AES_128_CBC_SHA256, TLS_RSA_WITH_AES_256_CBC_SHA, TLS_RSA_WITH_AES_128_CBC_SHA, TLS_EMPTY_RENEGOTIATION_INFO_SCSV]
08:00:50.255 [ForkJoinPool-1-worker-1] DEBUG org.apache.http.conn.ssl.SSLConnectionSocketFactory - Starting handshake
08:00:50.870 [ForkJoinPool-1-worker-1] DEBUG org.apache.http.conn.ssl.SSLConnectionSocketFactory - Secure session established
08:00:50.870 [ForkJoinPool-1-worker-1] DEBUG org.apache.http.conn.ssl.SSLConnectionSocketFactory -  negotiated protocol: TLSv1.2
08:00:50.870 [ForkJoinPool-1-worker-1] DEBUG org.apache.http.conn.ssl.SSLConnectionSocketFactory -  negotiated cipher suite: TLS_ECDHE_RSA_WITH_AES_128_GCM_SHA256
08:00:50.870 [ForkJoinPool-1-worker-1] DEBUG org.apache.http.conn.ssl.SSLConnectionSocketFactory -  peer principal: CN=*.swagger.io
08:00:50.870 [ForkJoinPool-1-worker-1] DEBUG org.apache.http.conn.ssl.SSLConnectionSocketFactory -  peer alternative names: [*.swagger.io]
08:00:50.870 [ForkJoinPool-1-worker-1] DEBUG org.apache.http.conn.ssl.SSLConnectionSocketFactory -  issuer principal: CN=Amazon, OU=Server CA 1B, O=Amazon, C=US
08:00:50.871 [ForkJoinPool-1-worker-1] DEBUG org.apache.http.impl.conn.DefaultHttpClientConnectionOperator - Connection established 192.168.2.247:44626<->35.174.182.136:443
08:00:50.871 [ForkJoinPool-1-worker-1] DEBUG org.apache.http.impl.conn.DefaultManagedHttpClientConnection - http-outgoing-14: set socket timeout to 30000
08:00:50.871 [ForkJoinPool-1-worker-1] DEBUG org.apache.http.impl.execchain.MainClientExec - Executing request POST /v2/pet HTTP/1.1
08:00:50.871 [ForkJoinPool-1-worker-1] DEBUG org.apache.http.impl.execchain.MainClientExec - Target auth state: UNCHALLENGED
08:00:50.871 [ForkJoinPool-1-worker-1] DEBUG org.apache.http.impl.execchain.MainClientExec - Proxy auth state: UNCHALLENGED
08:00:50.871 [ForkJoinPool-1-worker-1] DEBUG org.apache.http.headers - http-outgoing-14 >> POST /v2/pet HTTP/1.1
08:00:50.871 [ForkJoinPool-1-worker-1] DEBUG org.apache.http.headers - http-outgoing-14 >> Content-Type: application/json; charset=UTF-8
08:00:50.871 [ForkJoinPool-1-worker-1] DEBUG org.apache.http.headers - http-outgoing-14 >> Content-Length: 136
08:00:50.871 [ForkJoinPool-1-worker-1] DEBUG org.apache.http.headers - http-outgoing-14 >> Host: petstore.swagger.io
08:00:50.871 [ForkJoinPool-1-worker-1] DEBUG org.apache.http.headers - http-outgoing-14 >> Connection: Keep-Alive
08:00:50.871 [ForkJoinPool-1-worker-1] DEBUG org.apache.http.headers - http-outgoing-14 >> User-Agent: Apache-HttpClient/4.5.12 (Java/1.8.0_331)
08:00:50.871 [ForkJoinPool-1-worker-1] DEBUG org.apache.http.headers - http-outgoing-14 >> Accept-Encoding: gzip,deflate
08:00:50.871 [ForkJoinPool-1-worker-1] DEBUG org.apache.http.wire - http-outgoing-14 >> "POST /v2/pet HTTP/1.1[\r][\n]"
08:00:50.871 [ForkJoinPool-1-worker-1] DEBUG org.apache.http.wire - http-outgoing-14 >> "Content-Type: application/json; charset=UTF-8[\r][\n]"
08:00:50.871 [ForkJoinPool-1-worker-1] DEBUG org.apache.http.wire - http-outgoing-14 >> "Content-Length: 136[\r][\n]"
08:00:50.871 [ForkJoinPool-1-worker-1] DEBUG org.apache.http.wire - http-outgoing-14 >> "Host: petstore.swagger.io[\r][\n]"
08:00:50.871 [ForkJoinPool-1-worker-1] DEBUG org.apache.http.wire - http-outgoing-14 >> "Connection: Keep-Alive[\r][\n]"
08:00:50.871 [ForkJoinPool-1-worker-1] DEBUG org.apache.http.wire - http-outgoing-14 >> "User-Agent: Apache-HttpClient/4.5.12 (Java/1.8.0_331)[\r][\n]"
08:00:50.871 [ForkJoinPool-1-worker-1] DEBUG org.apache.http.wire - http-outgoing-14 >> "Accept-Encoding: gzip,deflate[\r][\n]"
08:00:50.871 [ForkJoinPool-1-worker-1] DEBUG org.apache.http.wire - http-outgoing-14 >> "[\r][\n]"
08:00:50.871 [ForkJoinPool-1-worker-1] DEBUG org.apache.http.wire - http-outgoing-14 >> "{"id":8,"category":{"id":0,"name":"pepito"},"name":"doggie","photoUrls":["pepito.jpg"],"tags":[{"id":0,"name":"perrito"}],"status":"-1"}"
08:00:51.175 [ForkJoinPool-1-worker-1] DEBUG org.apache.http.wire - http-outgoing-14 << "HTTP/1.1 200 OK[\r][\n]"
08:00:51.176 [ForkJoinPool-1-worker-1] DEBUG org.apache.http.wire - http-outgoing-14 << "Date: Wed, 24 Aug 2022 11:00:50 GMT[\r][\n]"
08:00:51.176 [ForkJoinPool-1-worker-1] DEBUG org.apache.http.wire - http-outgoing-14 << "Content-Type: application/json[\r][\n]"
08:00:51.176 [ForkJoinPool-1-worker-1] DEBUG org.apache.http.wire - http-outgoing-14 << "Transfer-Encoding: chunked[\r][\n]"
08:00:51.176 [ForkJoinPool-1-worker-1] DEBUG org.apache.http.wire - http-outgoing-14 << "Connection: keep-alive[\r][\n]"
08:00:51.176 [ForkJoinPool-1-worker-1] DEBUG org.apache.http.wire - http-outgoing-14 << "Access-Control-Allow-Origin: *[\r][\n]"
08:00:51.176 [ForkJoinPool-1-worker-1] DEBUG org.apache.http.wire - http-outgoing-14 << "Access-Control-Allow-Methods: GET, POST, DELETE, PUT[\r][\n]"
08:00:51.176 [ForkJoinPool-1-worker-1] DEBUG org.apache.http.wire - http-outgoing-14 << "Access-Control-Allow-Headers: Content-Type, api_key, Authorization[\r][\n]"
08:00:51.176 [ForkJoinPool-1-worker-1] DEBUG org.apache.http.wire - http-outgoing-14 << "Server: Jetty(9.2.9.v20150224)[\r][\n]"
08:00:51.176 [ForkJoinPool-1-worker-1] DEBUG org.apache.http.wire - http-outgoing-14 << "[\r][\n]"
08:00:51.176 [ForkJoinPool-1-worker-1] DEBUG org.apache.http.wire - http-outgoing-14 << "88[\r][\n]"
08:00:51.176 [ForkJoinPool-1-worker-1] DEBUG org.apache.http.wire - http-outgoing-14 << "{"id":8,"category":{"id":0,"name":"pepito"},"name":"doggie","photoUrls":["pepito.jpg"],"tags":[{"id":0,"name":"perrito"}],"status":"-1"}[\r][\n]"
08:00:51.176 [ForkJoinPool-1-worker-1] DEBUG org.apache.http.headers - http-outgoing-14 << HTTP/1.1 200 OK
08:00:51.176 [ForkJoinPool-1-worker-1] DEBUG org.apache.http.headers - http-outgoing-14 << Date: Wed, 24 Aug 2022 11:00:50 GMT
08:00:51.176 [ForkJoinPool-1-worker-1] DEBUG org.apache.http.headers - http-outgoing-14 << Content-Type: application/json
08:00:51.176 [ForkJoinPool-1-worker-1] DEBUG org.apache.http.headers - http-outgoing-14 << Transfer-Encoding: chunked
08:00:51.176 [ForkJoinPool-1-worker-1] DEBUG org.apache.http.headers - http-outgoing-14 << Connection: keep-alive
08:00:51.176 [ForkJoinPool-1-worker-1] DEBUG org.apache.http.headers - http-outgoing-14 << Access-Control-Allow-Origin: *
08:00:51.176 [ForkJoinPool-1-worker-1] DEBUG org.apache.http.headers - http-outgoing-14 << Access-Control-Allow-Methods: GET, POST, DELETE, PUT
08:00:51.176 [ForkJoinPool-1-worker-1] DEBUG org.apache.http.headers - http-outgoing-14 << Access-Control-Allow-Headers: Content-Type, api_key, Authorization
08:00:51.176 [ForkJoinPool-1-worker-1] DEBUG org.apache.http.headers - http-outgoing-14 << Server: Jetty(9.2.9.v20150224)
08:00:51.176 [ForkJoinPool-1-worker-1] DEBUG org.apache.http.impl.execchain.MainClientExec - Connection can be kept alive indefinitely
08:00:51.177 [ForkJoinPool-1-worker-1] DEBUG org.apache.http.wire - http-outgoing-14 << "0[\r][\n]"
08:00:51.177 [ForkJoinPool-1-worker-1] DEBUG org.apache.http.wire - http-outgoing-14 << "[\r][\n]"
08:00:51.177 [ForkJoinPool-1-worker-1] DEBUG org.apache.http.impl.conn.PoolingHttpClientConnectionManager - Connection [id: 14][route: {s}->https://petstore.swagger.io:443] can be kept alive indefinitely
08:00:51.177 [ForkJoinPool-1-worker-1] DEBUG org.apache.http.impl.conn.DefaultManagedHttpClientConnection - http-outgoing-14: set socket timeout to 0
08:00:51.177 [ForkJoinPool-1-worker-1] DEBUG org.apache.http.impl.conn.PoolingHttpClientConnectionManager - Connection released: [id: 14][route: {s}->https://petstore.swagger.io:443][total available: 1; route allocated: 1 of 5; total allocated: 1 of 10]
08:00:51.177 [ForkJoinPool-1-worker-1] DEBUG com.intuit.karate - response time in milliseconds: 1214.00
1 < 200
1 < Access-Control-Allow-Headers: Content-Type, api_key, Authorization
1 < Access-Control-Allow-Methods: GET, POST, DELETE, PUT
1 < Access-Control-Allow-Origin: *
1 < Connection: keep-alive
1 < Content-Type: application/json
1 < Date: Wed, 24 Aug 2022 11:00:50 GMT
1 < Server: Jetty(9.2.9.v20150224)
1 < Transfer-Encoding: chunked
{"id":8,"category":{"id":0,"name":"pepito"},"name":"doggie","photoUrls":["pepito.jpg"],"tags":[{"id":0,"name":"perrito"}],"status":"-1"}

08:00:51.186 [ForkJoinPool-1-worker-1] DEBUG com.jayway.jsonpath.internal.path.CompiledPath - Evaluating path: $
08:00:51.186 [ForkJoinPool-1-worker-1] DEBUG com.jayway.jsonpath.internal.path.CompiledPath - Evaluating path: $
08:00:51.188 [ForkJoinPool-1-worker-1] DEBUG com.jayway.jsonpath.internal.path.CompiledPath - Evaluating path: $
08:00:51.189 [ForkJoinPool-1-worker-1] DEBUG org.apache.http.client.protocol.RequestAddCookies - CookieSpec selected: karate
08:00:51.190 [ForkJoinPool-1-worker-1] DEBUG org.apache.http.client.protocol.RequestAuthCache - Auth cache not set in the context
08:00:51.190 [ForkJoinPool-1-worker-1] DEBUG com.intuit.karate - request:
1 > POST https://petstore.swagger.io/v2/pet
1 > Accept-Encoding: gzip,deflate
1 > Connection: Keep-Alive
1 > Content-Length: 135
1 > Content-Type: application/json; charset=UTF-8
1 > Host: petstore.swagger.io
1 > User-Agent: Apache-HttpClient/4.5.12 (Java/1.8.0_331)
{"id":8,"category":{"id":0,"name":"pepito"},"name":"doggie","photoUrls":["pepito.jpg"],"tags":[{"id":0,"name":"perrito"}],"status":"a"}

08:00:51.190 [ForkJoinPool-1-worker-1] DEBUG org.apache.http.impl.conn.PoolingHttpClientConnectionManager - Connection request: [route: {s}->https://petstore.swagger.io:443][total available: 0; route allocated: 0 of 5; total allocated: 0 of 10]
08:00:51.190 [ForkJoinPool-1-worker-1] DEBUG org.apache.http.impl.conn.PoolingHttpClientConnectionManager - Connection leased: [id: 15][route: {s}->https://petstore.swagger.io:443][total available: 0; route allocated: 1 of 5; total allocated: 1 of 10]
08:00:51.190 [ForkJoinPool-1-worker-1] DEBUG org.apache.http.impl.execchain.MainClientExec - Opening connection {s}->https://petstore.swagger.io:443
08:00:51.190 [ForkJoinPool-1-worker-1] DEBUG org.apache.http.impl.conn.DefaultHttpClientConnectionOperator - Connecting to petstore.swagger.io/35.174.182.136:443
08:00:51.190 [ForkJoinPool-1-worker-1] DEBUG org.apache.http.conn.ssl.SSLConnectionSocketFactory - Connecting socket to petstore.swagger.io/35.174.182.136:443 with timeout 30000
08:00:51.381 [ForkJoinPool-1-worker-1] DEBUG org.apache.http.conn.ssl.SSLConnectionSocketFactory - Enabled protocols: [TLSv1.2]
08:00:51.381 [ForkJoinPool-1-worker-1] DEBUG org.apache.http.conn.ssl.SSLConnectionSocketFactory - Enabled cipher suites:[TLS_ECDHE_ECDSA_WITH_AES_256_GCM_SHA384, TLS_ECDHE_ECDSA_WITH_AES_128_GCM_SHA256, TLS_ECDHE_RSA_WITH_AES_256_GCM_SHA384, TLS_ECDHE_RSA_WITH_AES_128_GCM_SHA256, TLS_DHE_RSA_WITH_AES_256_GCM_SHA384, TLS_DHE_DSS_WITH_AES_256_GCM_SHA384, TLS_DHE_RSA_WITH_AES_128_GCM_SHA256, TLS_DHE_DSS_WITH_AES_128_GCM_SHA256, TLS_ECDHE_ECDSA_WITH_AES_256_CBC_SHA384, TLS_ECDHE_RSA_WITH_AES_256_CBC_SHA384, TLS_ECDHE_ECDSA_WITH_AES_128_CBC_SHA256, TLS_ECDHE_RSA_WITH_AES_128_CBC_SHA256, TLS_DHE_RSA_WITH_AES_256_CBC_SHA256, TLS_DHE_DSS_WITH_AES_256_CBC_SHA256, TLS_DHE_RSA_WITH_AES_128_CBC_SHA256, TLS_DHE_DSS_WITH_AES_128_CBC_SHA256, TLS_ECDH_ECDSA_WITH_AES_256_GCM_SHA384, TLS_ECDH_RSA_WITH_AES_256_GCM_SHA384, TLS_ECDH_ECDSA_WITH_AES_128_GCM_SHA256, TLS_ECDH_RSA_WITH_AES_128_GCM_SHA256, TLS_ECDH_ECDSA_WITH_AES_256_CBC_SHA384, TLS_ECDH_RSA_WITH_AES_256_CBC_SHA384, TLS_ECDH_ECDSA_WITH_AES_128_CBC_SHA256, TLS_ECDH_RSA_WITH_AES_128_CBC_SHA256, TLS_ECDHE_ECDSA_WITH_AES_256_CBC_SHA, TLS_ECDHE_RSA_WITH_AES_256_CBC_SHA, TLS_ECDHE_ECDSA_WITH_AES_128_CBC_SHA, TLS_ECDHE_RSA_WITH_AES_128_CBC_SHA, TLS_DHE_RSA_WITH_AES_256_CBC_SHA, TLS_DHE_DSS_WITH_AES_256_CBC_SHA, TLS_DHE_RSA_WITH_AES_128_CBC_SHA, TLS_DHE_DSS_WITH_AES_128_CBC_SHA, TLS_ECDH_ECDSA_WITH_AES_256_CBC_SHA, TLS_ECDH_RSA_WITH_AES_256_CBC_SHA, TLS_ECDH_ECDSA_WITH_AES_128_CBC_SHA, TLS_ECDH_RSA_WITH_AES_128_CBC_SHA, TLS_RSA_WITH_AES_256_GCM_SHA384, TLS_RSA_WITH_AES_128_GCM_SHA256, TLS_RSA_WITH_AES_256_CBC_SHA256, TLS_RSA_WITH_AES_128_CBC_SHA256, TLS_RSA_WITH_AES_256_CBC_SHA, TLS_RSA_WITH_AES_128_CBC_SHA, TLS_EMPTY_RENEGOTIATION_INFO_SCSV]
08:00:51.381 [ForkJoinPool-1-worker-1] DEBUG org.apache.http.conn.ssl.SSLConnectionSocketFactory - Starting handshake
08:00:52.098 [ForkJoinPool-1-worker-1] DEBUG org.apache.http.conn.ssl.SSLConnectionSocketFactory - Secure session established
08:00:52.098 [ForkJoinPool-1-worker-1] DEBUG org.apache.http.conn.ssl.SSLConnectionSocketFactory -  negotiated protocol: TLSv1.2
08:00:52.098 [ForkJoinPool-1-worker-1] DEBUG org.apache.http.conn.ssl.SSLConnectionSocketFactory -  negotiated cipher suite: TLS_ECDHE_RSA_WITH_AES_128_GCM_SHA256
08:00:52.098 [ForkJoinPool-1-worker-1] DEBUG org.apache.http.conn.ssl.SSLConnectionSocketFactory -  peer principal: CN=*.swagger.io
08:00:52.098 [ForkJoinPool-1-worker-1] DEBUG org.apache.http.conn.ssl.SSLConnectionSocketFactory -  peer alternative names: [*.swagger.io]
08:00:52.098 [ForkJoinPool-1-worker-1] DEBUG org.apache.http.conn.ssl.SSLConnectionSocketFactory -  issuer principal: CN=Amazon, OU=Server CA 1B, O=Amazon, C=US
08:00:52.098 [ForkJoinPool-1-worker-1] DEBUG org.apache.http.impl.conn.DefaultHttpClientConnectionOperator - Connection established 192.168.2.247:44628<->35.174.182.136:443
08:00:52.098 [ForkJoinPool-1-worker-1] DEBUG org.apache.http.impl.conn.DefaultManagedHttpClientConnection - http-outgoing-15: set socket timeout to 30000
08:00:52.098 [ForkJoinPool-1-worker-1] DEBUG org.apache.http.impl.execchain.MainClientExec - Executing request POST /v2/pet HTTP/1.1
08:00:52.098 [ForkJoinPool-1-worker-1] DEBUG org.apache.http.impl.execchain.MainClientExec - Target auth state: UNCHALLENGED
08:00:52.098 [ForkJoinPool-1-worker-1] DEBUG org.apache.http.impl.execchain.MainClientExec - Proxy auth state: UNCHALLENGED
08:00:52.098 [ForkJoinPool-1-worker-1] DEBUG org.apache.http.headers - http-outgoing-15 >> POST /v2/pet HTTP/1.1
08:00:52.098 [ForkJoinPool-1-worker-1] DEBUG org.apache.http.headers - http-outgoing-15 >> Content-Type: application/json; charset=UTF-8
08:00:52.098 [ForkJoinPool-1-worker-1] DEBUG org.apache.http.headers - http-outgoing-15 >> Content-Length: 135
08:00:52.098 [ForkJoinPool-1-worker-1] DEBUG org.apache.http.headers - http-outgoing-15 >> Host: petstore.swagger.io
08:00:52.099 [ForkJoinPool-1-worker-1] DEBUG org.apache.http.headers - http-outgoing-15 >> Connection: Keep-Alive
08:00:52.099 [ForkJoinPool-1-worker-1] DEBUG org.apache.http.headers - http-outgoing-15 >> User-Agent: Apache-HttpClient/4.5.12 (Java/1.8.0_331)
08:00:52.099 [ForkJoinPool-1-worker-1] DEBUG org.apache.http.headers - http-outgoing-15 >> Accept-Encoding: gzip,deflate
08:00:52.099 [ForkJoinPool-1-worker-1] DEBUG org.apache.http.wire - http-outgoing-15 >> "POST /v2/pet HTTP/1.1[\r][\n]"
08:00:52.099 [ForkJoinPool-1-worker-1] DEBUG org.apache.http.wire - http-outgoing-15 >> "Content-Type: application/json; charset=UTF-8[\r][\n]"
08:00:52.099 [ForkJoinPool-1-worker-1] DEBUG org.apache.http.wire - http-outgoing-15 >> "Content-Length: 135[\r][\n]"
08:00:52.099 [ForkJoinPool-1-worker-1] DEBUG org.apache.http.wire - http-outgoing-15 >> "Host: petstore.swagger.io[\r][\n]"
08:00:52.099 [ForkJoinPool-1-worker-1] DEBUG org.apache.http.wire - http-outgoing-15 >> "Connection: Keep-Alive[\r][\n]"
08:00:52.099 [ForkJoinPool-1-worker-1] DEBUG org.apache.http.wire - http-outgoing-15 >> "User-Agent: Apache-HttpClient/4.5.12 (Java/1.8.0_331)[\r][\n]"
08:00:52.099 [ForkJoinPool-1-worker-1] DEBUG org.apache.http.wire - http-outgoing-15 >> "Accept-Encoding: gzip,deflate[\r][\n]"
08:00:52.099 [ForkJoinPool-1-worker-1] DEBUG org.apache.http.wire - http-outgoing-15 >> "[\r][\n]"
08:00:52.099 [ForkJoinPool-1-worker-1] DEBUG org.apache.http.wire - http-outgoing-15 >> "{"id":8,"category":{"id":0,"name":"pepito"},"name":"doggie","photoUrls":["pepito.jpg"],"tags":[{"id":0,"name":"perrito"}],"status":"a"}"
08:00:52.404 [ForkJoinPool-1-worker-1] DEBUG org.apache.http.wire - http-outgoing-15 << "HTTP/1.1 200 OK[\r][\n]"
08:00:52.404 [ForkJoinPool-1-worker-1] DEBUG org.apache.http.wire - http-outgoing-15 << "Date: Wed, 24 Aug 2022 11:00:52 GMT[\r][\n]"
08:00:52.404 [ForkJoinPool-1-worker-1] DEBUG org.apache.http.wire - http-outgoing-15 << "Content-Type: application/json[\r][\n]"
08:00:52.404 [ForkJoinPool-1-worker-1] DEBUG org.apache.http.wire - http-outgoing-15 << "Transfer-Encoding: chunked[\r][\n]"
08:00:52.404 [ForkJoinPool-1-worker-1] DEBUG org.apache.http.wire - http-outgoing-15 << "Connection: keep-alive[\r][\n]"
08:00:52.404 [ForkJoinPool-1-worker-1] DEBUG org.apache.http.wire - http-outgoing-15 << "Access-Control-Allow-Origin: *[\r][\n]"
08:00:52.404 [ForkJoinPool-1-worker-1] DEBUG org.apache.http.wire - http-outgoing-15 << "Access-Control-Allow-Methods: GET, POST, DELETE, PUT[\r][\n]"
08:00:52.405 [ForkJoinPool-1-worker-1] DEBUG org.apache.http.wire - http-outgoing-15 << "Access-Control-Allow-Headers: Content-Type, api_key, Authorization[\r][\n]"
08:00:52.405 [ForkJoinPool-1-worker-1] DEBUG org.apache.http.wire - http-outgoing-15 << "Server: Jetty(9.2.9.v20150224)[\r][\n]"
08:00:52.405 [ForkJoinPool-1-worker-1] DEBUG org.apache.http.wire - http-outgoing-15 << "[\r][\n]"
08:00:52.405 [ForkJoinPool-1-worker-1] DEBUG org.apache.http.wire - http-outgoing-15 << "87[\r][\n]"
08:00:52.405 [ForkJoinPool-1-worker-1] DEBUG org.apache.http.wire - http-outgoing-15 << "{"id":8,"category":{"id":0,"name":"pepito"},"name":"doggie","photoUrls":["pepito.jpg"],"tags":[{"id":0,"name":"perrito"}],"status":"a"}[\r][\n]"
08:00:52.405 [ForkJoinPool-1-worker-1] DEBUG org.apache.http.headers - http-outgoing-15 << HTTP/1.1 200 OK
08:00:52.405 [ForkJoinPool-1-worker-1] DEBUG org.apache.http.headers - http-outgoing-15 << Date: Wed, 24 Aug 2022 11:00:52 GMT
08:00:52.405 [ForkJoinPool-1-worker-1] DEBUG org.apache.http.headers - http-outgoing-15 << Content-Type: application/json
08:00:52.405 [ForkJoinPool-1-worker-1] DEBUG org.apache.http.headers - http-outgoing-15 << Transfer-Encoding: chunked
08:00:52.405 [ForkJoinPool-1-worker-1] DEBUG org.apache.http.headers - http-outgoing-15 << Connection: keep-alive
08:00:52.405 [ForkJoinPool-1-worker-1] DEBUG org.apache.http.headers - http-outgoing-15 << Access-Control-Allow-Origin: *
08:00:52.405 [ForkJoinPool-1-worker-1] DEBUG org.apache.http.headers - http-outgoing-15 << Access-Control-Allow-Methods: GET, POST, DELETE, PUT
08:00:52.405 [ForkJoinPool-1-worker-1] DEBUG org.apache.http.headers - http-outgoing-15 << Access-Control-Allow-Headers: Content-Type, api_key, Authorization
08:00:52.405 [ForkJoinPool-1-worker-1] DEBUG org.apache.http.headers - http-outgoing-15 << Server: Jetty(9.2.9.v20150224)
08:00:52.405 [ForkJoinPool-1-worker-1] DEBUG org.apache.http.impl.execchain.MainClientExec - Connection can be kept alive indefinitely
08:00:52.406 [ForkJoinPool-1-worker-1] DEBUG org.apache.http.wire - http-outgoing-15 << "0[\r][\n]"
08:00:52.406 [ForkJoinPool-1-worker-1] DEBUG org.apache.http.wire - http-outgoing-15 << "[\r][\n]"
08:00:52.406 [ForkJoinPool-1-worker-1] DEBUG org.apache.http.impl.conn.PoolingHttpClientConnectionManager - Connection [id: 15][route: {s}->https://petstore.swagger.io:443] can be kept alive indefinitely
08:00:52.406 [ForkJoinPool-1-worker-1] DEBUG org.apache.http.impl.conn.DefaultManagedHttpClientConnection - http-outgoing-15: set socket timeout to 0
08:00:52.406 [ForkJoinPool-1-worker-1] DEBUG org.apache.http.impl.conn.PoolingHttpClientConnectionManager - Connection released: [id: 15][route: {s}->https://petstore.swagger.io:443][total available: 1; route allocated: 1 of 5; total allocated: 1 of 10]
08:00:52.406 [ForkJoinPool-1-worker-1] DEBUG com.intuit.karate - response time in milliseconds: 1215.49
1 < 200
1 < Access-Control-Allow-Headers: Content-Type, api_key, Authorization
1 < Access-Control-Allow-Methods: GET, POST, DELETE, PUT
1 < Access-Control-Allow-Origin: *
1 < Connection: keep-alive
1 < Content-Type: application/json
1 < Date: Wed, 24 Aug 2022 11:00:52 GMT
1 < Server: Jetty(9.2.9.v20150224)
1 < Transfer-Encoding: chunked
{"id":8,"category":{"id":0,"name":"pepito"},"name":"doggie","photoUrls":["pepito.jpg"],"tags":[{"id":0,"name":"perrito"}],"status":"a"}

08:00:52.419 [ForkJoinPool-1-worker-1] DEBUG com.jayway.jsonpath.internal.path.CompiledPath - Evaluating path: $
08:00:52.419 [ForkJoinPool-1-worker-1] DEBUG com.jayway.jsonpath.internal.path.CompiledPath - Evaluating path: $
08:00:52.419 [ForkJoinPool-1-worker-1] DEBUG com.jayway.jsonpath.internal.path.CompiledPath - Evaluating path: $
08:00:52.421 [ForkJoinPool-1-worker-1] DEBUG org.apache.http.client.protocol.RequestAddCookies - CookieSpec selected: karate
08:00:52.421 [ForkJoinPool-1-worker-1] DEBUG org.apache.http.client.protocol.RequestAuthCache - Auth cache not set in the context
08:00:52.421 [ForkJoinPool-1-worker-1] DEBUG com.intuit.karate - request:
1 > POST https://petstore.swagger.io/v2/pet
1 > Accept-Encoding: gzip,deflate
1 > Connection: Keep-Alive
1 > Content-Length: 135
1 > Content-Type: application/json; charset=UTF-8
1 > Host: petstore.swagger.io
1 > User-Agent: Apache-HttpClient/4.5.12 (Java/1.8.0_331)
{"id":8,"category":{"id":0,"name":"pepito"},"name":"doggie","photoUrls":["pepito.jpg"],"tags":[{"id":0,"name":"perrito"}],"status":"A"}

08:00:52.421 [ForkJoinPool-1-worker-1] DEBUG org.apache.http.impl.conn.PoolingHttpClientConnectionManager - Connection request: [route: {s}->https://petstore.swagger.io:443][total available: 0; route allocated: 0 of 5; total allocated: 0 of 10]
08:00:52.422 [ForkJoinPool-1-worker-1] DEBUG org.apache.http.impl.conn.PoolingHttpClientConnectionManager - Connection leased: [id: 16][route: {s}->https://petstore.swagger.io:443][total available: 0; route allocated: 1 of 5; total allocated: 1 of 10]
08:00:52.422 [ForkJoinPool-1-worker-1] DEBUG org.apache.http.impl.execchain.MainClientExec - Opening connection {s}->https://petstore.swagger.io:443
08:00:52.422 [ForkJoinPool-1-worker-1] DEBUG org.apache.http.impl.conn.DefaultHttpClientConnectionOperator - Connecting to petstore.swagger.io/35.174.182.136:443
08:00:52.422 [ForkJoinPool-1-worker-1] DEBUG org.apache.http.conn.ssl.SSLConnectionSocketFactory - Connecting socket to petstore.swagger.io/35.174.182.136:443 with timeout 30000
08:00:52.713 [ForkJoinPool-1-worker-1] DEBUG org.apache.http.conn.ssl.SSLConnectionSocketFactory - Enabled protocols: [TLSv1.2]
08:00:52.713 [ForkJoinPool-1-worker-1] DEBUG org.apache.http.conn.ssl.SSLConnectionSocketFactory - Enabled cipher suites:[TLS_ECDHE_ECDSA_WITH_AES_256_GCM_SHA384, TLS_ECDHE_ECDSA_WITH_AES_128_GCM_SHA256, TLS_ECDHE_RSA_WITH_AES_256_GCM_SHA384, TLS_ECDHE_RSA_WITH_AES_128_GCM_SHA256, TLS_DHE_RSA_WITH_AES_256_GCM_SHA384, TLS_DHE_DSS_WITH_AES_256_GCM_SHA384, TLS_DHE_RSA_WITH_AES_128_GCM_SHA256, TLS_DHE_DSS_WITH_AES_128_GCM_SHA256, TLS_ECDHE_ECDSA_WITH_AES_256_CBC_SHA384, TLS_ECDHE_RSA_WITH_AES_256_CBC_SHA384, TLS_ECDHE_ECDSA_WITH_AES_128_CBC_SHA256, TLS_ECDHE_RSA_WITH_AES_128_CBC_SHA256, TLS_DHE_RSA_WITH_AES_256_CBC_SHA256, TLS_DHE_DSS_WITH_AES_256_CBC_SHA256, TLS_DHE_RSA_WITH_AES_128_CBC_SHA256, TLS_DHE_DSS_WITH_AES_128_CBC_SHA256, TLS_ECDH_ECDSA_WITH_AES_256_GCM_SHA384, TLS_ECDH_RSA_WITH_AES_256_GCM_SHA384, TLS_ECDH_ECDSA_WITH_AES_128_GCM_SHA256, TLS_ECDH_RSA_WITH_AES_128_GCM_SHA256, TLS_ECDH_ECDSA_WITH_AES_256_CBC_SHA384, TLS_ECDH_RSA_WITH_AES_256_CBC_SHA384, TLS_ECDH_ECDSA_WITH_AES_128_CBC_SHA256, TLS_ECDH_RSA_WITH_AES_128_CBC_SHA256, TLS_ECDHE_ECDSA_WITH_AES_256_CBC_SHA, TLS_ECDHE_RSA_WITH_AES_256_CBC_SHA, TLS_ECDHE_ECDSA_WITH_AES_128_CBC_SHA, TLS_ECDHE_RSA_WITH_AES_128_CBC_SHA, TLS_DHE_RSA_WITH_AES_256_CBC_SHA, TLS_DHE_DSS_WITH_AES_256_CBC_SHA, TLS_DHE_RSA_WITH_AES_128_CBC_SHA, TLS_DHE_DSS_WITH_AES_128_CBC_SHA, TLS_ECDH_ECDSA_WITH_AES_256_CBC_SHA, TLS_ECDH_RSA_WITH_AES_256_CBC_SHA, TLS_ECDH_ECDSA_WITH_AES_128_CBC_SHA, TLS_ECDH_RSA_WITH_AES_128_CBC_SHA, TLS_RSA_WITH_AES_256_GCM_SHA384, TLS_RSA_WITH_AES_128_GCM_SHA256, TLS_RSA_WITH_AES_256_CBC_SHA256, TLS_RSA_WITH_AES_128_CBC_SHA256, TLS_RSA_WITH_AES_256_CBC_SHA, TLS_RSA_WITH_AES_128_CBC_SHA, TLS_EMPTY_RENEGOTIATION_INFO_SCSV]
08:00:52.713 [ForkJoinPool-1-worker-1] DEBUG org.apache.http.conn.ssl.SSLConnectionSocketFactory - Starting handshake
08:00:53.279 [ForkJoinPool-1-worker-1] DEBUG org.apache.http.conn.ssl.SSLConnectionSocketFactory - Secure session established
08:00:53.279 [ForkJoinPool-1-worker-1] DEBUG org.apache.http.conn.ssl.SSLConnectionSocketFactory -  negotiated protocol: TLSv1.2
08:00:53.279 [ForkJoinPool-1-worker-1] DEBUG org.apache.http.conn.ssl.SSLConnectionSocketFactory -  negotiated cipher suite: TLS_ECDHE_RSA_WITH_AES_128_GCM_SHA256
08:00:53.279 [ForkJoinPool-1-worker-1] DEBUG org.apache.http.conn.ssl.SSLConnectionSocketFactory -  peer principal: CN=*.swagger.io
08:00:53.279 [ForkJoinPool-1-worker-1] DEBUG org.apache.http.conn.ssl.SSLConnectionSocketFactory -  peer alternative names: [*.swagger.io]
08:00:53.279 [ForkJoinPool-1-worker-1] DEBUG org.apache.http.conn.ssl.SSLConnectionSocketFactory -  issuer principal: CN=Amazon, OU=Server CA 1B, O=Amazon, C=US
08:00:53.279 [ForkJoinPool-1-worker-1] DEBUG org.apache.http.impl.conn.DefaultHttpClientConnectionOperator - Connection established 192.168.2.247:44630<->35.174.182.136:443
08:00:53.279 [ForkJoinPool-1-worker-1] DEBUG org.apache.http.impl.conn.DefaultManagedHttpClientConnection - http-outgoing-16: set socket timeout to 30000
08:00:53.279 [ForkJoinPool-1-worker-1] DEBUG org.apache.http.impl.execchain.MainClientExec - Executing request POST /v2/pet HTTP/1.1
08:00:53.279 [ForkJoinPool-1-worker-1] DEBUG org.apache.http.impl.execchain.MainClientExec - Target auth state: UNCHALLENGED
08:00:53.279 [ForkJoinPool-1-worker-1] DEBUG org.apache.http.impl.execchain.MainClientExec - Proxy auth state: UNCHALLENGED
08:00:53.279 [ForkJoinPool-1-worker-1] DEBUG org.apache.http.headers - http-outgoing-16 >> POST /v2/pet HTTP/1.1
08:00:53.279 [ForkJoinPool-1-worker-1] DEBUG org.apache.http.headers - http-outgoing-16 >> Content-Type: application/json; charset=UTF-8
08:00:53.280 [ForkJoinPool-1-worker-1] DEBUG org.apache.http.headers - http-outgoing-16 >> Content-Length: 135
08:00:53.280 [ForkJoinPool-1-worker-1] DEBUG org.apache.http.headers - http-outgoing-16 >> Host: petstore.swagger.io
08:00:53.280 [ForkJoinPool-1-worker-1] DEBUG org.apache.http.headers - http-outgoing-16 >> Connection: Keep-Alive
08:00:53.280 [ForkJoinPool-1-worker-1] DEBUG org.apache.http.headers - http-outgoing-16 >> User-Agent: Apache-HttpClient/4.5.12 (Java/1.8.0_331)
08:00:53.280 [ForkJoinPool-1-worker-1] DEBUG org.apache.http.headers - http-outgoing-16 >> Accept-Encoding: gzip,deflate
08:00:53.280 [ForkJoinPool-1-worker-1] DEBUG org.apache.http.wire - http-outgoing-16 >> "POST /v2/pet HTTP/1.1[\r][\n]"
08:00:53.280 [ForkJoinPool-1-worker-1] DEBUG org.apache.http.wire - http-outgoing-16 >> "Content-Type: application/json; charset=UTF-8[\r][\n]"
08:00:53.280 [ForkJoinPool-1-worker-1] DEBUG org.apache.http.wire - http-outgoing-16 >> "Content-Length: 135[\r][\n]"
08:00:53.280 [ForkJoinPool-1-worker-1] DEBUG org.apache.http.wire - http-outgoing-16 >> "Host: petstore.swagger.io[\r][\n]"
08:00:53.280 [ForkJoinPool-1-worker-1] DEBUG org.apache.http.wire - http-outgoing-16 >> "Connection: Keep-Alive[\r][\n]"
08:00:53.280 [ForkJoinPool-1-worker-1] DEBUG org.apache.http.wire - http-outgoing-16 >> "User-Agent: Apache-HttpClient/4.5.12 (Java/1.8.0_331)[\r][\n]"
08:00:53.280 [ForkJoinPool-1-worker-1] DEBUG org.apache.http.wire - http-outgoing-16 >> "Accept-Encoding: gzip,deflate[\r][\n]"
08:00:53.280 [ForkJoinPool-1-worker-1] DEBUG org.apache.http.wire - http-outgoing-16 >> "[\r][\n]"
08:00:53.280 [ForkJoinPool-1-worker-1] DEBUG org.apache.http.wire - http-outgoing-16 >> "{"id":8,"category":{"id":0,"name":"pepito"},"name":"doggie","photoUrls":["pepito.jpg"],"tags":[{"id":0,"name":"perrito"}],"status":"A"}"
08:00:53.633 [ForkJoinPool-1-worker-1] DEBUG org.apache.http.wire - http-outgoing-16 << "HTTP/1.1 200 OK[\r][\n]"
08:00:53.633 [ForkJoinPool-1-worker-1] DEBUG org.apache.http.wire - http-outgoing-16 << "Date: Wed, 24 Aug 2022 11:00:53 GMT[\r][\n]"
08:00:53.633 [ForkJoinPool-1-worker-1] DEBUG org.apache.http.wire - http-outgoing-16 << "Content-Type: application/json[\r][\n]"
08:00:53.633 [ForkJoinPool-1-worker-1] DEBUG org.apache.http.wire - http-outgoing-16 << "Transfer-Encoding: chunked[\r][\n]"
08:00:53.633 [ForkJoinPool-1-worker-1] DEBUG org.apache.http.wire - http-outgoing-16 << "Connection: keep-alive[\r][\n]"
08:00:53.633 [ForkJoinPool-1-worker-1] DEBUG org.apache.http.wire - http-outgoing-16 << "Access-Control-Allow-Origin: *[\r][\n]"
08:00:53.633 [ForkJoinPool-1-worker-1] DEBUG org.apache.http.wire - http-outgoing-16 << "Access-Control-Allow-Methods: GET, POST, DELETE, PUT[\r][\n]"
08:00:53.633 [ForkJoinPool-1-worker-1] DEBUG org.apache.http.wire - http-outgoing-16 << "Access-Control-Allow-Headers: Content-Type, api_key, Authorization[\r][\n]"
08:00:53.633 [ForkJoinPool-1-worker-1] DEBUG org.apache.http.wire - http-outgoing-16 << "Server: Jetty(9.2.9.v20150224)[\r][\n]"
08:00:53.633 [ForkJoinPool-1-worker-1] DEBUG org.apache.http.wire - http-outgoing-16 << "[\r][\n]"
08:00:53.633 [ForkJoinPool-1-worker-1] DEBUG org.apache.http.wire - http-outgoing-16 << "87[\r][\n]"
08:00:53.634 [ForkJoinPool-1-worker-1] DEBUG org.apache.http.wire - http-outgoing-16 << "{"id":8,"category":{"id":0,"name":"pepito"},"name":"doggie","photoUrls":["pepito.jpg"],"tags":[{"id":0,"name":"perrito"}],"status":"A"}[\r][\n]"
08:00:53.634 [ForkJoinPool-1-worker-1] DEBUG org.apache.http.headers - http-outgoing-16 << HTTP/1.1 200 OK
08:00:53.634 [ForkJoinPool-1-worker-1] DEBUG org.apache.http.headers - http-outgoing-16 << Date: Wed, 24 Aug 2022 11:00:53 GMT
08:00:53.634 [ForkJoinPool-1-worker-1] DEBUG org.apache.http.headers - http-outgoing-16 << Content-Type: application/json
08:00:53.634 [ForkJoinPool-1-worker-1] DEBUG org.apache.http.headers - http-outgoing-16 << Transfer-Encoding: chunked
08:00:53.634 [ForkJoinPool-1-worker-1] DEBUG org.apache.http.headers - http-outgoing-16 << Connection: keep-alive
08:00:53.634 [ForkJoinPool-1-worker-1] DEBUG org.apache.http.headers - http-outgoing-16 << Access-Control-Allow-Origin: *
08:00:53.634 [ForkJoinPool-1-worker-1] DEBUG org.apache.http.headers - http-outgoing-16 << Access-Control-Allow-Methods: GET, POST, DELETE, PUT
08:00:53.634 [ForkJoinPool-1-worker-1] DEBUG org.apache.http.headers - http-outgoing-16 << Access-Control-Allow-Headers: Content-Type, api_key, Authorization
08:00:53.634 [ForkJoinPool-1-worker-1] DEBUG org.apache.http.headers - http-outgoing-16 << Server: Jetty(9.2.9.v20150224)
08:00:53.634 [ForkJoinPool-1-worker-1] DEBUG org.apache.http.impl.execchain.MainClientExec - Connection can be kept alive indefinitely
08:00:53.635 [ForkJoinPool-1-worker-1] DEBUG org.apache.http.wire - http-outgoing-16 << "0[\r][\n]"
08:00:53.635 [ForkJoinPool-1-worker-1] DEBUG org.apache.http.wire - http-outgoing-16 << "[\r][\n]"
08:00:53.635 [ForkJoinPool-1-worker-1] DEBUG org.apache.http.impl.conn.PoolingHttpClientConnectionManager - Connection [id: 16][route: {s}->https://petstore.swagger.io:443] can be kept alive indefinitely
08:00:53.635 [ForkJoinPool-1-worker-1] DEBUG org.apache.http.impl.conn.DefaultManagedHttpClientConnection - http-outgoing-16: set socket timeout to 0
08:00:53.635 [ForkJoinPool-1-worker-1] DEBUG org.apache.http.impl.conn.PoolingHttpClientConnectionManager - Connection released: [id: 16][route: {s}->https://petstore.swagger.io:443][total available: 1; route allocated: 1 of 5; total allocated: 1 of 10]
08:00:53.635 [ForkJoinPool-1-worker-1] DEBUG com.intuit.karate - response time in milliseconds: 1212.79
1 < 200
1 < Access-Control-Allow-Headers: Content-Type, api_key, Authorization
1 < Access-Control-Allow-Methods: GET, POST, DELETE, PUT
1 < Access-Control-Allow-Origin: *
1 < Connection: keep-alive
1 < Content-Type: application/json
1 < Date: Wed, 24 Aug 2022 11:00:53 GMT
1 < Server: Jetty(9.2.9.v20150224)
1 < Transfer-Encoding: chunked
{"id":8,"category":{"id":0,"name":"pepito"},"name":"doggie","photoUrls":["pepito.jpg"],"tags":[{"id":0,"name":"perrito"}],"status":"A"}

08:00:53.641 [ForkJoinPool-1-worker-1] DEBUG com.jayway.jsonpath.internal.path.CompiledPath - Evaluating path: $
08:00:53.641 [ForkJoinPool-1-worker-1] DEBUG com.jayway.jsonpath.internal.path.CompiledPath - Evaluating path: $
08:00:53.642 [ForkJoinPool-1-worker-1] DEBUG com.jayway.jsonpath.internal.path.CompiledPath - Evaluating path: $
08:00:53.643 [ForkJoinPool-1-worker-1] DEBUG org.apache.http.client.protocol.RequestAddCookies - CookieSpec selected: karate
08:00:53.643 [ForkJoinPool-1-worker-1] DEBUG org.apache.http.client.protocol.RequestAuthCache - Auth cache not set in the context
08:00:53.643 [ForkJoinPool-1-worker-1] DEBUG com.intuit.karate - request:
1 > POST https://petstore.swagger.io/v2/pet
1 > Accept-Encoding: gzip,deflate
1 > Connection: Keep-Alive
1 > Content-Length: 138
1 > Content-Type: application/json; charset=UTF-8
1 > Host: petstore.swagger.io
1 > User-Agent: Apache-HttpClient/4.5.12 (Java/1.8.0_331)
{"id":8,"category":{"id":0,"name":"pepito"},"name":"doggie","photoUrls":["pepito.jpg"],"tags":[{"id":0,"name":"perrito"}],"status":"#$%&"}

08:00:53.644 [ForkJoinPool-1-worker-1] DEBUG org.apache.http.impl.conn.PoolingHttpClientConnectionManager - Connection request: [route: {s}->https://petstore.swagger.io:443][total available: 0; route allocated: 0 of 5; total allocated: 0 of 10]
08:00:53.644 [ForkJoinPool-1-worker-1] DEBUG org.apache.http.impl.conn.PoolingHttpClientConnectionManager - Connection leased: [id: 17][route: {s}->https://petstore.swagger.io:443][total available: 0; route allocated: 1 of 5; total allocated: 1 of 10]
08:00:53.644 [ForkJoinPool-1-worker-1] DEBUG org.apache.http.impl.execchain.MainClientExec - Opening connection {s}->https://petstore.swagger.io:443
08:00:53.644 [ForkJoinPool-1-worker-1] DEBUG org.apache.http.impl.conn.DefaultHttpClientConnectionOperator - Connecting to petstore.swagger.io/35.174.182.136:443
08:00:53.644 [ForkJoinPool-1-worker-1] DEBUG org.apache.http.conn.ssl.SSLConnectionSocketFactory - Connecting socket to petstore.swagger.io/35.174.182.136:443 with timeout 30000
08:00:53.941 [ForkJoinPool-1-worker-1] DEBUG org.apache.http.conn.ssl.SSLConnectionSocketFactory - Enabled protocols: [TLSv1.2]
08:00:53.941 [ForkJoinPool-1-worker-1] DEBUG org.apache.http.conn.ssl.SSLConnectionSocketFactory - Enabled cipher suites:[TLS_ECDHE_ECDSA_WITH_AES_256_GCM_SHA384, TLS_ECDHE_ECDSA_WITH_AES_128_GCM_SHA256, TLS_ECDHE_RSA_WITH_AES_256_GCM_SHA384, TLS_ECDHE_RSA_WITH_AES_128_GCM_SHA256, TLS_DHE_RSA_WITH_AES_256_GCM_SHA384, TLS_DHE_DSS_WITH_AES_256_GCM_SHA384, TLS_DHE_RSA_WITH_AES_128_GCM_SHA256, TLS_DHE_DSS_WITH_AES_128_GCM_SHA256, TLS_ECDHE_ECDSA_WITH_AES_256_CBC_SHA384, TLS_ECDHE_RSA_WITH_AES_256_CBC_SHA384, TLS_ECDHE_ECDSA_WITH_AES_128_CBC_SHA256, TLS_ECDHE_RSA_WITH_AES_128_CBC_SHA256, TLS_DHE_RSA_WITH_AES_256_CBC_SHA256, TLS_DHE_DSS_WITH_AES_256_CBC_SHA256, TLS_DHE_RSA_WITH_AES_128_CBC_SHA256, TLS_DHE_DSS_WITH_AES_128_CBC_SHA256, TLS_ECDH_ECDSA_WITH_AES_256_GCM_SHA384, TLS_ECDH_RSA_WITH_AES_256_GCM_SHA384, TLS_ECDH_ECDSA_WITH_AES_128_GCM_SHA256, TLS_ECDH_RSA_WITH_AES_128_GCM_SHA256, TLS_ECDH_ECDSA_WITH_AES_256_CBC_SHA384, TLS_ECDH_RSA_WITH_AES_256_CBC_SHA384, TLS_ECDH_ECDSA_WITH_AES_128_CBC_SHA256, TLS_ECDH_RSA_WITH_AES_128_CBC_SHA256, TLS_ECDHE_ECDSA_WITH_AES_256_CBC_SHA, TLS_ECDHE_RSA_WITH_AES_256_CBC_SHA, TLS_ECDHE_ECDSA_WITH_AES_128_CBC_SHA, TLS_ECDHE_RSA_WITH_AES_128_CBC_SHA, TLS_DHE_RSA_WITH_AES_256_CBC_SHA, TLS_DHE_DSS_WITH_AES_256_CBC_SHA, TLS_DHE_RSA_WITH_AES_128_CBC_SHA, TLS_DHE_DSS_WITH_AES_128_CBC_SHA, TLS_ECDH_ECDSA_WITH_AES_256_CBC_SHA, TLS_ECDH_RSA_WITH_AES_256_CBC_SHA, TLS_ECDH_ECDSA_WITH_AES_128_CBC_SHA, TLS_ECDH_RSA_WITH_AES_128_CBC_SHA, TLS_RSA_WITH_AES_256_GCM_SHA384, TLS_RSA_WITH_AES_128_GCM_SHA256, TLS_RSA_WITH_AES_256_CBC_SHA256, TLS_RSA_WITH_AES_128_CBC_SHA256, TLS_RSA_WITH_AES_256_CBC_SHA, TLS_RSA_WITH_AES_128_CBC_SHA, TLS_EMPTY_RENEGOTIATION_INFO_SCSV]
08:00:53.941 [ForkJoinPool-1-worker-1] DEBUG org.apache.http.conn.ssl.SSLConnectionSocketFactory - Starting handshake
08:00:54.555 [ForkJoinPool-1-worker-1] DEBUG org.apache.http.conn.ssl.SSLConnectionSocketFactory - Secure session established
08:00:54.555 [ForkJoinPool-1-worker-1] DEBUG org.apache.http.conn.ssl.SSLConnectionSocketFactory -  negotiated protocol: TLSv1.2
08:00:54.555 [ForkJoinPool-1-worker-1] DEBUG org.apache.http.conn.ssl.SSLConnectionSocketFactory -  negotiated cipher suite: TLS_ECDHE_RSA_WITH_AES_128_GCM_SHA256
08:00:54.555 [ForkJoinPool-1-worker-1] DEBUG org.apache.http.conn.ssl.SSLConnectionSocketFactory -  peer principal: CN=*.swagger.io
08:00:54.555 [ForkJoinPool-1-worker-1] DEBUG org.apache.http.conn.ssl.SSLConnectionSocketFactory -  peer alternative names: [*.swagger.io]
08:00:54.556 [ForkJoinPool-1-worker-1] DEBUG org.apache.http.conn.ssl.SSLConnectionSocketFactory -  issuer principal: CN=Amazon, OU=Server CA 1B, O=Amazon, C=US
08:00:54.556 [ForkJoinPool-1-worker-1] DEBUG org.apache.http.impl.conn.DefaultHttpClientConnectionOperator - Connection established 192.168.2.247:44632<->35.174.182.136:443
08:00:54.556 [ForkJoinPool-1-worker-1] DEBUG org.apache.http.impl.conn.DefaultManagedHttpClientConnection - http-outgoing-17: set socket timeout to 30000
08:00:54.556 [ForkJoinPool-1-worker-1] DEBUG org.apache.http.impl.execchain.MainClientExec - Executing request POST /v2/pet HTTP/1.1
08:00:54.556 [ForkJoinPool-1-worker-1] DEBUG org.apache.http.impl.execchain.MainClientExec - Target auth state: UNCHALLENGED
08:00:54.556 [ForkJoinPool-1-worker-1] DEBUG org.apache.http.impl.execchain.MainClientExec - Proxy auth state: UNCHALLENGED
08:00:54.556 [ForkJoinPool-1-worker-1] DEBUG org.apache.http.headers - http-outgoing-17 >> POST /v2/pet HTTP/1.1
08:00:54.556 [ForkJoinPool-1-worker-1] DEBUG org.apache.http.headers - http-outgoing-17 >> Content-Type: application/json; charset=UTF-8
08:00:54.556 [ForkJoinPool-1-worker-1] DEBUG org.apache.http.headers - http-outgoing-17 >> Content-Length: 138
08:00:54.556 [ForkJoinPool-1-worker-1] DEBUG org.apache.http.headers - http-outgoing-17 >> Host: petstore.swagger.io
08:00:54.556 [ForkJoinPool-1-worker-1] DEBUG org.apache.http.headers - http-outgoing-17 >> Connection: Keep-Alive
08:00:54.556 [ForkJoinPool-1-worker-1] DEBUG org.apache.http.headers - http-outgoing-17 >> User-Agent: Apache-HttpClient/4.5.12 (Java/1.8.0_331)
08:00:54.556 [ForkJoinPool-1-worker-1] DEBUG org.apache.http.headers - http-outgoing-17 >> Accept-Encoding: gzip,deflate
08:00:54.556 [ForkJoinPool-1-worker-1] DEBUG org.apache.http.wire - http-outgoing-17 >> "POST /v2/pet HTTP/1.1[\r][\n]"
08:00:54.556 [ForkJoinPool-1-worker-1] DEBUG org.apache.http.wire - http-outgoing-17 >> "Content-Type: application/json; charset=UTF-8[\r][\n]"
08:00:54.556 [ForkJoinPool-1-worker-1] DEBUG org.apache.http.wire - http-outgoing-17 >> "Content-Length: 138[\r][\n]"
08:00:54.556 [ForkJoinPool-1-worker-1] DEBUG org.apache.http.wire - http-outgoing-17 >> "Host: petstore.swagger.io[\r][\n]"
08:00:54.556 [ForkJoinPool-1-worker-1] DEBUG org.apache.http.wire - http-outgoing-17 >> "Connection: Keep-Alive[\r][\n]"
08:00:54.556 [ForkJoinPool-1-worker-1] DEBUG org.apache.http.wire - http-outgoing-17 >> "User-Agent: Apache-HttpClient/4.5.12 (Java/1.8.0_331)[\r][\n]"
08:00:54.556 [ForkJoinPool-1-worker-1] DEBUG org.apache.http.wire - http-outgoing-17 >> "Accept-Encoding: gzip,deflate[\r][\n]"
08:00:54.556 [ForkJoinPool-1-worker-1] DEBUG org.apache.http.wire - http-outgoing-17 >> "[\r][\n]"
08:00:54.556 [ForkJoinPool-1-worker-1] DEBUG org.apache.http.wire - http-outgoing-17 >> "{"id":8,"category":{"id":0,"name":"pepito"},"name":"doggie","photoUrls":["pepito.jpg"],"tags":[{"id":0,"name":"perrito"}],"status":"#$%&"}"
08:00:54.862 [ForkJoinPool-1-worker-1] DEBUG org.apache.http.wire - http-outgoing-17 << "HTTP/1.1 200 OK[\r][\n]"
08:00:54.862 [ForkJoinPool-1-worker-1] DEBUG org.apache.http.wire - http-outgoing-17 << "Date: Wed, 24 Aug 2022 11:00:54 GMT[\r][\n]"
08:00:54.862 [ForkJoinPool-1-worker-1] DEBUG org.apache.http.wire - http-outgoing-17 << "Content-Type: application/json[\r][\n]"
08:00:54.862 [ForkJoinPool-1-worker-1] DEBUG org.apache.http.wire - http-outgoing-17 << "Transfer-Encoding: chunked[\r][\n]"
08:00:54.862 [ForkJoinPool-1-worker-1] DEBUG org.apache.http.wire - http-outgoing-17 << "Connection: keep-alive[\r][\n]"
08:00:54.862 [ForkJoinPool-1-worker-1] DEBUG org.apache.http.wire - http-outgoing-17 << "Access-Control-Allow-Origin: *[\r][\n]"
08:00:54.863 [ForkJoinPool-1-worker-1] DEBUG org.apache.http.wire - http-outgoing-17 << "Access-Control-Allow-Methods: GET, POST, DELETE, PUT[\r][\n]"
08:00:54.863 [ForkJoinPool-1-worker-1] DEBUG org.apache.http.wire - http-outgoing-17 << "Access-Control-Allow-Headers: Content-Type, api_key, Authorization[\r][\n]"
08:00:54.863 [ForkJoinPool-1-worker-1] DEBUG org.apache.http.wire - http-outgoing-17 << "Server: Jetty(9.2.9.v20150224)[\r][\n]"
08:00:54.863 [ForkJoinPool-1-worker-1] DEBUG org.apache.http.wire - http-outgoing-17 << "[\r][\n]"
08:00:54.863 [ForkJoinPool-1-worker-1] DEBUG org.apache.http.wire - http-outgoing-17 << "8a[\r][\n]"
08:00:54.863 [ForkJoinPool-1-worker-1] DEBUG org.apache.http.wire - http-outgoing-17 << "{"id":8,"category":{"id":0,"name":"pepito"},"name":"doggie","photoUrls":["pepito.jpg"],"tags":[{"id":0,"name":"perrito"}],"status":"#$%&"}[\r][\n]"
08:00:54.863 [ForkJoinPool-1-worker-1] DEBUG org.apache.http.headers - http-outgoing-17 << HTTP/1.1 200 OK
08:00:54.863 [ForkJoinPool-1-worker-1] DEBUG org.apache.http.headers - http-outgoing-17 << Date: Wed, 24 Aug 2022 11:00:54 GMT
08:00:54.863 [ForkJoinPool-1-worker-1] DEBUG org.apache.http.headers - http-outgoing-17 << Content-Type: application/json
08:00:54.863 [ForkJoinPool-1-worker-1] DEBUG org.apache.http.headers - http-outgoing-17 << Transfer-Encoding: chunked
08:00:54.863 [ForkJoinPool-1-worker-1] DEBUG org.apache.http.headers - http-outgoing-17 << Connection: keep-alive
08:00:54.863 [ForkJoinPool-1-worker-1] DEBUG org.apache.http.headers - http-outgoing-17 << Access-Control-Allow-Origin: *
08:00:54.863 [ForkJoinPool-1-worker-1] DEBUG org.apache.http.headers - http-outgoing-17 << Access-Control-Allow-Methods: GET, POST, DELETE, PUT
08:00:54.863 [ForkJoinPool-1-worker-1] DEBUG org.apache.http.headers - http-outgoing-17 << Access-Control-Allow-Headers: Content-Type, api_key, Authorization
08:00:54.863 [ForkJoinPool-1-worker-1] DEBUG org.apache.http.headers - http-outgoing-17 << Server: Jetty(9.2.9.v20150224)
08:00:54.863 [ForkJoinPool-1-worker-1] DEBUG org.apache.http.impl.execchain.MainClientExec - Connection can be kept alive indefinitely
08:00:54.864 [ForkJoinPool-1-worker-1] DEBUG org.apache.http.wire - http-outgoing-17 << "0[\r][\n]"
08:00:54.864 [ForkJoinPool-1-worker-1] DEBUG org.apache.http.wire - http-outgoing-17 << "[\r][\n]"
08:00:54.864 [ForkJoinPool-1-worker-1] DEBUG org.apache.http.impl.conn.PoolingHttpClientConnectionManager - Connection [id: 17][route: {s}->https://petstore.swagger.io:443] can be kept alive indefinitely
08:00:54.864 [ForkJoinPool-1-worker-1] DEBUG org.apache.http.impl.conn.DefaultManagedHttpClientConnection - http-outgoing-17: set socket timeout to 0
08:00:54.864 [ForkJoinPool-1-worker-1] DEBUG org.apache.http.impl.conn.PoolingHttpClientConnectionManager - Connection released: [id: 17][route: {s}->https://petstore.swagger.io:443][total available: 1; route allocated: 1 of 5; total allocated: 1 of 10]
08:00:54.864 [ForkJoinPool-1-worker-1] DEBUG com.intuit.karate - response time in milliseconds: 1219.73
1 < 200
1 < Access-Control-Allow-Headers: Content-Type, api_key, Authorization
1 < Access-Control-Allow-Methods: GET, POST, DELETE, PUT
1 < Access-Control-Allow-Origin: *
1 < Connection: keep-alive
1 < Content-Type: application/json
1 < Date: Wed, 24 Aug 2022 11:00:54 GMT
1 < Server: Jetty(9.2.9.v20150224)
1 < Transfer-Encoding: chunked
{"id":8,"category":{"id":0,"name":"pepito"},"name":"doggie","photoUrls":["pepito.jpg"],"tags":[{"id":0,"name":"perrito"}],"status":"#$%&"}

08:00:55.364 [pool-1-thread-1] INFO com.intuit.karate.Runner - <<pass>> feature 1 of 4: classpath:karate/request/1CreateNewPet.feature
---------------------------------------------------------
feature: classpath:karate/request/1CreateNewPet.feature
report: target/surefire-reports/karate.request.1CreateNewPet.json
scenarios: 18 | passed: 18 | failed:  0 | time: 20.8505
---------------------------------------------------------
08:00:55.408 [ForkJoinPool-1-worker-1] DEBUG com.jayway.jsonpath.internal.path.CompiledPath - Evaluating path: $
08:00:55.408 [ForkJoinPool-1-worker-1] DEBUG com.jayway.jsonpath.internal.path.CompiledPath - Evaluating path: $
08:00:55.409 [ForkJoinPool-1-worker-1] DEBUG com.jayway.jsonpath.internal.path.CompiledPath - Evaluating path: $
08:00:55.409 [ForkJoinPool-1-worker-1] DEBUG com.jayway.jsonpath.internal.path.CompiledPath - Evaluating path: $
08:00:55.409 [ForkJoinPool-1-worker-1] DEBUG com.jayway.jsonpath.internal.path.CompiledPath - Evaluating path: $
08:00:55.411 [ForkJoinPool-1-worker-1] DEBUG org.apache.http.client.protocol.RequestAddCookies - CookieSpec selected: karate
08:00:55.411 [ForkJoinPool-1-worker-1] DEBUG org.apache.http.client.protocol.RequestAuthCache - Auth cache not set in the context
08:00:55.411 [ForkJoinPool-1-worker-1] DEBUG com.intuit.karate - request:
1 > PUT https://petstore.swagger.io/v2/pet
1 > Accept-Encoding: gzip,deflate
1 > Connection: Keep-Alive
1 > Content-Length: 145
1 > Content-Type: application/json; charset=UTF-8
1 > Host: petstore.swagger.io
1 > User-Agent: Apache-HttpClient/4.5.12 (Java/1.8.0_331)
{"id":8,"category":{"id":"1","name":"pepito"},"name":"doggie","photoUrls":["pepito.jpg"],"tags":[{"id":0,"name":"perrito"}],"status":"available"}

08:00:55.411 [ForkJoinPool-1-worker-1] DEBUG org.apache.http.impl.conn.PoolingHttpClientConnectionManager - Connection request: [route: {s}->https://petstore.swagger.io:443][total available: 0; route allocated: 0 of 5; total allocated: 0 of 10]
08:00:55.411 [ForkJoinPool-1-worker-1] DEBUG org.apache.http.impl.conn.PoolingHttpClientConnectionManager - Connection leased: [id: 18][route: {s}->https://petstore.swagger.io:443][total available: 0; route allocated: 1 of 5; total allocated: 1 of 10]
08:00:55.411 [ForkJoinPool-1-worker-1] DEBUG org.apache.http.impl.execchain.MainClientExec - Opening connection {s}->https://petstore.swagger.io:443
08:00:55.412 [ForkJoinPool-1-worker-1] DEBUG org.apache.http.impl.conn.DefaultHttpClientConnectionOperator - Connecting to petstore.swagger.io/35.174.182.136:443
08:00:55.412 [ForkJoinPool-1-worker-1] DEBUG org.apache.http.conn.ssl.SSLConnectionSocketFactory - Connecting socket to petstore.swagger.io/35.174.182.136:443 with timeout 30000
08:00:55.785 [ForkJoinPool-1-worker-1] DEBUG org.apache.http.conn.ssl.SSLConnectionSocketFactory - Enabled protocols: [TLSv1.2]
08:00:55.785 [ForkJoinPool-1-worker-1] DEBUG org.apache.http.conn.ssl.SSLConnectionSocketFactory - Enabled cipher suites:[TLS_ECDHE_ECDSA_WITH_AES_256_GCM_SHA384, TLS_ECDHE_ECDSA_WITH_AES_128_GCM_SHA256, TLS_ECDHE_RSA_WITH_AES_256_GCM_SHA384, TLS_ECDHE_RSA_WITH_AES_128_GCM_SHA256, TLS_DHE_RSA_WITH_AES_256_GCM_SHA384, TLS_DHE_DSS_WITH_AES_256_GCM_SHA384, TLS_DHE_RSA_WITH_AES_128_GCM_SHA256, TLS_DHE_DSS_WITH_AES_128_GCM_SHA256, TLS_ECDHE_ECDSA_WITH_AES_256_CBC_SHA384, TLS_ECDHE_RSA_WITH_AES_256_CBC_SHA384, TLS_ECDHE_ECDSA_WITH_AES_128_CBC_SHA256, TLS_ECDHE_RSA_WITH_AES_128_CBC_SHA256, TLS_DHE_RSA_WITH_AES_256_CBC_SHA256, TLS_DHE_DSS_WITH_AES_256_CBC_SHA256, TLS_DHE_RSA_WITH_AES_128_CBC_SHA256, TLS_DHE_DSS_WITH_AES_128_CBC_SHA256, TLS_ECDH_ECDSA_WITH_AES_256_GCM_SHA384, TLS_ECDH_RSA_WITH_AES_256_GCM_SHA384, TLS_ECDH_ECDSA_WITH_AES_128_GCM_SHA256, TLS_ECDH_RSA_WITH_AES_128_GCM_SHA256, TLS_ECDH_ECDSA_WITH_AES_256_CBC_SHA384, TLS_ECDH_RSA_WITH_AES_256_CBC_SHA384, TLS_ECDH_ECDSA_WITH_AES_128_CBC_SHA256, TLS_ECDH_RSA_WITH_AES_128_CBC_SHA256, TLS_ECDHE_ECDSA_WITH_AES_256_CBC_SHA, TLS_ECDHE_RSA_WITH_AES_256_CBC_SHA, TLS_ECDHE_ECDSA_WITH_AES_128_CBC_SHA, TLS_ECDHE_RSA_WITH_AES_128_CBC_SHA, TLS_DHE_RSA_WITH_AES_256_CBC_SHA, TLS_DHE_DSS_WITH_AES_256_CBC_SHA, TLS_DHE_RSA_WITH_AES_128_CBC_SHA, TLS_DHE_DSS_WITH_AES_128_CBC_SHA, TLS_ECDH_ECDSA_WITH_AES_256_CBC_SHA, TLS_ECDH_RSA_WITH_AES_256_CBC_SHA, TLS_ECDH_ECDSA_WITH_AES_128_CBC_SHA, TLS_ECDH_RSA_WITH_AES_128_CBC_SHA, TLS_RSA_WITH_AES_256_GCM_SHA384, TLS_RSA_WITH_AES_128_GCM_SHA256, TLS_RSA_WITH_AES_256_CBC_SHA256, TLS_RSA_WITH_AES_128_CBC_SHA256, TLS_RSA_WITH_AES_256_CBC_SHA, TLS_RSA_WITH_AES_128_CBC_SHA, TLS_EMPTY_RENEGOTIATION_INFO_SCSV]
08:00:55.785 [ForkJoinPool-1-worker-1] DEBUG org.apache.http.conn.ssl.SSLConnectionSocketFactory - Starting handshake
08:00:56.402 [ForkJoinPool-1-worker-1] DEBUG org.apache.http.conn.ssl.SSLConnectionSocketFactory - Secure session established
08:00:56.402 [ForkJoinPool-1-worker-1] DEBUG org.apache.http.conn.ssl.SSLConnectionSocketFactory -  negotiated protocol: TLSv1.2
08:00:56.402 [ForkJoinPool-1-worker-1] DEBUG org.apache.http.conn.ssl.SSLConnectionSocketFactory -  negotiated cipher suite: TLS_ECDHE_RSA_WITH_AES_128_GCM_SHA256
08:00:56.402 [ForkJoinPool-1-worker-1] DEBUG org.apache.http.conn.ssl.SSLConnectionSocketFactory -  peer principal: CN=*.swagger.io
08:00:56.402 [ForkJoinPool-1-worker-1] DEBUG org.apache.http.conn.ssl.SSLConnectionSocketFactory -  peer alternative names: [*.swagger.io]
08:00:56.402 [ForkJoinPool-1-worker-1] DEBUG org.apache.http.conn.ssl.SSLConnectionSocketFactory -  issuer principal: CN=Amazon, OU=Server CA 1B, O=Amazon, C=US
08:00:56.402 [ForkJoinPool-1-worker-1] DEBUG org.apache.http.impl.conn.DefaultHttpClientConnectionOperator - Connection established 192.168.2.247:44634<->35.174.182.136:443
08:00:56.403 [ForkJoinPool-1-worker-1] DEBUG org.apache.http.impl.conn.DefaultManagedHttpClientConnection - http-outgoing-18: set socket timeout to 30000
08:00:56.403 [ForkJoinPool-1-worker-1] DEBUG org.apache.http.impl.execchain.MainClientExec - Executing request PUT /v2/pet HTTP/1.1
08:00:56.403 [ForkJoinPool-1-worker-1] DEBUG org.apache.http.impl.execchain.MainClientExec - Target auth state: UNCHALLENGED
08:00:56.403 [ForkJoinPool-1-worker-1] DEBUG org.apache.http.impl.execchain.MainClientExec - Proxy auth state: UNCHALLENGED
08:00:56.403 [ForkJoinPool-1-worker-1] DEBUG org.apache.http.headers - http-outgoing-18 >> PUT /v2/pet HTTP/1.1
08:00:56.403 [ForkJoinPool-1-worker-1] DEBUG org.apache.http.headers - http-outgoing-18 >> Content-Type: application/json; charset=UTF-8
08:00:56.403 [ForkJoinPool-1-worker-1] DEBUG org.apache.http.headers - http-outgoing-18 >> Content-Length: 145
08:00:56.403 [ForkJoinPool-1-worker-1] DEBUG org.apache.http.headers - http-outgoing-18 >> Host: petstore.swagger.io
08:00:56.403 [ForkJoinPool-1-worker-1] DEBUG org.apache.http.headers - http-outgoing-18 >> Connection: Keep-Alive
08:00:56.403 [ForkJoinPool-1-worker-1] DEBUG org.apache.http.headers - http-outgoing-18 >> User-Agent: Apache-HttpClient/4.5.12 (Java/1.8.0_331)
08:00:56.403 [ForkJoinPool-1-worker-1] DEBUG org.apache.http.headers - http-outgoing-18 >> Accept-Encoding: gzip,deflate
08:00:56.403 [ForkJoinPool-1-worker-1] DEBUG org.apache.http.wire - http-outgoing-18 >> "PUT /v2/pet HTTP/1.1[\r][\n]"
08:00:56.403 [ForkJoinPool-1-worker-1] DEBUG org.apache.http.wire - http-outgoing-18 >> "Content-Type: application/json; charset=UTF-8[\r][\n]"
08:00:56.403 [ForkJoinPool-1-worker-1] DEBUG org.apache.http.wire - http-outgoing-18 >> "Content-Length: 145[\r][\n]"
08:00:56.403 [ForkJoinPool-1-worker-1] DEBUG org.apache.http.wire - http-outgoing-18 >> "Host: petstore.swagger.io[\r][\n]"
08:00:56.403 [ForkJoinPool-1-worker-1] DEBUG org.apache.http.wire - http-outgoing-18 >> "Connection: Keep-Alive[\r][\n]"
08:00:56.403 [ForkJoinPool-1-worker-1] DEBUG org.apache.http.wire - http-outgoing-18 >> "User-Agent: Apache-HttpClient/4.5.12 (Java/1.8.0_331)[\r][\n]"
08:00:56.403 [ForkJoinPool-1-worker-1] DEBUG org.apache.http.wire - http-outgoing-18 >> "Accept-Encoding: gzip,deflate[\r][\n]"
08:00:56.403 [ForkJoinPool-1-worker-1] DEBUG org.apache.http.wire - http-outgoing-18 >> "[\r][\n]"
08:00:56.403 [ForkJoinPool-1-worker-1] DEBUG org.apache.http.wire - http-outgoing-18 >> "{"id":8,"category":{"id":"1","name":"pepito"},"name":"doggie","photoUrls":["pepito.jpg"],"tags":[{"id":0,"name":"perrito"}],"status":"available"}"
08:00:56.706 [ForkJoinPool-1-worker-1] DEBUG org.apache.http.wire - http-outgoing-18 << "HTTP/1.1 200 OK[\r][\n]"
08:00:56.706 [ForkJoinPool-1-worker-1] DEBUG org.apache.http.wire - http-outgoing-18 << "Date: Wed, 24 Aug 2022 11:00:56 GMT[\r][\n]"
08:00:56.706 [ForkJoinPool-1-worker-1] DEBUG org.apache.http.wire - http-outgoing-18 << "Content-Type: application/json[\r][\n]"
08:00:56.706 [ForkJoinPool-1-worker-1] DEBUG org.apache.http.wire - http-outgoing-18 << "Transfer-Encoding: chunked[\r][\n]"
08:00:56.706 [ForkJoinPool-1-worker-1] DEBUG org.apache.http.wire - http-outgoing-18 << "Connection: keep-alive[\r][\n]"
08:00:56.706 [ForkJoinPool-1-worker-1] DEBUG org.apache.http.wire - http-outgoing-18 << "Access-Control-Allow-Origin: *[\r][\n]"
08:00:56.706 [ForkJoinPool-1-worker-1] DEBUG org.apache.http.wire - http-outgoing-18 << "Access-Control-Allow-Methods: GET, POST, DELETE, PUT[\r][\n]"
08:00:56.706 [ForkJoinPool-1-worker-1] DEBUG org.apache.http.wire - http-outgoing-18 << "Access-Control-Allow-Headers: Content-Type, api_key, Authorization[\r][\n]"
08:00:56.706 [ForkJoinPool-1-worker-1] DEBUG org.apache.http.wire - http-outgoing-18 << "Server: Jetty(9.2.9.v20150224)[\r][\n]"
08:00:56.706 [ForkJoinPool-1-worker-1] DEBUG org.apache.http.wire - http-outgoing-18 << "[\r][\n]"
08:00:56.706 [ForkJoinPool-1-worker-1] DEBUG org.apache.http.wire - http-outgoing-18 << "8f[\r][\n]"
08:00:56.706 [ForkJoinPool-1-worker-1] DEBUG org.apache.http.wire - http-outgoing-18 << "{"id":8,"category":{"id":1,"name":"pepito"},"name":"doggie","photoUrls":["pepito.jpg"],"tags":[{"id":0,"name":"perrito"}],"status":"available"}[\r][\n]"
08:00:56.706 [ForkJoinPool-1-worker-1] DEBUG org.apache.http.headers - http-outgoing-18 << HTTP/1.1 200 OK
08:00:56.706 [ForkJoinPool-1-worker-1] DEBUG org.apache.http.headers - http-outgoing-18 << Date: Wed, 24 Aug 2022 11:00:56 GMT
08:00:56.706 [ForkJoinPool-1-worker-1] DEBUG org.apache.http.headers - http-outgoing-18 << Content-Type: application/json
08:00:56.706 [ForkJoinPool-1-worker-1] DEBUG org.apache.http.headers - http-outgoing-18 << Transfer-Encoding: chunked
08:00:56.706 [ForkJoinPool-1-worker-1] DEBUG org.apache.http.headers - http-outgoing-18 << Connection: keep-alive
08:00:56.706 [ForkJoinPool-1-worker-1] DEBUG org.apache.http.headers - http-outgoing-18 << Access-Control-Allow-Origin: *
08:00:56.706 [ForkJoinPool-1-worker-1] DEBUG org.apache.http.headers - http-outgoing-18 << Access-Control-Allow-Methods: GET, POST, DELETE, PUT
08:00:56.706 [ForkJoinPool-1-worker-1] DEBUG org.apache.http.headers - http-outgoing-18 << Access-Control-Allow-Headers: Content-Type, api_key, Authorization
08:00:56.706 [ForkJoinPool-1-worker-1] DEBUG org.apache.http.headers - http-outgoing-18 << Server: Jetty(9.2.9.v20150224)
08:00:56.706 [ForkJoinPool-1-worker-1] DEBUG org.apache.http.impl.execchain.MainClientExec - Connection can be kept alive indefinitely
08:00:56.707 [ForkJoinPool-1-worker-1] DEBUG org.apache.http.wire - http-outgoing-18 << "0[\r][\n]"
08:00:56.707 [ForkJoinPool-1-worker-1] DEBUG org.apache.http.wire - http-outgoing-18 << "[\r][\n]"
08:00:56.707 [ForkJoinPool-1-worker-1] DEBUG org.apache.http.impl.conn.PoolingHttpClientConnectionManager - Connection [id: 18][route: {s}->https://petstore.swagger.io:443] can be kept alive indefinitely
08:00:56.707 [ForkJoinPool-1-worker-1] DEBUG org.apache.http.impl.conn.DefaultManagedHttpClientConnection - http-outgoing-18: set socket timeout to 0
08:00:56.707 [ForkJoinPool-1-worker-1] DEBUG org.apache.http.impl.conn.PoolingHttpClientConnectionManager - Connection released: [id: 18][route: {s}->https://petstore.swagger.io:443][total available: 1; route allocated: 1 of 5; total allocated: 1 of 10]
08:00:56.707 [ForkJoinPool-1-worker-1] DEBUG com.intuit.karate - response time in milliseconds: 1295.30
1 < 200
1 < Access-Control-Allow-Headers: Content-Type, api_key, Authorization
1 < Access-Control-Allow-Methods: GET, POST, DELETE, PUT
1 < Access-Control-Allow-Origin: *
1 < Connection: keep-alive
1 < Content-Type: application/json
1 < Date: Wed, 24 Aug 2022 11:00:56 GMT
1 < Server: Jetty(9.2.9.v20150224)
1 < Transfer-Encoding: chunked
{"id":8,"category":{"id":1,"name":"pepito"},"name":"doggie","photoUrls":["pepito.jpg"],"tags":[{"id":0,"name":"perrito"}],"status":"available"}

08:00:56.708 [ForkJoinPool-1-worker-1] DEBUG com.jayway.jsonpath.internal.path.CompiledPath - Evaluating path: $
08:00:56.713 [ForkJoinPool-1-worker-1] DEBUG com.jayway.jsonpath.internal.path.CompiledPath - Evaluating path: $
08:00:56.713 [ForkJoinPool-1-worker-1] DEBUG com.jayway.jsonpath.internal.path.CompiledPath - Evaluating path: $
08:00:56.714 [ForkJoinPool-1-worker-1] DEBUG com.jayway.jsonpath.internal.path.CompiledPath - Evaluating path: $
08:00:56.715 [ForkJoinPool-1-worker-1] DEBUG com.jayway.jsonpath.internal.path.CompiledPath - Evaluating path: $
08:00:56.716 [ForkJoinPool-1-worker-1] DEBUG com.jayway.jsonpath.internal.path.CompiledPath - Evaluating path: $
08:00:56.718 [ForkJoinPool-1-worker-1] DEBUG org.apache.http.client.protocol.RequestAddCookies - CookieSpec selected: karate
08:00:56.718 [ForkJoinPool-1-worker-1] DEBUG org.apache.http.client.protocol.RequestAuthCache - Auth cache not set in the context
08:00:56.718 [ForkJoinPool-1-worker-1] DEBUG com.intuit.karate - request:
1 > PUT https://petstore.swagger.io/v2/pet
1 > Accept-Encoding: gzip,deflate
1 > Connection: Keep-Alive
1 > Content-Length: 146
1 > Content-Type: application/json; charset=UTF-8
1 > Host: petstore.swagger.io
1 > User-Agent: Apache-HttpClient/4.5.12 (Java/1.8.0_331)
{"id":8,"category":{"id":"25","name":"PEPITO"},"name":"doggie","photoUrls":["pepito.jpg"],"tags":[{"id":0,"name":"perrito"}],"status":"available"}

08:00:56.718 [ForkJoinPool-1-worker-1] DEBUG org.apache.http.impl.conn.PoolingHttpClientConnectionManager - Connection request: [route: {s}->https://petstore.swagger.io:443][total available: 0; route allocated: 0 of 5; total allocated: 0 of 10]
08:00:56.719 [ForkJoinPool-1-worker-1] DEBUG org.apache.http.impl.conn.PoolingHttpClientConnectionManager - Connection leased: [id: 19][route: {s}->https://petstore.swagger.io:443][total available: 0; route allocated: 1 of 5; total allocated: 1 of 10]
08:00:56.719 [ForkJoinPool-1-worker-1] DEBUG org.apache.http.impl.execchain.MainClientExec - Opening connection {s}->https://petstore.swagger.io:443
08:00:56.719 [ForkJoinPool-1-worker-1] DEBUG org.apache.http.impl.conn.DefaultHttpClientConnectionOperator - Connecting to petstore.swagger.io/35.174.182.136:443
08:00:56.719 [ForkJoinPool-1-worker-1] DEBUG org.apache.http.conn.ssl.SSLConnectionSocketFactory - Connecting socket to petstore.swagger.io/35.174.182.136:443 with timeout 30000
08:00:57.014 [ForkJoinPool-1-worker-1] DEBUG org.apache.http.conn.ssl.SSLConnectionSocketFactory - Enabled protocols: [TLSv1.2]
08:00:57.014 [ForkJoinPool-1-worker-1] DEBUG org.apache.http.conn.ssl.SSLConnectionSocketFactory - Enabled cipher suites:[TLS_ECDHE_ECDSA_WITH_AES_256_GCM_SHA384, TLS_ECDHE_ECDSA_WITH_AES_128_GCM_SHA256, TLS_ECDHE_RSA_WITH_AES_256_GCM_SHA384, TLS_ECDHE_RSA_WITH_AES_128_GCM_SHA256, TLS_DHE_RSA_WITH_AES_256_GCM_SHA384, TLS_DHE_DSS_WITH_AES_256_GCM_SHA384, TLS_DHE_RSA_WITH_AES_128_GCM_SHA256, TLS_DHE_DSS_WITH_AES_128_GCM_SHA256, TLS_ECDHE_ECDSA_WITH_AES_256_CBC_SHA384, TLS_ECDHE_RSA_WITH_AES_256_CBC_SHA384, TLS_ECDHE_ECDSA_WITH_AES_128_CBC_SHA256, TLS_ECDHE_RSA_WITH_AES_128_CBC_SHA256, TLS_DHE_RSA_WITH_AES_256_CBC_SHA256, TLS_DHE_DSS_WITH_AES_256_CBC_SHA256, TLS_DHE_RSA_WITH_AES_128_CBC_SHA256, TLS_DHE_DSS_WITH_AES_128_CBC_SHA256, TLS_ECDH_ECDSA_WITH_AES_256_GCM_SHA384, TLS_ECDH_RSA_WITH_AES_256_GCM_SHA384, TLS_ECDH_ECDSA_WITH_AES_128_GCM_SHA256, TLS_ECDH_RSA_WITH_AES_128_GCM_SHA256, TLS_ECDH_ECDSA_WITH_AES_256_CBC_SHA384, TLS_ECDH_RSA_WITH_AES_256_CBC_SHA384, TLS_ECDH_ECDSA_WITH_AES_128_CBC_SHA256, TLS_ECDH_RSA_WITH_AES_128_CBC_SHA256, TLS_ECDHE_ECDSA_WITH_AES_256_CBC_SHA, TLS_ECDHE_RSA_WITH_AES_256_CBC_SHA, TLS_ECDHE_ECDSA_WITH_AES_128_CBC_SHA, TLS_ECDHE_RSA_WITH_AES_128_CBC_SHA, TLS_DHE_RSA_WITH_AES_256_CBC_SHA, TLS_DHE_DSS_WITH_AES_256_CBC_SHA, TLS_DHE_RSA_WITH_AES_128_CBC_SHA, TLS_DHE_DSS_WITH_AES_128_CBC_SHA, TLS_ECDH_ECDSA_WITH_AES_256_CBC_SHA, TLS_ECDH_RSA_WITH_AES_256_CBC_SHA, TLS_ECDH_ECDSA_WITH_AES_128_CBC_SHA, TLS_ECDH_RSA_WITH_AES_128_CBC_SHA, TLS_RSA_WITH_AES_256_GCM_SHA384, TLS_RSA_WITH_AES_128_GCM_SHA256, TLS_RSA_WITH_AES_256_CBC_SHA256, TLS_RSA_WITH_AES_128_CBC_SHA256, TLS_RSA_WITH_AES_256_CBC_SHA, TLS_RSA_WITH_AES_128_CBC_SHA, TLS_EMPTY_RENEGOTIATION_INFO_SCSV]
08:00:57.014 [ForkJoinPool-1-worker-1] DEBUG org.apache.http.conn.ssl.SSLConnectionSocketFactory - Starting handshake
08:00:57.630 [ForkJoinPool-1-worker-1] DEBUG org.apache.http.conn.ssl.SSLConnectionSocketFactory - Secure session established
08:00:57.630 [ForkJoinPool-1-worker-1] DEBUG org.apache.http.conn.ssl.SSLConnectionSocketFactory -  negotiated protocol: TLSv1.2
08:00:57.630 [ForkJoinPool-1-worker-1] DEBUG org.apache.http.conn.ssl.SSLConnectionSocketFactory -  negotiated cipher suite: TLS_ECDHE_RSA_WITH_AES_128_GCM_SHA256
08:00:57.630 [ForkJoinPool-1-worker-1] DEBUG org.apache.http.conn.ssl.SSLConnectionSocketFactory -  peer principal: CN=*.swagger.io
08:00:57.630 [ForkJoinPool-1-worker-1] DEBUG org.apache.http.conn.ssl.SSLConnectionSocketFactory -  peer alternative names: [*.swagger.io]
08:00:57.630 [ForkJoinPool-1-worker-1] DEBUG org.apache.http.conn.ssl.SSLConnectionSocketFactory -  issuer principal: CN=Amazon, OU=Server CA 1B, O=Amazon, C=US
08:00:57.630 [ForkJoinPool-1-worker-1] DEBUG org.apache.http.impl.conn.DefaultHttpClientConnectionOperator - Connection established 192.168.2.247:44636<->35.174.182.136:443
08:00:57.630 [ForkJoinPool-1-worker-1] DEBUG org.apache.http.impl.conn.DefaultManagedHttpClientConnection - http-outgoing-19: set socket timeout to 30000
08:00:57.630 [ForkJoinPool-1-worker-1] DEBUG org.apache.http.impl.execchain.MainClientExec - Executing request PUT /v2/pet HTTP/1.1
08:00:57.630 [ForkJoinPool-1-worker-1] DEBUG org.apache.http.impl.execchain.MainClientExec - Target auth state: UNCHALLENGED
08:00:57.630 [ForkJoinPool-1-worker-1] DEBUG org.apache.http.impl.execchain.MainClientExec - Proxy auth state: UNCHALLENGED
08:00:57.631 [ForkJoinPool-1-worker-1] DEBUG org.apache.http.headers - http-outgoing-19 >> PUT /v2/pet HTTP/1.1
08:00:57.631 [ForkJoinPool-1-worker-1] DEBUG org.apache.http.headers - http-outgoing-19 >> Content-Type: application/json; charset=UTF-8
08:00:57.631 [ForkJoinPool-1-worker-1] DEBUG org.apache.http.headers - http-outgoing-19 >> Content-Length: 146
08:00:57.631 [ForkJoinPool-1-worker-1] DEBUG org.apache.http.headers - http-outgoing-19 >> Host: petstore.swagger.io
08:00:57.631 [ForkJoinPool-1-worker-1] DEBUG org.apache.http.headers - http-outgoing-19 >> Connection: Keep-Alive
08:00:57.631 [ForkJoinPool-1-worker-1] DEBUG org.apache.http.headers - http-outgoing-19 >> User-Agent: Apache-HttpClient/4.5.12 (Java/1.8.0_331)
08:00:57.631 [ForkJoinPool-1-worker-1] DEBUG org.apache.http.headers - http-outgoing-19 >> Accept-Encoding: gzip,deflate
08:00:57.631 [ForkJoinPool-1-worker-1] DEBUG org.apache.http.wire - http-outgoing-19 >> "PUT /v2/pet HTTP/1.1[\r][\n]"
08:00:57.631 [ForkJoinPool-1-worker-1] DEBUG org.apache.http.wire - http-outgoing-19 >> "Content-Type: application/json; charset=UTF-8[\r][\n]"
08:00:57.631 [ForkJoinPool-1-worker-1] DEBUG org.apache.http.wire - http-outgoing-19 >> "Content-Length: 146[\r][\n]"
08:00:57.631 [ForkJoinPool-1-worker-1] DEBUG org.apache.http.wire - http-outgoing-19 >> "Host: petstore.swagger.io[\r][\n]"
08:00:57.631 [ForkJoinPool-1-worker-1] DEBUG org.apache.http.wire - http-outgoing-19 >> "Connection: Keep-Alive[\r][\n]"
08:00:57.631 [ForkJoinPool-1-worker-1] DEBUG org.apache.http.wire - http-outgoing-19 >> "User-Agent: Apache-HttpClient/4.5.12 (Java/1.8.0_331)[\r][\n]"
08:00:57.631 [ForkJoinPool-1-worker-1] DEBUG org.apache.http.wire - http-outgoing-19 >> "Accept-Encoding: gzip,deflate[\r][\n]"
08:00:57.631 [ForkJoinPool-1-worker-1] DEBUG org.apache.http.wire - http-outgoing-19 >> "[\r][\n]"
08:00:57.631 [ForkJoinPool-1-worker-1] DEBUG org.apache.http.wire - http-outgoing-19 >> "{"id":8,"category":{"id":"25","name":"PEPITO"},"name":"doggie","photoUrls":["pepito.jpg"],"tags":[{"id":0,"name":"perrito"}],"status":"available"}"
08:00:57.936 [ForkJoinPool-1-worker-1] DEBUG org.apache.http.wire - http-outgoing-19 << "HTTP/1.1 200 OK[\r][\n]"
08:00:57.936 [ForkJoinPool-1-worker-1] DEBUG org.apache.http.wire - http-outgoing-19 << "Date: Wed, 24 Aug 2022 11:00:57 GMT[\r][\n]"
08:00:57.936 [ForkJoinPool-1-worker-1] DEBUG org.apache.http.wire - http-outgoing-19 << "Content-Type: application/json[\r][\n]"
08:00:57.936 [ForkJoinPool-1-worker-1] DEBUG org.apache.http.wire - http-outgoing-19 << "Transfer-Encoding: chunked[\r][\n]"
08:00:57.936 [ForkJoinPool-1-worker-1] DEBUG org.apache.http.wire - http-outgoing-19 << "Connection: keep-alive[\r][\n]"
08:00:57.936 [ForkJoinPool-1-worker-1] DEBUG org.apache.http.wire - http-outgoing-19 << "Access-Control-Allow-Origin: *[\r][\n]"
08:00:57.936 [ForkJoinPool-1-worker-1] DEBUG org.apache.http.wire - http-outgoing-19 << "Access-Control-Allow-Methods: GET, POST, DELETE, PUT[\r][\n]"
08:00:57.936 [ForkJoinPool-1-worker-1] DEBUG org.apache.http.wire - http-outgoing-19 << "Access-Control-Allow-Headers: Content-Type, api_key, Authorization[\r][\n]"
08:00:57.936 [ForkJoinPool-1-worker-1] DEBUG org.apache.http.wire - http-outgoing-19 << "Server: Jetty(9.2.9.v20150224)[\r][\n]"
08:00:57.936 [ForkJoinPool-1-worker-1] DEBUG org.apache.http.wire - http-outgoing-19 << "[\r][\n]"
08:00:57.936 [ForkJoinPool-1-worker-1] DEBUG org.apache.http.wire - http-outgoing-19 << "90[\r][\n]"
08:00:57.936 [ForkJoinPool-1-worker-1] DEBUG org.apache.http.wire - http-outgoing-19 << "{"id":8,"category":{"id":25,"name":"PEPITO"},"name":"doggie","photoUrls":["pepito.jpg"],"tags":[{"id":0,"name":"perrito"}],"status":"available"}[\r][\n]"
08:00:57.936 [ForkJoinPool-1-worker-1] DEBUG org.apache.http.headers - http-outgoing-19 << HTTP/1.1 200 OK
08:00:57.936 [ForkJoinPool-1-worker-1] DEBUG org.apache.http.headers - http-outgoing-19 << Date: Wed, 24 Aug 2022 11:00:57 GMT
08:00:57.936 [ForkJoinPool-1-worker-1] DEBUG org.apache.http.headers - http-outgoing-19 << Content-Type: application/json
08:00:57.936 [ForkJoinPool-1-worker-1] DEBUG org.apache.http.headers - http-outgoing-19 << Transfer-Encoding: chunked
08:00:57.936 [ForkJoinPool-1-worker-1] DEBUG org.apache.http.headers - http-outgoing-19 << Connection: keep-alive
08:00:57.936 [ForkJoinPool-1-worker-1] DEBUG org.apache.http.headers - http-outgoing-19 << Access-Control-Allow-Origin: *
08:00:57.936 [ForkJoinPool-1-worker-1] DEBUG org.apache.http.headers - http-outgoing-19 << Access-Control-Allow-Methods: GET, POST, DELETE, PUT
08:00:57.936 [ForkJoinPool-1-worker-1] DEBUG org.apache.http.headers - http-outgoing-19 << Access-Control-Allow-Headers: Content-Type, api_key, Authorization
08:00:57.936 [ForkJoinPool-1-worker-1] DEBUG org.apache.http.headers - http-outgoing-19 << Server: Jetty(9.2.9.v20150224)
08:00:57.936 [ForkJoinPool-1-worker-1] DEBUG org.apache.http.impl.execchain.MainClientExec - Connection can be kept alive indefinitely
08:00:57.937 [ForkJoinPool-1-worker-1] DEBUG org.apache.http.wire - http-outgoing-19 << "0[\r][\n]"
08:00:57.937 [ForkJoinPool-1-worker-1] DEBUG org.apache.http.wire - http-outgoing-19 << "[\r][\n]"
08:00:57.937 [ForkJoinPool-1-worker-1] DEBUG org.apache.http.impl.conn.PoolingHttpClientConnectionManager - Connection [id: 19][route: {s}->https://petstore.swagger.io:443] can be kept alive indefinitely
08:00:57.937 [ForkJoinPool-1-worker-1] DEBUG org.apache.http.impl.conn.DefaultManagedHttpClientConnection - http-outgoing-19: set socket timeout to 0
08:00:57.937 [ForkJoinPool-1-worker-1] DEBUG org.apache.http.impl.conn.PoolingHttpClientConnectionManager - Connection released: [id: 19][route: {s}->https://petstore.swagger.io:443][total available: 1; route allocated: 1 of 5; total allocated: 1 of 10]
08:00:57.937 [ForkJoinPool-1-worker-1] DEBUG com.intuit.karate - response time in milliseconds: 1218.13
1 < 200
1 < Access-Control-Allow-Headers: Content-Type, api_key, Authorization
1 < Access-Control-Allow-Methods: GET, POST, DELETE, PUT
1 < Access-Control-Allow-Origin: *
1 < Connection: keep-alive
1 < Content-Type: application/json
1 < Date: Wed, 24 Aug 2022 11:00:57 GMT
1 < Server: Jetty(9.2.9.v20150224)
1 < Transfer-Encoding: chunked
{"id":8,"category":{"id":25,"name":"PEPITO"},"name":"doggie","photoUrls":["pepito.jpg"],"tags":[{"id":0,"name":"perrito"}],"status":"available"}

08:00:57.938 [ForkJoinPool-1-worker-1] DEBUG com.jayway.jsonpath.internal.path.CompiledPath - Evaluating path: $
08:00:57.945 [ForkJoinPool-1-worker-1] DEBUG com.jayway.jsonpath.internal.path.CompiledPath - Evaluating path: $
08:00:57.946 [ForkJoinPool-1-worker-1] DEBUG com.jayway.jsonpath.internal.path.CompiledPath - Evaluating path: $
08:00:57.947 [ForkJoinPool-1-worker-1] DEBUG com.jayway.jsonpath.internal.path.CompiledPath - Evaluating path: $
08:00:57.947 [ForkJoinPool-1-worker-1] DEBUG com.jayway.jsonpath.internal.path.CompiledPath - Evaluating path: $
08:00:57.948 [ForkJoinPool-1-worker-1] DEBUG com.jayway.jsonpath.internal.path.CompiledPath - Evaluating path: $
08:00:57.949 [ForkJoinPool-1-worker-1] DEBUG org.apache.http.client.protocol.RequestAddCookies - CookieSpec selected: karate
08:00:57.949 [ForkJoinPool-1-worker-1] DEBUG org.apache.http.client.protocol.RequestAuthCache - Auth cache not set in the context
08:00:57.949 [ForkJoinPool-1-worker-1] DEBUG com.intuit.karate - request:
1 > PUT https://petstore.swagger.io/v2/pet
1 > Accept-Encoding: gzip,deflate
1 > Connection: Keep-Alive
1 > Content-Length: 147
1 > Content-Type: application/json; charset=UTF-8
1 > Host: petstore.swagger.io
1 > User-Agent: Apache-HttpClient/4.5.12 (Java/1.8.0_331)
{"id":8,"category":{"id":"365","name":"pepe15"},"name":"doggie","photoUrls":["pepito.jpg"],"tags":[{"id":0,"name":"perrito"}],"status":"available"}

08:00:57.949 [ForkJoinPool-1-worker-1] DEBUG org.apache.http.impl.conn.PoolingHttpClientConnectionManager - Connection request: [route: {s}->https://petstore.swagger.io:443][total available: 0; route allocated: 0 of 5; total allocated: 0 of 10]
08:00:57.950 [ForkJoinPool-1-worker-1] DEBUG org.apache.http.impl.conn.PoolingHttpClientConnectionManager - Connection leased: [id: 20][route: {s}->https://petstore.swagger.io:443][total available: 0; route allocated: 1 of 5; total allocated: 1 of 10]
08:00:57.950 [ForkJoinPool-1-worker-1] DEBUG org.apache.http.impl.execchain.MainClientExec - Opening connection {s}->https://petstore.swagger.io:443
08:00:57.950 [ForkJoinPool-1-worker-1] DEBUG org.apache.http.impl.conn.DefaultHttpClientConnectionOperator - Connecting to petstore.swagger.io/35.174.182.136:443
08:00:57.950 [ForkJoinPool-1-worker-1] DEBUG org.apache.http.conn.ssl.SSLConnectionSocketFactory - Connecting socket to petstore.swagger.io/35.174.182.136:443 with timeout 30000
08:00:58.246 [ForkJoinPool-1-worker-1] DEBUG org.apache.http.conn.ssl.SSLConnectionSocketFactory - Enabled protocols: [TLSv1.2]
08:00:58.246 [ForkJoinPool-1-worker-1] DEBUG org.apache.http.conn.ssl.SSLConnectionSocketFactory - Enabled cipher suites:[TLS_ECDHE_ECDSA_WITH_AES_256_GCM_SHA384, TLS_ECDHE_ECDSA_WITH_AES_128_GCM_SHA256, TLS_ECDHE_RSA_WITH_AES_256_GCM_SHA384, TLS_ECDHE_RSA_WITH_AES_128_GCM_SHA256, TLS_DHE_RSA_WITH_AES_256_GCM_SHA384, TLS_DHE_DSS_WITH_AES_256_GCM_SHA384, TLS_DHE_RSA_WITH_AES_128_GCM_SHA256, TLS_DHE_DSS_WITH_AES_128_GCM_SHA256, TLS_ECDHE_ECDSA_WITH_AES_256_CBC_SHA384, TLS_ECDHE_RSA_WITH_AES_256_CBC_SHA384, TLS_ECDHE_ECDSA_WITH_AES_128_CBC_SHA256, TLS_ECDHE_RSA_WITH_AES_128_CBC_SHA256, TLS_DHE_RSA_WITH_AES_256_CBC_SHA256, TLS_DHE_DSS_WITH_AES_256_CBC_SHA256, TLS_DHE_RSA_WITH_AES_128_CBC_SHA256, TLS_DHE_DSS_WITH_AES_128_CBC_SHA256, TLS_ECDH_ECDSA_WITH_AES_256_GCM_SHA384, TLS_ECDH_RSA_WITH_AES_256_GCM_SHA384, TLS_ECDH_ECDSA_WITH_AES_128_GCM_SHA256, TLS_ECDH_RSA_WITH_AES_128_GCM_SHA256, TLS_ECDH_ECDSA_WITH_AES_256_CBC_SHA384, TLS_ECDH_RSA_WITH_AES_256_CBC_SHA384, TLS_ECDH_ECDSA_WITH_AES_128_CBC_SHA256, TLS_ECDH_RSA_WITH_AES_128_CBC_SHA256, TLS_ECDHE_ECDSA_WITH_AES_256_CBC_SHA, TLS_ECDHE_RSA_WITH_AES_256_CBC_SHA, TLS_ECDHE_ECDSA_WITH_AES_128_CBC_SHA, TLS_ECDHE_RSA_WITH_AES_128_CBC_SHA, TLS_DHE_RSA_WITH_AES_256_CBC_SHA, TLS_DHE_DSS_WITH_AES_256_CBC_SHA, TLS_DHE_RSA_WITH_AES_128_CBC_SHA, TLS_DHE_DSS_WITH_AES_128_CBC_SHA, TLS_ECDH_ECDSA_WITH_AES_256_CBC_SHA, TLS_ECDH_RSA_WITH_AES_256_CBC_SHA, TLS_ECDH_ECDSA_WITH_AES_128_CBC_SHA, TLS_ECDH_RSA_WITH_AES_128_CBC_SHA, TLS_RSA_WITH_AES_256_GCM_SHA384, TLS_RSA_WITH_AES_128_GCM_SHA256, TLS_RSA_WITH_AES_256_CBC_SHA256, TLS_RSA_WITH_AES_128_CBC_SHA256, TLS_RSA_WITH_AES_256_CBC_SHA, TLS_RSA_WITH_AES_128_CBC_SHA, TLS_EMPTY_RENEGOTIATION_INFO_SCSV]
08:00:58.246 [ForkJoinPool-1-worker-1] DEBUG org.apache.http.conn.ssl.SSLConnectionSocketFactory - Starting handshake
08:00:58.725 [ForkJoinPool-1-worker-1] DEBUG org.apache.http.conn.ssl.SSLConnectionSocketFactory - Secure session established
08:00:58.725 [ForkJoinPool-1-worker-1] DEBUG org.apache.http.conn.ssl.SSLConnectionSocketFactory -  negotiated protocol: TLSv1.2
08:00:58.725 [ForkJoinPool-1-worker-1] DEBUG org.apache.http.conn.ssl.SSLConnectionSocketFactory -  negotiated cipher suite: TLS_ECDHE_RSA_WITH_AES_128_GCM_SHA256
08:00:58.725 [ForkJoinPool-1-worker-1] DEBUG org.apache.http.conn.ssl.SSLConnectionSocketFactory -  peer principal: CN=*.swagger.io
08:00:58.725 [ForkJoinPool-1-worker-1] DEBUG org.apache.http.conn.ssl.SSLConnectionSocketFactory -  peer alternative names: [*.swagger.io]
08:00:58.725 [ForkJoinPool-1-worker-1] DEBUG org.apache.http.conn.ssl.SSLConnectionSocketFactory -  issuer principal: CN=Amazon, OU=Server CA 1B, O=Amazon, C=US
08:00:58.726 [ForkJoinPool-1-worker-1] DEBUG org.apache.http.impl.conn.DefaultHttpClientConnectionOperator - Connection established 192.168.2.247:44638<->35.174.182.136:443
08:00:58.726 [ForkJoinPool-1-worker-1] DEBUG org.apache.http.impl.conn.DefaultManagedHttpClientConnection - http-outgoing-20: set socket timeout to 30000
08:00:58.726 [ForkJoinPool-1-worker-1] DEBUG org.apache.http.impl.execchain.MainClientExec - Executing request PUT /v2/pet HTTP/1.1
08:00:58.726 [ForkJoinPool-1-worker-1] DEBUG org.apache.http.impl.execchain.MainClientExec - Target auth state: UNCHALLENGED
08:00:58.726 [ForkJoinPool-1-worker-1] DEBUG org.apache.http.impl.execchain.MainClientExec - Proxy auth state: UNCHALLENGED
08:00:58.726 [ForkJoinPool-1-worker-1] DEBUG org.apache.http.headers - http-outgoing-20 >> PUT /v2/pet HTTP/1.1
08:00:58.726 [ForkJoinPool-1-worker-1] DEBUG org.apache.http.headers - http-outgoing-20 >> Content-Type: application/json; charset=UTF-8
08:00:58.726 [ForkJoinPool-1-worker-1] DEBUG org.apache.http.headers - http-outgoing-20 >> Content-Length: 147
08:00:58.726 [ForkJoinPool-1-worker-1] DEBUG org.apache.http.headers - http-outgoing-20 >> Host: petstore.swagger.io
08:00:58.726 [ForkJoinPool-1-worker-1] DEBUG org.apache.http.headers - http-outgoing-20 >> Connection: Keep-Alive
08:00:58.726 [ForkJoinPool-1-worker-1] DEBUG org.apache.http.headers - http-outgoing-20 >> User-Agent: Apache-HttpClient/4.5.12 (Java/1.8.0_331)
08:00:58.726 [ForkJoinPool-1-worker-1] DEBUG org.apache.http.headers - http-outgoing-20 >> Accept-Encoding: gzip,deflate
08:00:58.726 [ForkJoinPool-1-worker-1] DEBUG org.apache.http.wire - http-outgoing-20 >> "PUT /v2/pet HTTP/1.1[\r][\n]"
08:00:58.726 [ForkJoinPool-1-worker-1] DEBUG org.apache.http.wire - http-outgoing-20 >> "Content-Type: application/json; charset=UTF-8[\r][\n]"
08:00:58.726 [ForkJoinPool-1-worker-1] DEBUG org.apache.http.wire - http-outgoing-20 >> "Content-Length: 147[\r][\n]"
08:00:58.726 [ForkJoinPool-1-worker-1] DEBUG org.apache.http.wire - http-outgoing-20 >> "Host: petstore.swagger.io[\r][\n]"
08:00:58.726 [ForkJoinPool-1-worker-1] DEBUG org.apache.http.wire - http-outgoing-20 >> "Connection: Keep-Alive[\r][\n]"
08:00:58.726 [ForkJoinPool-1-worker-1] DEBUG org.apache.http.wire - http-outgoing-20 >> "User-Agent: Apache-HttpClient/4.5.12 (Java/1.8.0_331)[\r][\n]"
08:00:58.726 [ForkJoinPool-1-worker-1] DEBUG org.apache.http.wire - http-outgoing-20 >> "Accept-Encoding: gzip,deflate[\r][\n]"
08:00:58.726 [ForkJoinPool-1-worker-1] DEBUG org.apache.http.wire - http-outgoing-20 >> "[\r][\n]"
08:00:58.726 [ForkJoinPool-1-worker-1] DEBUG org.apache.http.wire - http-outgoing-20 >> "{"id":8,"category":{"id":"365","name":"pepe15"},"name":"doggie","photoUrls":["pepito.jpg"],"tags":[{"id":0,"name":"perrito"}],"status":"available"}"
08:00:59.167 [ForkJoinPool-1-worker-1] DEBUG org.apache.http.wire - http-outgoing-20 << "HTTP/1.1 200 OK[\r][\n]"
08:00:59.167 [ForkJoinPool-1-worker-1] DEBUG org.apache.http.wire - http-outgoing-20 << "Date: Wed, 24 Aug 2022 11:00:58 GMT[\r][\n]"
08:00:59.167 [ForkJoinPool-1-worker-1] DEBUG org.apache.http.wire - http-outgoing-20 << "Content-Type: application/json[\r][\n]"
08:00:59.167 [ForkJoinPool-1-worker-1] DEBUG org.apache.http.wire - http-outgoing-20 << "Transfer-Encoding: chunked[\r][\n]"
08:00:59.167 [ForkJoinPool-1-worker-1] DEBUG org.apache.http.wire - http-outgoing-20 << "Connection: keep-alive[\r][\n]"
08:00:59.167 [ForkJoinPool-1-worker-1] DEBUG org.apache.http.wire - http-outgoing-20 << "Access-Control-Allow-Origin: *[\r][\n]"
08:00:59.167 [ForkJoinPool-1-worker-1] DEBUG org.apache.http.wire - http-outgoing-20 << "Access-Control-Allow-Methods: GET, POST, DELETE, PUT[\r][\n]"
08:00:59.168 [ForkJoinPool-1-worker-1] DEBUG org.apache.http.wire - http-outgoing-20 << "Access-Control-Allow-Headers: Content-Type, api_key, Authorization[\r][\n]"
08:00:59.168 [ForkJoinPool-1-worker-1] DEBUG org.apache.http.wire - http-outgoing-20 << "Server: Jetty(9.2.9.v20150224)[\r][\n]"
08:00:59.168 [ForkJoinPool-1-worker-1] DEBUG org.apache.http.wire - http-outgoing-20 << "[\r][\n]"
08:00:59.168 [ForkJoinPool-1-worker-1] DEBUG org.apache.http.wire - http-outgoing-20 << "91[\r][\n]"
08:00:59.168 [ForkJoinPool-1-worker-1] DEBUG org.apache.http.wire - http-outgoing-20 << "{"id":8,"category":{"id":365,"name":"pepe15"},"name":"doggie","photoUrls":["pepito.jpg"],"tags":[{"id":0,"name":"perrito"}],"status":"available"}[\r][\n]"
08:00:59.168 [ForkJoinPool-1-worker-1] DEBUG org.apache.http.headers - http-outgoing-20 << HTTP/1.1 200 OK
08:00:59.168 [ForkJoinPool-1-worker-1] DEBUG org.apache.http.headers - http-outgoing-20 << Date: Wed, 24 Aug 2022 11:00:58 GMT
08:00:59.168 [ForkJoinPool-1-worker-1] DEBUG org.apache.http.headers - http-outgoing-20 << Content-Type: application/json
08:00:59.168 [ForkJoinPool-1-worker-1] DEBUG org.apache.http.headers - http-outgoing-20 << Transfer-Encoding: chunked
08:00:59.168 [ForkJoinPool-1-worker-1] DEBUG org.apache.http.headers - http-outgoing-20 << Connection: keep-alive
08:00:59.168 [ForkJoinPool-1-worker-1] DEBUG org.apache.http.headers - http-outgoing-20 << Access-Control-Allow-Origin: *
08:00:59.168 [ForkJoinPool-1-worker-1] DEBUG org.apache.http.headers - http-outgoing-20 << Access-Control-Allow-Methods: GET, POST, DELETE, PUT
08:00:59.168 [ForkJoinPool-1-worker-1] DEBUG org.apache.http.headers - http-outgoing-20 << Access-Control-Allow-Headers: Content-Type, api_key, Authorization
08:00:59.168 [ForkJoinPool-1-worker-1] DEBUG org.apache.http.headers - http-outgoing-20 << Server: Jetty(9.2.9.v20150224)
08:00:59.168 [ForkJoinPool-1-worker-1] DEBUG org.apache.http.impl.execchain.MainClientExec - Connection can be kept alive indefinitely
08:00:59.168 [ForkJoinPool-1-worker-1] DEBUG org.apache.http.wire - http-outgoing-20 << "0[\r][\n]"
08:00:59.168 [ForkJoinPool-1-worker-1] DEBUG org.apache.http.wire - http-outgoing-20 << "[\r][\n]"
08:00:59.169 [ForkJoinPool-1-worker-1] DEBUG org.apache.http.impl.conn.PoolingHttpClientConnectionManager - Connection [id: 20][route: {s}->https://petstore.swagger.io:443] can be kept alive indefinitely
08:00:59.169 [ForkJoinPool-1-worker-1] DEBUG org.apache.http.impl.conn.DefaultManagedHttpClientConnection - http-outgoing-20: set socket timeout to 0
08:00:59.169 [ForkJoinPool-1-worker-1] DEBUG org.apache.http.impl.conn.PoolingHttpClientConnectionManager - Connection released: [id: 20][route: {s}->https://petstore.swagger.io:443][total available: 1; route allocated: 1 of 5; total allocated: 1 of 10]
08:00:59.169 [ForkJoinPool-1-worker-1] DEBUG com.intuit.karate - response time in milliseconds: 1218.63
1 < 200
1 < Access-Control-Allow-Headers: Content-Type, api_key, Authorization
1 < Access-Control-Allow-Methods: GET, POST, DELETE, PUT
1 < Access-Control-Allow-Origin: *
1 < Connection: keep-alive
1 < Content-Type: application/json
1 < Date: Wed, 24 Aug 2022 11:00:58 GMT
1 < Server: Jetty(9.2.9.v20150224)
1 < Transfer-Encoding: chunked
{"id":8,"category":{"id":365,"name":"pepe15"},"name":"doggie","photoUrls":["pepito.jpg"],"tags":[{"id":0,"name":"perrito"}],"status":"available"}

08:00:59.170 [ForkJoinPool-1-worker-1] DEBUG com.jayway.jsonpath.internal.path.CompiledPath - Evaluating path: $
08:00:59.174 [ForkJoinPool-1-worker-1] DEBUG com.jayway.jsonpath.internal.path.CompiledPath - Evaluating path: $
08:00:59.174 [ForkJoinPool-1-worker-1] DEBUG com.jayway.jsonpath.internal.path.CompiledPath - Evaluating path: $
08:00:59.175 [ForkJoinPool-1-worker-1] DEBUG com.jayway.jsonpath.internal.path.CompiledPath - Evaluating path: $
08:00:59.176 [ForkJoinPool-1-worker-1] DEBUG com.jayway.jsonpath.internal.path.CompiledPath - Evaluating path: $
08:00:59.176 [ForkJoinPool-1-worker-1] DEBUG com.jayway.jsonpath.internal.path.CompiledPath - Evaluating path: $
08:00:59.177 [ForkJoinPool-1-worker-1] DEBUG org.apache.http.client.protocol.RequestAddCookies - CookieSpec selected: karate
08:00:59.177 [ForkJoinPool-1-worker-1] DEBUG org.apache.http.client.protocol.RequestAuthCache - Auth cache not set in the context
08:00:59.177 [ForkJoinPool-1-worker-1] DEBUG com.intuit.karate - request:
1 > PUT https://petstore.swagger.io/v2/pet
1 > Accept-Encoding: gzip,deflate
1 > Connection: Keep-Alive
1 > Content-Length: 149
1 > Content-Type: application/json; charset=UTF-8
1 > Host: petstore.swagger.io
1 > User-Agent: Apache-HttpClient/4.5.12 (Java/1.8.0_331)
{"id":8,"category":{"id":"4983","name":"pepe-15"},"name":"doggie","photoUrls":["pepito.jpg"],"tags":[{"id":0,"name":"perrito"}],"status":"available"}

08:00:59.178 [ForkJoinPool-1-worker-1] DEBUG org.apache.http.impl.conn.PoolingHttpClientConnectionManager - Connection request: [route: {s}->https://petstore.swagger.io:443][total available: 0; route allocated: 0 of 5; total allocated: 0 of 10]
08:00:59.178 [ForkJoinPool-1-worker-1] DEBUG org.apache.http.impl.conn.PoolingHttpClientConnectionManager - Connection leased: [id: 21][route: {s}->https://petstore.swagger.io:443][total available: 0; route allocated: 1 of 5; total allocated: 1 of 10]
08:00:59.178 [ForkJoinPool-1-worker-1] DEBUG org.apache.http.impl.execchain.MainClientExec - Opening connection {s}->https://petstore.swagger.io:443
08:00:59.178 [ForkJoinPool-1-worker-1] DEBUG org.apache.http.impl.conn.DefaultHttpClientConnectionOperator - Connecting to petstore.swagger.io/35.174.182.136:443
08:00:59.178 [ForkJoinPool-1-worker-1] DEBUG org.apache.http.conn.ssl.SSLConnectionSocketFactory - Connecting socket to petstore.swagger.io/35.174.182.136:443 with timeout 30000
08:00:59.368 [ForkJoinPool-1-worker-1] DEBUG org.apache.http.conn.ssl.SSLConnectionSocketFactory - Enabled protocols: [TLSv1.2]
08:00:59.368 [ForkJoinPool-1-worker-1] DEBUG org.apache.http.conn.ssl.SSLConnectionSocketFactory - Enabled cipher suites:[TLS_ECDHE_ECDSA_WITH_AES_256_GCM_SHA384, TLS_ECDHE_ECDSA_WITH_AES_128_GCM_SHA256, TLS_ECDHE_RSA_WITH_AES_256_GCM_SHA384, TLS_ECDHE_RSA_WITH_AES_128_GCM_SHA256, TLS_DHE_RSA_WITH_AES_256_GCM_SHA384, TLS_DHE_DSS_WITH_AES_256_GCM_SHA384, TLS_DHE_RSA_WITH_AES_128_GCM_SHA256, TLS_DHE_DSS_WITH_AES_128_GCM_SHA256, TLS_ECDHE_ECDSA_WITH_AES_256_CBC_SHA384, TLS_ECDHE_RSA_WITH_AES_256_CBC_SHA384, TLS_ECDHE_ECDSA_WITH_AES_128_CBC_SHA256, TLS_ECDHE_RSA_WITH_AES_128_CBC_SHA256, TLS_DHE_RSA_WITH_AES_256_CBC_SHA256, TLS_DHE_DSS_WITH_AES_256_CBC_SHA256, TLS_DHE_RSA_WITH_AES_128_CBC_SHA256, TLS_DHE_DSS_WITH_AES_128_CBC_SHA256, TLS_ECDH_ECDSA_WITH_AES_256_GCM_SHA384, TLS_ECDH_RSA_WITH_AES_256_GCM_SHA384, TLS_ECDH_ECDSA_WITH_AES_128_GCM_SHA256, TLS_ECDH_RSA_WITH_AES_128_GCM_SHA256, TLS_ECDH_ECDSA_WITH_AES_256_CBC_SHA384, TLS_ECDH_RSA_WITH_AES_256_CBC_SHA384, TLS_ECDH_ECDSA_WITH_AES_128_CBC_SHA256, TLS_ECDH_RSA_WITH_AES_128_CBC_SHA256, TLS_ECDHE_ECDSA_WITH_AES_256_CBC_SHA, TLS_ECDHE_RSA_WITH_AES_256_CBC_SHA, TLS_ECDHE_ECDSA_WITH_AES_128_CBC_SHA, TLS_ECDHE_RSA_WITH_AES_128_CBC_SHA, TLS_DHE_RSA_WITH_AES_256_CBC_SHA, TLS_DHE_DSS_WITH_AES_256_CBC_SHA, TLS_DHE_RSA_WITH_AES_128_CBC_SHA, TLS_DHE_DSS_WITH_AES_128_CBC_SHA, TLS_ECDH_ECDSA_WITH_AES_256_CBC_SHA, TLS_ECDH_RSA_WITH_AES_256_CBC_SHA, TLS_ECDH_ECDSA_WITH_AES_128_CBC_SHA, TLS_ECDH_RSA_WITH_AES_128_CBC_SHA, TLS_RSA_WITH_AES_256_GCM_SHA384, TLS_RSA_WITH_AES_128_GCM_SHA256, TLS_RSA_WITH_AES_256_CBC_SHA256, TLS_RSA_WITH_AES_128_CBC_SHA256, TLS_RSA_WITH_AES_256_CBC_SHA, TLS_RSA_WITH_AES_128_CBC_SHA, TLS_EMPTY_RENEGOTIATION_INFO_SCSV]
08:00:59.368 [ForkJoinPool-1-worker-1] DEBUG org.apache.http.conn.ssl.SSLConnectionSocketFactory - Starting handshake
08:01:00.086 [ForkJoinPool-1-worker-1] DEBUG org.apache.http.conn.ssl.SSLConnectionSocketFactory - Secure session established
08:01:00.086 [ForkJoinPool-1-worker-1] DEBUG org.apache.http.conn.ssl.SSLConnectionSocketFactory -  negotiated protocol: TLSv1.2
08:01:00.086 [ForkJoinPool-1-worker-1] DEBUG org.apache.http.conn.ssl.SSLConnectionSocketFactory -  negotiated cipher suite: TLS_ECDHE_RSA_WITH_AES_128_GCM_SHA256
08:01:00.086 [ForkJoinPool-1-worker-1] DEBUG org.apache.http.conn.ssl.SSLConnectionSocketFactory -  peer principal: CN=*.swagger.io
08:01:00.086 [ForkJoinPool-1-worker-1] DEBUG org.apache.http.conn.ssl.SSLConnectionSocketFactory -  peer alternative names: [*.swagger.io]
08:01:00.086 [ForkJoinPool-1-worker-1] DEBUG org.apache.http.conn.ssl.SSLConnectionSocketFactory -  issuer principal: CN=Amazon, OU=Server CA 1B, O=Amazon, C=US
08:01:00.087 [ForkJoinPool-1-worker-1] DEBUG org.apache.http.impl.conn.DefaultHttpClientConnectionOperator - Connection established 192.168.2.247:44640<->35.174.182.136:443
08:01:00.087 [ForkJoinPool-1-worker-1] DEBUG org.apache.http.impl.conn.DefaultManagedHttpClientConnection - http-outgoing-21: set socket timeout to 30000
08:01:00.087 [ForkJoinPool-1-worker-1] DEBUG org.apache.http.impl.execchain.MainClientExec - Executing request PUT /v2/pet HTTP/1.1
08:01:00.087 [ForkJoinPool-1-worker-1] DEBUG org.apache.http.impl.execchain.MainClientExec - Target auth state: UNCHALLENGED
08:01:00.087 [ForkJoinPool-1-worker-1] DEBUG org.apache.http.impl.execchain.MainClientExec - Proxy auth state: UNCHALLENGED
08:01:00.087 [ForkJoinPool-1-worker-1] DEBUG org.apache.http.headers - http-outgoing-21 >> PUT /v2/pet HTTP/1.1
08:01:00.087 [ForkJoinPool-1-worker-1] DEBUG org.apache.http.headers - http-outgoing-21 >> Content-Type: application/json; charset=UTF-8
08:01:00.087 [ForkJoinPool-1-worker-1] DEBUG org.apache.http.headers - http-outgoing-21 >> Content-Length: 149
08:01:00.087 [ForkJoinPool-1-worker-1] DEBUG org.apache.http.headers - http-outgoing-21 >> Host: petstore.swagger.io
08:01:00.087 [ForkJoinPool-1-worker-1] DEBUG org.apache.http.headers - http-outgoing-21 >> Connection: Keep-Alive
08:01:00.087 [ForkJoinPool-1-worker-1] DEBUG org.apache.http.headers - http-outgoing-21 >> User-Agent: Apache-HttpClient/4.5.12 (Java/1.8.0_331)
08:01:00.087 [ForkJoinPool-1-worker-1] DEBUG org.apache.http.headers - http-outgoing-21 >> Accept-Encoding: gzip,deflate
08:01:00.087 [ForkJoinPool-1-worker-1] DEBUG org.apache.http.wire - http-outgoing-21 >> "PUT /v2/pet HTTP/1.1[\r][\n]"
08:01:00.087 [ForkJoinPool-1-worker-1] DEBUG org.apache.http.wire - http-outgoing-21 >> "Content-Type: application/json; charset=UTF-8[\r][\n]"
08:01:00.088 [ForkJoinPool-1-worker-1] DEBUG org.apache.http.wire - http-outgoing-21 >> "Content-Length: 149[\r][\n]"
08:01:00.088 [ForkJoinPool-1-worker-1] DEBUG org.apache.http.wire - http-outgoing-21 >> "Host: petstore.swagger.io[\r][\n]"
08:01:00.088 [ForkJoinPool-1-worker-1] DEBUG org.apache.http.wire - http-outgoing-21 >> "Connection: Keep-Alive[\r][\n]"
08:01:00.088 [ForkJoinPool-1-worker-1] DEBUG org.apache.http.wire - http-outgoing-21 >> "User-Agent: Apache-HttpClient/4.5.12 (Java/1.8.0_331)[\r][\n]"
08:01:00.088 [ForkJoinPool-1-worker-1] DEBUG org.apache.http.wire - http-outgoing-21 >> "Accept-Encoding: gzip,deflate[\r][\n]"
08:01:00.088 [ForkJoinPool-1-worker-1] DEBUG org.apache.http.wire - http-outgoing-21 >> "[\r][\n]"
08:01:00.088 [ForkJoinPool-1-worker-1] DEBUG org.apache.http.wire - http-outgoing-21 >> "{"id":8,"category":{"id":"4983","name":"pepe-15"},"name":"doggie","photoUrls":["pepito.jpg"],"tags":[{"id":0,"name":"perrito"}],"status":"available"}"
08:01:00.392 [ForkJoinPool-1-worker-1] DEBUG org.apache.http.wire - http-outgoing-21 << "HTTP/1.1 200 OK[\r][\n]"
08:01:00.392 [ForkJoinPool-1-worker-1] DEBUG org.apache.http.wire - http-outgoing-21 << "Date: Wed, 24 Aug 2022 11:01:00 GMT[\r][\n]"
08:01:00.392 [ForkJoinPool-1-worker-1] DEBUG org.apache.http.wire - http-outgoing-21 << "Content-Type: application/json[\r][\n]"
08:01:00.392 [ForkJoinPool-1-worker-1] DEBUG org.apache.http.wire - http-outgoing-21 << "Transfer-Encoding: chunked[\r][\n]"
08:01:00.392 [ForkJoinPool-1-worker-1] DEBUG org.apache.http.wire - http-outgoing-21 << "Connection: keep-alive[\r][\n]"
08:01:00.392 [ForkJoinPool-1-worker-1] DEBUG org.apache.http.wire - http-outgoing-21 << "Access-Control-Allow-Origin: *[\r][\n]"
08:01:00.392 [ForkJoinPool-1-worker-1] DEBUG org.apache.http.wire - http-outgoing-21 << "Access-Control-Allow-Methods: GET, POST, DELETE, PUT[\r][\n]"
08:01:00.392 [ForkJoinPool-1-worker-1] DEBUG org.apache.http.wire - http-outgoing-21 << "Access-Control-Allow-Headers: Content-Type, api_key, Authorization[\r][\n]"
08:01:00.392 [ForkJoinPool-1-worker-1] DEBUG org.apache.http.wire - http-outgoing-21 << "Server: Jetty(9.2.9.v20150224)[\r][\n]"
08:01:00.392 [ForkJoinPool-1-worker-1] DEBUG org.apache.http.wire - http-outgoing-21 << "[\r][\n]"
08:01:00.392 [ForkJoinPool-1-worker-1] DEBUG org.apache.http.wire - http-outgoing-21 << "93[\r][\n]"
08:01:00.392 [ForkJoinPool-1-worker-1] DEBUG org.apache.http.wire - http-outgoing-21 << "{"id":8,"category":{"id":4983,"name":"pepe-15"},"name":"doggie","photoUrls":["pepito.jpg"],"tags":[{"id":0,"name":"perrito"}],"status":"available"}[\r][\n]"
08:01:00.392 [ForkJoinPool-1-worker-1] DEBUG org.apache.http.headers - http-outgoing-21 << HTTP/1.1 200 OK
08:01:00.392 [ForkJoinPool-1-worker-1] DEBUG org.apache.http.headers - http-outgoing-21 << Date: Wed, 24 Aug 2022 11:01:00 GMT
08:01:00.392 [ForkJoinPool-1-worker-1] DEBUG org.apache.http.headers - http-outgoing-21 << Content-Type: application/json
08:01:00.392 [ForkJoinPool-1-worker-1] DEBUG org.apache.http.headers - http-outgoing-21 << Transfer-Encoding: chunked
08:01:00.392 [ForkJoinPool-1-worker-1] DEBUG org.apache.http.headers - http-outgoing-21 << Connection: keep-alive
08:01:00.392 [ForkJoinPool-1-worker-1] DEBUG org.apache.http.headers - http-outgoing-21 << Access-Control-Allow-Origin: *
08:01:00.392 [ForkJoinPool-1-worker-1] DEBUG org.apache.http.headers - http-outgoing-21 << Access-Control-Allow-Methods: GET, POST, DELETE, PUT
08:01:00.392 [ForkJoinPool-1-worker-1] DEBUG org.apache.http.headers - http-outgoing-21 << Access-Control-Allow-Headers: Content-Type, api_key, Authorization
08:01:00.392 [ForkJoinPool-1-worker-1] DEBUG org.apache.http.headers - http-outgoing-21 << Server: Jetty(9.2.9.v20150224)
08:01:00.393 [ForkJoinPool-1-worker-1] DEBUG org.apache.http.impl.execchain.MainClientExec - Connection can be kept alive indefinitely
08:01:00.393 [ForkJoinPool-1-worker-1] DEBUG org.apache.http.wire - http-outgoing-21 << "0[\r][\n]"
08:01:00.393 [ForkJoinPool-1-worker-1] DEBUG org.apache.http.wire - http-outgoing-21 << "[\r][\n]"
08:01:00.393 [ForkJoinPool-1-worker-1] DEBUG org.apache.http.impl.conn.PoolingHttpClientConnectionManager - Connection [id: 21][route: {s}->https://petstore.swagger.io:443] can be kept alive indefinitely
08:01:00.394 [ForkJoinPool-1-worker-1] DEBUG org.apache.http.impl.conn.DefaultManagedHttpClientConnection - http-outgoing-21: set socket timeout to 0
08:01:00.394 [ForkJoinPool-1-worker-1] DEBUG org.apache.http.impl.conn.PoolingHttpClientConnectionManager - Connection released: [id: 21][route: {s}->https://petstore.swagger.io:443][total available: 1; route allocated: 1 of 5; total allocated: 1 of 10]
08:01:00.394 [ForkJoinPool-1-worker-1] DEBUG com.intuit.karate - response time in milliseconds: 1215.31
1 < 200
1 < Access-Control-Allow-Headers: Content-Type, api_key, Authorization
1 < Access-Control-Allow-Methods: GET, POST, DELETE, PUT
1 < Access-Control-Allow-Origin: *
1 < Connection: keep-alive
1 < Content-Type: application/json
1 < Date: Wed, 24 Aug 2022 11:01:00 GMT
1 < Server: Jetty(9.2.9.v20150224)
1 < Transfer-Encoding: chunked
{"id":8,"category":{"id":4983,"name":"pepe-15"},"name":"doggie","photoUrls":["pepito.jpg"],"tags":[{"id":0,"name":"perrito"}],"status":"available"}

08:01:00.395 [ForkJoinPool-1-worker-1] DEBUG com.jayway.jsonpath.internal.path.CompiledPath - Evaluating path: $
08:01:00.400 [ForkJoinPool-1-worker-1] DEBUG com.jayway.jsonpath.internal.path.CompiledPath - Evaluating path: $
08:01:00.400 [ForkJoinPool-1-worker-1] DEBUG com.jayway.jsonpath.internal.path.CompiledPath - Evaluating path: $
08:01:00.401 [ForkJoinPool-1-worker-1] DEBUG com.jayway.jsonpath.internal.path.CompiledPath - Evaluating path: $
08:01:00.401 [ForkJoinPool-1-worker-1] DEBUG com.jayway.jsonpath.internal.path.CompiledPath - Evaluating path: $
08:01:00.401 [ForkJoinPool-1-worker-1] DEBUG com.jayway.jsonpath.internal.path.CompiledPath - Evaluating path: $
08:01:00.402 [ForkJoinPool-1-worker-1] DEBUG org.apache.http.client.protocol.RequestAddCookies - CookieSpec selected: karate
08:01:00.402 [ForkJoinPool-1-worker-1] DEBUG org.apache.http.client.protocol.RequestAuthCache - Auth cache not set in the context
08:01:00.403 [ForkJoinPool-1-worker-1] DEBUG com.intuit.karate - request:
1 > PUT https://petstore.swagger.io/v2/pet
1 > Accept-Encoding: gzip,deflate
1 > Connection: Keep-Alive
1 > Content-Length: 144
1 > Content-Type: application/json; charset=UTF-8
1 > Host: petstore.swagger.io
1 > User-Agent: Apache-HttpClient/4.5.12 (Java/1.8.0_331)
{"id":8,"category":{"id":"26983","name":"p"},"name":"doggie","photoUrls":["pepito.jpg"],"tags":[{"id":0,"name":"perrito"}],"status":"available"}

08:01:00.403 [ForkJoinPool-1-worker-1] DEBUG org.apache.http.impl.conn.PoolingHttpClientConnectionManager - Connection request: [route: {s}->https://petstore.swagger.io:443][total available: 0; route allocated: 0 of 5; total allocated: 0 of 10]
08:01:00.403 [ForkJoinPool-1-worker-1] DEBUG org.apache.http.impl.conn.PoolingHttpClientConnectionManager - Connection leased: [id: 22][route: {s}->https://petstore.swagger.io:443][total available: 0; route allocated: 1 of 5; total allocated: 1 of 10]
08:01:00.403 [ForkJoinPool-1-worker-1] DEBUG org.apache.http.impl.execchain.MainClientExec - Opening connection {s}->https://petstore.swagger.io:443
08:01:00.403 [ForkJoinPool-1-worker-1] DEBUG org.apache.http.impl.conn.DefaultHttpClientConnectionOperator - Connecting to petstore.swagger.io/35.174.182.136:443
08:01:00.403 [ForkJoinPool-1-worker-1] DEBUG org.apache.http.conn.ssl.SSLConnectionSocketFactory - Connecting socket to petstore.swagger.io/35.174.182.136:443 with timeout 30000
08:01:00.700 [ForkJoinPool-1-worker-1] DEBUG org.apache.http.conn.ssl.SSLConnectionSocketFactory - Enabled protocols: [TLSv1.2]
08:01:00.700 [ForkJoinPool-1-worker-1] DEBUG org.apache.http.conn.ssl.SSLConnectionSocketFactory - Enabled cipher suites:[TLS_ECDHE_ECDSA_WITH_AES_256_GCM_SHA384, TLS_ECDHE_ECDSA_WITH_AES_128_GCM_SHA256, TLS_ECDHE_RSA_WITH_AES_256_GCM_SHA384, TLS_ECDHE_RSA_WITH_AES_128_GCM_SHA256, TLS_DHE_RSA_WITH_AES_256_GCM_SHA384, TLS_DHE_DSS_WITH_AES_256_GCM_SHA384, TLS_DHE_RSA_WITH_AES_128_GCM_SHA256, TLS_DHE_DSS_WITH_AES_128_GCM_SHA256, TLS_ECDHE_ECDSA_WITH_AES_256_CBC_SHA384, TLS_ECDHE_RSA_WITH_AES_256_CBC_SHA384, TLS_ECDHE_ECDSA_WITH_AES_128_CBC_SHA256, TLS_ECDHE_RSA_WITH_AES_128_CBC_SHA256, TLS_DHE_RSA_WITH_AES_256_CBC_SHA256, TLS_DHE_DSS_WITH_AES_256_CBC_SHA256, TLS_DHE_RSA_WITH_AES_128_CBC_SHA256, TLS_DHE_DSS_WITH_AES_128_CBC_SHA256, TLS_ECDH_ECDSA_WITH_AES_256_GCM_SHA384, TLS_ECDH_RSA_WITH_AES_256_GCM_SHA384, TLS_ECDH_ECDSA_WITH_AES_128_GCM_SHA256, TLS_ECDH_RSA_WITH_AES_128_GCM_SHA256, TLS_ECDH_ECDSA_WITH_AES_256_CBC_SHA384, TLS_ECDH_RSA_WITH_AES_256_CBC_SHA384, TLS_ECDH_ECDSA_WITH_AES_128_CBC_SHA256, TLS_ECDH_RSA_WITH_AES_128_CBC_SHA256, TLS_ECDHE_ECDSA_WITH_AES_256_CBC_SHA, TLS_ECDHE_RSA_WITH_AES_256_CBC_SHA, TLS_ECDHE_ECDSA_WITH_AES_128_CBC_SHA, TLS_ECDHE_RSA_WITH_AES_128_CBC_SHA, TLS_DHE_RSA_WITH_AES_256_CBC_SHA, TLS_DHE_DSS_WITH_AES_256_CBC_SHA, TLS_DHE_RSA_WITH_AES_128_CBC_SHA, TLS_DHE_DSS_WITH_AES_128_CBC_SHA, TLS_ECDH_ECDSA_WITH_AES_256_CBC_SHA, TLS_ECDH_RSA_WITH_AES_256_CBC_SHA, TLS_ECDH_ECDSA_WITH_AES_128_CBC_SHA, TLS_ECDH_RSA_WITH_AES_128_CBC_SHA, TLS_RSA_WITH_AES_256_GCM_SHA384, TLS_RSA_WITH_AES_128_GCM_SHA256, TLS_RSA_WITH_AES_256_CBC_SHA256, TLS_RSA_WITH_AES_128_CBC_SHA256, TLS_RSA_WITH_AES_256_CBC_SHA, TLS_RSA_WITH_AES_128_CBC_SHA, TLS_EMPTY_RENEGOTIATION_INFO_SCSV]
08:01:00.700 [ForkJoinPool-1-worker-1] DEBUG org.apache.http.conn.ssl.SSLConnectionSocketFactory - Starting handshake
08:01:01.267 [ForkJoinPool-1-worker-1] DEBUG org.apache.http.conn.ssl.SSLConnectionSocketFactory - Secure session established
08:01:01.268 [ForkJoinPool-1-worker-1] DEBUG org.apache.http.conn.ssl.SSLConnectionSocketFactory -  negotiated protocol: TLSv1.2
08:01:01.268 [ForkJoinPool-1-worker-1] DEBUG org.apache.http.conn.ssl.SSLConnectionSocketFactory -  negotiated cipher suite: TLS_ECDHE_RSA_WITH_AES_128_GCM_SHA256
08:01:01.268 [ForkJoinPool-1-worker-1] DEBUG org.apache.http.conn.ssl.SSLConnectionSocketFactory -  peer principal: CN=*.swagger.io
08:01:01.268 [ForkJoinPool-1-worker-1] DEBUG org.apache.http.conn.ssl.SSLConnectionSocketFactory -  peer alternative names: [*.swagger.io]
08:01:01.268 [ForkJoinPool-1-worker-1] DEBUG org.apache.http.conn.ssl.SSLConnectionSocketFactory -  issuer principal: CN=Amazon, OU=Server CA 1B, O=Amazon, C=US
08:01:01.268 [ForkJoinPool-1-worker-1] DEBUG org.apache.http.impl.conn.DefaultHttpClientConnectionOperator - Connection established 192.168.2.247:44642<->35.174.182.136:443
08:01:01.268 [ForkJoinPool-1-worker-1] DEBUG org.apache.http.impl.conn.DefaultManagedHttpClientConnection - http-outgoing-22: set socket timeout to 30000
08:01:01.268 [ForkJoinPool-1-worker-1] DEBUG org.apache.http.impl.execchain.MainClientExec - Executing request PUT /v2/pet HTTP/1.1
08:01:01.268 [ForkJoinPool-1-worker-1] DEBUG org.apache.http.impl.execchain.MainClientExec - Target auth state: UNCHALLENGED
08:01:01.268 [ForkJoinPool-1-worker-1] DEBUG org.apache.http.impl.execchain.MainClientExec - Proxy auth state: UNCHALLENGED
08:01:01.268 [ForkJoinPool-1-worker-1] DEBUG org.apache.http.headers - http-outgoing-22 >> PUT /v2/pet HTTP/1.1
08:01:01.268 [ForkJoinPool-1-worker-1] DEBUG org.apache.http.headers - http-outgoing-22 >> Content-Type: application/json; charset=UTF-8
08:01:01.268 [ForkJoinPool-1-worker-1] DEBUG org.apache.http.headers - http-outgoing-22 >> Content-Length: 144
08:01:01.268 [ForkJoinPool-1-worker-1] DEBUG org.apache.http.headers - http-outgoing-22 >> Host: petstore.swagger.io
08:01:01.268 [ForkJoinPool-1-worker-1] DEBUG org.apache.http.headers - http-outgoing-22 >> Connection: Keep-Alive
08:01:01.268 [ForkJoinPool-1-worker-1] DEBUG org.apache.http.headers - http-outgoing-22 >> User-Agent: Apache-HttpClient/4.5.12 (Java/1.8.0_331)
08:01:01.268 [ForkJoinPool-1-worker-1] DEBUG org.apache.http.headers - http-outgoing-22 >> Accept-Encoding: gzip,deflate
08:01:01.268 [ForkJoinPool-1-worker-1] DEBUG org.apache.http.wire - http-outgoing-22 >> "PUT /v2/pet HTTP/1.1[\r][\n]"
08:01:01.268 [ForkJoinPool-1-worker-1] DEBUG org.apache.http.wire - http-outgoing-22 >> "Content-Type: application/json; charset=UTF-8[\r][\n]"
08:01:01.268 [ForkJoinPool-1-worker-1] DEBUG org.apache.http.wire - http-outgoing-22 >> "Content-Length: 144[\r][\n]"
08:01:01.268 [ForkJoinPool-1-worker-1] DEBUG org.apache.http.wire - http-outgoing-22 >> "Host: petstore.swagger.io[\r][\n]"
08:01:01.268 [ForkJoinPool-1-worker-1] DEBUG org.apache.http.wire - http-outgoing-22 >> "Connection: Keep-Alive[\r][\n]"
08:01:01.268 [ForkJoinPool-1-worker-1] DEBUG org.apache.http.wire - http-outgoing-22 >> "User-Agent: Apache-HttpClient/4.5.12 (Java/1.8.0_331)[\r][\n]"
08:01:01.269 [ForkJoinPool-1-worker-1] DEBUG org.apache.http.wire - http-outgoing-22 >> "Accept-Encoding: gzip,deflate[\r][\n]"
08:01:01.269 [ForkJoinPool-1-worker-1] DEBUG org.apache.http.wire - http-outgoing-22 >> "[\r][\n]"
08:01:01.269 [ForkJoinPool-1-worker-1] DEBUG org.apache.http.wire - http-outgoing-22 >> "{"id":8,"category":{"id":"26983","name":"p"},"name":"doggie","photoUrls":["pepito.jpg"],"tags":[{"id":0,"name":"perrito"}],"status":"available"}"
08:01:01.621 [ForkJoinPool-1-worker-1] DEBUG org.apache.http.wire - http-outgoing-22 << "HTTP/1.1 200 OK[\r][\n]"
08:01:01.621 [ForkJoinPool-1-worker-1] DEBUG org.apache.http.wire - http-outgoing-22 << "Date: Wed, 24 Aug 2022 11:01:01 GMT[\r][\n]"
08:01:01.621 [ForkJoinPool-1-worker-1] DEBUG org.apache.http.wire - http-outgoing-22 << "Content-Type: application/json[\r][\n]"
08:01:01.621 [ForkJoinPool-1-worker-1] DEBUG org.apache.http.wire - http-outgoing-22 << "Transfer-Encoding: chunked[\r][\n]"
08:01:01.621 [ForkJoinPool-1-worker-1] DEBUG org.apache.http.wire - http-outgoing-22 << "Connection: keep-alive[\r][\n]"
08:01:01.621 [ForkJoinPool-1-worker-1] DEBUG org.apache.http.wire - http-outgoing-22 << "Access-Control-Allow-Origin: *[\r][\n]"
08:01:01.621 [ForkJoinPool-1-worker-1] DEBUG org.apache.http.wire - http-outgoing-22 << "Access-Control-Allow-Methods: GET, POST, DELETE, PUT[\r][\n]"
08:01:01.621 [ForkJoinPool-1-worker-1] DEBUG org.apache.http.wire - http-outgoing-22 << "Access-Control-Allow-Headers: Content-Type, api_key, Authorization[\r][\n]"
08:01:01.621 [ForkJoinPool-1-worker-1] DEBUG org.apache.http.wire - http-outgoing-22 << "Server: Jetty(9.2.9.v20150224)[\r][\n]"
08:01:01.621 [ForkJoinPool-1-worker-1] DEBUG org.apache.http.wire - http-outgoing-22 << "[\r][\n]"
08:01:01.621 [ForkJoinPool-1-worker-1] DEBUG org.apache.http.wire - http-outgoing-22 << "8e[\r][\n]"
08:01:01.621 [ForkJoinPool-1-worker-1] DEBUG org.apache.http.wire - http-outgoing-22 << "{"id":8,"category":{"id":26983,"name":"p"},"name":"doggie","photoUrls":["pepito.jpg"],"tags":[{"id":0,"name":"perrito"}],"status":"available"}[\r][\n]"
08:01:01.621 [ForkJoinPool-1-worker-1] DEBUG org.apache.http.headers - http-outgoing-22 << HTTP/1.1 200 OK
08:01:01.621 [ForkJoinPool-1-worker-1] DEBUG org.apache.http.headers - http-outgoing-22 << Date: Wed, 24 Aug 2022 11:01:01 GMT
08:01:01.621 [ForkJoinPool-1-worker-1] DEBUG org.apache.http.headers - http-outgoing-22 << Content-Type: application/json
08:01:01.621 [ForkJoinPool-1-worker-1] DEBUG org.apache.http.headers - http-outgoing-22 << Transfer-Encoding: chunked
08:01:01.621 [ForkJoinPool-1-worker-1] DEBUG org.apache.http.headers - http-outgoing-22 << Connection: keep-alive
08:01:01.621 [ForkJoinPool-1-worker-1] DEBUG org.apache.http.headers - http-outgoing-22 << Access-Control-Allow-Origin: *
08:01:01.621 [ForkJoinPool-1-worker-1] DEBUG org.apache.http.headers - http-outgoing-22 << Access-Control-Allow-Methods: GET, POST, DELETE, PUT
08:01:01.621 [ForkJoinPool-1-worker-1] DEBUG org.apache.http.headers - http-outgoing-22 << Access-Control-Allow-Headers: Content-Type, api_key, Authorization
08:01:01.621 [ForkJoinPool-1-worker-1] DEBUG org.apache.http.headers - http-outgoing-22 << Server: Jetty(9.2.9.v20150224)
08:01:01.621 [ForkJoinPool-1-worker-1] DEBUG org.apache.http.impl.execchain.MainClientExec - Connection can be kept alive indefinitely
08:01:01.622 [ForkJoinPool-1-worker-1] DEBUG org.apache.http.wire - http-outgoing-22 << "0[\r][\n]"
08:01:01.622 [ForkJoinPool-1-worker-1] DEBUG org.apache.http.wire - http-outgoing-22 << "[\r][\n]"
08:01:01.622 [ForkJoinPool-1-worker-1] DEBUG org.apache.http.impl.conn.PoolingHttpClientConnectionManager - Connection [id: 22][route: {s}->https://petstore.swagger.io:443] can be kept alive indefinitely
08:01:01.622 [ForkJoinPool-1-worker-1] DEBUG org.apache.http.impl.conn.DefaultManagedHttpClientConnection - http-outgoing-22: set socket timeout to 0
08:01:01.622 [ForkJoinPool-1-worker-1] DEBUG org.apache.http.impl.conn.PoolingHttpClientConnectionManager - Connection released: [id: 22][route: {s}->https://petstore.swagger.io:443][total available: 1; route allocated: 1 of 5; total allocated: 1 of 10]
08:01:01.622 [ForkJoinPool-1-worker-1] DEBUG com.intuit.karate - response time in milliseconds: 1218.57
1 < 200
1 < Access-Control-Allow-Headers: Content-Type, api_key, Authorization
1 < Access-Control-Allow-Methods: GET, POST, DELETE, PUT
1 < Access-Control-Allow-Origin: *
1 < Connection: keep-alive
1 < Content-Type: application/json
1 < Date: Wed, 24 Aug 2022 11:01:01 GMT
1 < Server: Jetty(9.2.9.v20150224)
1 < Transfer-Encoding: chunked
{"id":8,"category":{"id":26983,"name":"p"},"name":"doggie","photoUrls":["pepito.jpg"],"tags":[{"id":0,"name":"perrito"}],"status":"available"}

08:01:01.623 [ForkJoinPool-1-worker-1] DEBUG com.jayway.jsonpath.internal.path.CompiledPath - Evaluating path: $
08:01:01.628 [ForkJoinPool-1-worker-1] DEBUG com.jayway.jsonpath.internal.path.CompiledPath - Evaluating path: $
08:01:01.628 [ForkJoinPool-1-worker-1] DEBUG com.jayway.jsonpath.internal.path.CompiledPath - Evaluating path: $
08:01:01.629 [ForkJoinPool-1-worker-1] DEBUG com.jayway.jsonpath.internal.path.CompiledPath - Evaluating path: $
08:01:01.629 [ForkJoinPool-1-worker-1] DEBUG com.jayway.jsonpath.internal.path.CompiledPath - Evaluating path: $
08:01:01.629 [ForkJoinPool-1-worker-1] DEBUG com.jayway.jsonpath.internal.path.CompiledPath - Evaluating path: $
08:01:01.630 [ForkJoinPool-1-worker-1] DEBUG org.apache.http.client.protocol.RequestAddCookies - CookieSpec selected: karate
08:01:01.630 [ForkJoinPool-1-worker-1] DEBUG org.apache.http.client.protocol.RequestAuthCache - Auth cache not set in the context
08:01:01.630 [ForkJoinPool-1-worker-1] DEBUG com.intuit.karate - request:
1 > PUT https://petstore.swagger.io/v2/pet
1 > Accept-Encoding: gzip,deflate
1 > Connection: Keep-Alive
1 > Content-Length: 139
1 > Content-Type: application/json; charset=UTF-8
1 > Host: petstore.swagger.io
1 > User-Agent: Apache-HttpClient/4.5.12 (Java/1.8.0_331)
{"id":8,"category":{"id":"","name":"P"},"name":"doggie","photoUrls":["pepito.jpg"],"tags":[{"id":0,"name":"perrito"}],"status":"available"}

08:01:01.630 [ForkJoinPool-1-worker-1] DEBUG org.apache.http.impl.conn.PoolingHttpClientConnectionManager - Connection request: [route: {s}->https://petstore.swagger.io:443][total available: 0; route allocated: 0 of 5; total allocated: 0 of 10]
08:01:01.630 [ForkJoinPool-1-worker-1] DEBUG org.apache.http.impl.conn.PoolingHttpClientConnectionManager - Connection leased: [id: 23][route: {s}->https://petstore.swagger.io:443][total available: 0; route allocated: 1 of 5; total allocated: 1 of 10]
08:01:01.630 [ForkJoinPool-1-worker-1] DEBUG org.apache.http.impl.execchain.MainClientExec - Opening connection {s}->https://petstore.swagger.io:443
08:01:01.631 [ForkJoinPool-1-worker-1] DEBUG org.apache.http.impl.conn.DefaultHttpClientConnectionOperator - Connecting to petstore.swagger.io/35.174.182.136:443
08:01:01.631 [ForkJoinPool-1-worker-1] DEBUG org.apache.http.conn.ssl.SSLConnectionSocketFactory - Connecting socket to petstore.swagger.io/35.174.182.136:443 with timeout 30000
08:01:01.878 [ForkJoinPool-1-worker-1] DEBUG org.apache.http.conn.ssl.SSLConnectionSocketFactory - Enabled protocols: [TLSv1.2]
08:01:01.878 [ForkJoinPool-1-worker-1] DEBUG org.apache.http.conn.ssl.SSLConnectionSocketFactory - Enabled cipher suites:[TLS_ECDHE_ECDSA_WITH_AES_256_GCM_SHA384, TLS_ECDHE_ECDSA_WITH_AES_128_GCM_SHA256, TLS_ECDHE_RSA_WITH_AES_256_GCM_SHA384, TLS_ECDHE_RSA_WITH_AES_128_GCM_SHA256, TLS_DHE_RSA_WITH_AES_256_GCM_SHA384, TLS_DHE_DSS_WITH_AES_256_GCM_SHA384, TLS_DHE_RSA_WITH_AES_128_GCM_SHA256, TLS_DHE_DSS_WITH_AES_128_GCM_SHA256, TLS_ECDHE_ECDSA_WITH_AES_256_CBC_SHA384, TLS_ECDHE_RSA_WITH_AES_256_CBC_SHA384, TLS_ECDHE_ECDSA_WITH_AES_128_CBC_SHA256, TLS_ECDHE_RSA_WITH_AES_128_CBC_SHA256, TLS_DHE_RSA_WITH_AES_256_CBC_SHA256, TLS_DHE_DSS_WITH_AES_256_CBC_SHA256, TLS_DHE_RSA_WITH_AES_128_CBC_SHA256, TLS_DHE_DSS_WITH_AES_128_CBC_SHA256, TLS_ECDH_ECDSA_WITH_AES_256_GCM_SHA384, TLS_ECDH_RSA_WITH_AES_256_GCM_SHA384, TLS_ECDH_ECDSA_WITH_AES_128_GCM_SHA256, TLS_ECDH_RSA_WITH_AES_128_GCM_SHA256, TLS_ECDH_ECDSA_WITH_AES_256_CBC_SHA384, TLS_ECDH_RSA_WITH_AES_256_CBC_SHA384, TLS_ECDH_ECDSA_WITH_AES_128_CBC_SHA256, TLS_ECDH_RSA_WITH_AES_128_CBC_SHA256, TLS_ECDHE_ECDSA_WITH_AES_256_CBC_SHA, TLS_ECDHE_RSA_WITH_AES_256_CBC_SHA, TLS_ECDHE_ECDSA_WITH_AES_128_CBC_SHA, TLS_ECDHE_RSA_WITH_AES_128_CBC_SHA, TLS_DHE_RSA_WITH_AES_256_CBC_SHA, TLS_DHE_DSS_WITH_AES_256_CBC_SHA, TLS_DHE_RSA_WITH_AES_128_CBC_SHA, TLS_DHE_DSS_WITH_AES_128_CBC_SHA, TLS_ECDH_ECDSA_WITH_AES_256_CBC_SHA, TLS_ECDH_RSA_WITH_AES_256_CBC_SHA, TLS_ECDH_ECDSA_WITH_AES_128_CBC_SHA, TLS_ECDH_RSA_WITH_AES_128_CBC_SHA, TLS_RSA_WITH_AES_256_GCM_SHA384, TLS_RSA_WITH_AES_128_GCM_SHA256, TLS_RSA_WITH_AES_256_CBC_SHA256, TLS_RSA_WITH_AES_128_CBC_SHA256, TLS_RSA_WITH_AES_256_CBC_SHA, TLS_RSA_WITH_AES_128_CBC_SHA, TLS_EMPTY_RENEGOTIATION_INFO_SCSV]
08:01:01.878 [ForkJoinPool-1-worker-1] DEBUG org.apache.http.conn.ssl.SSLConnectionSocketFactory - Starting handshake
08:01:02.543 [ForkJoinPool-1-worker-1] DEBUG org.apache.http.conn.ssl.SSLConnectionSocketFactory - Secure session established
08:01:02.543 [ForkJoinPool-1-worker-1] DEBUG org.apache.http.conn.ssl.SSLConnectionSocketFactory -  negotiated protocol: TLSv1.2
08:01:02.543 [ForkJoinPool-1-worker-1] DEBUG org.apache.http.conn.ssl.SSLConnectionSocketFactory -  negotiated cipher suite: TLS_ECDHE_RSA_WITH_AES_128_GCM_SHA256
08:01:02.543 [ForkJoinPool-1-worker-1] DEBUG org.apache.http.conn.ssl.SSLConnectionSocketFactory -  peer principal: CN=*.swagger.io
08:01:02.543 [ForkJoinPool-1-worker-1] DEBUG org.apache.http.conn.ssl.SSLConnectionSocketFactory -  peer alternative names: [*.swagger.io]
08:01:02.543 [ForkJoinPool-1-worker-1] DEBUG org.apache.http.conn.ssl.SSLConnectionSocketFactory -  issuer principal: CN=Amazon, OU=Server CA 1B, O=Amazon, C=US
08:01:02.543 [ForkJoinPool-1-worker-1] DEBUG org.apache.http.impl.conn.DefaultHttpClientConnectionOperator - Connection established 192.168.2.247:44644<->35.174.182.136:443
08:01:02.543 [ForkJoinPool-1-worker-1] DEBUG org.apache.http.impl.conn.DefaultManagedHttpClientConnection - http-outgoing-23: set socket timeout to 30000
08:01:02.543 [ForkJoinPool-1-worker-1] DEBUG org.apache.http.impl.execchain.MainClientExec - Executing request PUT /v2/pet HTTP/1.1
08:01:02.543 [ForkJoinPool-1-worker-1] DEBUG org.apache.http.impl.execchain.MainClientExec - Target auth state: UNCHALLENGED
08:01:02.543 [ForkJoinPool-1-worker-1] DEBUG org.apache.http.impl.execchain.MainClientExec - Proxy auth state: UNCHALLENGED
08:01:02.543 [ForkJoinPool-1-worker-1] DEBUG org.apache.http.headers - http-outgoing-23 >> PUT /v2/pet HTTP/1.1
08:01:02.543 [ForkJoinPool-1-worker-1] DEBUG org.apache.http.headers - http-outgoing-23 >> Content-Type: application/json; charset=UTF-8
08:01:02.543 [ForkJoinPool-1-worker-1] DEBUG org.apache.http.headers - http-outgoing-23 >> Content-Length: 139
08:01:02.543 [ForkJoinPool-1-worker-1] DEBUG org.apache.http.headers - http-outgoing-23 >> Host: petstore.swagger.io
08:01:02.543 [ForkJoinPool-1-worker-1] DEBUG org.apache.http.headers - http-outgoing-23 >> Connection: Keep-Alive
08:01:02.543 [ForkJoinPool-1-worker-1] DEBUG org.apache.http.headers - http-outgoing-23 >> User-Agent: Apache-HttpClient/4.5.12 (Java/1.8.0_331)
08:01:02.543 [ForkJoinPool-1-worker-1] DEBUG org.apache.http.headers - http-outgoing-23 >> Accept-Encoding: gzip,deflate
08:01:02.543 [ForkJoinPool-1-worker-1] DEBUG org.apache.http.wire - http-outgoing-23 >> "PUT /v2/pet HTTP/1.1[\r][\n]"
08:01:02.543 [ForkJoinPool-1-worker-1] DEBUG org.apache.http.wire - http-outgoing-23 >> "Content-Type: application/json; charset=UTF-8[\r][\n]"
08:01:02.543 [ForkJoinPool-1-worker-1] DEBUG org.apache.http.wire - http-outgoing-23 >> "Content-Length: 139[\r][\n]"
08:01:02.543 [ForkJoinPool-1-worker-1] DEBUG org.apache.http.wire - http-outgoing-23 >> "Host: petstore.swagger.io[\r][\n]"
08:01:02.543 [ForkJoinPool-1-worker-1] DEBUG org.apache.http.wire - http-outgoing-23 >> "Connection: Keep-Alive[\r][\n]"
08:01:02.543 [ForkJoinPool-1-worker-1] DEBUG org.apache.http.wire - http-outgoing-23 >> "User-Agent: Apache-HttpClient/4.5.12 (Java/1.8.0_331)[\r][\n]"
08:01:02.543 [ForkJoinPool-1-worker-1] DEBUG org.apache.http.wire - http-outgoing-23 >> "Accept-Encoding: gzip,deflate[\r][\n]"
08:01:02.543 [ForkJoinPool-1-worker-1] DEBUG org.apache.http.wire - http-outgoing-23 >> "[\r][\n]"
08:01:02.543 [ForkJoinPool-1-worker-1] DEBUG org.apache.http.wire - http-outgoing-23 >> "{"id":8,"category":{"id":"","name":"P"},"name":"doggie","photoUrls":["pepito.jpg"],"tags":[{"id":0,"name":"perrito"}],"status":"available"}"
08:01:02.832 [ForkJoinPool-1-worker-1] DEBUG org.apache.http.wire - http-outgoing-23 << "HTTP/1.1 200 OK[\r][\n]"
08:01:02.832 [ForkJoinPool-1-worker-1] DEBUG org.apache.http.wire - http-outgoing-23 << "Date: Wed, 24 Aug 2022 11:01:02 GMT[\r][\n]"
08:01:02.832 [ForkJoinPool-1-worker-1] DEBUG org.apache.http.wire - http-outgoing-23 << "Content-Type: application/json[\r][\n]"
08:01:02.832 [ForkJoinPool-1-worker-1] DEBUG org.apache.http.wire - http-outgoing-23 << "Transfer-Encoding: chunked[\r][\n]"
08:01:02.832 [ForkJoinPool-1-worker-1] DEBUG org.apache.http.wire - http-outgoing-23 << "Connection: keep-alive[\r][\n]"
08:01:02.832 [ForkJoinPool-1-worker-1] DEBUG org.apache.http.wire - http-outgoing-23 << "Access-Control-Allow-Origin: *[\r][\n]"
08:01:02.832 [ForkJoinPool-1-worker-1] DEBUG org.apache.http.wire - http-outgoing-23 << "Access-Control-Allow-Methods: GET, POST, DELETE, PUT[\r][\n]"
08:01:02.832 [ForkJoinPool-1-worker-1] DEBUG org.apache.http.wire - http-outgoing-23 << "Access-Control-Allow-Headers: Content-Type, api_key, Authorization[\r][\n]"
08:01:02.832 [ForkJoinPool-1-worker-1] DEBUG org.apache.http.wire - http-outgoing-23 << "Server: Jetty(9.2.9.v20150224)[\r][\n]"
08:01:02.832 [ForkJoinPool-1-worker-1] DEBUG org.apache.http.wire - http-outgoing-23 << "[\r][\n]"
08:01:02.832 [ForkJoinPool-1-worker-1] DEBUG org.apache.http.wire - http-outgoing-23 << "8a[\r][\n]"
08:01:02.832 [ForkJoinPool-1-worker-1] DEBUG org.apache.http.wire - http-outgoing-23 << "{"id":8,"category":{"id":0,"name":"P"},"name":"doggie","photoUrls":["pepito.jpg"],"tags":[{"id":0,"name":"perrito"}],"status":"available"}[\r][\n]"
08:01:02.832 [ForkJoinPool-1-worker-1] DEBUG org.apache.http.headers - http-outgoing-23 << HTTP/1.1 200 OK
08:01:02.832 [ForkJoinPool-1-worker-1] DEBUG org.apache.http.headers - http-outgoing-23 << Date: Wed, 24 Aug 2022 11:01:02 GMT
08:01:02.832 [ForkJoinPool-1-worker-1] DEBUG org.apache.http.headers - http-outgoing-23 << Content-Type: application/json
08:01:02.832 [ForkJoinPool-1-worker-1] DEBUG org.apache.http.headers - http-outgoing-23 << Transfer-Encoding: chunked
08:01:02.832 [ForkJoinPool-1-worker-1] DEBUG org.apache.http.headers - http-outgoing-23 << Connection: keep-alive
08:01:02.832 [ForkJoinPool-1-worker-1] DEBUG org.apache.http.headers - http-outgoing-23 << Access-Control-Allow-Origin: *
08:01:02.832 [ForkJoinPool-1-worker-1] DEBUG org.apache.http.headers - http-outgoing-23 << Access-Control-Allow-Methods: GET, POST, DELETE, PUT
08:01:02.832 [ForkJoinPool-1-worker-1] DEBUG org.apache.http.headers - http-outgoing-23 << Access-Control-Allow-Headers: Content-Type, api_key, Authorization
08:01:02.832 [ForkJoinPool-1-worker-1] DEBUG org.apache.http.headers - http-outgoing-23 << Server: Jetty(9.2.9.v20150224)
08:01:02.833 [ForkJoinPool-1-worker-1] DEBUG org.apache.http.impl.execchain.MainClientExec - Connection can be kept alive indefinitely
08:01:02.833 [ForkJoinPool-1-worker-1] DEBUG org.apache.http.wire - http-outgoing-23 << "0[\r][\n]"
08:01:02.833 [ForkJoinPool-1-worker-1] DEBUG org.apache.http.wire - http-outgoing-23 << "[\r][\n]"
08:01:02.834 [ForkJoinPool-1-worker-1] DEBUG org.apache.http.impl.conn.PoolingHttpClientConnectionManager - Connection [id: 23][route: {s}->https://petstore.swagger.io:443] can be kept alive indefinitely
08:01:02.834 [ForkJoinPool-1-worker-1] DEBUG org.apache.http.impl.conn.DefaultManagedHttpClientConnection - http-outgoing-23: set socket timeout to 0
08:01:02.834 [ForkJoinPool-1-worker-1] DEBUG org.apache.http.impl.conn.PoolingHttpClientConnectionManager - Connection released: [id: 23][route: {s}->https://petstore.swagger.io:443][total available: 1; route allocated: 1 of 5; total allocated: 1 of 10]
08:01:02.834 [ForkJoinPool-1-worker-1] DEBUG com.intuit.karate - response time in milliseconds: 1202.42
1 < 200
1 < Access-Control-Allow-Headers: Content-Type, api_key, Authorization
1 < Access-Control-Allow-Methods: GET, POST, DELETE, PUT
1 < Access-Control-Allow-Origin: *
1 < Connection: keep-alive
1 < Content-Type: application/json
1 < Date: Wed, 24 Aug 2022 11:01:02 GMT
1 < Server: Jetty(9.2.9.v20150224)
1 < Transfer-Encoding: chunked
{"id":8,"category":{"id":0,"name":"P"},"name":"doggie","photoUrls":["pepito.jpg"],"tags":[{"id":0,"name":"perrito"}],"status":"available"}

08:01:02.835 [ForkJoinPool-1-worker-1] DEBUG com.jayway.jsonpath.internal.path.CompiledPath - Evaluating path: $
08:01:02.839 [ForkJoinPool-1-worker-1] DEBUG com.jayway.jsonpath.internal.path.CompiledPath - Evaluating path: $
08:01:02.840 [ForkJoinPool-1-worker-1] DEBUG com.jayway.jsonpath.internal.path.CompiledPath - Evaluating path: $
08:01:02.840 [ForkJoinPool-1-worker-1] DEBUG com.jayway.jsonpath.internal.path.CompiledPath - Evaluating path: $
08:01:02.841 [ForkJoinPool-1-worker-1] DEBUG org.apache.http.client.protocol.RequestAddCookies - CookieSpec selected: karate
08:01:02.841 [ForkJoinPool-1-worker-1] DEBUG org.apache.http.client.protocol.RequestAuthCache - Auth cache not set in the context
08:01:02.841 [ForkJoinPool-1-worker-1] DEBUG com.intuit.karate - request:
1 > POST https://petstore.swagger.io/v2/pet
1 > Accept-Encoding: gzip,deflate
1 > Connection: Keep-Alive
1 > Content-Length: 150
1 > Content-Type: application/json; charset=UTF-8
1 > Host: petstore.swagger.io
1 > User-Agent: Apache-HttpClient/4.5.12 (Java/1.8.0_331)
{"id":"pepito","category":{"id":"pepito","name":1},"name":"doggie","photoUrls":["pepito.jpg"],"tags":[{"id":0,"name":"perrito"}],"status":"available"}

08:01:02.842 [ForkJoinPool-1-worker-1] DEBUG org.apache.http.impl.conn.PoolingHttpClientConnectionManager - Connection request: [route: {s}->https://petstore.swagger.io:443][total available: 0; route allocated: 0 of 5; total allocated: 0 of 10]
08:01:02.842 [ForkJoinPool-1-worker-1] DEBUG org.apache.http.impl.conn.PoolingHttpClientConnectionManager - Connection leased: [id: 24][route: {s}->https://petstore.swagger.io:443][total available: 0; route allocated: 1 of 5; total allocated: 1 of 10]
08:01:02.842 [ForkJoinPool-1-worker-1] DEBUG org.apache.http.impl.execchain.MainClientExec - Opening connection {s}->https://petstore.swagger.io:443
08:01:02.842 [ForkJoinPool-1-worker-1] DEBUG org.apache.http.impl.conn.DefaultHttpClientConnectionOperator - Connecting to petstore.swagger.io/35.174.182.136:443
08:01:02.842 [ForkJoinPool-1-worker-1] DEBUG org.apache.http.conn.ssl.SSLConnectionSocketFactory - Connecting socket to petstore.swagger.io/35.174.182.136:443 with timeout 30000
08:01:03.158 [ForkJoinPool-1-worker-1] DEBUG org.apache.http.conn.ssl.SSLConnectionSocketFactory - Enabled protocols: [TLSv1.2]
08:01:03.158 [ForkJoinPool-1-worker-1] DEBUG org.apache.http.conn.ssl.SSLConnectionSocketFactory - Enabled cipher suites:[TLS_ECDHE_ECDSA_WITH_AES_256_GCM_SHA384, TLS_ECDHE_ECDSA_WITH_AES_128_GCM_SHA256, TLS_ECDHE_RSA_WITH_AES_256_GCM_SHA384, TLS_ECDHE_RSA_WITH_AES_128_GCM_SHA256, TLS_DHE_RSA_WITH_AES_256_GCM_SHA384, TLS_DHE_DSS_WITH_AES_256_GCM_SHA384, TLS_DHE_RSA_WITH_AES_128_GCM_SHA256, TLS_DHE_DSS_WITH_AES_128_GCM_SHA256, TLS_ECDHE_ECDSA_WITH_AES_256_CBC_SHA384, TLS_ECDHE_RSA_WITH_AES_256_CBC_SHA384, TLS_ECDHE_ECDSA_WITH_AES_128_CBC_SHA256, TLS_ECDHE_RSA_WITH_AES_128_CBC_SHA256, TLS_DHE_RSA_WITH_AES_256_CBC_SHA256, TLS_DHE_DSS_WITH_AES_256_CBC_SHA256, TLS_DHE_RSA_WITH_AES_128_CBC_SHA256, TLS_DHE_DSS_WITH_AES_128_CBC_SHA256, TLS_ECDH_ECDSA_WITH_AES_256_GCM_SHA384, TLS_ECDH_RSA_WITH_AES_256_GCM_SHA384, TLS_ECDH_ECDSA_WITH_AES_128_GCM_SHA256, TLS_ECDH_RSA_WITH_AES_128_GCM_SHA256, TLS_ECDH_ECDSA_WITH_AES_256_CBC_SHA384, TLS_ECDH_RSA_WITH_AES_256_CBC_SHA384, TLS_ECDH_ECDSA_WITH_AES_128_CBC_SHA256, TLS_ECDH_RSA_WITH_AES_128_CBC_SHA256, TLS_ECDHE_ECDSA_WITH_AES_256_CBC_SHA, TLS_ECDHE_RSA_WITH_AES_256_CBC_SHA, TLS_ECDHE_ECDSA_WITH_AES_128_CBC_SHA, TLS_ECDHE_RSA_WITH_AES_128_CBC_SHA, TLS_DHE_RSA_WITH_AES_256_CBC_SHA, TLS_DHE_DSS_WITH_AES_256_CBC_SHA, TLS_DHE_RSA_WITH_AES_128_CBC_SHA, TLS_DHE_DSS_WITH_AES_128_CBC_SHA, TLS_ECDH_ECDSA_WITH_AES_256_CBC_SHA, TLS_ECDH_RSA_WITH_AES_256_CBC_SHA, TLS_ECDH_ECDSA_WITH_AES_128_CBC_SHA, TLS_ECDH_RSA_WITH_AES_128_CBC_SHA, TLS_RSA_WITH_AES_256_GCM_SHA384, TLS_RSA_WITH_AES_128_GCM_SHA256, TLS_RSA_WITH_AES_256_CBC_SHA256, TLS_RSA_WITH_AES_128_CBC_SHA256, TLS_RSA_WITH_AES_256_CBC_SHA, TLS_RSA_WITH_AES_128_CBC_SHA, TLS_EMPTY_RENEGOTIATION_INFO_SCSV]
08:01:03.158 [ForkJoinPool-1-worker-1] DEBUG org.apache.http.conn.ssl.SSLConnectionSocketFactory - Starting handshake
08:01:03.169 [Finalizer] DEBUG org.apache.http.impl.conn.PoolingHttpClientConnectionManager - Connection manager is shutting down
08:01:03.169 [Finalizer] DEBUG org.apache.http.impl.conn.DefaultManagedHttpClientConnection - http-outgoing-9: Close connection
08:01:03.169 [Finalizer] DEBUG org.apache.http.impl.conn.PoolingHttpClientConnectionManager - Connection manager shut down
08:01:03.172 [Finalizer] DEBUG org.apache.http.impl.conn.PoolingHttpClientConnectionManager - Connection manager is shutting down
08:01:03.172 [Finalizer] DEBUG org.apache.http.impl.conn.DefaultManagedHttpClientConnection - http-outgoing-23: Close connection
08:01:03.172 [Finalizer] DEBUG org.apache.http.impl.conn.PoolingHttpClientConnectionManager - Connection manager shut down
08:01:03.175 [Finalizer] DEBUG org.apache.http.impl.conn.PoolingHttpClientConnectionManager - Connection manager is shutting down
08:01:03.175 [Finalizer] DEBUG org.apache.http.impl.conn.DefaultManagedHttpClientConnection - http-outgoing-11: Close connection
08:01:03.175 [Finalizer] DEBUG org.apache.http.impl.conn.PoolingHttpClientConnectionManager - Connection manager shut down
08:01:03.176 [Finalizer] DEBUG org.apache.http.impl.conn.PoolingHttpClientConnectionManager - Connection manager is shutting down
08:01:03.176 [Finalizer] DEBUG org.apache.http.impl.conn.DefaultManagedHttpClientConnection - http-outgoing-10: Close connection
08:01:03.176 [Finalizer] DEBUG org.apache.http.impl.conn.PoolingHttpClientConnectionManager - Connection manager shut down
08:01:03.176 [Finalizer] DEBUG org.apache.http.impl.conn.PoolingHttpClientConnectionManager - Connection manager is shutting down
08:01:03.176 [Finalizer] DEBUG org.apache.http.impl.conn.DefaultManagedHttpClientConnection - http-outgoing-14: Close connection
08:01:03.176 [Finalizer] DEBUG org.apache.http.impl.conn.PoolingHttpClientConnectionManager - Connection manager shut down
08:01:03.177 [Finalizer] DEBUG org.apache.http.impl.conn.PoolingHttpClientConnectionManager - Connection manager is shutting down
08:01:03.177 [Finalizer] DEBUG org.apache.http.impl.conn.DefaultManagedHttpClientConnection - http-outgoing-13: Close connection
08:01:03.177 [Finalizer] DEBUG org.apache.http.impl.conn.PoolingHttpClientConnectionManager - Connection manager shut down
08:01:03.178 [Finalizer] DEBUG org.apache.http.impl.conn.PoolingHttpClientConnectionManager - Connection manager is shutting down
08:01:03.178 [Finalizer] DEBUG org.apache.http.impl.conn.DefaultManagedHttpClientConnection - http-outgoing-12: Close connection
08:01:03.178 [Finalizer] DEBUG org.apache.http.impl.conn.PoolingHttpClientConnectionManager - Connection manager shut down
08:01:03.180 [Finalizer] DEBUG org.apache.http.impl.conn.PoolingHttpClientConnectionManager - Connection manager is shutting down
08:01:03.180 [Finalizer] DEBUG org.apache.http.impl.conn.DefaultManagedHttpClientConnection - http-outgoing-16: Close connection
08:01:03.180 [Finalizer] DEBUG org.apache.http.impl.conn.PoolingHttpClientConnectionManager - Connection manager shut down
08:01:03.181 [Finalizer] DEBUG org.apache.http.impl.conn.PoolingHttpClientConnectionManager - Connection manager is shutting down
08:01:03.181 [Finalizer] DEBUG org.apache.http.impl.conn.DefaultManagedHttpClientConnection - http-outgoing-15: Close connection
08:01:03.181 [Finalizer] DEBUG org.apache.http.impl.conn.PoolingHttpClientConnectionManager - Connection manager shut down
08:01:03.181 [Finalizer] DEBUG org.apache.http.impl.conn.PoolingHttpClientConnectionManager - Connection manager is shutting down
08:01:03.181 [Finalizer] DEBUG org.apache.http.impl.conn.DefaultManagedHttpClientConnection - http-outgoing-18: Close connection
08:01:03.181 [Finalizer] DEBUG org.apache.http.impl.conn.PoolingHttpClientConnectionManager - Connection manager shut down
08:01:03.183 [Finalizer] DEBUG org.apache.http.impl.conn.PoolingHttpClientConnectionManager - Connection manager is shutting down
08:01:03.183 [Finalizer] DEBUG org.apache.http.impl.conn.DefaultManagedHttpClientConnection - http-outgoing-17: Close connection
08:01:03.183 [Finalizer] DEBUG org.apache.http.impl.conn.PoolingHttpClientConnectionManager - Connection manager shut down
08:01:03.183 [Finalizer] DEBUG org.apache.http.impl.conn.PoolingHttpClientConnectionManager - Connection manager is shutting down
08:01:03.183 [Finalizer] DEBUG org.apache.http.impl.conn.DefaultManagedHttpClientConnection - http-outgoing-20: Close connection
08:01:03.183 [Finalizer] DEBUG org.apache.http.impl.conn.PoolingHttpClientConnectionManager - Connection manager shut down
08:01:03.184 [Finalizer] DEBUG org.apache.http.impl.conn.PoolingHttpClientConnectionManager - Connection manager is shutting down
08:01:03.184 [Finalizer] DEBUG org.apache.http.impl.conn.DefaultManagedHttpClientConnection - http-outgoing-19: Close connection
08:01:03.184 [Finalizer] DEBUG org.apache.http.impl.conn.PoolingHttpClientConnectionManager - Connection manager shut down
08:01:03.184 [Finalizer] DEBUG org.apache.http.impl.conn.PoolingHttpClientConnectionManager - Connection manager is shutting down
08:01:03.184 [Finalizer] DEBUG org.apache.http.impl.conn.DefaultManagedHttpClientConnection - http-outgoing-22: Close connection
08:01:03.184 [Finalizer] DEBUG org.apache.http.impl.conn.PoolingHttpClientConnectionManager - Connection manager shut down
08:01:03.184 [Finalizer] DEBUG org.apache.http.impl.conn.PoolingHttpClientConnectionManager - Connection manager is shutting down
08:01:03.184 [Finalizer] DEBUG org.apache.http.impl.conn.DefaultManagedHttpClientConnection - http-outgoing-21: Close connection
08:01:03.184 [Finalizer] DEBUG org.apache.http.impl.conn.PoolingHttpClientConnectionManager - Connection manager shut down
08:01:03.496 [ForkJoinPool-1-worker-1] DEBUG org.apache.http.conn.ssl.SSLConnectionSocketFactory - Secure session established
08:01:03.496 [ForkJoinPool-1-worker-1] DEBUG org.apache.http.conn.ssl.SSLConnectionSocketFactory -  negotiated protocol: TLSv1.2
08:01:03.496 [ForkJoinPool-1-worker-1] DEBUG org.apache.http.conn.ssl.SSLConnectionSocketFactory -  negotiated cipher suite: TLS_ECDHE_RSA_WITH_AES_128_GCM_SHA256
08:01:03.496 [ForkJoinPool-1-worker-1] DEBUG org.apache.http.conn.ssl.SSLConnectionSocketFactory -  peer principal: CN=*.swagger.io
08:01:03.496 [ForkJoinPool-1-worker-1] DEBUG org.apache.http.conn.ssl.SSLConnectionSocketFactory -  peer alternative names: [*.swagger.io]
08:01:03.496 [ForkJoinPool-1-worker-1] DEBUG org.apache.http.conn.ssl.SSLConnectionSocketFactory -  issuer principal: CN=Amazon, OU=Server CA 1B, O=Amazon, C=US
08:01:03.496 [ForkJoinPool-1-worker-1] DEBUG org.apache.http.impl.conn.DefaultHttpClientConnectionOperator - Connection established 192.168.2.247:44646<->35.174.182.136:443
08:01:03.496 [ForkJoinPool-1-worker-1] DEBUG org.apache.http.impl.conn.DefaultManagedHttpClientConnection - http-outgoing-24: set socket timeout to 30000
08:01:03.496 [ForkJoinPool-1-worker-1] DEBUG org.apache.http.impl.execchain.MainClientExec - Executing request POST /v2/pet HTTP/1.1
08:01:03.496 [ForkJoinPool-1-worker-1] DEBUG org.apache.http.impl.execchain.MainClientExec - Target auth state: UNCHALLENGED
08:01:03.496 [ForkJoinPool-1-worker-1] DEBUG org.apache.http.impl.execchain.MainClientExec - Proxy auth state: UNCHALLENGED
08:01:03.496 [ForkJoinPool-1-worker-1] DEBUG org.apache.http.headers - http-outgoing-24 >> POST /v2/pet HTTP/1.1
08:01:03.496 [ForkJoinPool-1-worker-1] DEBUG org.apache.http.headers - http-outgoing-24 >> Content-Type: application/json; charset=UTF-8
08:01:03.496 [ForkJoinPool-1-worker-1] DEBUG org.apache.http.headers - http-outgoing-24 >> Content-Length: 150
08:01:03.496 [ForkJoinPool-1-worker-1] DEBUG org.apache.http.headers - http-outgoing-24 >> Host: petstore.swagger.io
08:01:03.496 [ForkJoinPool-1-worker-1] DEBUG org.apache.http.headers - http-outgoing-24 >> Connection: Keep-Alive
08:01:03.496 [ForkJoinPool-1-worker-1] DEBUG org.apache.http.headers - http-outgoing-24 >> User-Agent: Apache-HttpClient/4.5.12 (Java/1.8.0_331)
08:01:03.496 [ForkJoinPool-1-worker-1] DEBUG org.apache.http.headers - http-outgoing-24 >> Accept-Encoding: gzip,deflate
08:01:03.497 [ForkJoinPool-1-worker-1] DEBUG org.apache.http.wire - http-outgoing-24 >> "POST /v2/pet HTTP/1.1[\r][\n]"
08:01:03.497 [ForkJoinPool-1-worker-1] DEBUG org.apache.http.wire - http-outgoing-24 >> "Content-Type: application/json; charset=UTF-8[\r][\n]"
08:01:03.497 [ForkJoinPool-1-worker-1] DEBUG org.apache.http.wire - http-outgoing-24 >> "Content-Length: 150[\r][\n]"
08:01:03.497 [ForkJoinPool-1-worker-1] DEBUG org.apache.http.wire - http-outgoing-24 >> "Host: petstore.swagger.io[\r][\n]"
08:01:03.497 [ForkJoinPool-1-worker-1] DEBUG org.apache.http.wire - http-outgoing-24 >> "Connection: Keep-Alive[\r][\n]"
08:01:03.497 [ForkJoinPool-1-worker-1] DEBUG org.apache.http.wire - http-outgoing-24 >> "User-Agent: Apache-HttpClient/4.5.12 (Java/1.8.0_331)[\r][\n]"
08:01:03.497 [ForkJoinPool-1-worker-1] DEBUG org.apache.http.wire - http-outgoing-24 >> "Accept-Encoding: gzip,deflate[\r][\n]"
08:01:03.497 [ForkJoinPool-1-worker-1] DEBUG org.apache.http.wire - http-outgoing-24 >> "[\r][\n]"
08:01:03.497 [ForkJoinPool-1-worker-1] DEBUG org.apache.http.wire - http-outgoing-24 >> "{"id":"pepito","category":{"id":"pepito","name":1},"name":"doggie","photoUrls":["pepito.jpg"],"tags":[{"id":0,"name":"perrito"}],"status":"available"}"
08:01:03.653 [ForkJoinPool-1-worker-1] DEBUG org.apache.http.wire - http-outgoing-24 << "HTTP/1.1 500 Server Error[\r][\n]"
08:01:03.653 [ForkJoinPool-1-worker-1] DEBUG org.apache.http.wire - http-outgoing-24 << "Date: Wed, 24 Aug 2022 11:01:03 GMT[\r][\n]"
08:01:03.653 [ForkJoinPool-1-worker-1] DEBUG org.apache.http.wire - http-outgoing-24 << "Content-Type: application/json[\r][\n]"
08:01:03.653 [ForkJoinPool-1-worker-1] DEBUG org.apache.http.wire - http-outgoing-24 << "Transfer-Encoding: chunked[\r][\n]"
08:01:03.653 [ForkJoinPool-1-worker-1] DEBUG org.apache.http.wire - http-outgoing-24 << "Connection: keep-alive[\r][\n]"
08:01:03.653 [ForkJoinPool-1-worker-1] DEBUG org.apache.http.wire - http-outgoing-24 << "Access-Control-Allow-Origin: *[\r][\n]"
08:01:03.653 [ForkJoinPool-1-worker-1] DEBUG org.apache.http.wire - http-outgoing-24 << "Access-Control-Allow-Methods: GET, POST, DELETE, PUT[\r][\n]"
08:01:03.653 [ForkJoinPool-1-worker-1] DEBUG org.apache.http.wire - http-outgoing-24 << "Access-Control-Allow-Headers: Content-Type, api_key, Authorization[\r][\n]"
08:01:03.653 [ForkJoinPool-1-worker-1] DEBUG org.apache.http.wire - http-outgoing-24 << "Server: Jetty(9.2.9.v20150224)[\r][\n]"
08:01:03.654 [ForkJoinPool-1-worker-1] DEBUG org.apache.http.wire - http-outgoing-24 << "[\r][\n]"
08:01:03.654 [ForkJoinPool-1-worker-1] DEBUG org.apache.http.wire - http-outgoing-24 << "40[\r][\n]"
08:01:03.654 [ForkJoinPool-1-worker-1] DEBUG org.apache.http.wire - http-outgoing-24 << "{"code":500,"type":"unknown","message":"something bad happened"}[\r][\n]"
08:01:03.654 [ForkJoinPool-1-worker-1] DEBUG org.apache.http.headers - http-outgoing-24 << HTTP/1.1 500 Server Error
08:01:03.654 [ForkJoinPool-1-worker-1] DEBUG org.apache.http.headers - http-outgoing-24 << Date: Wed, 24 Aug 2022 11:01:03 GMT
08:01:03.654 [ForkJoinPool-1-worker-1] DEBUG org.apache.http.headers - http-outgoing-24 << Content-Type: application/json
08:01:03.654 [ForkJoinPool-1-worker-1] DEBUG org.apache.http.headers - http-outgoing-24 << Transfer-Encoding: chunked
08:01:03.654 [ForkJoinPool-1-worker-1] DEBUG org.apache.http.headers - http-outgoing-24 << Connection: keep-alive
08:01:03.654 [ForkJoinPool-1-worker-1] DEBUG org.apache.http.headers - http-outgoing-24 << Access-Control-Allow-Origin: *
08:01:03.654 [ForkJoinPool-1-worker-1] DEBUG org.apache.http.headers - http-outgoing-24 << Access-Control-Allow-Methods: GET, POST, DELETE, PUT
08:01:03.654 [ForkJoinPool-1-worker-1] DEBUG org.apache.http.headers - http-outgoing-24 << Access-Control-Allow-Headers: Content-Type, api_key, Authorization
08:01:03.654 [ForkJoinPool-1-worker-1] DEBUG org.apache.http.headers - http-outgoing-24 << Server: Jetty(9.2.9.v20150224)
08:01:03.654 [ForkJoinPool-1-worker-1] DEBUG org.apache.http.impl.execchain.MainClientExec - Connection can be kept alive indefinitely
08:01:03.655 [ForkJoinPool-1-worker-1] DEBUG org.apache.http.wire - http-outgoing-24 << "0[\r][\n]"
08:01:03.655 [ForkJoinPool-1-worker-1] DEBUG org.apache.http.wire - http-outgoing-24 << "[\r][\n]"
08:01:03.655 [ForkJoinPool-1-worker-1] DEBUG org.apache.http.impl.conn.PoolingHttpClientConnectionManager - Connection [id: 24][route: {s}->https://petstore.swagger.io:443] can be kept alive indefinitely
08:01:03.655 [ForkJoinPool-1-worker-1] DEBUG org.apache.http.impl.conn.DefaultManagedHttpClientConnection - http-outgoing-24: set socket timeout to 0
08:01:03.655 [ForkJoinPool-1-worker-1] DEBUG org.apache.http.impl.conn.PoolingHttpClientConnectionManager - Connection released: [id: 24][route: {s}->https://petstore.swagger.io:443][total available: 1; route allocated: 1 of 5; total allocated: 1 of 10]
08:01:03.655 [ForkJoinPool-1-worker-1] DEBUG com.intuit.karate - response time in milliseconds: 812.64
1 < 500
1 < Access-Control-Allow-Headers: Content-Type, api_key, Authorization
1 < Access-Control-Allow-Methods: GET, POST, DELETE, PUT
1 < Access-Control-Allow-Origin: *
1 < Connection: keep-alive
1 < Content-Type: application/json
1 < Date: Wed, 24 Aug 2022 11:01:03 GMT
1 < Server: Jetty(9.2.9.v20150224)
1 < Transfer-Encoding: chunked
{"code":500,"type":"unknown","message":"something bad happened"}

08:01:03.662 [ForkJoinPool-1-worker-1] DEBUG com.jayway.jsonpath.internal.path.CompiledPath - Evaluating path: $
08:01:03.663 [ForkJoinPool-1-worker-1] DEBUG com.jayway.jsonpath.internal.path.CompiledPath - Evaluating path: $
08:01:03.664 [ForkJoinPool-1-worker-1] DEBUG com.jayway.jsonpath.internal.path.CompiledPath - Evaluating path: $
08:01:03.666 [ForkJoinPool-1-worker-1] DEBUG org.apache.http.client.protocol.RequestAddCookies - CookieSpec selected: karate
08:01:03.666 [ForkJoinPool-1-worker-1] DEBUG org.apache.http.client.protocol.RequestAuthCache - Auth cache not set in the context
08:01:03.667 [ForkJoinPool-1-worker-1] DEBUG com.intuit.karate - request:
1 > POST https://petstore.swagger.io/v2/pet
1 > Accept-Encoding: gzip,deflate
1 > Connection: Keep-Alive
1 > Content-Length: 141
1 > Content-Type: application/json; charset=UTF-8
1 > Host: petstore.swagger.io
1 > User-Agent: Apache-HttpClient/4.5.12 (Java/1.8.0_331)
{"id":"A","category":{"id":"A","name":-1},"name":"doggie","photoUrls":["pepito.jpg"],"tags":[{"id":0,"name":"perrito"}],"status":"available"}

08:01:03.667 [ForkJoinPool-1-worker-1] DEBUG org.apache.http.impl.conn.PoolingHttpClientConnectionManager - Connection request: [route: {s}->https://petstore.swagger.io:443][total available: 0; route allocated: 0 of 5; total allocated: 0 of 10]
08:01:03.667 [ForkJoinPool-1-worker-1] DEBUG org.apache.http.impl.conn.PoolingHttpClientConnectionManager - Connection leased: [id: 25][route: {s}->https://petstore.swagger.io:443][total available: 0; route allocated: 1 of 5; total allocated: 1 of 10]
08:01:03.667 [ForkJoinPool-1-worker-1] DEBUG org.apache.http.impl.execchain.MainClientExec - Opening connection {s}->https://petstore.swagger.io:443
08:01:03.667 [ForkJoinPool-1-worker-1] DEBUG org.apache.http.impl.conn.DefaultHttpClientConnectionOperator - Connecting to petstore.swagger.io/35.174.182.136:443
08:01:03.667 [ForkJoinPool-1-worker-1] DEBUG org.apache.http.conn.ssl.SSLConnectionSocketFactory - Connecting socket to petstore.swagger.io/35.174.182.136:443 with timeout 30000
08:01:03.821 [ForkJoinPool-1-worker-1] DEBUG org.apache.http.conn.ssl.SSLConnectionSocketFactory - Enabled protocols: [TLSv1.2]
08:01:03.821 [ForkJoinPool-1-worker-1] DEBUG org.apache.http.conn.ssl.SSLConnectionSocketFactory - Enabled cipher suites:[TLS_ECDHE_ECDSA_WITH_AES_256_GCM_SHA384, TLS_ECDHE_ECDSA_WITH_AES_128_GCM_SHA256, TLS_ECDHE_RSA_WITH_AES_256_GCM_SHA384, TLS_ECDHE_RSA_WITH_AES_128_GCM_SHA256, TLS_DHE_RSA_WITH_AES_256_GCM_SHA384, TLS_DHE_DSS_WITH_AES_256_GCM_SHA384, TLS_DHE_RSA_WITH_AES_128_GCM_SHA256, TLS_DHE_DSS_WITH_AES_128_GCM_SHA256, TLS_ECDHE_ECDSA_WITH_AES_256_CBC_SHA384, TLS_ECDHE_RSA_WITH_AES_256_CBC_SHA384, TLS_ECDHE_ECDSA_WITH_AES_128_CBC_SHA256, TLS_ECDHE_RSA_WITH_AES_128_CBC_SHA256, TLS_DHE_RSA_WITH_AES_256_CBC_SHA256, TLS_DHE_DSS_WITH_AES_256_CBC_SHA256, TLS_DHE_RSA_WITH_AES_128_CBC_SHA256, TLS_DHE_DSS_WITH_AES_128_CBC_SHA256, TLS_ECDH_ECDSA_WITH_AES_256_GCM_SHA384, TLS_ECDH_RSA_WITH_AES_256_GCM_SHA384, TLS_ECDH_ECDSA_WITH_AES_128_GCM_SHA256, TLS_ECDH_RSA_WITH_AES_128_GCM_SHA256, TLS_ECDH_ECDSA_WITH_AES_256_CBC_SHA384, TLS_ECDH_RSA_WITH_AES_256_CBC_SHA384, TLS_ECDH_ECDSA_WITH_AES_128_CBC_SHA256, TLS_ECDH_RSA_WITH_AES_128_CBC_SHA256, TLS_ECDHE_ECDSA_WITH_AES_256_CBC_SHA, TLS_ECDHE_RSA_WITH_AES_256_CBC_SHA, TLS_ECDHE_ECDSA_WITH_AES_128_CBC_SHA, TLS_ECDHE_RSA_WITH_AES_128_CBC_SHA, TLS_DHE_RSA_WITH_AES_256_CBC_SHA, TLS_DHE_DSS_WITH_AES_256_CBC_SHA, TLS_DHE_RSA_WITH_AES_128_CBC_SHA, TLS_DHE_DSS_WITH_AES_128_CBC_SHA, TLS_ECDH_ECDSA_WITH_AES_256_CBC_SHA, TLS_ECDH_RSA_WITH_AES_256_CBC_SHA, TLS_ECDH_ECDSA_WITH_AES_128_CBC_SHA, TLS_ECDH_RSA_WITH_AES_128_CBC_SHA, TLS_RSA_WITH_AES_256_GCM_SHA384, TLS_RSA_WITH_AES_128_GCM_SHA256, TLS_RSA_WITH_AES_256_CBC_SHA256, TLS_RSA_WITH_AES_128_CBC_SHA256, TLS_RSA_WITH_AES_256_CBC_SHA, TLS_RSA_WITH_AES_128_CBC_SHA, TLS_EMPTY_RENEGOTIATION_INFO_SCSV]
08:01:03.821 [ForkJoinPool-1-worker-1] DEBUG org.apache.http.conn.ssl.SSLConnectionSocketFactory - Starting handshake
08:01:04.145 [ForkJoinPool-1-worker-1] DEBUG org.apache.http.conn.ssl.SSLConnectionSocketFactory - Secure session established
08:01:04.145 [ForkJoinPool-1-worker-1] DEBUG org.apache.http.conn.ssl.SSLConnectionSocketFactory -  negotiated protocol: TLSv1.2
08:01:04.145 [ForkJoinPool-1-worker-1] DEBUG org.apache.http.conn.ssl.SSLConnectionSocketFactory -  negotiated cipher suite: TLS_ECDHE_RSA_WITH_AES_128_GCM_SHA256
08:01:04.145 [ForkJoinPool-1-worker-1] DEBUG org.apache.http.conn.ssl.SSLConnectionSocketFactory -  peer principal: CN=*.swagger.io
08:01:04.145 [ForkJoinPool-1-worker-1] DEBUG org.apache.http.conn.ssl.SSLConnectionSocketFactory -  peer alternative names: [*.swagger.io]
08:01:04.145 [ForkJoinPool-1-worker-1] DEBUG org.apache.http.conn.ssl.SSLConnectionSocketFactory -  issuer principal: CN=Amazon, OU=Server CA 1B, O=Amazon, C=US
08:01:04.146 [ForkJoinPool-1-worker-1] DEBUG org.apache.http.impl.conn.DefaultHttpClientConnectionOperator - Connection established 192.168.2.247:44650<->35.174.182.136:443
08:01:04.146 [ForkJoinPool-1-worker-1] DEBUG org.apache.http.impl.conn.DefaultManagedHttpClientConnection - http-outgoing-25: set socket timeout to 30000
08:01:04.146 [ForkJoinPool-1-worker-1] DEBUG org.apache.http.impl.execchain.MainClientExec - Executing request POST /v2/pet HTTP/1.1
08:01:04.146 [ForkJoinPool-1-worker-1] DEBUG org.apache.http.impl.execchain.MainClientExec - Target auth state: UNCHALLENGED
08:01:04.146 [ForkJoinPool-1-worker-1] DEBUG org.apache.http.impl.execchain.MainClientExec - Proxy auth state: UNCHALLENGED
08:01:04.146 [ForkJoinPool-1-worker-1] DEBUG org.apache.http.headers - http-outgoing-25 >> POST /v2/pet HTTP/1.1
08:01:04.146 [ForkJoinPool-1-worker-1] DEBUG org.apache.http.headers - http-outgoing-25 >> Content-Type: application/json; charset=UTF-8
08:01:04.146 [ForkJoinPool-1-worker-1] DEBUG org.apache.http.headers - http-outgoing-25 >> Content-Length: 141
08:01:04.146 [ForkJoinPool-1-worker-1] DEBUG org.apache.http.headers - http-outgoing-25 >> Host: petstore.swagger.io
08:01:04.146 [ForkJoinPool-1-worker-1] DEBUG org.apache.http.headers - http-outgoing-25 >> Connection: Keep-Alive
08:01:04.146 [ForkJoinPool-1-worker-1] DEBUG org.apache.http.headers - http-outgoing-25 >> User-Agent: Apache-HttpClient/4.5.12 (Java/1.8.0_331)
08:01:04.146 [ForkJoinPool-1-worker-1] DEBUG org.apache.http.headers - http-outgoing-25 >> Accept-Encoding: gzip,deflate
08:01:04.146 [ForkJoinPool-1-worker-1] DEBUG org.apache.http.wire - http-outgoing-25 >> "POST /v2/pet HTTP/1.1[\r][\n]"
08:01:04.146 [ForkJoinPool-1-worker-1] DEBUG org.apache.http.wire - http-outgoing-25 >> "Content-Type: application/json; charset=UTF-8[\r][\n]"
08:01:04.146 [ForkJoinPool-1-worker-1] DEBUG org.apache.http.wire - http-outgoing-25 >> "Content-Length: 141[\r][\n]"
08:01:04.146 [ForkJoinPool-1-worker-1] DEBUG org.apache.http.wire - http-outgoing-25 >> "Host: petstore.swagger.io[\r][\n]"
08:01:04.146 [ForkJoinPool-1-worker-1] DEBUG org.apache.http.wire - http-outgoing-25 >> "Connection: Keep-Alive[\r][\n]"
08:01:04.146 [ForkJoinPool-1-worker-1] DEBUG org.apache.http.wire - http-outgoing-25 >> "User-Agent: Apache-HttpClient/4.5.12 (Java/1.8.0_331)[\r][\n]"
08:01:04.146 [ForkJoinPool-1-worker-1] DEBUG org.apache.http.wire - http-outgoing-25 >> "Accept-Encoding: gzip,deflate[\r][\n]"
08:01:04.146 [ForkJoinPool-1-worker-1] DEBUG org.apache.http.wire - http-outgoing-25 >> "[\r][\n]"
08:01:04.146 [ForkJoinPool-1-worker-1] DEBUG org.apache.http.wire - http-outgoing-25 >> "{"id":"A","category":{"id":"A","name":-1},"name":"doggie","photoUrls":["pepito.jpg"],"tags":[{"id":0,"name":"perrito"}],"status":"available"}"
08:01:04.301 [ForkJoinPool-1-worker-1] DEBUG org.apache.http.wire - http-outgoing-25 << "HTTP/1.1 500 Server Error[\r][\n]"
08:01:04.301 [ForkJoinPool-1-worker-1] DEBUG org.apache.http.wire - http-outgoing-25 << "Date: Wed, 24 Aug 2022 11:01:04 GMT[\r][\n]"
08:01:04.301 [ForkJoinPool-1-worker-1] DEBUG org.apache.http.wire - http-outgoing-25 << "Content-Type: application/json[\r][\n]"
08:01:04.301 [ForkJoinPool-1-worker-1] DEBUG org.apache.http.wire - http-outgoing-25 << "Transfer-Encoding: chunked[\r][\n]"
08:01:04.301 [ForkJoinPool-1-worker-1] DEBUG org.apache.http.wire - http-outgoing-25 << "Connection: keep-alive[\r][\n]"
08:01:04.301 [ForkJoinPool-1-worker-1] DEBUG org.apache.http.wire - http-outgoing-25 << "Access-Control-Allow-Origin: *[\r][\n]"
08:01:04.301 [ForkJoinPool-1-worker-1] DEBUG org.apache.http.wire - http-outgoing-25 << "Access-Control-Allow-Methods: GET, POST, DELETE, PUT[\r][\n]"
08:01:04.301 [ForkJoinPool-1-worker-1] DEBUG org.apache.http.wire - http-outgoing-25 << "Access-Control-Allow-Headers: Content-Type, api_key, Authorization[\r][\n]"
08:01:04.301 [ForkJoinPool-1-worker-1] DEBUG org.apache.http.wire - http-outgoing-25 << "Server: Jetty(9.2.9.v20150224)[\r][\n]"
08:01:04.301 [ForkJoinPool-1-worker-1] DEBUG org.apache.http.wire - http-outgoing-25 << "[\r][\n]"
08:01:04.301 [ForkJoinPool-1-worker-1] DEBUG org.apache.http.wire - http-outgoing-25 << "40[\r][\n]"
08:01:04.301 [ForkJoinPool-1-worker-1] DEBUG org.apache.http.wire - http-outgoing-25 << "{"code":500,"type":"unknown","message":"something bad happened"}[\r][\n]"
08:01:04.301 [ForkJoinPool-1-worker-1] DEBUG org.apache.http.headers - http-outgoing-25 << HTTP/1.1 500 Server Error
08:01:04.301 [ForkJoinPool-1-worker-1] DEBUG org.apache.http.headers - http-outgoing-25 << Date: Wed, 24 Aug 2022 11:01:04 GMT
08:01:04.301 [ForkJoinPool-1-worker-1] DEBUG org.apache.http.headers - http-outgoing-25 << Content-Type: application/json
08:01:04.301 [ForkJoinPool-1-worker-1] DEBUG org.apache.http.headers - http-outgoing-25 << Transfer-Encoding: chunked
08:01:04.301 [ForkJoinPool-1-worker-1] DEBUG org.apache.http.headers - http-outgoing-25 << Connection: keep-alive
08:01:04.301 [ForkJoinPool-1-worker-1] DEBUG org.apache.http.headers - http-outgoing-25 << Access-Control-Allow-Origin: *
08:01:04.301 [ForkJoinPool-1-worker-1] DEBUG org.apache.http.headers - http-outgoing-25 << Access-Control-Allow-Methods: GET, POST, DELETE, PUT
08:01:04.301 [ForkJoinPool-1-worker-1] DEBUG org.apache.http.headers - http-outgoing-25 << Access-Control-Allow-Headers: Content-Type, api_key, Authorization
08:01:04.301 [ForkJoinPool-1-worker-1] DEBUG org.apache.http.headers - http-outgoing-25 << Server: Jetty(9.2.9.v20150224)
08:01:04.301 [ForkJoinPool-1-worker-1] DEBUG org.apache.http.impl.execchain.MainClientExec - Connection can be kept alive indefinitely
08:01:04.302 [ForkJoinPool-1-worker-1] DEBUG org.apache.http.wire - http-outgoing-25 << "0[\r][\n]"
08:01:04.302 [ForkJoinPool-1-worker-1] DEBUG org.apache.http.wire - http-outgoing-25 << "[\r][\n]"
08:01:04.302 [ForkJoinPool-1-worker-1] DEBUG org.apache.http.impl.conn.PoolingHttpClientConnectionManager - Connection [id: 25][route: {s}->https://petstore.swagger.io:443] can be kept alive indefinitely
08:01:04.302 [ForkJoinPool-1-worker-1] DEBUG org.apache.http.impl.conn.DefaultManagedHttpClientConnection - http-outgoing-25: set socket timeout to 0
08:01:04.302 [ForkJoinPool-1-worker-1] DEBUG org.apache.http.impl.conn.PoolingHttpClientConnectionManager - Connection released: [id: 25][route: {s}->https://petstore.swagger.io:443][total available: 1; route allocated: 1 of 5; total allocated: 1 of 10]
08:01:04.302 [ForkJoinPool-1-worker-1] DEBUG com.intuit.karate - response time in milliseconds: 634.77
1 < 500
1 < Access-Control-Allow-Headers: Content-Type, api_key, Authorization
1 < Access-Control-Allow-Methods: GET, POST, DELETE, PUT
1 < Access-Control-Allow-Origin: *
1 < Connection: keep-alive
1 < Content-Type: application/json
1 < Date: Wed, 24 Aug 2022 11:01:04 GMT
1 < Server: Jetty(9.2.9.v20150224)
1 < Transfer-Encoding: chunked
{"code":500,"type":"unknown","message":"something bad happened"}

08:01:04.307 [ForkJoinPool-1-worker-1] DEBUG com.jayway.jsonpath.internal.path.CompiledPath - Evaluating path: $
08:01:04.307 [ForkJoinPool-1-worker-1] DEBUG com.jayway.jsonpath.internal.path.CompiledPath - Evaluating path: $
08:01:04.307 [ForkJoinPool-1-worker-1] DEBUG com.jayway.jsonpath.internal.path.CompiledPath - Evaluating path: $
08:01:04.308 [ForkJoinPool-1-worker-1] DEBUG org.apache.http.client.protocol.RequestAddCookies - CookieSpec selected: karate
08:01:04.308 [ForkJoinPool-1-worker-1] DEBUG org.apache.http.client.protocol.RequestAuthCache - Auth cache not set in the context
08:01:04.308 [ForkJoinPool-1-worker-1] DEBUG com.intuit.karate - request:
1 > POST https://petstore.swagger.io/v2/pet
1 > Accept-Encoding: gzip,deflate
1 > Connection: Keep-Alive
1 > Content-Length: 151
1 > Content-Type: application/json; charset=UTF-8
1 > Host: petstore.swagger.io
1 > User-Agent: Apache-HttpClient/4.5.12 (Java/1.8.0_331)
{"id":"#$%&","category":{"id":"#$%&","name":"#$%&"},"name":"doggie","photoUrls":["pepito.jpg"],"tags":[{"id":0,"name":"perrito"}],"status":"available"}

08:01:04.308 [ForkJoinPool-1-worker-1] DEBUG org.apache.http.impl.conn.PoolingHttpClientConnectionManager - Connection request: [route: {s}->https://petstore.swagger.io:443][total available: 0; route allocated: 0 of 5; total allocated: 0 of 10]
08:01:04.308 [ForkJoinPool-1-worker-1] DEBUG org.apache.http.impl.conn.PoolingHttpClientConnectionManager - Connection leased: [id: 26][route: {s}->https://petstore.swagger.io:443][total available: 0; route allocated: 1 of 5; total allocated: 1 of 10]
08:01:04.308 [ForkJoinPool-1-worker-1] DEBUG org.apache.http.impl.execchain.MainClientExec - Opening connection {s}->https://petstore.swagger.io:443
08:01:04.308 [ForkJoinPool-1-worker-1] DEBUG org.apache.http.impl.conn.DefaultHttpClientConnectionOperator - Connecting to petstore.swagger.io/35.174.182.136:443
08:01:04.308 [ForkJoinPool-1-worker-1] DEBUG org.apache.http.conn.ssl.SSLConnectionSocketFactory - Connecting socket to petstore.swagger.io/35.174.182.136:443 with timeout 30000
08:01:04.468 [ForkJoinPool-1-worker-1] DEBUG org.apache.http.conn.ssl.SSLConnectionSocketFactory - Enabled protocols: [TLSv1.2]
08:01:04.468 [ForkJoinPool-1-worker-1] DEBUG org.apache.http.conn.ssl.SSLConnectionSocketFactory - Enabled cipher suites:[TLS_ECDHE_ECDSA_WITH_AES_256_GCM_SHA384, TLS_ECDHE_ECDSA_WITH_AES_128_GCM_SHA256, TLS_ECDHE_RSA_WITH_AES_256_GCM_SHA384, TLS_ECDHE_RSA_WITH_AES_128_GCM_SHA256, TLS_DHE_RSA_WITH_AES_256_GCM_SHA384, TLS_DHE_DSS_WITH_AES_256_GCM_SHA384, TLS_DHE_RSA_WITH_AES_128_GCM_SHA256, TLS_DHE_DSS_WITH_AES_128_GCM_SHA256, TLS_ECDHE_ECDSA_WITH_AES_256_CBC_SHA384, TLS_ECDHE_RSA_WITH_AES_256_CBC_SHA384, TLS_ECDHE_ECDSA_WITH_AES_128_CBC_SHA256, TLS_ECDHE_RSA_WITH_AES_128_CBC_SHA256, TLS_DHE_RSA_WITH_AES_256_CBC_SHA256, TLS_DHE_DSS_WITH_AES_256_CBC_SHA256, TLS_DHE_RSA_WITH_AES_128_CBC_SHA256, TLS_DHE_DSS_WITH_AES_128_CBC_SHA256, TLS_ECDH_ECDSA_WITH_AES_256_GCM_SHA384, TLS_ECDH_RSA_WITH_AES_256_GCM_SHA384, TLS_ECDH_ECDSA_WITH_AES_128_GCM_SHA256, TLS_ECDH_RSA_WITH_AES_128_GCM_SHA256, TLS_ECDH_ECDSA_WITH_AES_256_CBC_SHA384, TLS_ECDH_RSA_WITH_AES_256_CBC_SHA384, TLS_ECDH_ECDSA_WITH_AES_128_CBC_SHA256, TLS_ECDH_RSA_WITH_AES_128_CBC_SHA256, TLS_ECDHE_ECDSA_WITH_AES_256_CBC_SHA, TLS_ECDHE_RSA_WITH_AES_256_CBC_SHA, TLS_ECDHE_ECDSA_WITH_AES_128_CBC_SHA, TLS_ECDHE_RSA_WITH_AES_128_CBC_SHA, TLS_DHE_RSA_WITH_AES_256_CBC_SHA, TLS_DHE_DSS_WITH_AES_256_CBC_SHA, TLS_DHE_RSA_WITH_AES_128_CBC_SHA, TLS_DHE_DSS_WITH_AES_128_CBC_SHA, TLS_ECDH_ECDSA_WITH_AES_256_CBC_SHA, TLS_ECDH_RSA_WITH_AES_256_CBC_SHA, TLS_ECDH_ECDSA_WITH_AES_128_CBC_SHA, TLS_ECDH_RSA_WITH_AES_128_CBC_SHA, TLS_RSA_WITH_AES_256_GCM_SHA384, TLS_RSA_WITH_AES_128_GCM_SHA256, TLS_RSA_WITH_AES_256_CBC_SHA256, TLS_RSA_WITH_AES_128_CBC_SHA256, TLS_RSA_WITH_AES_256_CBC_SHA, TLS_RSA_WITH_AES_128_CBC_SHA, TLS_EMPTY_RENEGOTIATION_INFO_SCSV]
08:01:04.468 [ForkJoinPool-1-worker-1] DEBUG org.apache.http.conn.ssl.SSLConnectionSocketFactory - Starting handshake
08:01:04.809 [ForkJoinPool-1-worker-1] DEBUG org.apache.http.conn.ssl.SSLConnectionSocketFactory - Secure session established
08:01:04.809 [ForkJoinPool-1-worker-1] DEBUG org.apache.http.conn.ssl.SSLConnectionSocketFactory -  negotiated protocol: TLSv1.2
08:01:04.809 [ForkJoinPool-1-worker-1] DEBUG org.apache.http.conn.ssl.SSLConnectionSocketFactory -  negotiated cipher suite: TLS_ECDHE_RSA_WITH_AES_128_GCM_SHA256
08:01:04.810 [ForkJoinPool-1-worker-1] DEBUG org.apache.http.conn.ssl.SSLConnectionSocketFactory -  peer principal: CN=*.swagger.io
08:01:04.810 [ForkJoinPool-1-worker-1] DEBUG org.apache.http.conn.ssl.SSLConnectionSocketFactory -  peer alternative names: [*.swagger.io]
08:01:04.810 [ForkJoinPool-1-worker-1] DEBUG org.apache.http.conn.ssl.SSLConnectionSocketFactory -  issuer principal: CN=Amazon, OU=Server CA 1B, O=Amazon, C=US
08:01:04.810 [ForkJoinPool-1-worker-1] DEBUG org.apache.http.impl.conn.DefaultHttpClientConnectionOperator - Connection established 192.168.2.247:44652<->35.174.182.136:443
08:01:04.810 [ForkJoinPool-1-worker-1] DEBUG org.apache.http.impl.conn.DefaultManagedHttpClientConnection - http-outgoing-26: set socket timeout to 30000
08:01:04.810 [ForkJoinPool-1-worker-1] DEBUG org.apache.http.impl.execchain.MainClientExec - Executing request POST /v2/pet HTTP/1.1
08:01:04.810 [ForkJoinPool-1-worker-1] DEBUG org.apache.http.impl.execchain.MainClientExec - Target auth state: UNCHALLENGED
08:01:04.810 [ForkJoinPool-1-worker-1] DEBUG org.apache.http.impl.execchain.MainClientExec - Proxy auth state: UNCHALLENGED
08:01:04.810 [ForkJoinPool-1-worker-1] DEBUG org.apache.http.headers - http-outgoing-26 >> POST /v2/pet HTTP/1.1
08:01:04.810 [ForkJoinPool-1-worker-1] DEBUG org.apache.http.headers - http-outgoing-26 >> Content-Type: application/json; charset=UTF-8
08:01:04.810 [ForkJoinPool-1-worker-1] DEBUG org.apache.http.headers - http-outgoing-26 >> Content-Length: 151
08:01:04.810 [ForkJoinPool-1-worker-1] DEBUG org.apache.http.headers - http-outgoing-26 >> Host: petstore.swagger.io
08:01:04.810 [ForkJoinPool-1-worker-1] DEBUG org.apache.http.headers - http-outgoing-26 >> Connection: Keep-Alive
08:01:04.810 [ForkJoinPool-1-worker-1] DEBUG org.apache.http.headers - http-outgoing-26 >> User-Agent: Apache-HttpClient/4.5.12 (Java/1.8.0_331)
08:01:04.810 [ForkJoinPool-1-worker-1] DEBUG org.apache.http.headers - http-outgoing-26 >> Accept-Encoding: gzip,deflate
08:01:04.810 [ForkJoinPool-1-worker-1] DEBUG org.apache.http.wire - http-outgoing-26 >> "POST /v2/pet HTTP/1.1[\r][\n]"
08:01:04.810 [ForkJoinPool-1-worker-1] DEBUG org.apache.http.wire - http-outgoing-26 >> "Content-Type: application/json; charset=UTF-8[\r][\n]"
08:01:04.810 [ForkJoinPool-1-worker-1] DEBUG org.apache.http.wire - http-outgoing-26 >> "Content-Length: 151[\r][\n]"
08:01:04.810 [ForkJoinPool-1-worker-1] DEBUG org.apache.http.wire - http-outgoing-26 >> "Host: petstore.swagger.io[\r][\n]"
08:01:04.810 [ForkJoinPool-1-worker-1] DEBUG org.apache.http.wire - http-outgoing-26 >> "Connection: Keep-Alive[\r][\n]"
08:01:04.810 [ForkJoinPool-1-worker-1] DEBUG org.apache.http.wire - http-outgoing-26 >> "User-Agent: Apache-HttpClient/4.5.12 (Java/1.8.0_331)[\r][\n]"
08:01:04.810 [ForkJoinPool-1-worker-1] DEBUG org.apache.http.wire - http-outgoing-26 >> "Accept-Encoding: gzip,deflate[\r][\n]"
08:01:04.810 [ForkJoinPool-1-worker-1] DEBUG org.apache.http.wire - http-outgoing-26 >> "[\r][\n]"
08:01:04.810 [ForkJoinPool-1-worker-1] DEBUG org.apache.http.wire - http-outgoing-26 >> "{"id":"#$%&","category":{"id":"#$%&","name":"#$%&"},"name":"doggie","photoUrls":["pepito.jpg"],"tags":[{"id":0,"name":"perrito"}],"status":"available"}"
08:01:04.970 [ForkJoinPool-1-worker-1] DEBUG org.apache.http.wire - http-outgoing-26 << "HTTP/1.1 500 Server Error[\r][\n]"
08:01:04.970 [ForkJoinPool-1-worker-1] DEBUG org.apache.http.wire - http-outgoing-26 << "Date: Wed, 24 Aug 2022 11:01:04 GMT[\r][\n]"
08:01:04.970 [ForkJoinPool-1-worker-1] DEBUG org.apache.http.wire - http-outgoing-26 << "Content-Type: application/json[\r][\n]"
08:01:04.970 [ForkJoinPool-1-worker-1] DEBUG org.apache.http.wire - http-outgoing-26 << "Transfer-Encoding: chunked[\r][\n]"
08:01:04.970 [ForkJoinPool-1-worker-1] DEBUG org.apache.http.wire - http-outgoing-26 << "Connection: keep-alive[\r][\n]"
08:01:04.970 [ForkJoinPool-1-worker-1] DEBUG org.apache.http.wire - http-outgoing-26 << "Access-Control-Allow-Origin: *[\r][\n]"
08:01:04.970 [ForkJoinPool-1-worker-1] DEBUG org.apache.http.wire - http-outgoing-26 << "Access-Control-Allow-Methods: GET, POST, DELETE, PUT[\r][\n]"
08:01:04.970 [ForkJoinPool-1-worker-1] DEBUG org.apache.http.wire - http-outgoing-26 << "Access-Control-Allow-Headers: Content-Type, api_key, Authorization[\r][\n]"
08:01:04.970 [ForkJoinPool-1-worker-1] DEBUG org.apache.http.wire - http-outgoing-26 << "Server: Jetty(9.2.9.v20150224)[\r][\n]"
08:01:04.970 [ForkJoinPool-1-worker-1] DEBUG org.apache.http.wire - http-outgoing-26 << "[\r][\n]"
08:01:04.970 [ForkJoinPool-1-worker-1] DEBUG org.apache.http.wire - http-outgoing-26 << "40[\r][\n]"
08:01:04.970 [ForkJoinPool-1-worker-1] DEBUG org.apache.http.wire - http-outgoing-26 << "{"code":500,"type":"unknown","message":"something bad happened"}[\r][\n]"
08:01:04.970 [ForkJoinPool-1-worker-1] DEBUG org.apache.http.headers - http-outgoing-26 << HTTP/1.1 500 Server Error
08:01:04.970 [ForkJoinPool-1-worker-1] DEBUG org.apache.http.headers - http-outgoing-26 << Date: Wed, 24 Aug 2022 11:01:04 GMT
08:01:04.970 [ForkJoinPool-1-worker-1] DEBUG org.apache.http.headers - http-outgoing-26 << Content-Type: application/json
08:01:04.970 [ForkJoinPool-1-worker-1] DEBUG org.apache.http.headers - http-outgoing-26 << Transfer-Encoding: chunked
08:01:04.970 [ForkJoinPool-1-worker-1] DEBUG org.apache.http.headers - http-outgoing-26 << Connection: keep-alive
08:01:04.970 [ForkJoinPool-1-worker-1] DEBUG org.apache.http.headers - http-outgoing-26 << Access-Control-Allow-Origin: *
08:01:04.970 [ForkJoinPool-1-worker-1] DEBUG org.apache.http.headers - http-outgoing-26 << Access-Control-Allow-Methods: GET, POST, DELETE, PUT
08:01:04.970 [ForkJoinPool-1-worker-1] DEBUG org.apache.http.headers - http-outgoing-26 << Access-Control-Allow-Headers: Content-Type, api_key, Authorization
08:01:04.970 [ForkJoinPool-1-worker-1] DEBUG org.apache.http.headers - http-outgoing-26 << Server: Jetty(9.2.9.v20150224)
08:01:04.970 [ForkJoinPool-1-worker-1] DEBUG org.apache.http.impl.execchain.MainClientExec - Connection can be kept alive indefinitely
08:01:04.971 [ForkJoinPool-1-worker-1] DEBUG org.apache.http.wire - http-outgoing-26 << "0[\r][\n]"
08:01:04.971 [ForkJoinPool-1-worker-1] DEBUG org.apache.http.wire - http-outgoing-26 << "[\r][\n]"
08:01:04.971 [ForkJoinPool-1-worker-1] DEBUG org.apache.http.impl.conn.PoolingHttpClientConnectionManager - Connection [id: 26][route: {s}->https://petstore.swagger.io:443] can be kept alive indefinitely
08:01:04.971 [ForkJoinPool-1-worker-1] DEBUG org.apache.http.impl.conn.DefaultManagedHttpClientConnection - http-outgoing-26: set socket timeout to 0
08:01:04.971 [ForkJoinPool-1-worker-1] DEBUG org.apache.http.impl.conn.PoolingHttpClientConnectionManager - Connection released: [id: 26][route: {s}->https://petstore.swagger.io:443][total available: 1; route allocated: 1 of 5; total allocated: 1 of 10]
08:01:04.971 [ForkJoinPool-1-worker-1] DEBUG com.intuit.karate - response time in milliseconds: 662.31
1 < 500
1 < Access-Control-Allow-Headers: Content-Type, api_key, Authorization
1 < Access-Control-Allow-Methods: GET, POST, DELETE, PUT
1 < Access-Control-Allow-Origin: *
1 < Connection: keep-alive
1 < Content-Type: application/json
1 < Date: Wed, 24 Aug 2022 11:01:04 GMT
1 < Server: Jetty(9.2.9.v20150224)
1 < Transfer-Encoding: chunked
{"code":500,"type":"unknown","message":"something bad happened"}

08:01:04.977 [ForkJoinPool-1-worker-1] DEBUG com.jayway.jsonpath.internal.path.CompiledPath - Evaluating path: $
08:01:04.978 [ForkJoinPool-1-worker-1] DEBUG com.jayway.jsonpath.internal.path.CompiledPath - Evaluating path: $
08:01:04.980 [ForkJoinPool-1-worker-1] DEBUG com.jayway.jsonpath.internal.path.CompiledPath - Evaluating path: $
08:01:04.980 [ForkJoinPool-1-worker-1] DEBUG com.jayway.jsonpath.internal.path.CompiledPath - Evaluating path: $
08:01:04.981 [ForkJoinPool-1-worker-1] DEBUG com.jayway.jsonpath.internal.path.CompiledPath - Evaluating path: $
08:01:04.983 [ForkJoinPool-1-worker-1] DEBUG org.apache.http.client.protocol.RequestAddCookies - CookieSpec selected: karate
08:01:04.983 [ForkJoinPool-1-worker-1] DEBUG org.apache.http.client.protocol.RequestAuthCache - Auth cache not set in the context
08:01:04.983 [ForkJoinPool-1-worker-1] DEBUG com.intuit.karate - request:
1 > POST https://petstore.swagger.io/v2/pet
1 > Accept-Encoding: gzip,deflate
1 > Connection: Keep-Alive
1 > Content-Length: 143
1 > Content-Type: application/json; charset=UTF-8
1 > Host: petstore.swagger.io
1 > User-Agent: Apache-HttpClient/4.5.12 (Java/1.8.0_331)
{"id":8,"category":{"id":0,"name":"pepito"},"name":"doggie","photoUrls":["pepito.jpg"],"tags":[{"id":0,"name":"perrito"}],"status":"available"}

08:01:04.983 [ForkJoinPool-1-worker-1] DEBUG org.apache.http.impl.conn.PoolingHttpClientConnectionManager - Connection request: [route: {s}->https://petstore.swagger.io:443][total available: 0; route allocated: 0 of 5; total allocated: 0 of 10]
08:01:04.983 [ForkJoinPool-1-worker-1] DEBUG org.apache.http.impl.conn.PoolingHttpClientConnectionManager - Connection leased: [id: 27][route: {s}->https://petstore.swagger.io:443][total available: 0; route allocated: 1 of 5; total allocated: 1 of 10]
08:01:04.983 [ForkJoinPool-1-worker-1] DEBUG org.apache.http.impl.execchain.MainClientExec - Opening connection {s}->https://petstore.swagger.io:443
08:01:04.992 [ForkJoinPool-1-worker-1] DEBUG org.apache.http.impl.conn.DefaultHttpClientConnectionOperator - Connecting to petstore.swagger.io/54.235.255.168:443
08:01:04.992 [ForkJoinPool-1-worker-1] DEBUG org.apache.http.conn.ssl.SSLConnectionSocketFactory - Connecting socket to petstore.swagger.io/54.235.255.168:443 with timeout 30000
08:01:05.151 [ForkJoinPool-1-worker-1] DEBUG org.apache.http.conn.ssl.SSLConnectionSocketFactory - Enabled protocols: [TLSv1.2]
08:01:05.151 [ForkJoinPool-1-worker-1] DEBUG org.apache.http.conn.ssl.SSLConnectionSocketFactory - Enabled cipher suites:[TLS_ECDHE_ECDSA_WITH_AES_256_GCM_SHA384, TLS_ECDHE_ECDSA_WITH_AES_128_GCM_SHA256, TLS_ECDHE_RSA_WITH_AES_256_GCM_SHA384, TLS_ECDHE_RSA_WITH_AES_128_GCM_SHA256, TLS_DHE_RSA_WITH_AES_256_GCM_SHA384, TLS_DHE_DSS_WITH_AES_256_GCM_SHA384, TLS_DHE_RSA_WITH_AES_128_GCM_SHA256, TLS_DHE_DSS_WITH_AES_128_GCM_SHA256, TLS_ECDHE_ECDSA_WITH_AES_256_CBC_SHA384, TLS_ECDHE_RSA_WITH_AES_256_CBC_SHA384, TLS_ECDHE_ECDSA_WITH_AES_128_CBC_SHA256, TLS_ECDHE_RSA_WITH_AES_128_CBC_SHA256, TLS_DHE_RSA_WITH_AES_256_CBC_SHA256, TLS_DHE_DSS_WITH_AES_256_CBC_SHA256, TLS_DHE_RSA_WITH_AES_128_CBC_SHA256, TLS_DHE_DSS_WITH_AES_128_CBC_SHA256, TLS_ECDH_ECDSA_WITH_AES_256_GCM_SHA384, TLS_ECDH_RSA_WITH_AES_256_GCM_SHA384, TLS_ECDH_ECDSA_WITH_AES_128_GCM_SHA256, TLS_ECDH_RSA_WITH_AES_128_GCM_SHA256, TLS_ECDH_ECDSA_WITH_AES_256_CBC_SHA384, TLS_ECDH_RSA_WITH_AES_256_CBC_SHA384, TLS_ECDH_ECDSA_WITH_AES_128_CBC_SHA256, TLS_ECDH_RSA_WITH_AES_128_CBC_SHA256, TLS_ECDHE_ECDSA_WITH_AES_256_CBC_SHA, TLS_ECDHE_RSA_WITH_AES_256_CBC_SHA, TLS_ECDHE_ECDSA_WITH_AES_128_CBC_SHA, TLS_ECDHE_RSA_WITH_AES_128_CBC_SHA, TLS_DHE_RSA_WITH_AES_256_CBC_SHA, TLS_DHE_DSS_WITH_AES_256_CBC_SHA, TLS_DHE_RSA_WITH_AES_128_CBC_SHA, TLS_DHE_DSS_WITH_AES_128_CBC_SHA, TLS_ECDH_ECDSA_WITH_AES_256_CBC_SHA, TLS_ECDH_RSA_WITH_AES_256_CBC_SHA, TLS_ECDH_ECDSA_WITH_AES_128_CBC_SHA, TLS_ECDH_RSA_WITH_AES_128_CBC_SHA, TLS_RSA_WITH_AES_256_GCM_SHA384, TLS_RSA_WITH_AES_128_GCM_SHA256, TLS_RSA_WITH_AES_256_CBC_SHA256, TLS_RSA_WITH_AES_128_CBC_SHA256, TLS_RSA_WITH_AES_256_CBC_SHA, TLS_RSA_WITH_AES_128_CBC_SHA, TLS_EMPTY_RENEGOTIATION_INFO_SCSV]
08:01:05.152 [ForkJoinPool-1-worker-1] DEBUG org.apache.http.conn.ssl.SSLConnectionSocketFactory - Starting handshake
08:01:05.513 [ForkJoinPool-1-worker-1] DEBUG org.apache.http.conn.ssl.SSLConnectionSocketFactory - Secure session established
08:01:05.513 [ForkJoinPool-1-worker-1] DEBUG org.apache.http.conn.ssl.SSLConnectionSocketFactory -  negotiated protocol: TLSv1.2
08:01:05.513 [ForkJoinPool-1-worker-1] DEBUG org.apache.http.conn.ssl.SSLConnectionSocketFactory -  negotiated cipher suite: TLS_ECDHE_RSA_WITH_AES_128_GCM_SHA256
08:01:05.513 [ForkJoinPool-1-worker-1] DEBUG org.apache.http.conn.ssl.SSLConnectionSocketFactory -  peer principal: CN=*.swagger.io
08:01:05.513 [ForkJoinPool-1-worker-1] DEBUG org.apache.http.conn.ssl.SSLConnectionSocketFactory -  peer alternative names: [*.swagger.io]
08:01:05.513 [ForkJoinPool-1-worker-1] DEBUG org.apache.http.conn.ssl.SSLConnectionSocketFactory -  issuer principal: CN=Amazon, OU=Server CA 1B, O=Amazon, C=US
08:01:05.513 [ForkJoinPool-1-worker-1] DEBUG org.apache.http.impl.conn.DefaultHttpClientConnectionOperator - Connection established 192.168.2.247:43122<->54.235.255.168:443
08:01:05.513 [ForkJoinPool-1-worker-1] DEBUG org.apache.http.impl.conn.DefaultManagedHttpClientConnection - http-outgoing-27: set socket timeout to 30000
08:01:05.513 [ForkJoinPool-1-worker-1] DEBUG org.apache.http.impl.execchain.MainClientExec - Executing request POST /v2/pet HTTP/1.1
08:01:05.513 [ForkJoinPool-1-worker-1] DEBUG org.apache.http.impl.execchain.MainClientExec - Target auth state: UNCHALLENGED
08:01:05.513 [ForkJoinPool-1-worker-1] DEBUG org.apache.http.impl.execchain.MainClientExec - Proxy auth state: UNCHALLENGED
08:01:05.513 [ForkJoinPool-1-worker-1] DEBUG org.apache.http.headers - http-outgoing-27 >> POST /v2/pet HTTP/1.1
08:01:05.513 [ForkJoinPool-1-worker-1] DEBUG org.apache.http.headers - http-outgoing-27 >> Content-Type: application/json; charset=UTF-8
08:01:05.513 [ForkJoinPool-1-worker-1] DEBUG org.apache.http.headers - http-outgoing-27 >> Content-Length: 143
08:01:05.513 [ForkJoinPool-1-worker-1] DEBUG org.apache.http.headers - http-outgoing-27 >> Host: petstore.swagger.io
08:01:05.513 [ForkJoinPool-1-worker-1] DEBUG org.apache.http.headers - http-outgoing-27 >> Connection: Keep-Alive
08:01:05.513 [ForkJoinPool-1-worker-1] DEBUG org.apache.http.headers - http-outgoing-27 >> User-Agent: Apache-HttpClient/4.5.12 (Java/1.8.0_331)
08:01:05.513 [ForkJoinPool-1-worker-1] DEBUG org.apache.http.headers - http-outgoing-27 >> Accept-Encoding: gzip,deflate
08:01:05.513 [ForkJoinPool-1-worker-1] DEBUG org.apache.http.wire - http-outgoing-27 >> "POST /v2/pet HTTP/1.1[\r][\n]"
08:01:05.513 [ForkJoinPool-1-worker-1] DEBUG org.apache.http.wire - http-outgoing-27 >> "Content-Type: application/json; charset=UTF-8[\r][\n]"
08:01:05.513 [ForkJoinPool-1-worker-1] DEBUG org.apache.http.wire - http-outgoing-27 >> "Content-Length: 143[\r][\n]"
08:01:05.513 [ForkJoinPool-1-worker-1] DEBUG org.apache.http.wire - http-outgoing-27 >> "Host: petstore.swagger.io[\r][\n]"
08:01:05.513 [ForkJoinPool-1-worker-1] DEBUG org.apache.http.wire - http-outgoing-27 >> "Connection: Keep-Alive[\r][\n]"
08:01:05.513 [ForkJoinPool-1-worker-1] DEBUG org.apache.http.wire - http-outgoing-27 >> "User-Agent: Apache-HttpClient/4.5.12 (Java/1.8.0_331)[\r][\n]"
08:01:05.513 [ForkJoinPool-1-worker-1] DEBUG org.apache.http.wire - http-outgoing-27 >> "Accept-Encoding: gzip,deflate[\r][\n]"
08:01:05.513 [ForkJoinPool-1-worker-1] DEBUG org.apache.http.wire - http-outgoing-27 >> "[\r][\n]"
08:01:05.513 [ForkJoinPool-1-worker-1] DEBUG org.apache.http.wire - http-outgoing-27 >> "{"id":8,"category":{"id":0,"name":"pepito"},"name":"doggie","photoUrls":["pepito.jpg"],"tags":[{"id":0,"name":"perrito"}],"status":"available"}"
08:01:05.924 [ForkJoinPool-1-worker-1] DEBUG org.apache.http.wire - http-outgoing-27 << "HTTP/1.1 200 OK[\r][\n]"
08:01:05.924 [ForkJoinPool-1-worker-1] DEBUG org.apache.http.wire - http-outgoing-27 << "Date: Wed, 24 Aug 2022 11:01:05 GMT[\r][\n]"
08:01:05.924 [ForkJoinPool-1-worker-1] DEBUG org.apache.http.wire - http-outgoing-27 << "Content-Type: application/json[\r][\n]"
08:01:05.924 [ForkJoinPool-1-worker-1] DEBUG org.apache.http.wire - http-outgoing-27 << "Transfer-Encoding: chunked[\r][\n]"
08:01:05.924 [ForkJoinPool-1-worker-1] DEBUG org.apache.http.wire - http-outgoing-27 << "Connection: keep-alive[\r][\n]"
08:01:05.924 [ForkJoinPool-1-worker-1] DEBUG org.apache.http.wire - http-outgoing-27 << "Access-Control-Allow-Origin: *[\r][\n]"
08:01:05.924 [ForkJoinPool-1-worker-1] DEBUG org.apache.http.wire - http-outgoing-27 << "Access-Control-Allow-Methods: GET, POST, DELETE, PUT[\r][\n]"
08:01:05.924 [ForkJoinPool-1-worker-1] DEBUG org.apache.http.wire - http-outgoing-27 << "Access-Control-Allow-Headers: Content-Type, api_key, Authorization[\r][\n]"
08:01:05.924 [ForkJoinPool-1-worker-1] DEBUG org.apache.http.wire - http-outgoing-27 << "Server: Jetty(9.2.9.v20150224)[\r][\n]"
08:01:05.924 [ForkJoinPool-1-worker-1] DEBUG org.apache.http.wire - http-outgoing-27 << "[\r][\n]"
08:01:05.924 [ForkJoinPool-1-worker-1] DEBUG org.apache.http.wire - http-outgoing-27 << "8f[\r][\n]"
08:01:05.924 [ForkJoinPool-1-worker-1] DEBUG org.apache.http.wire - http-outgoing-27 << "{"id":8,"category":{"id":0,"name":"pepito"},"name":"doggie","photoUrls":["pepito.jpg"],"tags":[{"id":0,"name":"perrito"}],"status":"available"}[\r][\n]"
08:01:05.924 [ForkJoinPool-1-worker-1] DEBUG org.apache.http.headers - http-outgoing-27 << HTTP/1.1 200 OK
08:01:05.924 [ForkJoinPool-1-worker-1] DEBUG org.apache.http.headers - http-outgoing-27 << Date: Wed, 24 Aug 2022 11:01:05 GMT
08:01:05.924 [ForkJoinPool-1-worker-1] DEBUG org.apache.http.headers - http-outgoing-27 << Content-Type: application/json
08:01:05.924 [ForkJoinPool-1-worker-1] DEBUG org.apache.http.headers - http-outgoing-27 << Transfer-Encoding: chunked
08:01:05.924 [ForkJoinPool-1-worker-1] DEBUG org.apache.http.headers - http-outgoing-27 << Connection: keep-alive
08:01:05.924 [ForkJoinPool-1-worker-1] DEBUG org.apache.http.headers - http-outgoing-27 << Access-Control-Allow-Origin: *
08:01:05.924 [ForkJoinPool-1-worker-1] DEBUG org.apache.http.headers - http-outgoing-27 << Access-Control-Allow-Methods: GET, POST, DELETE, PUT
08:01:05.924 [ForkJoinPool-1-worker-1] DEBUG org.apache.http.headers - http-outgoing-27 << Access-Control-Allow-Headers: Content-Type, api_key, Authorization
08:01:05.924 [ForkJoinPool-1-worker-1] DEBUG org.apache.http.headers - http-outgoing-27 << Server: Jetty(9.2.9.v20150224)
08:01:05.924 [ForkJoinPool-1-worker-1] DEBUG org.apache.http.impl.execchain.MainClientExec - Connection can be kept alive indefinitely
08:01:05.925 [ForkJoinPool-1-worker-1] DEBUG org.apache.http.wire - http-outgoing-27 << "0[\r][\n]"
08:01:05.925 [ForkJoinPool-1-worker-1] DEBUG org.apache.http.wire - http-outgoing-27 << "[\r][\n]"
08:01:05.925 [ForkJoinPool-1-worker-1] DEBUG org.apache.http.impl.conn.PoolingHttpClientConnectionManager - Connection [id: 27][route: {s}->https://petstore.swagger.io:443] can be kept alive indefinitely
08:01:05.925 [ForkJoinPool-1-worker-1] DEBUG org.apache.http.impl.conn.DefaultManagedHttpClientConnection - http-outgoing-27: set socket timeout to 0
08:01:05.925 [ForkJoinPool-1-worker-1] DEBUG org.apache.http.impl.conn.PoolingHttpClientConnectionManager - Connection released: [id: 27][route: {s}->https://petstore.swagger.io:443][total available: 1; route allocated: 1 of 5; total allocated: 1 of 10]
08:01:05.925 [ForkJoinPool-1-worker-1] DEBUG com.intuit.karate - response time in milliseconds: 941.40
1 < 200
1 < Access-Control-Allow-Headers: Content-Type, api_key, Authorization
1 < Access-Control-Allow-Methods: GET, POST, DELETE, PUT
1 < Access-Control-Allow-Origin: *
1 < Connection: keep-alive
1 < Content-Type: application/json
1 < Date: Wed, 24 Aug 2022 11:01:05 GMT
1 < Server: Jetty(9.2.9.v20150224)
1 < Transfer-Encoding: chunked
{"id":8,"category":{"id":0,"name":"pepito"},"name":"doggie","photoUrls":["pepito.jpg"],"tags":[{"id":0,"name":"perrito"}],"status":"available"}

08:01:05.927 [ForkJoinPool-1-worker-1] DEBUG com.jayway.jsonpath.internal.path.CompiledPath - Evaluating path: $
08:01:05.931 [ForkJoinPool-1-worker-1] DEBUG com.jayway.jsonpath.internal.path.CompiledPath - Evaluating path: $
08:01:05.931 [ForkJoinPool-1-worker-1] DEBUG com.jayway.jsonpath.internal.path.CompiledPath - Evaluating path: $
08:01:05.932 [ForkJoinPool-1-worker-1] DEBUG com.jayway.jsonpath.internal.path.CompiledPath - Evaluating path: $
08:01:05.932 [ForkJoinPool-1-worker-1] DEBUG com.jayway.jsonpath.internal.path.CompiledPath - Evaluating path: $
08:01:05.933 [ForkJoinPool-1-worker-1] DEBUG com.jayway.jsonpath.internal.path.CompiledPath - Evaluating path: $
08:01:05.934 [ForkJoinPool-1-worker-1] DEBUG org.apache.http.client.protocol.RequestAddCookies - CookieSpec selected: karate
08:01:05.934 [ForkJoinPool-1-worker-1] DEBUG org.apache.http.client.protocol.RequestAuthCache - Auth cache not set in the context
08:01:05.934 [ForkJoinPool-1-worker-1] DEBUG com.intuit.karate - request:
1 > POST https://petstore.swagger.io/v2/pet
1 > Accept-Encoding: gzip,deflate
1 > Connection: Keep-Alive
1 > Content-Length: 141
1 > Content-Type: application/json; charset=UTF-8
1 > Host: petstore.swagger.io
1 > User-Agent: Apache-HttpClient/4.5.12 (Java/1.8.0_331)
{"id":8,"category":{"id":0,"name":"pepito"},"name":"doggie","photoUrls":["pepito.jpg"],"tags":[{"id":0,"name":"perrito"}],"status":"pending"}

08:01:05.934 [ForkJoinPool-1-worker-1] DEBUG org.apache.http.impl.conn.PoolingHttpClientConnectionManager - Connection request: [route: {s}->https://petstore.swagger.io:443][total available: 0; route allocated: 0 of 5; total allocated: 0 of 10]
08:01:05.934 [ForkJoinPool-1-worker-1] DEBUG org.apache.http.impl.conn.PoolingHttpClientConnectionManager - Connection leased: [id: 28][route: {s}->https://petstore.swagger.io:443][total available: 0; route allocated: 1 of 5; total allocated: 1 of 10]
08:01:05.934 [ForkJoinPool-1-worker-1] DEBUG org.apache.http.impl.execchain.MainClientExec - Opening connection {s}->https://petstore.swagger.io:443
08:01:05.934 [ForkJoinPool-1-worker-1] DEBUG org.apache.http.impl.conn.DefaultHttpClientConnectionOperator - Connecting to petstore.swagger.io/54.235.255.168:443
08:01:05.934 [ForkJoinPool-1-worker-1] DEBUG org.apache.http.conn.ssl.SSLConnectionSocketFactory - Connecting socket to petstore.swagger.io/54.235.255.168:443 with timeout 30000
08:01:06.230 [ForkJoinPool-1-worker-1] DEBUG org.apache.http.conn.ssl.SSLConnectionSocketFactory - Enabled protocols: [TLSv1.2]
08:01:06.231 [ForkJoinPool-1-worker-1] DEBUG org.apache.http.conn.ssl.SSLConnectionSocketFactory - Enabled cipher suites:[TLS_ECDHE_ECDSA_WITH_AES_256_GCM_SHA384, TLS_ECDHE_ECDSA_WITH_AES_128_GCM_SHA256, TLS_ECDHE_RSA_WITH_AES_256_GCM_SHA384, TLS_ECDHE_RSA_WITH_AES_128_GCM_SHA256, TLS_DHE_RSA_WITH_AES_256_GCM_SHA384, TLS_DHE_DSS_WITH_AES_256_GCM_SHA384, TLS_DHE_RSA_WITH_AES_128_GCM_SHA256, TLS_DHE_DSS_WITH_AES_128_GCM_SHA256, TLS_ECDHE_ECDSA_WITH_AES_256_CBC_SHA384, TLS_ECDHE_RSA_WITH_AES_256_CBC_SHA384, TLS_ECDHE_ECDSA_WITH_AES_128_CBC_SHA256, TLS_ECDHE_RSA_WITH_AES_128_CBC_SHA256, TLS_DHE_RSA_WITH_AES_256_CBC_SHA256, TLS_DHE_DSS_WITH_AES_256_CBC_SHA256, TLS_DHE_RSA_WITH_AES_128_CBC_SHA256, TLS_DHE_DSS_WITH_AES_128_CBC_SHA256, TLS_ECDH_ECDSA_WITH_AES_256_GCM_SHA384, TLS_ECDH_RSA_WITH_AES_256_GCM_SHA384, TLS_ECDH_ECDSA_WITH_AES_128_GCM_SHA256, TLS_ECDH_RSA_WITH_AES_128_GCM_SHA256, TLS_ECDH_ECDSA_WITH_AES_256_CBC_SHA384, TLS_ECDH_RSA_WITH_AES_256_CBC_SHA384, TLS_ECDH_ECDSA_WITH_AES_128_CBC_SHA256, TLS_ECDH_RSA_WITH_AES_128_CBC_SHA256, TLS_ECDHE_ECDSA_WITH_AES_256_CBC_SHA, TLS_ECDHE_RSA_WITH_AES_256_CBC_SHA, TLS_ECDHE_ECDSA_WITH_AES_128_CBC_SHA, TLS_ECDHE_RSA_WITH_AES_128_CBC_SHA, TLS_DHE_RSA_WITH_AES_256_CBC_SHA, TLS_DHE_DSS_WITH_AES_256_CBC_SHA, TLS_DHE_RSA_WITH_AES_128_CBC_SHA, TLS_DHE_DSS_WITH_AES_128_CBC_SHA, TLS_ECDH_ECDSA_WITH_AES_256_CBC_SHA, TLS_ECDH_RSA_WITH_AES_256_CBC_SHA, TLS_ECDH_ECDSA_WITH_AES_128_CBC_SHA, TLS_ECDH_RSA_WITH_AES_128_CBC_SHA, TLS_RSA_WITH_AES_256_GCM_SHA384, TLS_RSA_WITH_AES_128_GCM_SHA256, TLS_RSA_WITH_AES_256_CBC_SHA256, TLS_RSA_WITH_AES_128_CBC_SHA256, TLS_RSA_WITH_AES_256_CBC_SHA, TLS_RSA_WITH_AES_128_CBC_SHA, TLS_EMPTY_RENEGOTIATION_INFO_SCSV]
08:01:06.231 [ForkJoinPool-1-worker-1] DEBUG org.apache.http.conn.ssl.SSLConnectionSocketFactory - Starting handshake
08:01:06.844 [ForkJoinPool-1-worker-1] DEBUG org.apache.http.conn.ssl.SSLConnectionSocketFactory - Secure session established
08:01:06.844 [ForkJoinPool-1-worker-1] DEBUG org.apache.http.conn.ssl.SSLConnectionSocketFactory -  negotiated protocol: TLSv1.2
08:01:06.844 [ForkJoinPool-1-worker-1] DEBUG org.apache.http.conn.ssl.SSLConnectionSocketFactory -  negotiated cipher suite: TLS_ECDHE_RSA_WITH_AES_128_GCM_SHA256
08:01:06.844 [ForkJoinPool-1-worker-1] DEBUG org.apache.http.conn.ssl.SSLConnectionSocketFactory -  peer principal: CN=*.swagger.io
08:01:06.844 [ForkJoinPool-1-worker-1] DEBUG org.apache.http.conn.ssl.SSLConnectionSocketFactory -  peer alternative names: [*.swagger.io]
08:01:06.844 [ForkJoinPool-1-worker-1] DEBUG org.apache.http.conn.ssl.SSLConnectionSocketFactory -  issuer principal: CN=Amazon, OU=Server CA 1B, O=Amazon, C=US
08:01:06.844 [ForkJoinPool-1-worker-1] DEBUG org.apache.http.impl.conn.DefaultHttpClientConnectionOperator - Connection established 192.168.2.247:43124<->54.235.255.168:443
08:01:06.844 [ForkJoinPool-1-worker-1] DEBUG org.apache.http.impl.conn.DefaultManagedHttpClientConnection - http-outgoing-28: set socket timeout to 30000
08:01:06.844 [ForkJoinPool-1-worker-1] DEBUG org.apache.http.impl.execchain.MainClientExec - Executing request POST /v2/pet HTTP/1.1
08:01:06.844 [ForkJoinPool-1-worker-1] DEBUG org.apache.http.impl.execchain.MainClientExec - Target auth state: UNCHALLENGED
08:01:06.844 [ForkJoinPool-1-worker-1] DEBUG org.apache.http.impl.execchain.MainClientExec - Proxy auth state: UNCHALLENGED
08:01:06.844 [ForkJoinPool-1-worker-1] DEBUG org.apache.http.headers - http-outgoing-28 >> POST /v2/pet HTTP/1.1
08:01:06.844 [ForkJoinPool-1-worker-1] DEBUG org.apache.http.headers - http-outgoing-28 >> Content-Type: application/json; charset=UTF-8
08:01:06.844 [ForkJoinPool-1-worker-1] DEBUG org.apache.http.headers - http-outgoing-28 >> Content-Length: 141
08:01:06.844 [ForkJoinPool-1-worker-1] DEBUG org.apache.http.headers - http-outgoing-28 >> Host: petstore.swagger.io
08:01:06.844 [ForkJoinPool-1-worker-1] DEBUG org.apache.http.headers - http-outgoing-28 >> Connection: Keep-Alive
08:01:06.844 [ForkJoinPool-1-worker-1] DEBUG org.apache.http.headers - http-outgoing-28 >> User-Agent: Apache-HttpClient/4.5.12 (Java/1.8.0_331)
08:01:06.844 [ForkJoinPool-1-worker-1] DEBUG org.apache.http.headers - http-outgoing-28 >> Accept-Encoding: gzip,deflate
08:01:06.844 [ForkJoinPool-1-worker-1] DEBUG org.apache.http.wire - http-outgoing-28 >> "POST /v2/pet HTTP/1.1[\r][\n]"
08:01:06.844 [ForkJoinPool-1-worker-1] DEBUG org.apache.http.wire - http-outgoing-28 >> "Content-Type: application/json; charset=UTF-8[\r][\n]"
08:01:06.844 [ForkJoinPool-1-worker-1] DEBUG org.apache.http.wire - http-outgoing-28 >> "Content-Length: 141[\r][\n]"
08:01:06.844 [ForkJoinPool-1-worker-1] DEBUG org.apache.http.wire - http-outgoing-28 >> "Host: petstore.swagger.io[\r][\n]"
08:01:06.844 [ForkJoinPool-1-worker-1] DEBUG org.apache.http.wire - http-outgoing-28 >> "Connection: Keep-Alive[\r][\n]"
08:01:06.844 [ForkJoinPool-1-worker-1] DEBUG org.apache.http.wire - http-outgoing-28 >> "User-Agent: Apache-HttpClient/4.5.12 (Java/1.8.0_331)[\r][\n]"
08:01:06.844 [ForkJoinPool-1-worker-1] DEBUG org.apache.http.wire - http-outgoing-28 >> "Accept-Encoding: gzip,deflate[\r][\n]"
08:01:06.844 [ForkJoinPool-1-worker-1] DEBUG org.apache.http.wire - http-outgoing-28 >> "[\r][\n]"
08:01:06.844 [ForkJoinPool-1-worker-1] DEBUG org.apache.http.wire - http-outgoing-28 >> "{"id":8,"category":{"id":0,"name":"pepito"},"name":"doggie","photoUrls":["pepito.jpg"],"tags":[{"id":0,"name":"perrito"}],"status":"pending"}"
08:01:07.151 [ForkJoinPool-1-worker-1] DEBUG org.apache.http.wire - http-outgoing-28 << "HTTP/1.1 200 OK[\r][\n]"
08:01:07.151 [ForkJoinPool-1-worker-1] DEBUG org.apache.http.wire - http-outgoing-28 << "Date: Wed, 24 Aug 2022 11:01:06 GMT[\r][\n]"
08:01:07.151 [ForkJoinPool-1-worker-1] DEBUG org.apache.http.wire - http-outgoing-28 << "Content-Type: application/json[\r][\n]"
08:01:07.151 [ForkJoinPool-1-worker-1] DEBUG org.apache.http.wire - http-outgoing-28 << "Transfer-Encoding: chunked[\r][\n]"
08:01:07.151 [ForkJoinPool-1-worker-1] DEBUG org.apache.http.wire - http-outgoing-28 << "Connection: keep-alive[\r][\n]"
08:01:07.152 [ForkJoinPool-1-worker-1] DEBUG org.apache.http.wire - http-outgoing-28 << "Access-Control-Allow-Origin: *[\r][\n]"
08:01:07.152 [ForkJoinPool-1-worker-1] DEBUG org.apache.http.wire - http-outgoing-28 << "Access-Control-Allow-Methods: GET, POST, DELETE, PUT[\r][\n]"
08:01:07.152 [ForkJoinPool-1-worker-1] DEBUG org.apache.http.wire - http-outgoing-28 << "Access-Control-Allow-Headers: Content-Type, api_key, Authorization[\r][\n]"
08:01:07.152 [ForkJoinPool-1-worker-1] DEBUG org.apache.http.wire - http-outgoing-28 << "Server: Jetty(9.2.9.v20150224)[\r][\n]"
08:01:07.152 [ForkJoinPool-1-worker-1] DEBUG org.apache.http.wire - http-outgoing-28 << "[\r][\n]"
08:01:07.152 [ForkJoinPool-1-worker-1] DEBUG org.apache.http.wire - http-outgoing-28 << "8d[\r][\n]"
08:01:07.152 [ForkJoinPool-1-worker-1] DEBUG org.apache.http.wire - http-outgoing-28 << "{"id":8,"category":{"id":0,"name":"pepito"},"name":"doggie","photoUrls":["pepito.jpg"],"tags":[{"id":0,"name":"perrito"}],"status":"pending"}[\r][\n]"
08:01:07.152 [ForkJoinPool-1-worker-1] DEBUG org.apache.http.headers - http-outgoing-28 << HTTP/1.1 200 OK
08:01:07.152 [ForkJoinPool-1-worker-1] DEBUG org.apache.http.headers - http-outgoing-28 << Date: Wed, 24 Aug 2022 11:01:06 GMT
08:01:07.152 [ForkJoinPool-1-worker-1] DEBUG org.apache.http.headers - http-outgoing-28 << Content-Type: application/json
08:01:07.152 [ForkJoinPool-1-worker-1] DEBUG org.apache.http.headers - http-outgoing-28 << Transfer-Encoding: chunked
08:01:07.152 [ForkJoinPool-1-worker-1] DEBUG org.apache.http.headers - http-outgoing-28 << Connection: keep-alive
08:01:07.152 [ForkJoinPool-1-worker-1] DEBUG org.apache.http.headers - http-outgoing-28 << Access-Control-Allow-Origin: *
08:01:07.152 [ForkJoinPool-1-worker-1] DEBUG org.apache.http.headers - http-outgoing-28 << Access-Control-Allow-Methods: GET, POST, DELETE, PUT
08:01:07.152 [ForkJoinPool-1-worker-1] DEBUG org.apache.http.headers - http-outgoing-28 << Access-Control-Allow-Headers: Content-Type, api_key, Authorization
08:01:07.152 [ForkJoinPool-1-worker-1] DEBUG org.apache.http.headers - http-outgoing-28 << Server: Jetty(9.2.9.v20150224)
08:01:07.152 [ForkJoinPool-1-worker-1] DEBUG org.apache.http.impl.execchain.MainClientExec - Connection can be kept alive indefinitely
08:01:07.153 [ForkJoinPool-1-worker-1] DEBUG org.apache.http.wire - http-outgoing-28 << "0[\r][\n]"
08:01:07.153 [ForkJoinPool-1-worker-1] DEBUG org.apache.http.wire - http-outgoing-28 << "[\r][\n]"
08:01:07.153 [ForkJoinPool-1-worker-1] DEBUG org.apache.http.impl.conn.PoolingHttpClientConnectionManager - Connection [id: 28][route: {s}->https://petstore.swagger.io:443] can be kept alive indefinitely
08:01:07.153 [ForkJoinPool-1-worker-1] DEBUG org.apache.http.impl.conn.DefaultManagedHttpClientConnection - http-outgoing-28: set socket timeout to 0
08:01:07.153 [ForkJoinPool-1-worker-1] DEBUG org.apache.http.impl.conn.PoolingHttpClientConnectionManager - Connection released: [id: 28][route: {s}->https://petstore.swagger.io:443][total available: 1; route allocated: 1 of 5; total allocated: 1 of 10]
08:01:07.153 [ForkJoinPool-1-worker-1] DEBUG com.intuit.karate - response time in milliseconds: 1218.10
1 < 200
1 < Access-Control-Allow-Headers: Content-Type, api_key, Authorization
1 < Access-Control-Allow-Methods: GET, POST, DELETE, PUT
1 < Access-Control-Allow-Origin: *
1 < Connection: keep-alive
1 < Content-Type: application/json
1 < Date: Wed, 24 Aug 2022 11:01:06 GMT
1 < Server: Jetty(9.2.9.v20150224)
1 < Transfer-Encoding: chunked
{"id":8,"category":{"id":0,"name":"pepito"},"name":"doggie","photoUrls":["pepito.jpg"],"tags":[{"id":0,"name":"perrito"}],"status":"pending"}

08:01:07.154 [ForkJoinPool-1-worker-1] DEBUG com.jayway.jsonpath.internal.path.CompiledPath - Evaluating path: $
08:01:07.158 [ForkJoinPool-1-worker-1] DEBUG com.jayway.jsonpath.internal.path.CompiledPath - Evaluating path: $
08:01:07.158 [ForkJoinPool-1-worker-1] DEBUG com.jayway.jsonpath.internal.path.CompiledPath - Evaluating path: $
08:01:07.159 [ForkJoinPool-1-worker-1] DEBUG com.jayway.jsonpath.internal.path.CompiledPath - Evaluating path: $
08:01:07.159 [ForkJoinPool-1-worker-1] DEBUG com.jayway.jsonpath.internal.path.CompiledPath - Evaluating path: $
08:01:07.160 [ForkJoinPool-1-worker-1] DEBUG com.jayway.jsonpath.internal.path.CompiledPath - Evaluating path: $
08:01:07.161 [ForkJoinPool-1-worker-1] DEBUG org.apache.http.client.protocol.RequestAddCookies - CookieSpec selected: karate
08:01:07.161 [ForkJoinPool-1-worker-1] DEBUG org.apache.http.client.protocol.RequestAuthCache - Auth cache not set in the context
08:01:07.161 [ForkJoinPool-1-worker-1] DEBUG com.intuit.karate - request:
1 > POST https://petstore.swagger.io/v2/pet
1 > Accept-Encoding: gzip,deflate
1 > Connection: Keep-Alive
1 > Content-Length: 138
1 > Content-Type: application/json; charset=UTF-8
1 > Host: petstore.swagger.io
1 > User-Agent: Apache-HttpClient/4.5.12 (Java/1.8.0_331)
{"id":8,"category":{"id":0,"name":"pepito"},"name":"doggie","photoUrls":["pepito.jpg"],"tags":[{"id":0,"name":"perrito"}],"status":"sold"}

08:01:07.161 [ForkJoinPool-1-worker-1] DEBUG org.apache.http.impl.conn.PoolingHttpClientConnectionManager - Connection request: [route: {s}->https://petstore.swagger.io:443][total available: 0; route allocated: 0 of 5; total allocated: 0 of 10]
08:01:07.161 [ForkJoinPool-1-worker-1] DEBUG org.apache.http.impl.conn.PoolingHttpClientConnectionManager - Connection leased: [id: 29][route: {s}->https://petstore.swagger.io:443][total available: 0; route allocated: 1 of 5; total allocated: 1 of 10]
08:01:07.161 [ForkJoinPool-1-worker-1] DEBUG org.apache.http.impl.execchain.MainClientExec - Opening connection {s}->https://petstore.swagger.io:443
08:01:07.161 [ForkJoinPool-1-worker-1] DEBUG org.apache.http.impl.conn.DefaultHttpClientConnectionOperator - Connecting to petstore.swagger.io/54.235.255.168:443
08:01:07.161 [ForkJoinPool-1-worker-1] DEBUG org.apache.http.conn.ssl.SSLConnectionSocketFactory - Connecting socket to petstore.swagger.io/54.235.255.168:443 with timeout 30000
08:01:07.357 [ForkJoinPool-1-worker-1] DEBUG org.apache.http.conn.ssl.SSLConnectionSocketFactory - Enabled protocols: [TLSv1.2]
08:01:07.357 [ForkJoinPool-1-worker-1] DEBUG org.apache.http.conn.ssl.SSLConnectionSocketFactory - Enabled cipher suites:[TLS_ECDHE_ECDSA_WITH_AES_256_GCM_SHA384, TLS_ECDHE_ECDSA_WITH_AES_128_GCM_SHA256, TLS_ECDHE_RSA_WITH_AES_256_GCM_SHA384, TLS_ECDHE_RSA_WITH_AES_128_GCM_SHA256, TLS_DHE_RSA_WITH_AES_256_GCM_SHA384, TLS_DHE_DSS_WITH_AES_256_GCM_SHA384, TLS_DHE_RSA_WITH_AES_128_GCM_SHA256, TLS_DHE_DSS_WITH_AES_128_GCM_SHA256, TLS_ECDHE_ECDSA_WITH_AES_256_CBC_SHA384, TLS_ECDHE_RSA_WITH_AES_256_CBC_SHA384, TLS_ECDHE_ECDSA_WITH_AES_128_CBC_SHA256, TLS_ECDHE_RSA_WITH_AES_128_CBC_SHA256, TLS_DHE_RSA_WITH_AES_256_CBC_SHA256, TLS_DHE_DSS_WITH_AES_256_CBC_SHA256, TLS_DHE_RSA_WITH_AES_128_CBC_SHA256, TLS_DHE_DSS_WITH_AES_128_CBC_SHA256, TLS_ECDH_ECDSA_WITH_AES_256_GCM_SHA384, TLS_ECDH_RSA_WITH_AES_256_GCM_SHA384, TLS_ECDH_ECDSA_WITH_AES_128_GCM_SHA256, TLS_ECDH_RSA_WITH_AES_128_GCM_SHA256, TLS_ECDH_ECDSA_WITH_AES_256_CBC_SHA384, TLS_ECDH_RSA_WITH_AES_256_CBC_SHA384, TLS_ECDH_ECDSA_WITH_AES_128_CBC_SHA256, TLS_ECDH_RSA_WITH_AES_128_CBC_SHA256, TLS_ECDHE_ECDSA_WITH_AES_256_CBC_SHA, TLS_ECDHE_RSA_WITH_AES_256_CBC_SHA, TLS_ECDHE_ECDSA_WITH_AES_128_CBC_SHA, TLS_ECDHE_RSA_WITH_AES_128_CBC_SHA, TLS_DHE_RSA_WITH_AES_256_CBC_SHA, TLS_DHE_DSS_WITH_AES_256_CBC_SHA, TLS_DHE_RSA_WITH_AES_128_CBC_SHA, TLS_DHE_DSS_WITH_AES_128_CBC_SHA, TLS_ECDH_ECDSA_WITH_AES_256_CBC_SHA, TLS_ECDH_RSA_WITH_AES_256_CBC_SHA, TLS_ECDH_ECDSA_WITH_AES_128_CBC_SHA, TLS_ECDH_RSA_WITH_AES_128_CBC_SHA, TLS_RSA_WITH_AES_256_GCM_SHA384, TLS_RSA_WITH_AES_128_GCM_SHA256, TLS_RSA_WITH_AES_256_CBC_SHA256, TLS_RSA_WITH_AES_128_CBC_SHA256, TLS_RSA_WITH_AES_256_CBC_SHA, TLS_RSA_WITH_AES_128_CBC_SHA, TLS_EMPTY_RENEGOTIATION_INFO_SCSV]
08:01:07.357 [ForkJoinPool-1-worker-1] DEBUG org.apache.http.conn.ssl.SSLConnectionSocketFactory - Starting handshake
08:01:08.073 [ForkJoinPool-1-worker-1] DEBUG org.apache.http.conn.ssl.SSLConnectionSocketFactory - Secure session established
08:01:08.073 [ForkJoinPool-1-worker-1] DEBUG org.apache.http.conn.ssl.SSLConnectionSocketFactory -  negotiated protocol: TLSv1.2
08:01:08.073 [ForkJoinPool-1-worker-1] DEBUG org.apache.http.conn.ssl.SSLConnectionSocketFactory -  negotiated cipher suite: TLS_ECDHE_RSA_WITH_AES_128_GCM_SHA256
08:01:08.073 [ForkJoinPool-1-worker-1] DEBUG org.apache.http.conn.ssl.SSLConnectionSocketFactory -  peer principal: CN=*.swagger.io
08:01:08.073 [ForkJoinPool-1-worker-1] DEBUG org.apache.http.conn.ssl.SSLConnectionSocketFactory -  peer alternative names: [*.swagger.io]
08:01:08.073 [ForkJoinPool-1-worker-1] DEBUG org.apache.http.conn.ssl.SSLConnectionSocketFactory -  issuer principal: CN=Amazon, OU=Server CA 1B, O=Amazon, C=US
08:01:08.074 [ForkJoinPool-1-worker-1] DEBUG org.apache.http.impl.conn.DefaultHttpClientConnectionOperator - Connection established 192.168.2.247:43126<->54.235.255.168:443
08:01:08.074 [ForkJoinPool-1-worker-1] DEBUG org.apache.http.impl.conn.DefaultManagedHttpClientConnection - http-outgoing-29: set socket timeout to 30000
08:01:08.074 [ForkJoinPool-1-worker-1] DEBUG org.apache.http.impl.execchain.MainClientExec - Executing request POST /v2/pet HTTP/1.1
08:01:08.074 [ForkJoinPool-1-worker-1] DEBUG org.apache.http.impl.execchain.MainClientExec - Target auth state: UNCHALLENGED
08:01:08.074 [ForkJoinPool-1-worker-1] DEBUG org.apache.http.impl.execchain.MainClientExec - Proxy auth state: UNCHALLENGED
08:01:08.074 [ForkJoinPool-1-worker-1] DEBUG org.apache.http.headers - http-outgoing-29 >> POST /v2/pet HTTP/1.1
08:01:08.074 [ForkJoinPool-1-worker-1] DEBUG org.apache.http.headers - http-outgoing-29 >> Content-Type: application/json; charset=UTF-8
08:01:08.074 [ForkJoinPool-1-worker-1] DEBUG org.apache.http.headers - http-outgoing-29 >> Content-Length: 138
08:01:08.074 [ForkJoinPool-1-worker-1] DEBUG org.apache.http.headers - http-outgoing-29 >> Host: petstore.swagger.io
08:01:08.074 [ForkJoinPool-1-worker-1] DEBUG org.apache.http.headers - http-outgoing-29 >> Connection: Keep-Alive
08:01:08.074 [ForkJoinPool-1-worker-1] DEBUG org.apache.http.headers - http-outgoing-29 >> User-Agent: Apache-HttpClient/4.5.12 (Java/1.8.0_331)
08:01:08.074 [ForkJoinPool-1-worker-1] DEBUG org.apache.http.headers - http-outgoing-29 >> Accept-Encoding: gzip,deflate
08:01:08.074 [ForkJoinPool-1-worker-1] DEBUG org.apache.http.wire - http-outgoing-29 >> "POST /v2/pet HTTP/1.1[\r][\n]"
08:01:08.074 [ForkJoinPool-1-worker-1] DEBUG org.apache.http.wire - http-outgoing-29 >> "Content-Type: application/json; charset=UTF-8[\r][\n]"
08:01:08.074 [ForkJoinPool-1-worker-1] DEBUG org.apache.http.wire - http-outgoing-29 >> "Content-Length: 138[\r][\n]"
08:01:08.074 [ForkJoinPool-1-worker-1] DEBUG org.apache.http.wire - http-outgoing-29 >> "Host: petstore.swagger.io[\r][\n]"
08:01:08.074 [ForkJoinPool-1-worker-1] DEBUG org.apache.http.wire - http-outgoing-29 >> "Connection: Keep-Alive[\r][\n]"
08:01:08.074 [ForkJoinPool-1-worker-1] DEBUG org.apache.http.wire - http-outgoing-29 >> "User-Agent: Apache-HttpClient/4.5.12 (Java/1.8.0_331)[\r][\n]"
08:01:08.074 [ForkJoinPool-1-worker-1] DEBUG org.apache.http.wire - http-outgoing-29 >> "Accept-Encoding: gzip,deflate[\r][\n]"
08:01:08.074 [ForkJoinPool-1-worker-1] DEBUG org.apache.http.wire - http-outgoing-29 >> "[\r][\n]"
08:01:08.075 [ForkJoinPool-1-worker-1] DEBUG org.apache.http.wire - http-outgoing-29 >> "{"id":8,"category":{"id":0,"name":"pepito"},"name":"doggie","photoUrls":["pepito.jpg"],"tags":[{"id":0,"name":"perrito"}],"status":"sold"}"
08:01:08.380 [ForkJoinPool-1-worker-1] DEBUG org.apache.http.wire - http-outgoing-29 << "HTTP/1.1 200 OK[\r][\n]"
08:01:08.380 [ForkJoinPool-1-worker-1] DEBUG org.apache.http.wire - http-outgoing-29 << "Date: Wed, 24 Aug 2022 11:01:08 GMT[\r][\n]"
08:01:08.380 [ForkJoinPool-1-worker-1] DEBUG org.apache.http.wire - http-outgoing-29 << "Content-Type: application/json[\r][\n]"
08:01:08.380 [ForkJoinPool-1-worker-1] DEBUG org.apache.http.wire - http-outgoing-29 << "Transfer-Encoding: chunked[\r][\n]"
08:01:08.380 [ForkJoinPool-1-worker-1] DEBUG org.apache.http.wire - http-outgoing-29 << "Connection: keep-alive[\r][\n]"
08:01:08.380 [ForkJoinPool-1-worker-1] DEBUG org.apache.http.wire - http-outgoing-29 << "Access-Control-Allow-Origin: *[\r][\n]"
08:01:08.380 [ForkJoinPool-1-worker-1] DEBUG org.apache.http.wire - http-outgoing-29 << "Access-Control-Allow-Methods: GET, POST, DELETE, PUT[\r][\n]"
08:01:08.380 [ForkJoinPool-1-worker-1] DEBUG org.apache.http.wire - http-outgoing-29 << "Access-Control-Allow-Headers: Content-Type, api_key, Authorization[\r][\n]"
08:01:08.380 [ForkJoinPool-1-worker-1] DEBUG org.apache.http.wire - http-outgoing-29 << "Server: Jetty(9.2.9.v20150224)[\r][\n]"
08:01:08.380 [ForkJoinPool-1-worker-1] DEBUG org.apache.http.wire - http-outgoing-29 << "[\r][\n]"
08:01:08.380 [ForkJoinPool-1-worker-1] DEBUG org.apache.http.wire - http-outgoing-29 << "8a[\r][\n]"
08:01:08.380 [ForkJoinPool-1-worker-1] DEBUG org.apache.http.wire - http-outgoing-29 << "{"id":8,"category":{"id":0,"name":"pepito"},"name":"doggie","photoUrls":["pepito.jpg"],"tags":[{"id":0,"name":"perrito"}],"status":"sold"}[\r][\n]"
08:01:08.381 [ForkJoinPool-1-worker-1] DEBUG org.apache.http.headers - http-outgoing-29 << HTTP/1.1 200 OK
08:01:08.381 [ForkJoinPool-1-worker-1] DEBUG org.apache.http.headers - http-outgoing-29 << Date: Wed, 24 Aug 2022 11:01:08 GMT
08:01:08.381 [ForkJoinPool-1-worker-1] DEBUG org.apache.http.headers - http-outgoing-29 << Content-Type: application/json
08:01:08.381 [ForkJoinPool-1-worker-1] DEBUG org.apache.http.headers - http-outgoing-29 << Transfer-Encoding: chunked
08:01:08.381 [ForkJoinPool-1-worker-1] DEBUG org.apache.http.headers - http-outgoing-29 << Connection: keep-alive
08:01:08.381 [ForkJoinPool-1-worker-1] DEBUG org.apache.http.headers - http-outgoing-29 << Access-Control-Allow-Origin: *
08:01:08.381 [ForkJoinPool-1-worker-1] DEBUG org.apache.http.headers - http-outgoing-29 << Access-Control-Allow-Methods: GET, POST, DELETE, PUT
08:01:08.381 [ForkJoinPool-1-worker-1] DEBUG org.apache.http.headers - http-outgoing-29 << Access-Control-Allow-Headers: Content-Type, api_key, Authorization
08:01:08.381 [ForkJoinPool-1-worker-1] DEBUG org.apache.http.headers - http-outgoing-29 << Server: Jetty(9.2.9.v20150224)
08:01:08.381 [ForkJoinPool-1-worker-1] DEBUG org.apache.http.impl.execchain.MainClientExec - Connection can be kept alive indefinitely
08:01:08.381 [ForkJoinPool-1-worker-1] DEBUG org.apache.http.wire - http-outgoing-29 << "0[\r][\n]"
08:01:08.382 [ForkJoinPool-1-worker-1] DEBUG org.apache.http.wire - http-outgoing-29 << "[\r][\n]"
08:01:08.382 [ForkJoinPool-1-worker-1] DEBUG org.apache.http.impl.conn.PoolingHttpClientConnectionManager - Connection [id: 29][route: {s}->https://petstore.swagger.io:443] can be kept alive indefinitely
08:01:08.382 [ForkJoinPool-1-worker-1] DEBUG org.apache.http.impl.conn.DefaultManagedHttpClientConnection - http-outgoing-29: set socket timeout to 0
08:01:08.382 [ForkJoinPool-1-worker-1] DEBUG org.apache.http.impl.conn.PoolingHttpClientConnectionManager - Connection released: [id: 29][route: {s}->https://petstore.swagger.io:443][total available: 1; route allocated: 1 of 5; total allocated: 1 of 10]
08:01:08.382 [ForkJoinPool-1-worker-1] DEBUG com.intuit.karate - response time in milliseconds: 1220.00
1 < 200
1 < Access-Control-Allow-Headers: Content-Type, api_key, Authorization
1 < Access-Control-Allow-Methods: GET, POST, DELETE, PUT
1 < Access-Control-Allow-Origin: *
1 < Connection: keep-alive
1 < Content-Type: application/json
1 < Date: Wed, 24 Aug 2022 11:01:08 GMT
1 < Server: Jetty(9.2.9.v20150224)
1 < Transfer-Encoding: chunked
{"id":8,"category":{"id":0,"name":"pepito"},"name":"doggie","photoUrls":["pepito.jpg"],"tags":[{"id":0,"name":"perrito"}],"status":"sold"}

08:01:08.383 [ForkJoinPool-1-worker-1] DEBUG com.jayway.jsonpath.internal.path.CompiledPath - Evaluating path: $
08:01:08.387 [ForkJoinPool-1-worker-1] DEBUG com.jayway.jsonpath.internal.path.CompiledPath - Evaluating path: $
08:01:08.387 [ForkJoinPool-1-worker-1] DEBUG com.jayway.jsonpath.internal.path.CompiledPath - Evaluating path: $
08:01:08.388 [ForkJoinPool-1-worker-1] DEBUG com.jayway.jsonpath.internal.path.CompiledPath - Evaluating path: $
08:01:08.389 [ForkJoinPool-1-worker-1] DEBUG org.apache.http.client.protocol.RequestAddCookies - CookieSpec selected: karate
08:01:08.389 [ForkJoinPool-1-worker-1] DEBUG org.apache.http.client.protocol.RequestAuthCache - Auth cache not set in the context
08:01:08.389 [ForkJoinPool-1-worker-1] DEBUG com.intuit.karate - request:
1 > POST https://petstore.swagger.io/v2/pet
1 > Accept-Encoding: gzip,deflate
1 > Connection: Keep-Alive
1 > Content-Length: 134
1 > Content-Type: application/json; charset=UTF-8
1 > Host: petstore.swagger.io
1 > User-Agent: Apache-HttpClient/4.5.12 (Java/1.8.0_331)
{"id":8,"category":{"id":0,"name":"pepito"},"name":"doggie","photoUrls":["pepito.jpg"],"tags":[{"id":0,"name":"perrito"}],"status":""}

08:01:08.389 [ForkJoinPool-1-worker-1] DEBUG org.apache.http.impl.conn.PoolingHttpClientConnectionManager - Connection request: [route: {s}->https://petstore.swagger.io:443][total available: 0; route allocated: 0 of 5; total allocated: 0 of 10]
08:01:08.389 [ForkJoinPool-1-worker-1] DEBUG org.apache.http.impl.conn.PoolingHttpClientConnectionManager - Connection leased: [id: 30][route: {s}->https://petstore.swagger.io:443][total available: 0; route allocated: 1 of 5; total allocated: 1 of 10]
08:01:08.389 [ForkJoinPool-1-worker-1] DEBUG org.apache.http.impl.execchain.MainClientExec - Opening connection {s}->https://petstore.swagger.io:443
08:01:08.389 [ForkJoinPool-1-worker-1] DEBUG org.apache.http.impl.conn.DefaultHttpClientConnectionOperator - Connecting to petstore.swagger.io/54.235.255.168:443
08:01:08.389 [ForkJoinPool-1-worker-1] DEBUG org.apache.http.conn.ssl.SSLConnectionSocketFactory - Connecting socket to petstore.swagger.io/54.235.255.168:443 with timeout 30000
08:01:08.687 [ForkJoinPool-1-worker-1] DEBUG org.apache.http.conn.ssl.SSLConnectionSocketFactory - Enabled protocols: [TLSv1.2]
08:01:08.687 [ForkJoinPool-1-worker-1] DEBUG org.apache.http.conn.ssl.SSLConnectionSocketFactory - Enabled cipher suites:[TLS_ECDHE_ECDSA_WITH_AES_256_GCM_SHA384, TLS_ECDHE_ECDSA_WITH_AES_128_GCM_SHA256, TLS_ECDHE_RSA_WITH_AES_256_GCM_SHA384, TLS_ECDHE_RSA_WITH_AES_128_GCM_SHA256, TLS_DHE_RSA_WITH_AES_256_GCM_SHA384, TLS_DHE_DSS_WITH_AES_256_GCM_SHA384, TLS_DHE_RSA_WITH_AES_128_GCM_SHA256, TLS_DHE_DSS_WITH_AES_128_GCM_SHA256, TLS_ECDHE_ECDSA_WITH_AES_256_CBC_SHA384, TLS_ECDHE_RSA_WITH_AES_256_CBC_SHA384, TLS_ECDHE_ECDSA_WITH_AES_128_CBC_SHA256, TLS_ECDHE_RSA_WITH_AES_128_CBC_SHA256, TLS_DHE_RSA_WITH_AES_256_CBC_SHA256, TLS_DHE_DSS_WITH_AES_256_CBC_SHA256, TLS_DHE_RSA_WITH_AES_128_CBC_SHA256, TLS_DHE_DSS_WITH_AES_128_CBC_SHA256, TLS_ECDH_ECDSA_WITH_AES_256_GCM_SHA384, TLS_ECDH_RSA_WITH_AES_256_GCM_SHA384, TLS_ECDH_ECDSA_WITH_AES_128_GCM_SHA256, TLS_ECDH_RSA_WITH_AES_128_GCM_SHA256, TLS_ECDH_ECDSA_WITH_AES_256_CBC_SHA384, TLS_ECDH_RSA_WITH_AES_256_CBC_SHA384, TLS_ECDH_ECDSA_WITH_AES_128_CBC_SHA256, TLS_ECDH_RSA_WITH_AES_128_CBC_SHA256, TLS_ECDHE_ECDSA_WITH_AES_256_CBC_SHA, TLS_ECDHE_RSA_WITH_AES_256_CBC_SHA, TLS_ECDHE_ECDSA_WITH_AES_128_CBC_SHA, TLS_ECDHE_RSA_WITH_AES_128_CBC_SHA, TLS_DHE_RSA_WITH_AES_256_CBC_SHA, TLS_DHE_DSS_WITH_AES_256_CBC_SHA, TLS_DHE_RSA_WITH_AES_128_CBC_SHA, TLS_DHE_DSS_WITH_AES_128_CBC_SHA, TLS_ECDH_ECDSA_WITH_AES_256_CBC_SHA, TLS_ECDH_RSA_WITH_AES_256_CBC_SHA, TLS_ECDH_ECDSA_WITH_AES_128_CBC_SHA, TLS_ECDH_RSA_WITH_AES_128_CBC_SHA, TLS_RSA_WITH_AES_256_GCM_SHA384, TLS_RSA_WITH_AES_128_GCM_SHA256, TLS_RSA_WITH_AES_256_CBC_SHA256, TLS_RSA_WITH_AES_128_CBC_SHA256, TLS_RSA_WITH_AES_256_CBC_SHA, TLS_RSA_WITH_AES_128_CBC_SHA, TLS_EMPTY_RENEGOTIATION_INFO_SCSV]
08:01:08.687 [ForkJoinPool-1-worker-1] DEBUG org.apache.http.conn.ssl.SSLConnectionSocketFactory - Starting handshake
08:01:09.302 [ForkJoinPool-1-worker-1] DEBUG org.apache.http.conn.ssl.SSLConnectionSocketFactory - Secure session established
08:01:09.302 [ForkJoinPool-1-worker-1] DEBUG org.apache.http.conn.ssl.SSLConnectionSocketFactory -  negotiated protocol: TLSv1.2
08:01:09.302 [ForkJoinPool-1-worker-1] DEBUG org.apache.http.conn.ssl.SSLConnectionSocketFactory -  negotiated cipher suite: TLS_ECDHE_RSA_WITH_AES_128_GCM_SHA256
08:01:09.302 [ForkJoinPool-1-worker-1] DEBUG org.apache.http.conn.ssl.SSLConnectionSocketFactory -  peer principal: CN=*.swagger.io
08:01:09.302 [ForkJoinPool-1-worker-1] DEBUG org.apache.http.conn.ssl.SSLConnectionSocketFactory -  peer alternative names: [*.swagger.io]
08:01:09.303 [ForkJoinPool-1-worker-1] DEBUG org.apache.http.conn.ssl.SSLConnectionSocketFactory -  issuer principal: CN=Amazon, OU=Server CA 1B, O=Amazon, C=US
08:01:09.303 [ForkJoinPool-1-worker-1] DEBUG org.apache.http.impl.conn.DefaultHttpClientConnectionOperator - Connection established 192.168.2.247:43128<->54.235.255.168:443
08:01:09.303 [ForkJoinPool-1-worker-1] DEBUG org.apache.http.impl.conn.DefaultManagedHttpClientConnection - http-outgoing-30: set socket timeout to 30000
08:01:09.303 [ForkJoinPool-1-worker-1] DEBUG org.apache.http.impl.execchain.MainClientExec - Executing request POST /v2/pet HTTP/1.1
08:01:09.303 [ForkJoinPool-1-worker-1] DEBUG org.apache.http.impl.execchain.MainClientExec - Target auth state: UNCHALLENGED
08:01:09.303 [ForkJoinPool-1-worker-1] DEBUG org.apache.http.impl.execchain.MainClientExec - Proxy auth state: UNCHALLENGED
08:01:09.303 [ForkJoinPool-1-worker-1] DEBUG org.apache.http.headers - http-outgoing-30 >> POST /v2/pet HTTP/1.1
08:01:09.303 [ForkJoinPool-1-worker-1] DEBUG org.apache.http.headers - http-outgoing-30 >> Content-Type: application/json; charset=UTF-8
08:01:09.303 [ForkJoinPool-1-worker-1] DEBUG org.apache.http.headers - http-outgoing-30 >> Content-Length: 134
08:01:09.303 [ForkJoinPool-1-worker-1] DEBUG org.apache.http.headers - http-outgoing-30 >> Host: petstore.swagger.io
08:01:09.303 [ForkJoinPool-1-worker-1] DEBUG org.apache.http.headers - http-outgoing-30 >> Connection: Keep-Alive
08:01:09.303 [ForkJoinPool-1-worker-1] DEBUG org.apache.http.headers - http-outgoing-30 >> User-Agent: Apache-HttpClient/4.5.12 (Java/1.8.0_331)
08:01:09.303 [ForkJoinPool-1-worker-1] DEBUG org.apache.http.headers - http-outgoing-30 >> Accept-Encoding: gzip,deflate
08:01:09.303 [ForkJoinPool-1-worker-1] DEBUG org.apache.http.wire - http-outgoing-30 >> "POST /v2/pet HTTP/1.1[\r][\n]"
08:01:09.303 [ForkJoinPool-1-worker-1] DEBUG org.apache.http.wire - http-outgoing-30 >> "Content-Type: application/json; charset=UTF-8[\r][\n]"
08:01:09.303 [ForkJoinPool-1-worker-1] DEBUG org.apache.http.wire - http-outgoing-30 >> "Content-Length: 134[\r][\n]"
08:01:09.303 [ForkJoinPool-1-worker-1] DEBUG org.apache.http.wire - http-outgoing-30 >> "Host: petstore.swagger.io[\r][\n]"
08:01:09.303 [ForkJoinPool-1-worker-1] DEBUG org.apache.http.wire - http-outgoing-30 >> "Connection: Keep-Alive[\r][\n]"
08:01:09.303 [ForkJoinPool-1-worker-1] DEBUG org.apache.http.wire - http-outgoing-30 >> "User-Agent: Apache-HttpClient/4.5.12 (Java/1.8.0_331)[\r][\n]"
08:01:09.303 [ForkJoinPool-1-worker-1] DEBUG org.apache.http.wire - http-outgoing-30 >> "Accept-Encoding: gzip,deflate[\r][\n]"
08:01:09.303 [ForkJoinPool-1-worker-1] DEBUG org.apache.http.wire - http-outgoing-30 >> "[\r][\n]"
08:01:09.303 [ForkJoinPool-1-worker-1] DEBUG org.apache.http.wire - http-outgoing-30 >> "{"id":8,"category":{"id":0,"name":"pepito"},"name":"doggie","photoUrls":["pepito.jpg"],"tags":[{"id":0,"name":"perrito"}],"status":""}"
08:01:09.502 [ForkJoinPool-1-worker-1] DEBUG org.apache.http.wire - http-outgoing-30 << "HTTP/1.1 200 OK[\r][\n]"
08:01:09.502 [ForkJoinPool-1-worker-1] DEBUG org.apache.http.wire - http-outgoing-30 << "Date: Wed, 24 Aug 2022 11:01:09 GMT[\r][\n]"
08:01:09.502 [ForkJoinPool-1-worker-1] DEBUG org.apache.http.wire - http-outgoing-30 << "Content-Type: application/json[\r][\n]"
08:01:09.502 [ForkJoinPool-1-worker-1] DEBUG org.apache.http.wire - http-outgoing-30 << "Transfer-Encoding: chunked[\r][\n]"
08:01:09.502 [ForkJoinPool-1-worker-1] DEBUG org.apache.http.wire - http-outgoing-30 << "Connection: keep-alive[\r][\n]"
08:01:09.502 [ForkJoinPool-1-worker-1] DEBUG org.apache.http.wire - http-outgoing-30 << "Access-Control-Allow-Origin: *[\r][\n]"
08:01:09.502 [ForkJoinPool-1-worker-1] DEBUG org.apache.http.wire - http-outgoing-30 << "Access-Control-Allow-Methods: GET, POST, DELETE, PUT[\r][\n]"
08:01:09.502 [ForkJoinPool-1-worker-1] DEBUG org.apache.http.wire - http-outgoing-30 << "Access-Control-Allow-Headers: Content-Type, api_key, Authorization[\r][\n]"
08:01:09.502 [ForkJoinPool-1-worker-1] DEBUG org.apache.http.wire - http-outgoing-30 << "Server: Jetty(9.2.9.v20150224)[\r][\n]"
08:01:09.502 [ForkJoinPool-1-worker-1] DEBUG org.apache.http.wire - http-outgoing-30 << "[\r][\n]"
08:01:09.502 [ForkJoinPool-1-worker-1] DEBUG org.apache.http.wire - http-outgoing-30 << "86[\r][\n]"
08:01:09.502 [ForkJoinPool-1-worker-1] DEBUG org.apache.http.wire - http-outgoing-30 << "{"id":8,"category":{"id":0,"name":"pepito"},"name":"doggie","photoUrls":["pepito.jpg"],"tags":[{"id":0,"name":"perrito"}],"status":""}[\r][\n]"
08:01:09.502 [ForkJoinPool-1-worker-1] DEBUG org.apache.http.headers - http-outgoing-30 << HTTP/1.1 200 OK
08:01:09.502 [ForkJoinPool-1-worker-1] DEBUG org.apache.http.headers - http-outgoing-30 << Date: Wed, 24 Aug 2022 11:01:09 GMT
08:01:09.502 [ForkJoinPool-1-worker-1] DEBUG org.apache.http.headers - http-outgoing-30 << Content-Type: application/json
08:01:09.502 [ForkJoinPool-1-worker-1] DEBUG org.apache.http.headers - http-outgoing-30 << Transfer-Encoding: chunked
08:01:09.502 [ForkJoinPool-1-worker-1] DEBUG org.apache.http.headers - http-outgoing-30 << Connection: keep-alive
08:01:09.502 [ForkJoinPool-1-worker-1] DEBUG org.apache.http.headers - http-outgoing-30 << Access-Control-Allow-Origin: *
08:01:09.502 [ForkJoinPool-1-worker-1] DEBUG org.apache.http.headers - http-outgoing-30 << Access-Control-Allow-Methods: GET, POST, DELETE, PUT
08:01:09.502 [ForkJoinPool-1-worker-1] DEBUG org.apache.http.headers - http-outgoing-30 << Access-Control-Allow-Headers: Content-Type, api_key, Authorization
08:01:09.502 [ForkJoinPool-1-worker-1] DEBUG org.apache.http.headers - http-outgoing-30 << Server: Jetty(9.2.9.v20150224)
08:01:09.503 [ForkJoinPool-1-worker-1] DEBUG org.apache.http.impl.execchain.MainClientExec - Connection can be kept alive indefinitely
08:01:09.503 [ForkJoinPool-1-worker-1] DEBUG org.apache.http.wire - http-outgoing-30 << "0[\r][\n]"
08:01:09.503 [ForkJoinPool-1-worker-1] DEBUG org.apache.http.wire - http-outgoing-30 << "[\r][\n]"
08:01:09.503 [ForkJoinPool-1-worker-1] DEBUG org.apache.http.impl.conn.PoolingHttpClientConnectionManager - Connection [id: 30][route: {s}->https://petstore.swagger.io:443] can be kept alive indefinitely
08:01:09.503 [ForkJoinPool-1-worker-1] DEBUG org.apache.http.impl.conn.DefaultManagedHttpClientConnection - http-outgoing-30: set socket timeout to 0
08:01:09.503 [ForkJoinPool-1-worker-1] DEBUG org.apache.http.impl.conn.PoolingHttpClientConnectionManager - Connection released: [id: 30][route: {s}->https://petstore.swagger.io:443][total available: 1; route allocated: 1 of 5; total allocated: 1 of 10]
08:01:09.503 [ForkJoinPool-1-worker-1] DEBUG com.intuit.karate - response time in milliseconds: 1113.82
1 < 200
1 < Access-Control-Allow-Headers: Content-Type, api_key, Authorization
1 < Access-Control-Allow-Methods: GET, POST, DELETE, PUT
1 < Access-Control-Allow-Origin: *
1 < Connection: keep-alive
1 < Content-Type: application/json
1 < Date: Wed, 24 Aug 2022 11:01:09 GMT
1 < Server: Jetty(9.2.9.v20150224)
1 < Transfer-Encoding: chunked
{"id":8,"category":{"id":0,"name":"pepito"},"name":"doggie","photoUrls":["pepito.jpg"],"tags":[{"id":0,"name":"perrito"}],"status":""}

08:01:09.606 [ForkJoinPool-1-worker-1] DEBUG com.jayway.jsonpath.internal.path.CompiledPath - Evaluating path: $
08:01:09.606 [ForkJoinPool-1-worker-1] DEBUG com.jayway.jsonpath.internal.path.CompiledPath - Evaluating path: $
08:01:09.607 [ForkJoinPool-1-worker-1] DEBUG com.jayway.jsonpath.internal.path.CompiledPath - Evaluating path: $
08:01:09.609 [ForkJoinPool-1-worker-1] DEBUG org.apache.http.client.protocol.RequestAddCookies - CookieSpec selected: karate
08:01:09.609 [ForkJoinPool-1-worker-1] DEBUG org.apache.http.client.protocol.RequestAuthCache - Auth cache not set in the context
08:01:09.609 [ForkJoinPool-1-worker-1] DEBUG com.intuit.karate - request:
1 > POST https://petstore.swagger.io/v2/pet
1 > Accept-Encoding: gzip,deflate
1 > Connection: Keep-Alive
1 > Content-Length: 135
1 > Content-Type: application/json; charset=UTF-8
1 > Host: petstore.swagger.io
1 > User-Agent: Apache-HttpClient/4.5.12 (Java/1.8.0_331)
{"id":8,"category":{"id":0,"name":"pepito"},"name":"doggie","photoUrls":["pepito.jpg"],"tags":[{"id":0,"name":"perrito"}],"status":"1"}

08:01:09.609 [ForkJoinPool-1-worker-1] DEBUG org.apache.http.impl.conn.PoolingHttpClientConnectionManager - Connection request: [route: {s}->https://petstore.swagger.io:443][total available: 0; route allocated: 0 of 5; total allocated: 0 of 10]
08:01:09.609 [ForkJoinPool-1-worker-1] DEBUG org.apache.http.impl.conn.PoolingHttpClientConnectionManager - Connection leased: [id: 31][route: {s}->https://petstore.swagger.io:443][total available: 0; route allocated: 1 of 5; total allocated: 1 of 10]
08:01:09.609 [ForkJoinPool-1-worker-1] DEBUG org.apache.http.impl.execchain.MainClientExec - Opening connection {s}->https://petstore.swagger.io:443
08:01:09.610 [ForkJoinPool-1-worker-1] DEBUG org.apache.http.impl.conn.DefaultHttpClientConnectionOperator - Connecting to petstore.swagger.io/54.235.255.168:443
08:01:09.610 [ForkJoinPool-1-worker-1] DEBUG org.apache.http.conn.ssl.SSLConnectionSocketFactory - Connecting socket to petstore.swagger.io/54.235.255.168:443 with timeout 30000
08:01:09.916 [ForkJoinPool-1-worker-1] DEBUG org.apache.http.conn.ssl.SSLConnectionSocketFactory - Enabled protocols: [TLSv1.2]
08:01:09.916 [ForkJoinPool-1-worker-1] DEBUG org.apache.http.conn.ssl.SSLConnectionSocketFactory - Enabled cipher suites:[TLS_ECDHE_ECDSA_WITH_AES_256_GCM_SHA384, TLS_ECDHE_ECDSA_WITH_AES_128_GCM_SHA256, TLS_ECDHE_RSA_WITH_AES_256_GCM_SHA384, TLS_ECDHE_RSA_WITH_AES_128_GCM_SHA256, TLS_DHE_RSA_WITH_AES_256_GCM_SHA384, TLS_DHE_DSS_WITH_AES_256_GCM_SHA384, TLS_DHE_RSA_WITH_AES_128_GCM_SHA256, TLS_DHE_DSS_WITH_AES_128_GCM_SHA256, TLS_ECDHE_ECDSA_WITH_AES_256_CBC_SHA384, TLS_ECDHE_RSA_WITH_AES_256_CBC_SHA384, TLS_ECDHE_ECDSA_WITH_AES_128_CBC_SHA256, TLS_ECDHE_RSA_WITH_AES_128_CBC_SHA256, TLS_DHE_RSA_WITH_AES_256_CBC_SHA256, TLS_DHE_DSS_WITH_AES_256_CBC_SHA256, TLS_DHE_RSA_WITH_AES_128_CBC_SHA256, TLS_DHE_DSS_WITH_AES_128_CBC_SHA256, TLS_ECDH_ECDSA_WITH_AES_256_GCM_SHA384, TLS_ECDH_RSA_WITH_AES_256_GCM_SHA384, TLS_ECDH_ECDSA_WITH_AES_128_GCM_SHA256, TLS_ECDH_RSA_WITH_AES_128_GCM_SHA256, TLS_ECDH_ECDSA_WITH_AES_256_CBC_SHA384, TLS_ECDH_RSA_WITH_AES_256_CBC_SHA384, TLS_ECDH_ECDSA_WITH_AES_128_CBC_SHA256, TLS_ECDH_RSA_WITH_AES_128_CBC_SHA256, TLS_ECDHE_ECDSA_WITH_AES_256_CBC_SHA, TLS_ECDHE_RSA_WITH_AES_256_CBC_SHA, TLS_ECDHE_ECDSA_WITH_AES_128_CBC_SHA, TLS_ECDHE_RSA_WITH_AES_128_CBC_SHA, TLS_DHE_RSA_WITH_AES_256_CBC_SHA, TLS_DHE_DSS_WITH_AES_256_CBC_SHA, TLS_DHE_RSA_WITH_AES_128_CBC_SHA, TLS_DHE_DSS_WITH_AES_128_CBC_SHA, TLS_ECDH_ECDSA_WITH_AES_256_CBC_SHA, TLS_ECDH_RSA_WITH_AES_256_CBC_SHA, TLS_ECDH_ECDSA_WITH_AES_128_CBC_SHA, TLS_ECDH_RSA_WITH_AES_128_CBC_SHA, TLS_RSA_WITH_AES_256_GCM_SHA384, TLS_RSA_WITH_AES_128_GCM_SHA256, TLS_RSA_WITH_AES_256_CBC_SHA256, TLS_RSA_WITH_AES_128_CBC_SHA256, TLS_RSA_WITH_AES_256_CBC_SHA, TLS_RSA_WITH_AES_128_CBC_SHA, TLS_EMPTY_RENEGOTIATION_INFO_SCSV]
08:01:09.916 [ForkJoinPool-1-worker-1] DEBUG org.apache.http.conn.ssl.SSLConnectionSocketFactory - Starting handshake
08:01:10.531 [ForkJoinPool-1-worker-1] DEBUG org.apache.http.conn.ssl.SSLConnectionSocketFactory - Secure session established
08:01:10.532 [ForkJoinPool-1-worker-1] DEBUG org.apache.http.conn.ssl.SSLConnectionSocketFactory -  negotiated protocol: TLSv1.2
08:01:10.532 [ForkJoinPool-1-worker-1] DEBUG org.apache.http.conn.ssl.SSLConnectionSocketFactory -  negotiated cipher suite: TLS_ECDHE_RSA_WITH_AES_128_GCM_SHA256
08:01:10.532 [ForkJoinPool-1-worker-1] DEBUG org.apache.http.conn.ssl.SSLConnectionSocketFactory -  peer principal: CN=*.swagger.io
08:01:10.532 [ForkJoinPool-1-worker-1] DEBUG org.apache.http.conn.ssl.SSLConnectionSocketFactory -  peer alternative names: [*.swagger.io]
08:01:10.532 [ForkJoinPool-1-worker-1] DEBUG org.apache.http.conn.ssl.SSLConnectionSocketFactory -  issuer principal: CN=Amazon, OU=Server CA 1B, O=Amazon, C=US
08:01:10.532 [ForkJoinPool-1-worker-1] DEBUG org.apache.http.impl.conn.DefaultHttpClientConnectionOperator - Connection established 192.168.2.247:43130<->54.235.255.168:443
08:01:10.532 [ForkJoinPool-1-worker-1] DEBUG org.apache.http.impl.conn.DefaultManagedHttpClientConnection - http-outgoing-31: set socket timeout to 30000
08:01:10.532 [ForkJoinPool-1-worker-1] DEBUG org.apache.http.impl.execchain.MainClientExec - Executing request POST /v2/pet HTTP/1.1
08:01:10.532 [ForkJoinPool-1-worker-1] DEBUG org.apache.http.impl.execchain.MainClientExec - Target auth state: UNCHALLENGED
08:01:10.532 [ForkJoinPool-1-worker-1] DEBUG org.apache.http.impl.execchain.MainClientExec - Proxy auth state: UNCHALLENGED
08:01:10.532 [ForkJoinPool-1-worker-1] DEBUG org.apache.http.headers - http-outgoing-31 >> POST /v2/pet HTTP/1.1
08:01:10.532 [ForkJoinPool-1-worker-1] DEBUG org.apache.http.headers - http-outgoing-31 >> Content-Type: application/json; charset=UTF-8
08:01:10.532 [ForkJoinPool-1-worker-1] DEBUG org.apache.http.headers - http-outgoing-31 >> Content-Length: 135
08:01:10.532 [ForkJoinPool-1-worker-1] DEBUG org.apache.http.headers - http-outgoing-31 >> Host: petstore.swagger.io
08:01:10.532 [ForkJoinPool-1-worker-1] DEBUG org.apache.http.headers - http-outgoing-31 >> Connection: Keep-Alive
08:01:10.532 [ForkJoinPool-1-worker-1] DEBUG org.apache.http.headers - http-outgoing-31 >> User-Agent: Apache-HttpClient/4.5.12 (Java/1.8.0_331)
08:01:10.532 [ForkJoinPool-1-worker-1] DEBUG org.apache.http.headers - http-outgoing-31 >> Accept-Encoding: gzip,deflate
08:01:10.532 [ForkJoinPool-1-worker-1] DEBUG org.apache.http.wire - http-outgoing-31 >> "POST /v2/pet HTTP/1.1[\r][\n]"
08:01:10.532 [ForkJoinPool-1-worker-1] DEBUG org.apache.http.wire - http-outgoing-31 >> "Content-Type: application/json; charset=UTF-8[\r][\n]"
08:01:10.532 [ForkJoinPool-1-worker-1] DEBUG org.apache.http.wire - http-outgoing-31 >> "Content-Length: 135[\r][\n]"
08:01:10.532 [ForkJoinPool-1-worker-1] DEBUG org.apache.http.wire - http-outgoing-31 >> "Host: petstore.swagger.io[\r][\n]"
08:01:10.532 [ForkJoinPool-1-worker-1] DEBUG org.apache.http.wire - http-outgoing-31 >> "Connection: Keep-Alive[\r][\n]"
08:01:10.532 [ForkJoinPool-1-worker-1] DEBUG org.apache.http.wire - http-outgoing-31 >> "User-Agent: Apache-HttpClient/4.5.12 (Java/1.8.0_331)[\r][\n]"
08:01:10.533 [ForkJoinPool-1-worker-1] DEBUG org.apache.http.wire - http-outgoing-31 >> "Accept-Encoding: gzip,deflate[\r][\n]"
08:01:10.533 [ForkJoinPool-1-worker-1] DEBUG org.apache.http.wire - http-outgoing-31 >> "[\r][\n]"
08:01:10.533 [ForkJoinPool-1-worker-1] DEBUG org.apache.http.wire - http-outgoing-31 >> "{"id":8,"category":{"id":0,"name":"pepito"},"name":"doggie","photoUrls":["pepito.jpg"],"tags":[{"id":0,"name":"perrito"}],"status":"1"}"
08:01:10.838 [ForkJoinPool-1-worker-1] DEBUG org.apache.http.wire - http-outgoing-31 << "HTTP/1.1 200 OK[\r][\n]"
08:01:10.838 [ForkJoinPool-1-worker-1] DEBUG org.apache.http.wire - http-outgoing-31 << "Date: Wed, 24 Aug 2022 11:01:10 GMT[\r][\n]"
08:01:10.838 [ForkJoinPool-1-worker-1] DEBUG org.apache.http.wire - http-outgoing-31 << "Content-Type: application/json[\r][\n]"
08:01:10.838 [ForkJoinPool-1-worker-1] DEBUG org.apache.http.wire - http-outgoing-31 << "Transfer-Encoding: chunked[\r][\n]"
08:01:10.838 [ForkJoinPool-1-worker-1] DEBUG org.apache.http.wire - http-outgoing-31 << "Connection: keep-alive[\r][\n]"
08:01:10.838 [ForkJoinPool-1-worker-1] DEBUG org.apache.http.wire - http-outgoing-31 << "Access-Control-Allow-Origin: *[\r][\n]"
08:01:10.838 [ForkJoinPool-1-worker-1] DEBUG org.apache.http.wire - http-outgoing-31 << "Access-Control-Allow-Methods: GET, POST, DELETE, PUT[\r][\n]"
08:01:10.838 [ForkJoinPool-1-worker-1] DEBUG org.apache.http.wire - http-outgoing-31 << "Access-Control-Allow-Headers: Content-Type, api_key, Authorization[\r][\n]"
08:01:10.838 [ForkJoinPool-1-worker-1] DEBUG org.apache.http.wire - http-outgoing-31 << "Server: Jetty(9.2.9.v20150224)[\r][\n]"
08:01:10.838 [ForkJoinPool-1-worker-1] DEBUG org.apache.http.wire - http-outgoing-31 << "[\r][\n]"
08:01:10.838 [ForkJoinPool-1-worker-1] DEBUG org.apache.http.wire - http-outgoing-31 << "87[\r][\n]"
08:01:10.838 [ForkJoinPool-1-worker-1] DEBUG org.apache.http.wire - http-outgoing-31 << "{"id":8,"category":{"id":0,"name":"pepito"},"name":"doggie","photoUrls":["pepito.jpg"],"tags":[{"id":0,"name":"perrito"}],"status":"1"}[\r][\n]"
08:01:10.838 [ForkJoinPool-1-worker-1] DEBUG org.apache.http.headers - http-outgoing-31 << HTTP/1.1 200 OK
08:01:10.838 [ForkJoinPool-1-worker-1] DEBUG org.apache.http.headers - http-outgoing-31 << Date: Wed, 24 Aug 2022 11:01:10 GMT
08:01:10.838 [ForkJoinPool-1-worker-1] DEBUG org.apache.http.headers - http-outgoing-31 << Content-Type: application/json
08:01:10.838 [ForkJoinPool-1-worker-1] DEBUG org.apache.http.headers - http-outgoing-31 << Transfer-Encoding: chunked
08:01:10.838 [ForkJoinPool-1-worker-1] DEBUG org.apache.http.headers - http-outgoing-31 << Connection: keep-alive
08:01:10.838 [ForkJoinPool-1-worker-1] DEBUG org.apache.http.headers - http-outgoing-31 << Access-Control-Allow-Origin: *
08:01:10.838 [ForkJoinPool-1-worker-1] DEBUG org.apache.http.headers - http-outgoing-31 << Access-Control-Allow-Methods: GET, POST, DELETE, PUT
08:01:10.838 [ForkJoinPool-1-worker-1] DEBUG org.apache.http.headers - http-outgoing-31 << Access-Control-Allow-Headers: Content-Type, api_key, Authorization
08:01:10.838 [ForkJoinPool-1-worker-1] DEBUG org.apache.http.headers - http-outgoing-31 << Server: Jetty(9.2.9.v20150224)
08:01:10.839 [ForkJoinPool-1-worker-1] DEBUG org.apache.http.impl.execchain.MainClientExec - Connection can be kept alive indefinitely
08:01:10.839 [ForkJoinPool-1-worker-1] DEBUG org.apache.http.wire - http-outgoing-31 << "0[\r][\n]"
08:01:10.839 [ForkJoinPool-1-worker-1] DEBUG org.apache.http.wire - http-outgoing-31 << "[\r][\n]"
08:01:10.839 [ForkJoinPool-1-worker-1] DEBUG org.apache.http.impl.conn.PoolingHttpClientConnectionManager - Connection [id: 31][route: {s}->https://petstore.swagger.io:443] can be kept alive indefinitely
08:01:10.839 [ForkJoinPool-1-worker-1] DEBUG org.apache.http.impl.conn.DefaultManagedHttpClientConnection - http-outgoing-31: set socket timeout to 0
08:01:10.839 [ForkJoinPool-1-worker-1] DEBUG org.apache.http.impl.conn.PoolingHttpClientConnectionManager - Connection released: [id: 31][route: {s}->https://petstore.swagger.io:443][total available: 1; route allocated: 1 of 5; total allocated: 1 of 10]
08:01:10.840 [ForkJoinPool-1-worker-1] DEBUG com.intuit.karate - response time in milliseconds: 1229.57
1 < 200
1 < Access-Control-Allow-Headers: Content-Type, api_key, Authorization
1 < Access-Control-Allow-Methods: GET, POST, DELETE, PUT
1 < Access-Control-Allow-Origin: *
1 < Connection: keep-alive
1 < Content-Type: application/json
1 < Date: Wed, 24 Aug 2022 11:01:10 GMT
1 < Server: Jetty(9.2.9.v20150224)
1 < Transfer-Encoding: chunked
{"id":8,"category":{"id":0,"name":"pepito"},"name":"doggie","photoUrls":["pepito.jpg"],"tags":[{"id":0,"name":"perrito"}],"status":"1"}

08:01:10.845 [ForkJoinPool-1-worker-1] DEBUG com.jayway.jsonpath.internal.path.CompiledPath - Evaluating path: $
08:01:10.845 [ForkJoinPool-1-worker-1] DEBUG com.jayway.jsonpath.internal.path.CompiledPath - Evaluating path: $
08:01:10.845 [ForkJoinPool-1-worker-1] DEBUG com.jayway.jsonpath.internal.path.CompiledPath - Evaluating path: $
08:01:10.846 [ForkJoinPool-1-worker-1] DEBUG org.apache.http.client.protocol.RequestAddCookies - CookieSpec selected: karate
08:01:10.846 [ForkJoinPool-1-worker-1] DEBUG org.apache.http.client.protocol.RequestAuthCache - Auth cache not set in the context
08:01:10.846 [ForkJoinPool-1-worker-1] DEBUG com.intuit.karate - request:
1 > POST https://petstore.swagger.io/v2/pet
1 > Accept-Encoding: gzip,deflate
1 > Connection: Keep-Alive
1 > Content-Length: 136
1 > Content-Type: application/json; charset=UTF-8
1 > Host: petstore.swagger.io
1 > User-Agent: Apache-HttpClient/4.5.12 (Java/1.8.0_331)
{"id":8,"category":{"id":0,"name":"pepito"},"name":"doggie","photoUrls":["pepito.jpg"],"tags":[{"id":0,"name":"perrito"}],"status":"-1"}

08:01:10.846 [ForkJoinPool-1-worker-1] DEBUG org.apache.http.impl.conn.PoolingHttpClientConnectionManager - Connection request: [route: {s}->https://petstore.swagger.io:443][total available: 0; route allocated: 0 of 5; total allocated: 0 of 10]
08:01:10.846 [ForkJoinPool-1-worker-1] DEBUG org.apache.http.impl.conn.PoolingHttpClientConnectionManager - Connection leased: [id: 32][route: {s}->https://petstore.swagger.io:443][total available: 0; route allocated: 1 of 5; total allocated: 1 of 10]
08:01:10.846 [ForkJoinPool-1-worker-1] DEBUG org.apache.http.impl.execchain.MainClientExec - Opening connection {s}->https://petstore.swagger.io:443
08:01:10.846 [ForkJoinPool-1-worker-1] DEBUG org.apache.http.impl.conn.DefaultHttpClientConnectionOperator - Connecting to petstore.swagger.io/54.235.255.168:443
08:01:10.846 [ForkJoinPool-1-worker-1] DEBUG org.apache.http.conn.ssl.SSLConnectionSocketFactory - Connecting socket to petstore.swagger.io/54.235.255.168:443 with timeout 30000
08:01:11.144 [ForkJoinPool-1-worker-1] DEBUG org.apache.http.conn.ssl.SSLConnectionSocketFactory - Enabled protocols: [TLSv1.2]
08:01:11.145 [ForkJoinPool-1-worker-1] DEBUG org.apache.http.conn.ssl.SSLConnectionSocketFactory - Enabled cipher suites:[TLS_ECDHE_ECDSA_WITH_AES_256_GCM_SHA384, TLS_ECDHE_ECDSA_WITH_AES_128_GCM_SHA256, TLS_ECDHE_RSA_WITH_AES_256_GCM_SHA384, TLS_ECDHE_RSA_WITH_AES_128_GCM_SHA256, TLS_DHE_RSA_WITH_AES_256_GCM_SHA384, TLS_DHE_DSS_WITH_AES_256_GCM_SHA384, TLS_DHE_RSA_WITH_AES_128_GCM_SHA256, TLS_DHE_DSS_WITH_AES_128_GCM_SHA256, TLS_ECDHE_ECDSA_WITH_AES_256_CBC_SHA384, TLS_ECDHE_RSA_WITH_AES_256_CBC_SHA384, TLS_ECDHE_ECDSA_WITH_AES_128_CBC_SHA256, TLS_ECDHE_RSA_WITH_AES_128_CBC_SHA256, TLS_DHE_RSA_WITH_AES_256_CBC_SHA256, TLS_DHE_DSS_WITH_AES_256_CBC_SHA256, TLS_DHE_RSA_WITH_AES_128_CBC_SHA256, TLS_DHE_DSS_WITH_AES_128_CBC_SHA256, TLS_ECDH_ECDSA_WITH_AES_256_GCM_SHA384, TLS_ECDH_RSA_WITH_AES_256_GCM_SHA384, TLS_ECDH_ECDSA_WITH_AES_128_GCM_SHA256, TLS_ECDH_RSA_WITH_AES_128_GCM_SHA256, TLS_ECDH_ECDSA_WITH_AES_256_CBC_SHA384, TLS_ECDH_RSA_WITH_AES_256_CBC_SHA384, TLS_ECDH_ECDSA_WITH_AES_128_CBC_SHA256, TLS_ECDH_RSA_WITH_AES_128_CBC_SHA256, TLS_ECDHE_ECDSA_WITH_AES_256_CBC_SHA, TLS_ECDHE_RSA_WITH_AES_256_CBC_SHA, TLS_ECDHE_ECDSA_WITH_AES_128_CBC_SHA, TLS_ECDHE_RSA_WITH_AES_128_CBC_SHA, TLS_DHE_RSA_WITH_AES_256_CBC_SHA, TLS_DHE_DSS_WITH_AES_256_CBC_SHA, TLS_DHE_RSA_WITH_AES_128_CBC_SHA, TLS_DHE_DSS_WITH_AES_128_CBC_SHA, TLS_ECDH_ECDSA_WITH_AES_256_CBC_SHA, TLS_ECDH_RSA_WITH_AES_256_CBC_SHA, TLS_ECDH_ECDSA_WITH_AES_128_CBC_SHA, TLS_ECDH_RSA_WITH_AES_128_CBC_SHA, TLS_RSA_WITH_AES_256_GCM_SHA384, TLS_RSA_WITH_AES_128_GCM_SHA256, TLS_RSA_WITH_AES_256_CBC_SHA256, TLS_RSA_WITH_AES_128_CBC_SHA256, TLS_RSA_WITH_AES_256_CBC_SHA, TLS_RSA_WITH_AES_128_CBC_SHA, TLS_EMPTY_RENEGOTIATION_INFO_SCSV]
08:01:11.145 [ForkJoinPool-1-worker-1] DEBUG org.apache.http.conn.ssl.SSLConnectionSocketFactory - Starting handshake
08:01:11.759 [ForkJoinPool-1-worker-1] DEBUG org.apache.http.conn.ssl.SSLConnectionSocketFactory - Secure session established
08:01:11.759 [ForkJoinPool-1-worker-1] DEBUG org.apache.http.conn.ssl.SSLConnectionSocketFactory -  negotiated protocol: TLSv1.2
08:01:11.759 [ForkJoinPool-1-worker-1] DEBUG org.apache.http.conn.ssl.SSLConnectionSocketFactory -  negotiated cipher suite: TLS_ECDHE_RSA_WITH_AES_128_GCM_SHA256
08:01:11.759 [ForkJoinPool-1-worker-1] DEBUG org.apache.http.conn.ssl.SSLConnectionSocketFactory -  peer principal: CN=*.swagger.io
08:01:11.759 [ForkJoinPool-1-worker-1] DEBUG org.apache.http.conn.ssl.SSLConnectionSocketFactory -  peer alternative names: [*.swagger.io]
08:01:11.759 [ForkJoinPool-1-worker-1] DEBUG org.apache.http.conn.ssl.SSLConnectionSocketFactory -  issuer principal: CN=Amazon, OU=Server CA 1B, O=Amazon, C=US
08:01:11.759 [ForkJoinPool-1-worker-1] DEBUG org.apache.http.impl.conn.DefaultHttpClientConnectionOperator - Connection established 192.168.2.247:43134<->54.235.255.168:443
08:01:11.759 [ForkJoinPool-1-worker-1] DEBUG org.apache.http.impl.conn.DefaultManagedHttpClientConnection - http-outgoing-32: set socket timeout to 30000
08:01:11.759 [ForkJoinPool-1-worker-1] DEBUG org.apache.http.impl.execchain.MainClientExec - Executing request POST /v2/pet HTTP/1.1
08:01:11.759 [ForkJoinPool-1-worker-1] DEBUG org.apache.http.impl.execchain.MainClientExec - Target auth state: UNCHALLENGED
08:01:11.759 [ForkJoinPool-1-worker-1] DEBUG org.apache.http.impl.execchain.MainClientExec - Proxy auth state: UNCHALLENGED
08:01:11.759 [ForkJoinPool-1-worker-1] DEBUG org.apache.http.headers - http-outgoing-32 >> POST /v2/pet HTTP/1.1
08:01:11.759 [ForkJoinPool-1-worker-1] DEBUG org.apache.http.headers - http-outgoing-32 >> Content-Type: application/json; charset=UTF-8
08:01:11.759 [ForkJoinPool-1-worker-1] DEBUG org.apache.http.headers - http-outgoing-32 >> Content-Length: 136
08:01:11.759 [ForkJoinPool-1-worker-1] DEBUG org.apache.http.headers - http-outgoing-32 >> Host: petstore.swagger.io
08:01:11.759 [ForkJoinPool-1-worker-1] DEBUG org.apache.http.headers - http-outgoing-32 >> Connection: Keep-Alive
08:01:11.759 [ForkJoinPool-1-worker-1] DEBUG org.apache.http.headers - http-outgoing-32 >> User-Agent: Apache-HttpClient/4.5.12 (Java/1.8.0_331)
08:01:11.759 [ForkJoinPool-1-worker-1] DEBUG org.apache.http.headers - http-outgoing-32 >> Accept-Encoding: gzip,deflate
08:01:11.759 [ForkJoinPool-1-worker-1] DEBUG org.apache.http.wire - http-outgoing-32 >> "POST /v2/pet HTTP/1.1[\r][\n]"
08:01:11.760 [ForkJoinPool-1-worker-1] DEBUG org.apache.http.wire - http-outgoing-32 >> "Content-Type: application/json; charset=UTF-8[\r][\n]"
08:01:11.760 [ForkJoinPool-1-worker-1] DEBUG org.apache.http.wire - http-outgoing-32 >> "Content-Length: 136[\r][\n]"
08:01:11.760 [ForkJoinPool-1-worker-1] DEBUG org.apache.http.wire - http-outgoing-32 >> "Host: petstore.swagger.io[\r][\n]"
08:01:11.760 [ForkJoinPool-1-worker-1] DEBUG org.apache.http.wire - http-outgoing-32 >> "Connection: Keep-Alive[\r][\n]"
08:01:11.760 [ForkJoinPool-1-worker-1] DEBUG org.apache.http.wire - http-outgoing-32 >> "User-Agent: Apache-HttpClient/4.5.12 (Java/1.8.0_331)[\r][\n]"
08:01:11.760 [ForkJoinPool-1-worker-1] DEBUG org.apache.http.wire - http-outgoing-32 >> "Accept-Encoding: gzip,deflate[\r][\n]"
08:01:11.760 [ForkJoinPool-1-worker-1] DEBUG org.apache.http.wire - http-outgoing-32 >> "[\r][\n]"
08:01:11.760 [ForkJoinPool-1-worker-1] DEBUG org.apache.http.wire - http-outgoing-32 >> "{"id":8,"category":{"id":0,"name":"pepito"},"name":"doggie","photoUrls":["pepito.jpg"],"tags":[{"id":0,"name":"perrito"}],"status":"-1"}"
08:01:12.066 [ForkJoinPool-1-worker-1] DEBUG org.apache.http.wire - http-outgoing-32 << "HTTP/1.1 200 OK[\r][\n]"
08:01:12.066 [ForkJoinPool-1-worker-1] DEBUG org.apache.http.wire - http-outgoing-32 << "Date: Wed, 24 Aug 2022 11:01:11 GMT[\r][\n]"
08:01:12.066 [ForkJoinPool-1-worker-1] DEBUG org.apache.http.wire - http-outgoing-32 << "Content-Type: application/json[\r][\n]"
08:01:12.066 [ForkJoinPool-1-worker-1] DEBUG org.apache.http.wire - http-outgoing-32 << "Transfer-Encoding: chunked[\r][\n]"
08:01:12.066 [ForkJoinPool-1-worker-1] DEBUG org.apache.http.wire - http-outgoing-32 << "Connection: keep-alive[\r][\n]"
08:01:12.066 [ForkJoinPool-1-worker-1] DEBUG org.apache.http.wire - http-outgoing-32 << "Access-Control-Allow-Origin: *[\r][\n]"
08:01:12.066 [ForkJoinPool-1-worker-1] DEBUG org.apache.http.wire - http-outgoing-32 << "Access-Control-Allow-Methods: GET, POST, DELETE, PUT[\r][\n]"
08:01:12.066 [ForkJoinPool-1-worker-1] DEBUG org.apache.http.wire - http-outgoing-32 << "Access-Control-Allow-Headers: Content-Type, api_key, Authorization[\r][\n]"
08:01:12.066 [ForkJoinPool-1-worker-1] DEBUG org.apache.http.wire - http-outgoing-32 << "Server: Jetty(9.2.9.v20150224)[\r][\n]"
08:01:12.066 [ForkJoinPool-1-worker-1] DEBUG org.apache.http.wire - http-outgoing-32 << "[\r][\n]"
08:01:12.066 [ForkJoinPool-1-worker-1] DEBUG org.apache.http.wire - http-outgoing-32 << "88[\r][\n]"
08:01:12.066 [ForkJoinPool-1-worker-1] DEBUG org.apache.http.wire - http-outgoing-32 << "{"id":8,"category":{"id":0,"name":"pepito"},"name":"doggie","photoUrls":["pepito.jpg"],"tags":[{"id":0,"name":"perrito"}],"status":"-1"}[\r][\n]"
08:01:12.067 [ForkJoinPool-1-worker-1] DEBUG org.apache.http.headers - http-outgoing-32 << HTTP/1.1 200 OK
08:01:12.067 [ForkJoinPool-1-worker-1] DEBUG org.apache.http.headers - http-outgoing-32 << Date: Wed, 24 Aug 2022 11:01:11 GMT
08:01:12.067 [ForkJoinPool-1-worker-1] DEBUG org.apache.http.headers - http-outgoing-32 << Content-Type: application/json
08:01:12.067 [ForkJoinPool-1-worker-1] DEBUG org.apache.http.headers - http-outgoing-32 << Transfer-Encoding: chunked
08:01:12.067 [ForkJoinPool-1-worker-1] DEBUG org.apache.http.headers - http-outgoing-32 << Connection: keep-alive
08:01:12.067 [ForkJoinPool-1-worker-1] DEBUG org.apache.http.headers - http-outgoing-32 << Access-Control-Allow-Origin: *
08:01:12.067 [ForkJoinPool-1-worker-1] DEBUG org.apache.http.headers - http-outgoing-32 << Access-Control-Allow-Methods: GET, POST, DELETE, PUT
08:01:12.067 [ForkJoinPool-1-worker-1] DEBUG org.apache.http.headers - http-outgoing-32 << Access-Control-Allow-Headers: Content-Type, api_key, Authorization
08:01:12.067 [ForkJoinPool-1-worker-1] DEBUG org.apache.http.headers - http-outgoing-32 << Server: Jetty(9.2.9.v20150224)
08:01:12.067 [ForkJoinPool-1-worker-1] DEBUG org.apache.http.impl.execchain.MainClientExec - Connection can be kept alive indefinitely
08:01:12.067 [ForkJoinPool-1-worker-1] DEBUG org.apache.http.wire - http-outgoing-32 << "0[\r][\n]"
08:01:12.067 [ForkJoinPool-1-worker-1] DEBUG org.apache.http.wire - http-outgoing-32 << "[\r][\n]"
08:01:12.068 [ForkJoinPool-1-worker-1] DEBUG org.apache.http.impl.conn.PoolingHttpClientConnectionManager - Connection [id: 32][route: {s}->https://petstore.swagger.io:443] can be kept alive indefinitely
08:01:12.068 [ForkJoinPool-1-worker-1] DEBUG org.apache.http.impl.conn.DefaultManagedHttpClientConnection - http-outgoing-32: set socket timeout to 0
08:01:12.068 [ForkJoinPool-1-worker-1] DEBUG org.apache.http.impl.conn.PoolingHttpClientConnectionManager - Connection released: [id: 32][route: {s}->https://petstore.swagger.io:443][total available: 1; route allocated: 1 of 5; total allocated: 1 of 10]
08:01:12.068 [ForkJoinPool-1-worker-1] DEBUG com.intuit.karate - response time in milliseconds: 1220.90
1 < 200
1 < Access-Control-Allow-Headers: Content-Type, api_key, Authorization
1 < Access-Control-Allow-Methods: GET, POST, DELETE, PUT
1 < Access-Control-Allow-Origin: *
1 < Connection: keep-alive
1 < Content-Type: application/json
1 < Date: Wed, 24 Aug 2022 11:01:11 GMT
1 < Server: Jetty(9.2.9.v20150224)
1 < Transfer-Encoding: chunked
{"id":8,"category":{"id":0,"name":"pepito"},"name":"doggie","photoUrls":["pepito.jpg"],"tags":[{"id":0,"name":"perrito"}],"status":"-1"}

08:01:12.073 [ForkJoinPool-1-worker-1] DEBUG com.jayway.jsonpath.internal.path.CompiledPath - Evaluating path: $
08:01:12.073 [ForkJoinPool-1-worker-1] DEBUG com.jayway.jsonpath.internal.path.CompiledPath - Evaluating path: $
08:01:12.074 [ForkJoinPool-1-worker-1] DEBUG com.jayway.jsonpath.internal.path.CompiledPath - Evaluating path: $
08:01:12.075 [ForkJoinPool-1-worker-1] DEBUG org.apache.http.client.protocol.RequestAddCookies - CookieSpec selected: karate
08:01:12.075 [ForkJoinPool-1-worker-1] DEBUG org.apache.http.client.protocol.RequestAuthCache - Auth cache not set in the context
08:01:12.075 [ForkJoinPool-1-worker-1] DEBUG com.intuit.karate - request:
1 > POST https://petstore.swagger.io/v2/pet
1 > Accept-Encoding: gzip,deflate
1 > Connection: Keep-Alive
1 > Content-Length: 135
1 > Content-Type: application/json; charset=UTF-8
1 > Host: petstore.swagger.io
1 > User-Agent: Apache-HttpClient/4.5.12 (Java/1.8.0_331)
{"id":8,"category":{"id":0,"name":"pepito"},"name":"doggie","photoUrls":["pepito.jpg"],"tags":[{"id":0,"name":"perrito"}],"status":"a"}

08:01:12.075 [ForkJoinPool-1-worker-1] DEBUG org.apache.http.impl.conn.PoolingHttpClientConnectionManager - Connection request: [route: {s}->https://petstore.swagger.io:443][total available: 0; route allocated: 0 of 5; total allocated: 0 of 10]
08:01:12.075 [ForkJoinPool-1-worker-1] DEBUG org.apache.http.impl.conn.PoolingHttpClientConnectionManager - Connection leased: [id: 33][route: {s}->https://petstore.swagger.io:443][total available: 0; route allocated: 1 of 5; total allocated: 1 of 10]
08:01:12.075 [ForkJoinPool-1-worker-1] DEBUG org.apache.http.impl.execchain.MainClientExec - Opening connection {s}->https://petstore.swagger.io:443
08:01:12.075 [ForkJoinPool-1-worker-1] DEBUG org.apache.http.impl.conn.DefaultHttpClientConnectionOperator - Connecting to petstore.swagger.io/54.235.255.168:443
08:01:12.075 [ForkJoinPool-1-worker-1] DEBUG org.apache.http.conn.ssl.SSLConnectionSocketFactory - Connecting socket to petstore.swagger.io/54.235.255.168:443 with timeout 30000
08:01:12.376 [ForkJoinPool-1-worker-1] DEBUG org.apache.http.conn.ssl.SSLConnectionSocketFactory - Enabled protocols: [TLSv1.2]
08:01:12.377 [ForkJoinPool-1-worker-1] DEBUG org.apache.http.conn.ssl.SSLConnectionSocketFactory - Enabled cipher suites:[TLS_ECDHE_ECDSA_WITH_AES_256_GCM_SHA384, TLS_ECDHE_ECDSA_WITH_AES_128_GCM_SHA256, TLS_ECDHE_RSA_WITH_AES_256_GCM_SHA384, TLS_ECDHE_RSA_WITH_AES_128_GCM_SHA256, TLS_DHE_RSA_WITH_AES_256_GCM_SHA384, TLS_DHE_DSS_WITH_AES_256_GCM_SHA384, TLS_DHE_RSA_WITH_AES_128_GCM_SHA256, TLS_DHE_DSS_WITH_AES_128_GCM_SHA256, TLS_ECDHE_ECDSA_WITH_AES_256_CBC_SHA384, TLS_ECDHE_RSA_WITH_AES_256_CBC_SHA384, TLS_ECDHE_ECDSA_WITH_AES_128_CBC_SHA256, TLS_ECDHE_RSA_WITH_AES_128_CBC_SHA256, TLS_DHE_RSA_WITH_AES_256_CBC_SHA256, TLS_DHE_DSS_WITH_AES_256_CBC_SHA256, TLS_DHE_RSA_WITH_AES_128_CBC_SHA256, TLS_DHE_DSS_WITH_AES_128_CBC_SHA256, TLS_ECDH_ECDSA_WITH_AES_256_GCM_SHA384, TLS_ECDH_RSA_WITH_AES_256_GCM_SHA384, TLS_ECDH_ECDSA_WITH_AES_128_GCM_SHA256, TLS_ECDH_RSA_WITH_AES_128_GCM_SHA256, TLS_ECDH_ECDSA_WITH_AES_256_CBC_SHA384, TLS_ECDH_RSA_WITH_AES_256_CBC_SHA384, TLS_ECDH_ECDSA_WITH_AES_128_CBC_SHA256, TLS_ECDH_RSA_WITH_AES_128_CBC_SHA256, TLS_ECDHE_ECDSA_WITH_AES_256_CBC_SHA, TLS_ECDHE_RSA_WITH_AES_256_CBC_SHA, TLS_ECDHE_ECDSA_WITH_AES_128_CBC_SHA, TLS_ECDHE_RSA_WITH_AES_128_CBC_SHA, TLS_DHE_RSA_WITH_AES_256_CBC_SHA, TLS_DHE_DSS_WITH_AES_256_CBC_SHA, TLS_DHE_RSA_WITH_AES_128_CBC_SHA, TLS_DHE_DSS_WITH_AES_128_CBC_SHA, TLS_ECDH_ECDSA_WITH_AES_256_CBC_SHA, TLS_ECDH_RSA_WITH_AES_256_CBC_SHA, TLS_ECDH_ECDSA_WITH_AES_128_CBC_SHA, TLS_ECDH_RSA_WITH_AES_128_CBC_SHA, TLS_RSA_WITH_AES_256_GCM_SHA384, TLS_RSA_WITH_AES_128_GCM_SHA256, TLS_RSA_WITH_AES_256_CBC_SHA256, TLS_RSA_WITH_AES_128_CBC_SHA256, TLS_RSA_WITH_AES_256_CBC_SHA, TLS_RSA_WITH_AES_128_CBC_SHA, TLS_EMPTY_RENEGOTIATION_INFO_SCSV]
08:01:12.377 [ForkJoinPool-1-worker-1] DEBUG org.apache.http.conn.ssl.SSLConnectionSocketFactory - Starting handshake
08:01:12.989 [ForkJoinPool-1-worker-1] DEBUG org.apache.http.conn.ssl.SSLConnectionSocketFactory - Secure session established
08:01:12.989 [ForkJoinPool-1-worker-1] DEBUG org.apache.http.conn.ssl.SSLConnectionSocketFactory -  negotiated protocol: TLSv1.2
08:01:12.989 [ForkJoinPool-1-worker-1] DEBUG org.apache.http.conn.ssl.SSLConnectionSocketFactory -  negotiated cipher suite: TLS_ECDHE_RSA_WITH_AES_128_GCM_SHA256
08:01:12.989 [ForkJoinPool-1-worker-1] DEBUG org.apache.http.conn.ssl.SSLConnectionSocketFactory -  peer principal: CN=*.swagger.io
08:01:12.989 [ForkJoinPool-1-worker-1] DEBUG org.apache.http.conn.ssl.SSLConnectionSocketFactory -  peer alternative names: [*.swagger.io]
08:01:12.989 [ForkJoinPool-1-worker-1] DEBUG org.apache.http.conn.ssl.SSLConnectionSocketFactory -  issuer principal: CN=Amazon, OU=Server CA 1B, O=Amazon, C=US
08:01:12.989 [ForkJoinPool-1-worker-1] DEBUG org.apache.http.impl.conn.DefaultHttpClientConnectionOperator - Connection established 192.168.2.247:43136<->54.235.255.168:443
08:01:12.989 [ForkJoinPool-1-worker-1] DEBUG org.apache.http.impl.conn.DefaultManagedHttpClientConnection - http-outgoing-33: set socket timeout to 30000
08:01:12.989 [ForkJoinPool-1-worker-1] DEBUG org.apache.http.impl.execchain.MainClientExec - Executing request POST /v2/pet HTTP/1.1
08:01:12.989 [ForkJoinPool-1-worker-1] DEBUG org.apache.http.impl.execchain.MainClientExec - Target auth state: UNCHALLENGED
08:01:12.989 [ForkJoinPool-1-worker-1] DEBUG org.apache.http.impl.execchain.MainClientExec - Proxy auth state: UNCHALLENGED
08:01:12.990 [ForkJoinPool-1-worker-1] DEBUG org.apache.http.headers - http-outgoing-33 >> POST /v2/pet HTTP/1.1
08:01:12.990 [ForkJoinPool-1-worker-1] DEBUG org.apache.http.headers - http-outgoing-33 >> Content-Type: application/json; charset=UTF-8
08:01:12.990 [ForkJoinPool-1-worker-1] DEBUG org.apache.http.headers - http-outgoing-33 >> Content-Length: 135
08:01:12.990 [ForkJoinPool-1-worker-1] DEBUG org.apache.http.headers - http-outgoing-33 >> Host: petstore.swagger.io
08:01:12.990 [ForkJoinPool-1-worker-1] DEBUG org.apache.http.headers - http-outgoing-33 >> Connection: Keep-Alive
08:01:12.990 [ForkJoinPool-1-worker-1] DEBUG org.apache.http.headers - http-outgoing-33 >> User-Agent: Apache-HttpClient/4.5.12 (Java/1.8.0_331)
08:01:12.990 [ForkJoinPool-1-worker-1] DEBUG org.apache.http.headers - http-outgoing-33 >> Accept-Encoding: gzip,deflate
08:01:12.990 [ForkJoinPool-1-worker-1] DEBUG org.apache.http.wire - http-outgoing-33 >> "POST /v2/pet HTTP/1.1[\r][\n]"
08:01:12.990 [ForkJoinPool-1-worker-1] DEBUG org.apache.http.wire - http-outgoing-33 >> "Content-Type: application/json; charset=UTF-8[\r][\n]"
08:01:12.990 [ForkJoinPool-1-worker-1] DEBUG org.apache.http.wire - http-outgoing-33 >> "Content-Length: 135[\r][\n]"
08:01:12.990 [ForkJoinPool-1-worker-1] DEBUG org.apache.http.wire - http-outgoing-33 >> "Host: petstore.swagger.io[\r][\n]"
08:01:12.990 [ForkJoinPool-1-worker-1] DEBUG org.apache.http.wire - http-outgoing-33 >> "Connection: Keep-Alive[\r][\n]"
08:01:12.990 [ForkJoinPool-1-worker-1] DEBUG org.apache.http.wire - http-outgoing-33 >> "User-Agent: Apache-HttpClient/4.5.12 (Java/1.8.0_331)[\r][\n]"
08:01:12.990 [ForkJoinPool-1-worker-1] DEBUG org.apache.http.wire - http-outgoing-33 >> "Accept-Encoding: gzip,deflate[\r][\n]"
08:01:12.990 [ForkJoinPool-1-worker-1] DEBUG org.apache.http.wire - http-outgoing-33 >> "[\r][\n]"
08:01:12.990 [ForkJoinPool-1-worker-1] DEBUG org.apache.http.wire - http-outgoing-33 >> "{"id":8,"category":{"id":0,"name":"pepito"},"name":"doggie","photoUrls":["pepito.jpg"],"tags":[{"id":0,"name":"perrito"}],"status":"a"}"
08:01:13.281 [ForkJoinPool-1-worker-1] DEBUG org.apache.http.wire - http-outgoing-33 << "HTTP/1.1 200 OK[\r][\n]"
08:01:13.281 [ForkJoinPool-1-worker-1] DEBUG org.apache.http.wire - http-outgoing-33 << "Date: Wed, 24 Aug 2022 11:01:13 GMT[\r][\n]"
08:01:13.281 [ForkJoinPool-1-worker-1] DEBUG org.apache.http.wire - http-outgoing-33 << "Content-Type: application/json[\r][\n]"
08:01:13.281 [ForkJoinPool-1-worker-1] DEBUG org.apache.http.wire - http-outgoing-33 << "Transfer-Encoding: chunked[\r][\n]"
08:01:13.281 [ForkJoinPool-1-worker-1] DEBUG org.apache.http.wire - http-outgoing-33 << "Connection: keep-alive[\r][\n]"
08:01:13.281 [ForkJoinPool-1-worker-1] DEBUG org.apache.http.wire - http-outgoing-33 << "Access-Control-Allow-Origin: *[\r][\n]"
08:01:13.281 [ForkJoinPool-1-worker-1] DEBUG org.apache.http.wire - http-outgoing-33 << "Access-Control-Allow-Methods: GET, POST, DELETE, PUT[\r][\n]"
08:01:13.281 [ForkJoinPool-1-worker-1] DEBUG org.apache.http.wire - http-outgoing-33 << "Access-Control-Allow-Headers: Content-Type, api_key, Authorization[\r][\n]"
08:01:13.281 [ForkJoinPool-1-worker-1] DEBUG org.apache.http.wire - http-outgoing-33 << "Server: Jetty(9.2.9.v20150224)[\r][\n]"
08:01:13.281 [ForkJoinPool-1-worker-1] DEBUG org.apache.http.wire - http-outgoing-33 << "[\r][\n]"
08:01:13.281 [ForkJoinPool-1-worker-1] DEBUG org.apache.http.wire - http-outgoing-33 << "87[\r][\n]"
08:01:13.281 [ForkJoinPool-1-worker-1] DEBUG org.apache.http.wire - http-outgoing-33 << "{"id":8,"category":{"id":0,"name":"pepito"},"name":"doggie","photoUrls":["pepito.jpg"],"tags":[{"id":0,"name":"perrito"}],"status":"a"}[\r][\n]"
08:01:13.282 [ForkJoinPool-1-worker-1] DEBUG org.apache.http.headers - http-outgoing-33 << HTTP/1.1 200 OK
08:01:13.282 [ForkJoinPool-1-worker-1] DEBUG org.apache.http.headers - http-outgoing-33 << Date: Wed, 24 Aug 2022 11:01:13 GMT
08:01:13.282 [ForkJoinPool-1-worker-1] DEBUG org.apache.http.headers - http-outgoing-33 << Content-Type: application/json
08:01:13.282 [ForkJoinPool-1-worker-1] DEBUG org.apache.http.headers - http-outgoing-33 << Transfer-Encoding: chunked
08:01:13.282 [ForkJoinPool-1-worker-1] DEBUG org.apache.http.headers - http-outgoing-33 << Connection: keep-alive
08:01:13.282 [ForkJoinPool-1-worker-1] DEBUG org.apache.http.headers - http-outgoing-33 << Access-Control-Allow-Origin: *
08:01:13.282 [ForkJoinPool-1-worker-1] DEBUG org.apache.http.headers - http-outgoing-33 << Access-Control-Allow-Methods: GET, POST, DELETE, PUT
08:01:13.282 [ForkJoinPool-1-worker-1] DEBUG org.apache.http.headers - http-outgoing-33 << Access-Control-Allow-Headers: Content-Type, api_key, Authorization
08:01:13.282 [ForkJoinPool-1-worker-1] DEBUG org.apache.http.headers - http-outgoing-33 << Server: Jetty(9.2.9.v20150224)
08:01:13.282 [ForkJoinPool-1-worker-1] DEBUG org.apache.http.impl.execchain.MainClientExec - Connection can be kept alive indefinitely
08:01:13.282 [ForkJoinPool-1-worker-1] DEBUG org.apache.http.wire - http-outgoing-33 << "0[\r][\n]"
08:01:13.282 [ForkJoinPool-1-worker-1] DEBUG org.apache.http.wire - http-outgoing-33 << "[\r][\n]"
08:01:13.283 [ForkJoinPool-1-worker-1] DEBUG org.apache.http.impl.conn.PoolingHttpClientConnectionManager - Connection [id: 33][route: {s}->https://petstore.swagger.io:443] can be kept alive indefinitely
08:01:13.283 [ForkJoinPool-1-worker-1] DEBUG org.apache.http.impl.conn.DefaultManagedHttpClientConnection - http-outgoing-33: set socket timeout to 0
08:01:13.283 [ForkJoinPool-1-worker-1] DEBUG org.apache.http.impl.conn.PoolingHttpClientConnectionManager - Connection released: [id: 33][route: {s}->https://petstore.swagger.io:443][total available: 1; route allocated: 1 of 5; total allocated: 1 of 10]
08:01:13.283 [ForkJoinPool-1-worker-1] DEBUG com.intuit.karate - response time in milliseconds: 1206.97
1 < 200
1 < Access-Control-Allow-Headers: Content-Type, api_key, Authorization
1 < Access-Control-Allow-Methods: GET, POST, DELETE, PUT
1 < Access-Control-Allow-Origin: *
1 < Connection: keep-alive
1 < Content-Type: application/json
1 < Date: Wed, 24 Aug 2022 11:01:13 GMT
1 < Server: Jetty(9.2.9.v20150224)
1 < Transfer-Encoding: chunked
{"id":8,"category":{"id":0,"name":"pepito"},"name":"doggie","photoUrls":["pepito.jpg"],"tags":[{"id":0,"name":"perrito"}],"status":"a"}

08:01:13.288 [ForkJoinPool-1-worker-1] DEBUG com.jayway.jsonpath.internal.path.CompiledPath - Evaluating path: $
08:01:13.289 [ForkJoinPool-1-worker-1] DEBUG com.jayway.jsonpath.internal.path.CompiledPath - Evaluating path: $
08:01:13.289 [ForkJoinPool-1-worker-1] DEBUG com.jayway.jsonpath.internal.path.CompiledPath - Evaluating path: $
08:01:13.290 [ForkJoinPool-1-worker-1] DEBUG org.apache.http.client.protocol.RequestAddCookies - CookieSpec selected: karate
08:01:13.290 [ForkJoinPool-1-worker-1] DEBUG org.apache.http.client.protocol.RequestAuthCache - Auth cache not set in the context
08:01:13.290 [ForkJoinPool-1-worker-1] DEBUG com.intuit.karate - request:
1 > POST https://petstore.swagger.io/v2/pet
1 > Accept-Encoding: gzip,deflate
1 > Connection: Keep-Alive
1 > Content-Length: 135
1 > Content-Type: application/json; charset=UTF-8
1 > Host: petstore.swagger.io
1 > User-Agent: Apache-HttpClient/4.5.12 (Java/1.8.0_331)
{"id":8,"category":{"id":0,"name":"pepito"},"name":"doggie","photoUrls":["pepito.jpg"],"tags":[{"id":0,"name":"perrito"}],"status":"A"}

08:01:13.290 [ForkJoinPool-1-worker-1] DEBUG org.apache.http.impl.conn.PoolingHttpClientConnectionManager - Connection request: [route: {s}->https://petstore.swagger.io:443][total available: 0; route allocated: 0 of 5; total allocated: 0 of 10]
08:01:13.290 [ForkJoinPool-1-worker-1] DEBUG org.apache.http.impl.conn.PoolingHttpClientConnectionManager - Connection leased: [id: 34][route: {s}->https://petstore.swagger.io:443][total available: 0; route allocated: 1 of 5; total allocated: 1 of 10]
08:01:13.290 [ForkJoinPool-1-worker-1] DEBUG org.apache.http.impl.execchain.MainClientExec - Opening connection {s}->https://petstore.swagger.io:443
08:01:13.290 [ForkJoinPool-1-worker-1] DEBUG org.apache.http.impl.conn.DefaultHttpClientConnectionOperator - Connecting to petstore.swagger.io/54.235.255.168:443
08:01:13.290 [ForkJoinPool-1-worker-1] DEBUG org.apache.http.conn.ssl.SSLConnectionSocketFactory - Connecting socket to petstore.swagger.io/54.235.255.168:443 with timeout 30000
08:01:13.454 [ForkJoinPool-1-worker-1] DEBUG org.apache.http.conn.ssl.SSLConnectionSocketFactory - Enabled protocols: [TLSv1.2]
08:01:13.454 [ForkJoinPool-1-worker-1] DEBUG org.apache.http.conn.ssl.SSLConnectionSocketFactory - Enabled cipher suites:[TLS_ECDHE_ECDSA_WITH_AES_256_GCM_SHA384, TLS_ECDHE_ECDSA_WITH_AES_128_GCM_SHA256, TLS_ECDHE_RSA_WITH_AES_256_GCM_SHA384, TLS_ECDHE_RSA_WITH_AES_128_GCM_SHA256, TLS_DHE_RSA_WITH_AES_256_GCM_SHA384, TLS_DHE_DSS_WITH_AES_256_GCM_SHA384, TLS_DHE_RSA_WITH_AES_128_GCM_SHA256, TLS_DHE_DSS_WITH_AES_128_GCM_SHA256, TLS_ECDHE_ECDSA_WITH_AES_256_CBC_SHA384, TLS_ECDHE_RSA_WITH_AES_256_CBC_SHA384, TLS_ECDHE_ECDSA_WITH_AES_128_CBC_SHA256, TLS_ECDHE_RSA_WITH_AES_128_CBC_SHA256, TLS_DHE_RSA_WITH_AES_256_CBC_SHA256, TLS_DHE_DSS_WITH_AES_256_CBC_SHA256, TLS_DHE_RSA_WITH_AES_128_CBC_SHA256, TLS_DHE_DSS_WITH_AES_128_CBC_SHA256, TLS_ECDH_ECDSA_WITH_AES_256_GCM_SHA384, TLS_ECDH_RSA_WITH_AES_256_GCM_SHA384, TLS_ECDH_ECDSA_WITH_AES_128_GCM_SHA256, TLS_ECDH_RSA_WITH_AES_128_GCM_SHA256, TLS_ECDH_ECDSA_WITH_AES_256_CBC_SHA384, TLS_ECDH_RSA_WITH_AES_256_CBC_SHA384, TLS_ECDH_ECDSA_WITH_AES_128_CBC_SHA256, TLS_ECDH_RSA_WITH_AES_128_CBC_SHA256, TLS_ECDHE_ECDSA_WITH_AES_256_CBC_SHA, TLS_ECDHE_RSA_WITH_AES_256_CBC_SHA, TLS_ECDHE_ECDSA_WITH_AES_128_CBC_SHA, TLS_ECDHE_RSA_WITH_AES_128_CBC_SHA, TLS_DHE_RSA_WITH_AES_256_CBC_SHA, TLS_DHE_DSS_WITH_AES_256_CBC_SHA, TLS_DHE_RSA_WITH_AES_128_CBC_SHA, TLS_DHE_DSS_WITH_AES_128_CBC_SHA, TLS_ECDH_ECDSA_WITH_AES_256_CBC_SHA, TLS_ECDH_RSA_WITH_AES_256_CBC_SHA, TLS_ECDH_ECDSA_WITH_AES_128_CBC_SHA, TLS_ECDH_RSA_WITH_AES_128_CBC_SHA, TLS_RSA_WITH_AES_256_GCM_SHA384, TLS_RSA_WITH_AES_128_GCM_SHA256, TLS_RSA_WITH_AES_256_CBC_SHA256, TLS_RSA_WITH_AES_128_CBC_SHA256, TLS_RSA_WITH_AES_256_CBC_SHA, TLS_RSA_WITH_AES_128_CBC_SHA, TLS_EMPTY_RENEGOTIATION_INFO_SCSV]
08:01:13.454 [ForkJoinPool-1-worker-1] DEBUG org.apache.http.conn.ssl.SSLConnectionSocketFactory - Starting handshake
08:01:14.219 [ForkJoinPool-1-worker-1] DEBUG org.apache.http.conn.ssl.SSLConnectionSocketFactory - Secure session established
08:01:14.219 [ForkJoinPool-1-worker-1] DEBUG org.apache.http.conn.ssl.SSLConnectionSocketFactory -  negotiated protocol: TLSv1.2
08:01:14.219 [ForkJoinPool-1-worker-1] DEBUG org.apache.http.conn.ssl.SSLConnectionSocketFactory -  negotiated cipher suite: TLS_ECDHE_RSA_WITH_AES_128_GCM_SHA256
08:01:14.219 [ForkJoinPool-1-worker-1] DEBUG org.apache.http.conn.ssl.SSLConnectionSocketFactory -  peer principal: CN=*.swagger.io
08:01:14.219 [ForkJoinPool-1-worker-1] DEBUG org.apache.http.conn.ssl.SSLConnectionSocketFactory -  peer alternative names: [*.swagger.io]
08:01:14.219 [ForkJoinPool-1-worker-1] DEBUG org.apache.http.conn.ssl.SSLConnectionSocketFactory -  issuer principal: CN=Amazon, OU=Server CA 1B, O=Amazon, C=US
08:01:14.219 [ForkJoinPool-1-worker-1] DEBUG org.apache.http.impl.conn.DefaultHttpClientConnectionOperator - Connection established 192.168.2.247:43138<->54.235.255.168:443
08:01:14.219 [ForkJoinPool-1-worker-1] DEBUG org.apache.http.impl.conn.DefaultManagedHttpClientConnection - http-outgoing-34: set socket timeout to 30000
08:01:14.219 [ForkJoinPool-1-worker-1] DEBUG org.apache.http.impl.execchain.MainClientExec - Executing request POST /v2/pet HTTP/1.1
08:01:14.219 [ForkJoinPool-1-worker-1] DEBUG org.apache.http.impl.execchain.MainClientExec - Target auth state: UNCHALLENGED
08:01:14.219 [ForkJoinPool-1-worker-1] DEBUG org.apache.http.impl.execchain.MainClientExec - Proxy auth state: UNCHALLENGED
08:01:14.219 [ForkJoinPool-1-worker-1] DEBUG org.apache.http.headers - http-outgoing-34 >> POST /v2/pet HTTP/1.1
08:01:14.219 [ForkJoinPool-1-worker-1] DEBUG org.apache.http.headers - http-outgoing-34 >> Content-Type: application/json; charset=UTF-8
08:01:14.219 [ForkJoinPool-1-worker-1] DEBUG org.apache.http.headers - http-outgoing-34 >> Content-Length: 135
08:01:14.219 [ForkJoinPool-1-worker-1] DEBUG org.apache.http.headers - http-outgoing-34 >> Host: petstore.swagger.io
08:01:14.219 [ForkJoinPool-1-worker-1] DEBUG org.apache.http.headers - http-outgoing-34 >> Connection: Keep-Alive
08:01:14.219 [ForkJoinPool-1-worker-1] DEBUG org.apache.http.headers - http-outgoing-34 >> User-Agent: Apache-HttpClient/4.5.12 (Java/1.8.0_331)
08:01:14.219 [ForkJoinPool-1-worker-1] DEBUG org.apache.http.headers - http-outgoing-34 >> Accept-Encoding: gzip,deflate
08:01:14.219 [ForkJoinPool-1-worker-1] DEBUG org.apache.http.wire - http-outgoing-34 >> "POST /v2/pet HTTP/1.1[\r][\n]"
08:01:14.219 [ForkJoinPool-1-worker-1] DEBUG org.apache.http.wire - http-outgoing-34 >> "Content-Type: application/json; charset=UTF-8[\r][\n]"
08:01:14.219 [ForkJoinPool-1-worker-1] DEBUG org.apache.http.wire - http-outgoing-34 >> "Content-Length: 135[\r][\n]"
08:01:14.219 [ForkJoinPool-1-worker-1] DEBUG org.apache.http.wire - http-outgoing-34 >> "Host: petstore.swagger.io[\r][\n]"
08:01:14.219 [ForkJoinPool-1-worker-1] DEBUG org.apache.http.wire - http-outgoing-34 >> "Connection: Keep-Alive[\r][\n]"
08:01:14.219 [ForkJoinPool-1-worker-1] DEBUG org.apache.http.wire - http-outgoing-34 >> "User-Agent: Apache-HttpClient/4.5.12 (Java/1.8.0_331)[\r][\n]"
08:01:14.219 [ForkJoinPool-1-worker-1] DEBUG org.apache.http.wire - http-outgoing-34 >> "Accept-Encoding: gzip,deflate[\r][\n]"
08:01:14.219 [ForkJoinPool-1-worker-1] DEBUG org.apache.http.wire - http-outgoing-34 >> "[\r][\n]"
08:01:14.219 [ForkJoinPool-1-worker-1] DEBUG org.apache.http.wire - http-outgoing-34 >> "{"id":8,"category":{"id":0,"name":"pepito"},"name":"doggie","photoUrls":["pepito.jpg"],"tags":[{"id":0,"name":"perrito"}],"status":"A"}"
08:01:14.523 [ForkJoinPool-1-worker-1] DEBUG org.apache.http.wire - http-outgoing-34 << "HTTP/1.1 200 OK[\r][\n]"
08:01:14.523 [ForkJoinPool-1-worker-1] DEBUG org.apache.http.wire - http-outgoing-34 << "Date: Wed, 24 Aug 2022 11:01:14 GMT[\r][\n]"
08:01:14.523 [ForkJoinPool-1-worker-1] DEBUG org.apache.http.wire - http-outgoing-34 << "Content-Type: application/json[\r][\n]"
08:01:14.523 [ForkJoinPool-1-worker-1] DEBUG org.apache.http.wire - http-outgoing-34 << "Transfer-Encoding: chunked[\r][\n]"
08:01:14.523 [ForkJoinPool-1-worker-1] DEBUG org.apache.http.wire - http-outgoing-34 << "Connection: keep-alive[\r][\n]"
08:01:14.523 [ForkJoinPool-1-worker-1] DEBUG org.apache.http.wire - http-outgoing-34 << "Access-Control-Allow-Origin: *[\r][\n]"
08:01:14.523 [ForkJoinPool-1-worker-1] DEBUG org.apache.http.wire - http-outgoing-34 << "Access-Control-Allow-Methods: GET, POST, DELETE, PUT[\r][\n]"
08:01:14.523 [ForkJoinPool-1-worker-1] DEBUG org.apache.http.wire - http-outgoing-34 << "Access-Control-Allow-Headers: Content-Type, api_key, Authorization[\r][\n]"
08:01:14.523 [ForkJoinPool-1-worker-1] DEBUG org.apache.http.wire - http-outgoing-34 << "Server: Jetty(9.2.9.v20150224)[\r][\n]"
08:01:14.523 [ForkJoinPool-1-worker-1] DEBUG org.apache.http.wire - http-outgoing-34 << "[\r][\n]"
08:01:14.524 [ForkJoinPool-1-worker-1] DEBUG org.apache.http.wire - http-outgoing-34 << "87[\r][\n]"
08:01:14.524 [ForkJoinPool-1-worker-1] DEBUG org.apache.http.wire - http-outgoing-34 << "{"id":8,"category":{"id":0,"name":"pepito"},"name":"doggie","photoUrls":["pepito.jpg"],"tags":[{"id":0,"name":"perrito"}],"status":"A"}[\r][\n]"
08:01:14.524 [ForkJoinPool-1-worker-1] DEBUG org.apache.http.headers - http-outgoing-34 << HTTP/1.1 200 OK
08:01:14.524 [ForkJoinPool-1-worker-1] DEBUG org.apache.http.headers - http-outgoing-34 << Date: Wed, 24 Aug 2022 11:01:14 GMT
08:01:14.524 [ForkJoinPool-1-worker-1] DEBUG org.apache.http.headers - http-outgoing-34 << Content-Type: application/json
08:01:14.524 [ForkJoinPool-1-worker-1] DEBUG org.apache.http.headers - http-outgoing-34 << Transfer-Encoding: chunked
08:01:14.524 [ForkJoinPool-1-worker-1] DEBUG org.apache.http.headers - http-outgoing-34 << Connection: keep-alive
08:01:14.524 [ForkJoinPool-1-worker-1] DEBUG org.apache.http.headers - http-outgoing-34 << Access-Control-Allow-Origin: *
08:01:14.524 [ForkJoinPool-1-worker-1] DEBUG org.apache.http.headers - http-outgoing-34 << Access-Control-Allow-Methods: GET, POST, DELETE, PUT
08:01:14.524 [ForkJoinPool-1-worker-1] DEBUG org.apache.http.headers - http-outgoing-34 << Access-Control-Allow-Headers: Content-Type, api_key, Authorization
08:01:14.524 [ForkJoinPool-1-worker-1] DEBUG org.apache.http.headers - http-outgoing-34 << Server: Jetty(9.2.9.v20150224)
08:01:14.524 [ForkJoinPool-1-worker-1] DEBUG org.apache.http.impl.execchain.MainClientExec - Connection can be kept alive indefinitely
08:01:14.524 [ForkJoinPool-1-worker-1] DEBUG org.apache.http.wire - http-outgoing-34 << "0[\r][\n]"
08:01:14.524 [ForkJoinPool-1-worker-1] DEBUG org.apache.http.wire - http-outgoing-34 << "[\r][\n]"
08:01:14.525 [ForkJoinPool-1-worker-1] DEBUG org.apache.http.impl.conn.PoolingHttpClientConnectionManager - Connection [id: 34][route: {s}->https://petstore.swagger.io:443] can be kept alive indefinitely
08:01:14.525 [ForkJoinPool-1-worker-1] DEBUG org.apache.http.impl.conn.DefaultManagedHttpClientConnection - http-outgoing-34: set socket timeout to 0
08:01:14.525 [ForkJoinPool-1-worker-1] DEBUG org.apache.http.impl.conn.PoolingHttpClientConnectionManager - Connection released: [id: 34][route: {s}->https://petstore.swagger.io:443][total available: 1; route allocated: 1 of 5; total allocated: 1 of 10]
08:01:14.525 [ForkJoinPool-1-worker-1] DEBUG com.intuit.karate - response time in milliseconds: 1234.12
1 < 200
1 < Access-Control-Allow-Headers: Content-Type, api_key, Authorization
1 < Access-Control-Allow-Methods: GET, POST, DELETE, PUT
1 < Access-Control-Allow-Origin: *
1 < Connection: keep-alive
1 < Content-Type: application/json
1 < Date: Wed, 24 Aug 2022 11:01:14 GMT
1 < Server: Jetty(9.2.9.v20150224)
1 < Transfer-Encoding: chunked
{"id":8,"category":{"id":0,"name":"pepito"},"name":"doggie","photoUrls":["pepito.jpg"],"tags":[{"id":0,"name":"perrito"}],"status":"A"}

08:01:14.553 [ForkJoinPool-1-worker-1] DEBUG com.jayway.jsonpath.internal.path.CompiledPath - Evaluating path: $
08:01:14.553 [ForkJoinPool-1-worker-1] DEBUG com.jayway.jsonpath.internal.path.CompiledPath - Evaluating path: $
08:01:14.554 [ForkJoinPool-1-worker-1] DEBUG com.jayway.jsonpath.internal.path.CompiledPath - Evaluating path: $
08:01:14.556 [ForkJoinPool-1-worker-1] DEBUG org.apache.http.client.protocol.RequestAddCookies - CookieSpec selected: karate
08:01:14.556 [ForkJoinPool-1-worker-1] DEBUG org.apache.http.client.protocol.RequestAuthCache - Auth cache not set in the context
08:01:14.556 [ForkJoinPool-1-worker-1] DEBUG com.intuit.karate - request:
1 > POST https://petstore.swagger.io/v2/pet
1 > Accept-Encoding: gzip,deflate
1 > Connection: Keep-Alive
1 > Content-Length: 138
1 > Content-Type: application/json; charset=UTF-8
1 > Host: petstore.swagger.io
1 > User-Agent: Apache-HttpClient/4.5.12 (Java/1.8.0_331)
{"id":8,"category":{"id":0,"name":"pepito"},"name":"doggie","photoUrls":["pepito.jpg"],"tags":[{"id":0,"name":"perrito"}],"status":"#$%&"}

08:01:14.556 [ForkJoinPool-1-worker-1] DEBUG org.apache.http.impl.conn.PoolingHttpClientConnectionManager - Connection request: [route: {s}->https://petstore.swagger.io:443][total available: 0; route allocated: 0 of 5; total allocated: 0 of 10]
08:01:14.556 [ForkJoinPool-1-worker-1] DEBUG org.apache.http.impl.conn.PoolingHttpClientConnectionManager - Connection leased: [id: 35][route: {s}->https://petstore.swagger.io:443][total available: 0; route allocated: 1 of 5; total allocated: 1 of 10]
08:01:14.556 [ForkJoinPool-1-worker-1] DEBUG org.apache.http.impl.execchain.MainClientExec - Opening connection {s}->https://petstore.swagger.io:443
08:01:14.556 [ForkJoinPool-1-worker-1] DEBUG org.apache.http.impl.conn.DefaultHttpClientConnectionOperator - Connecting to petstore.swagger.io/54.235.255.168:443
08:01:14.556 [ForkJoinPool-1-worker-1] DEBUG org.apache.http.conn.ssl.SSLConnectionSocketFactory - Connecting socket to petstore.swagger.io/54.235.255.168:443 with timeout 30000
08:01:14.832 [ForkJoinPool-1-worker-1] DEBUG org.apache.http.conn.ssl.SSLConnectionSocketFactory - Enabled protocols: [TLSv1.2]
08:01:14.832 [ForkJoinPool-1-worker-1] DEBUG org.apache.http.conn.ssl.SSLConnectionSocketFactory - Enabled cipher suites:[TLS_ECDHE_ECDSA_WITH_AES_256_GCM_SHA384, TLS_ECDHE_ECDSA_WITH_AES_128_GCM_SHA256, TLS_ECDHE_RSA_WITH_AES_256_GCM_SHA384, TLS_ECDHE_RSA_WITH_AES_128_GCM_SHA256, TLS_DHE_RSA_WITH_AES_256_GCM_SHA384, TLS_DHE_DSS_WITH_AES_256_GCM_SHA384, TLS_DHE_RSA_WITH_AES_128_GCM_SHA256, TLS_DHE_DSS_WITH_AES_128_GCM_SHA256, TLS_ECDHE_ECDSA_WITH_AES_256_CBC_SHA384, TLS_ECDHE_RSA_WITH_AES_256_CBC_SHA384, TLS_ECDHE_ECDSA_WITH_AES_128_CBC_SHA256, TLS_ECDHE_RSA_WITH_AES_128_CBC_SHA256, TLS_DHE_RSA_WITH_AES_256_CBC_SHA256, TLS_DHE_DSS_WITH_AES_256_CBC_SHA256, TLS_DHE_RSA_WITH_AES_128_CBC_SHA256, TLS_DHE_DSS_WITH_AES_128_CBC_SHA256, TLS_ECDH_ECDSA_WITH_AES_256_GCM_SHA384, TLS_ECDH_RSA_WITH_AES_256_GCM_SHA384, TLS_ECDH_ECDSA_WITH_AES_128_GCM_SHA256, TLS_ECDH_RSA_WITH_AES_128_GCM_SHA256, TLS_ECDH_ECDSA_WITH_AES_256_CBC_SHA384, TLS_ECDH_RSA_WITH_AES_256_CBC_SHA384, TLS_ECDH_ECDSA_WITH_AES_128_CBC_SHA256, TLS_ECDH_RSA_WITH_AES_128_CBC_SHA256, TLS_ECDHE_ECDSA_WITH_AES_256_CBC_SHA, TLS_ECDHE_RSA_WITH_AES_256_CBC_SHA, TLS_ECDHE_ECDSA_WITH_AES_128_CBC_SHA, TLS_ECDHE_RSA_WITH_AES_128_CBC_SHA, TLS_DHE_RSA_WITH_AES_256_CBC_SHA, TLS_DHE_DSS_WITH_AES_256_CBC_SHA, TLS_DHE_RSA_WITH_AES_128_CBC_SHA, TLS_DHE_DSS_WITH_AES_128_CBC_SHA, TLS_ECDH_ECDSA_WITH_AES_256_CBC_SHA, TLS_ECDH_RSA_WITH_AES_256_CBC_SHA, TLS_ECDH_ECDSA_WITH_AES_128_CBC_SHA, TLS_ECDH_RSA_WITH_AES_128_CBC_SHA, TLS_RSA_WITH_AES_256_GCM_SHA384, TLS_RSA_WITH_AES_128_GCM_SHA256, TLS_RSA_WITH_AES_256_CBC_SHA256, TLS_RSA_WITH_AES_128_CBC_SHA256, TLS_RSA_WITH_AES_256_CBC_SHA, TLS_RSA_WITH_AES_128_CBC_SHA, TLS_EMPTY_RENEGOTIATION_INFO_SCSV]
08:01:14.832 [ForkJoinPool-1-worker-1] DEBUG org.apache.http.conn.ssl.SSLConnectionSocketFactory - Starting handshake
08:01:15.343 [ForkJoinPool-1-worker-1] DEBUG org.apache.http.conn.ssl.SSLConnectionSocketFactory - Secure session established
08:01:15.344 [ForkJoinPool-1-worker-1] DEBUG org.apache.http.conn.ssl.SSLConnectionSocketFactory -  negotiated protocol: TLSv1.2
08:01:15.344 [ForkJoinPool-1-worker-1] DEBUG org.apache.http.conn.ssl.SSLConnectionSocketFactory -  negotiated cipher suite: TLS_ECDHE_RSA_WITH_AES_128_GCM_SHA256
08:01:15.344 [ForkJoinPool-1-worker-1] DEBUG org.apache.http.conn.ssl.SSLConnectionSocketFactory -  peer principal: CN=*.swagger.io
08:01:15.344 [ForkJoinPool-1-worker-1] DEBUG org.apache.http.conn.ssl.SSLConnectionSocketFactory -  peer alternative names: [*.swagger.io]
08:01:15.344 [ForkJoinPool-1-worker-1] DEBUG org.apache.http.conn.ssl.SSLConnectionSocketFactory -  issuer principal: CN=Amazon, OU=Server CA 1B, O=Amazon, C=US
08:01:15.344 [ForkJoinPool-1-worker-1] DEBUG org.apache.http.impl.conn.DefaultHttpClientConnectionOperator - Connection established 192.168.2.247:43140<->54.235.255.168:443
08:01:15.344 [ForkJoinPool-1-worker-1] DEBUG org.apache.http.impl.conn.DefaultManagedHttpClientConnection - http-outgoing-35: set socket timeout to 30000
08:01:15.344 [ForkJoinPool-1-worker-1] DEBUG org.apache.http.impl.execchain.MainClientExec - Executing request POST /v2/pet HTTP/1.1
08:01:15.344 [ForkJoinPool-1-worker-1] DEBUG org.apache.http.impl.execchain.MainClientExec - Target auth state: UNCHALLENGED
08:01:15.344 [ForkJoinPool-1-worker-1] DEBUG org.apache.http.impl.execchain.MainClientExec - Proxy auth state: UNCHALLENGED
08:01:15.344 [ForkJoinPool-1-worker-1] DEBUG org.apache.http.headers - http-outgoing-35 >> POST /v2/pet HTTP/1.1
08:01:15.344 [ForkJoinPool-1-worker-1] DEBUG org.apache.http.headers - http-outgoing-35 >> Content-Type: application/json; charset=UTF-8
08:01:15.344 [ForkJoinPool-1-worker-1] DEBUG org.apache.http.headers - http-outgoing-35 >> Content-Length: 138
08:01:15.344 [ForkJoinPool-1-worker-1] DEBUG org.apache.http.headers - http-outgoing-35 >> Host: petstore.swagger.io
08:01:15.344 [ForkJoinPool-1-worker-1] DEBUG org.apache.http.headers - http-outgoing-35 >> Connection: Keep-Alive
08:01:15.344 [ForkJoinPool-1-worker-1] DEBUG org.apache.http.headers - http-outgoing-35 >> User-Agent: Apache-HttpClient/4.5.12 (Java/1.8.0_331)
08:01:15.344 [ForkJoinPool-1-worker-1] DEBUG org.apache.http.headers - http-outgoing-35 >> Accept-Encoding: gzip,deflate
08:01:15.344 [ForkJoinPool-1-worker-1] DEBUG org.apache.http.wire - http-outgoing-35 >> "POST /v2/pet HTTP/1.1[\r][\n]"
08:01:15.344 [ForkJoinPool-1-worker-1] DEBUG org.apache.http.wire - http-outgoing-35 >> "Content-Type: application/json; charset=UTF-8[\r][\n]"
08:01:15.344 [ForkJoinPool-1-worker-1] DEBUG org.apache.http.wire - http-outgoing-35 >> "Content-Length: 138[\r][\n]"
08:01:15.344 [ForkJoinPool-1-worker-1] DEBUG org.apache.http.wire - http-outgoing-35 >> "Host: petstore.swagger.io[\r][\n]"
08:01:15.344 [ForkJoinPool-1-worker-1] DEBUG org.apache.http.wire - http-outgoing-35 >> "Connection: Keep-Alive[\r][\n]"
08:01:15.344 [ForkJoinPool-1-worker-1] DEBUG org.apache.http.wire - http-outgoing-35 >> "User-Agent: Apache-HttpClient/4.5.12 (Java/1.8.0_331)[\r][\n]"
08:01:15.344 [ForkJoinPool-1-worker-1] DEBUG org.apache.http.wire - http-outgoing-35 >> "Accept-Encoding: gzip,deflate[\r][\n]"
08:01:15.344 [ForkJoinPool-1-worker-1] DEBUG org.apache.http.wire - http-outgoing-35 >> "[\r][\n]"
08:01:15.344 [ForkJoinPool-1-worker-1] DEBUG org.apache.http.wire - http-outgoing-35 >> "{"id":8,"category":{"id":0,"name":"pepito"},"name":"doggie","photoUrls":["pepito.jpg"],"tags":[{"id":0,"name":"perrito"}],"status":"#$%&"}"
08:01:15.757 [ForkJoinPool-1-worker-1] DEBUG org.apache.http.wire - http-outgoing-35 << "HTTP/1.1 200 OK[\r][\n]"
08:01:15.757 [ForkJoinPool-1-worker-1] DEBUG org.apache.http.wire - http-outgoing-35 << "Date: Wed, 24 Aug 2022 11:01:15 GMT[\r][\n]"
08:01:15.757 [ForkJoinPool-1-worker-1] DEBUG org.apache.http.wire - http-outgoing-35 << "Content-Type: application/json[\r][\n]"
08:01:15.757 [ForkJoinPool-1-worker-1] DEBUG org.apache.http.wire - http-outgoing-35 << "Transfer-Encoding: chunked[\r][\n]"
08:01:15.757 [ForkJoinPool-1-worker-1] DEBUG org.apache.http.wire - http-outgoing-35 << "Connection: keep-alive[\r][\n]"
08:01:15.757 [ForkJoinPool-1-worker-1] DEBUG org.apache.http.wire - http-outgoing-35 << "Access-Control-Allow-Origin: *[\r][\n]"
08:01:15.757 [ForkJoinPool-1-worker-1] DEBUG org.apache.http.wire - http-outgoing-35 << "Access-Control-Allow-Methods: GET, POST, DELETE, PUT[\r][\n]"
08:01:15.757 [ForkJoinPool-1-worker-1] DEBUG org.apache.http.wire - http-outgoing-35 << "Access-Control-Allow-Headers: Content-Type, api_key, Authorization[\r][\n]"
08:01:15.757 [ForkJoinPool-1-worker-1] DEBUG org.apache.http.wire - http-outgoing-35 << "Server: Jetty(9.2.9.v20150224)[\r][\n]"
08:01:15.757 [ForkJoinPool-1-worker-1] DEBUG org.apache.http.wire - http-outgoing-35 << "[\r][\n]"
08:01:15.757 [ForkJoinPool-1-worker-1] DEBUG org.apache.http.wire - http-outgoing-35 << "8a[\r][\n]"
08:01:15.757 [ForkJoinPool-1-worker-1] DEBUG org.apache.http.wire - http-outgoing-35 << "{"id":8,"category":{"id":0,"name":"pepito"},"name":"doggie","photoUrls":["pepito.jpg"],"tags":[{"id":0,"name":"perrito"}],"status":"#$%&"}[\r][\n]"
08:01:15.757 [ForkJoinPool-1-worker-1] DEBUG org.apache.http.headers - http-outgoing-35 << HTTP/1.1 200 OK
08:01:15.757 [ForkJoinPool-1-worker-1] DEBUG org.apache.http.headers - http-outgoing-35 << Date: Wed, 24 Aug 2022 11:01:15 GMT
08:01:15.757 [ForkJoinPool-1-worker-1] DEBUG org.apache.http.headers - http-outgoing-35 << Content-Type: application/json
08:01:15.757 [ForkJoinPool-1-worker-1] DEBUG org.apache.http.headers - http-outgoing-35 << Transfer-Encoding: chunked
08:01:15.757 [ForkJoinPool-1-worker-1] DEBUG org.apache.http.headers - http-outgoing-35 << Connection: keep-alive
08:01:15.757 [ForkJoinPool-1-worker-1] DEBUG org.apache.http.headers - http-outgoing-35 << Access-Control-Allow-Origin: *
08:01:15.757 [ForkJoinPool-1-worker-1] DEBUG org.apache.http.headers - http-outgoing-35 << Access-Control-Allow-Methods: GET, POST, DELETE, PUT
08:01:15.757 [ForkJoinPool-1-worker-1] DEBUG org.apache.http.headers - http-outgoing-35 << Access-Control-Allow-Headers: Content-Type, api_key, Authorization
08:01:15.757 [ForkJoinPool-1-worker-1] DEBUG org.apache.http.headers - http-outgoing-35 << Server: Jetty(9.2.9.v20150224)
08:01:15.758 [ForkJoinPool-1-worker-1] DEBUG org.apache.http.impl.execchain.MainClientExec - Connection can be kept alive indefinitely
08:01:15.758 [ForkJoinPool-1-worker-1] DEBUG org.apache.http.wire - http-outgoing-35 << "0[\r][\n]"
08:01:15.758 [ForkJoinPool-1-worker-1] DEBUG org.apache.http.wire - http-outgoing-35 << "[\r][\n]"
08:01:15.758 [ForkJoinPool-1-worker-1] DEBUG org.apache.http.impl.conn.PoolingHttpClientConnectionManager - Connection [id: 35][route: {s}->https://petstore.swagger.io:443] can be kept alive indefinitely
08:01:15.758 [ForkJoinPool-1-worker-1] DEBUG org.apache.http.impl.conn.DefaultManagedHttpClientConnection - http-outgoing-35: set socket timeout to 0
08:01:15.758 [ForkJoinPool-1-worker-1] DEBUG org.apache.http.impl.conn.PoolingHttpClientConnectionManager - Connection released: [id: 35][route: {s}->https://petstore.swagger.io:443][total available: 1; route allocated: 1 of 5; total allocated: 1 of 10]
08:01:15.758 [ForkJoinPool-1-worker-1] DEBUG com.intuit.karate - response time in milliseconds: 1201.63
1 < 200
1 < Access-Control-Allow-Headers: Content-Type, api_key, Authorization
1 < Access-Control-Allow-Methods: GET, POST, DELETE, PUT
1 < Access-Control-Allow-Origin: *
1 < Connection: keep-alive
1 < Content-Type: application/json
1 < Date: Wed, 24 Aug 2022 11:01:15 GMT
1 < Server: Jetty(9.2.9.v20150224)
1 < Transfer-Encoding: chunked
{"id":8,"category":{"id":0,"name":"pepito"},"name":"doggie","photoUrls":["pepito.jpg"],"tags":[{"id":0,"name":"perrito"}],"status":"#$%&"}

08:01:15.769 [pool-1-thread-1] INFO com.intuit.karate.Runner - <<pass>> feature 2 of 4: classpath:karate/request/3PetIdUpdate.feature
---------------------------------------------------------
feature: classpath:karate/request/3PetIdUpdate.feature
report: target/surefire-reports/karate.request.3PetIdUpdate.json
scenarios: 18 | passed: 18 | failed:  0 | time: 20.2332
---------------------------------------------------------
08:01:15.781 [ForkJoinPool-1-worker-1] DEBUG com.jayway.jsonpath.internal.path.CompiledPath - Evaluating path: $
08:01:15.781 [ForkJoinPool-1-worker-1] DEBUG com.jayway.jsonpath.internal.path.CompiledPath - Evaluating path: $
08:01:15.785 [ForkJoinPool-1-worker-1] DEBUG org.apache.http.client.protocol.RequestAddCookies - CookieSpec selected: karate
08:01:15.785 [ForkJoinPool-1-worker-1] DEBUG org.apache.http.client.protocol.RequestAuthCache - Auth cache not set in the context
08:01:15.785 [ForkJoinPool-1-worker-1] DEBUG com.intuit.karate - request:
1 > DELETE https://petstore.swagger.io/v2/pet/9
1 > Accept-Encoding: gzip,deflate
1 > Connection: Keep-Alive
1 > Host: petstore.swagger.io
1 > User-Agent: Apache-HttpClient/4.5.12 (Java/1.8.0_331)

08:01:15.785 [ForkJoinPool-1-worker-1] DEBUG org.apache.http.impl.conn.PoolingHttpClientConnectionManager - Connection request: [route: {s}->https://petstore.swagger.io:443][total available: 0; route allocated: 0 of 5; total allocated: 0 of 10]
08:01:15.786 [ForkJoinPool-1-worker-1] DEBUG org.apache.http.impl.conn.PoolingHttpClientConnectionManager - Connection leased: [id: 36][route: {s}->https://petstore.swagger.io:443][total available: 0; route allocated: 1 of 5; total allocated: 1 of 10]
08:01:15.786 [ForkJoinPool-1-worker-1] DEBUG org.apache.http.impl.execchain.MainClientExec - Opening connection {s}->https://petstore.swagger.io:443
08:01:15.786 [ForkJoinPool-1-worker-1] DEBUG org.apache.http.impl.conn.DefaultHttpClientConnectionOperator - Connecting to petstore.swagger.io/54.235.255.168:443
08:01:15.786 [ForkJoinPool-1-worker-1] DEBUG org.apache.http.conn.ssl.SSLConnectionSocketFactory - Connecting socket to petstore.swagger.io/54.235.255.168:443 with timeout 30000
08:01:16.060 [ForkJoinPool-1-worker-1] DEBUG org.apache.http.conn.ssl.SSLConnectionSocketFactory - Enabled protocols: [TLSv1.2]
08:01:16.061 [ForkJoinPool-1-worker-1] DEBUG org.apache.http.conn.ssl.SSLConnectionSocketFactory - Enabled cipher suites:[TLS_ECDHE_ECDSA_WITH_AES_256_GCM_SHA384, TLS_ECDHE_ECDSA_WITH_AES_128_GCM_SHA256, TLS_ECDHE_RSA_WITH_AES_256_GCM_SHA384, TLS_ECDHE_RSA_WITH_AES_128_GCM_SHA256, TLS_DHE_RSA_WITH_AES_256_GCM_SHA384, TLS_DHE_DSS_WITH_AES_256_GCM_SHA384, TLS_DHE_RSA_WITH_AES_128_GCM_SHA256, TLS_DHE_DSS_WITH_AES_128_GCM_SHA256, TLS_ECDHE_ECDSA_WITH_AES_256_CBC_SHA384, TLS_ECDHE_RSA_WITH_AES_256_CBC_SHA384, TLS_ECDHE_ECDSA_WITH_AES_128_CBC_SHA256, TLS_ECDHE_RSA_WITH_AES_128_CBC_SHA256, TLS_DHE_RSA_WITH_AES_256_CBC_SHA256, TLS_DHE_DSS_WITH_AES_256_CBC_SHA256, TLS_DHE_RSA_WITH_AES_128_CBC_SHA256, TLS_DHE_DSS_WITH_AES_128_CBC_SHA256, TLS_ECDH_ECDSA_WITH_AES_256_GCM_SHA384, TLS_ECDH_RSA_WITH_AES_256_GCM_SHA384, TLS_ECDH_ECDSA_WITH_AES_128_GCM_SHA256, TLS_ECDH_RSA_WITH_AES_128_GCM_SHA256, TLS_ECDH_ECDSA_WITH_AES_256_CBC_SHA384, TLS_ECDH_RSA_WITH_AES_256_CBC_SHA384, TLS_ECDH_ECDSA_WITH_AES_128_CBC_SHA256, TLS_ECDH_RSA_WITH_AES_128_CBC_SHA256, TLS_ECDHE_ECDSA_WITH_AES_256_CBC_SHA, TLS_ECDHE_RSA_WITH_AES_256_CBC_SHA, TLS_ECDHE_ECDSA_WITH_AES_128_CBC_SHA, TLS_ECDHE_RSA_WITH_AES_128_CBC_SHA, TLS_DHE_RSA_WITH_AES_256_CBC_SHA, TLS_DHE_DSS_WITH_AES_256_CBC_SHA, TLS_DHE_RSA_WITH_AES_128_CBC_SHA, TLS_DHE_DSS_WITH_AES_128_CBC_SHA, TLS_ECDH_ECDSA_WITH_AES_256_CBC_SHA, TLS_ECDH_RSA_WITH_AES_256_CBC_SHA, TLS_ECDH_ECDSA_WITH_AES_128_CBC_SHA, TLS_ECDH_RSA_WITH_AES_128_CBC_SHA, TLS_RSA_WITH_AES_256_GCM_SHA384, TLS_RSA_WITH_AES_128_GCM_SHA256, TLS_RSA_WITH_AES_256_CBC_SHA256, TLS_RSA_WITH_AES_128_CBC_SHA256, TLS_RSA_WITH_AES_256_CBC_SHA, TLS_RSA_WITH_AES_128_CBC_SHA, TLS_EMPTY_RENEGOTIATION_INFO_SCSV]
08:01:16.061 [ForkJoinPool-1-worker-1] DEBUG org.apache.http.conn.ssl.SSLConnectionSocketFactory - Starting handshake
08:01:16.675 [ForkJoinPool-1-worker-1] DEBUG org.apache.http.conn.ssl.SSLConnectionSocketFactory - Secure session established
08:01:16.675 [ForkJoinPool-1-worker-1] DEBUG org.apache.http.conn.ssl.SSLConnectionSocketFactory -  negotiated protocol: TLSv1.2
08:01:16.675 [ForkJoinPool-1-worker-1] DEBUG org.apache.http.conn.ssl.SSLConnectionSocketFactory -  negotiated cipher suite: TLS_ECDHE_RSA_WITH_AES_128_GCM_SHA256
08:01:16.675 [ForkJoinPool-1-worker-1] DEBUG org.apache.http.conn.ssl.SSLConnectionSocketFactory -  peer principal: CN=*.swagger.io
08:01:16.675 [ForkJoinPool-1-worker-1] DEBUG org.apache.http.conn.ssl.SSLConnectionSocketFactory -  peer alternative names: [*.swagger.io]
08:01:16.675 [ForkJoinPool-1-worker-1] DEBUG org.apache.http.conn.ssl.SSLConnectionSocketFactory -  issuer principal: CN=Amazon, OU=Server CA 1B, O=Amazon, C=US
08:01:16.675 [ForkJoinPool-1-worker-1] DEBUG org.apache.http.impl.conn.DefaultHttpClientConnectionOperator - Connection established 192.168.2.247:43142<->54.235.255.168:443
08:01:16.675 [ForkJoinPool-1-worker-1] DEBUG org.apache.http.impl.conn.DefaultManagedHttpClientConnection - http-outgoing-36: set socket timeout to 30000
08:01:16.675 [ForkJoinPool-1-worker-1] DEBUG org.apache.http.impl.execchain.MainClientExec - Executing request DELETE /v2/pet/9 HTTP/1.1
08:01:16.675 [ForkJoinPool-1-worker-1] DEBUG org.apache.http.impl.execchain.MainClientExec - Target auth state: UNCHALLENGED
08:01:16.675 [ForkJoinPool-1-worker-1] DEBUG org.apache.http.impl.execchain.MainClientExec - Proxy auth state: UNCHALLENGED
08:01:16.675 [ForkJoinPool-1-worker-1] DEBUG org.apache.http.headers - http-outgoing-36 >> DELETE /v2/pet/9 HTTP/1.1
08:01:16.675 [ForkJoinPool-1-worker-1] DEBUG org.apache.http.headers - http-outgoing-36 >> Host: petstore.swagger.io
08:01:16.675 [ForkJoinPool-1-worker-1] DEBUG org.apache.http.headers - http-outgoing-36 >> Connection: Keep-Alive
08:01:16.675 [ForkJoinPool-1-worker-1] DEBUG org.apache.http.headers - http-outgoing-36 >> User-Agent: Apache-HttpClient/4.5.12 (Java/1.8.0_331)
08:01:16.675 [ForkJoinPool-1-worker-1] DEBUG org.apache.http.headers - http-outgoing-36 >> Accept-Encoding: gzip,deflate
08:01:16.676 [ForkJoinPool-1-worker-1] DEBUG org.apache.http.wire - http-outgoing-36 >> "DELETE /v2/pet/9 HTTP/1.1[\r][\n]"
08:01:16.676 [ForkJoinPool-1-worker-1] DEBUG org.apache.http.wire - http-outgoing-36 >> "Host: petstore.swagger.io[\r][\n]"
08:01:16.676 [ForkJoinPool-1-worker-1] DEBUG org.apache.http.wire - http-outgoing-36 >> "Connection: Keep-Alive[\r][\n]"
08:01:16.676 [ForkJoinPool-1-worker-1] DEBUG org.apache.http.wire - http-outgoing-36 >> "User-Agent: Apache-HttpClient/4.5.12 (Java/1.8.0_331)[\r][\n]"
08:01:16.676 [ForkJoinPool-1-worker-1] DEBUG org.apache.http.wire - http-outgoing-36 >> "Accept-Encoding: gzip,deflate[\r][\n]"
08:01:16.676 [ForkJoinPool-1-worker-1] DEBUG org.apache.http.wire - http-outgoing-36 >> "[\r][\n]"
08:01:16.981 [ForkJoinPool-1-worker-1] DEBUG org.apache.http.wire - http-outgoing-36 << "HTTP/1.1 404 Not Found[\r][\n]"
08:01:16.981 [ForkJoinPool-1-worker-1] DEBUG org.apache.http.wire - http-outgoing-36 << "Date: Wed, 24 Aug 2022 11:01:16 GMT[\r][\n]"
08:01:16.981 [ForkJoinPool-1-worker-1] DEBUG org.apache.http.wire - http-outgoing-36 << "Content-Length: 0[\r][\n]"
08:01:16.981 [ForkJoinPool-1-worker-1] DEBUG org.apache.http.wire - http-outgoing-36 << "Connection: keep-alive[\r][\n]"
08:01:16.981 [ForkJoinPool-1-worker-1] DEBUG org.apache.http.wire - http-outgoing-36 << "Access-Control-Allow-Origin: *[\r][\n]"
08:01:16.981 [ForkJoinPool-1-worker-1] DEBUG org.apache.http.wire - http-outgoing-36 << "Access-Control-Allow-Methods: GET, POST, DELETE, PUT[\r][\n]"
08:01:16.981 [ForkJoinPool-1-worker-1] DEBUG org.apache.http.wire - http-outgoing-36 << "Access-Control-Allow-Headers: Content-Type, api_key, Authorization[\r][\n]"
08:01:16.981 [ForkJoinPool-1-worker-1] DEBUG org.apache.http.wire - http-outgoing-36 << "Server: Jetty(9.2.9.v20150224)[\r][\n]"
08:01:16.981 [ForkJoinPool-1-worker-1] DEBUG org.apache.http.wire - http-outgoing-36 << "[\r][\n]"
08:01:16.981 [ForkJoinPool-1-worker-1] DEBUG org.apache.http.headers - http-outgoing-36 << HTTP/1.1 404 Not Found
08:01:16.981 [ForkJoinPool-1-worker-1] DEBUG org.apache.http.headers - http-outgoing-36 << Date: Wed, 24 Aug 2022 11:01:16 GMT
08:01:16.981 [ForkJoinPool-1-worker-1] DEBUG org.apache.http.headers - http-outgoing-36 << Content-Length: 0
08:01:16.981 [ForkJoinPool-1-worker-1] DEBUG org.apache.http.headers - http-outgoing-36 << Connection: keep-alive
08:01:16.981 [ForkJoinPool-1-worker-1] DEBUG org.apache.http.headers - http-outgoing-36 << Access-Control-Allow-Origin: *
08:01:16.981 [ForkJoinPool-1-worker-1] DEBUG org.apache.http.headers - http-outgoing-36 << Access-Control-Allow-Methods: GET, POST, DELETE, PUT
08:01:16.981 [ForkJoinPool-1-worker-1] DEBUG org.apache.http.headers - http-outgoing-36 << Access-Control-Allow-Headers: Content-Type, api_key, Authorization
08:01:16.981 [ForkJoinPool-1-worker-1] DEBUG org.apache.http.headers - http-outgoing-36 << Server: Jetty(9.2.9.v20150224)
08:01:16.981 [ForkJoinPool-1-worker-1] DEBUG org.apache.http.impl.execchain.MainClientExec - Connection can be kept alive indefinitely
08:01:16.981 [ForkJoinPool-1-worker-1] DEBUG org.apache.http.impl.conn.PoolingHttpClientConnectionManager - Connection [id: 36][route: {s}->https://petstore.swagger.io:443] can be kept alive indefinitely
08:01:16.981 [ForkJoinPool-1-worker-1] DEBUG org.apache.http.impl.conn.DefaultManagedHttpClientConnection - http-outgoing-36: set socket timeout to 0
08:01:16.982 [ForkJoinPool-1-worker-1] DEBUG org.apache.http.impl.conn.PoolingHttpClientConnectionManager - Connection released: [id: 36][route: {s}->https://petstore.swagger.io:443][total available: 1; route allocated: 1 of 5; total allocated: 1 of 10]
08:01:16.982 [ForkJoinPool-1-worker-1] DEBUG com.intuit.karate - response time in milliseconds: 1196.26
1 < 404
1 < Access-Control-Allow-Headers: Content-Type, api_key, Authorization
1 < Access-Control-Allow-Methods: GET, POST, DELETE, PUT
1 < Access-Control-Allow-Origin: *
1 < Connection: keep-alive
1 < Content-Length: 0
1 < Date: Wed, 24 Aug 2022 11:01:16 GMT
1 < Server: Jetty(9.2.9.v20150224)

08:01:16.983 [ForkJoinPool-1-worker-1] ERROR com.intuit.karate - status code was: 404, expected: 200, response time: 1196, url: https://petstore.swagger.io/v2/pet/9, response: 
08:01:16.987 [ForkJoinPool-1-worker-1] DEBUG com.jayway.jsonpath.internal.path.CompiledPath - Evaluating path: $
08:01:16.988 [ForkJoinPool-1-worker-1] DEBUG com.jayway.jsonpath.internal.path.CompiledPath - Evaluating path: $
08:01:16.992 [ForkJoinPool-1-worker-1] DEBUG org.apache.http.client.protocol.RequestAddCookies - CookieSpec selected: karate
08:01:16.992 [ForkJoinPool-1-worker-1] DEBUG org.apache.http.client.protocol.RequestAuthCache - Auth cache not set in the context
08:01:16.992 [ForkJoinPool-1-worker-1] DEBUG com.intuit.karate - request:
1 > DELETE https://petstore.swagger.io/v2/5.56
1 > Accept-Encoding: gzip,deflate
1 > Connection: Keep-Alive
1 > Host: petstore.swagger.io
1 > User-Agent: Apache-HttpClient/4.5.12 (Java/1.8.0_331)

08:01:16.992 [ForkJoinPool-1-worker-1] DEBUG org.apache.http.impl.conn.PoolingHttpClientConnectionManager - Connection request: [route: {s}->https://petstore.swagger.io:443][total available: 0; route allocated: 0 of 5; total allocated: 0 of 10]
08:01:16.993 [ForkJoinPool-1-worker-1] DEBUG org.apache.http.impl.conn.PoolingHttpClientConnectionManager - Connection leased: [id: 37][route: {s}->https://petstore.swagger.io:443][total available: 0; route allocated: 1 of 5; total allocated: 1 of 10]
08:01:16.993 [ForkJoinPool-1-worker-1] DEBUG org.apache.http.impl.execchain.MainClientExec - Opening connection {s}->https://petstore.swagger.io:443
08:01:16.993 [ForkJoinPool-1-worker-1] DEBUG org.apache.http.impl.conn.DefaultHttpClientConnectionOperator - Connecting to petstore.swagger.io/54.235.255.168:443
08:01:16.993 [ForkJoinPool-1-worker-1] DEBUG org.apache.http.conn.ssl.SSLConnectionSocketFactory - Connecting socket to petstore.swagger.io/54.235.255.168:443 with timeout 30000
08:01:17.288 [ForkJoinPool-1-worker-1] DEBUG org.apache.http.conn.ssl.SSLConnectionSocketFactory - Enabled protocols: [TLSv1.2]
08:01:17.288 [ForkJoinPool-1-worker-1] DEBUG org.apache.http.conn.ssl.SSLConnectionSocketFactory - Enabled cipher suites:[TLS_ECDHE_ECDSA_WITH_AES_256_GCM_SHA384, TLS_ECDHE_ECDSA_WITH_AES_128_GCM_SHA256, TLS_ECDHE_RSA_WITH_AES_256_GCM_SHA384, TLS_ECDHE_RSA_WITH_AES_128_GCM_SHA256, TLS_DHE_RSA_WITH_AES_256_GCM_SHA384, TLS_DHE_DSS_WITH_AES_256_GCM_SHA384, TLS_DHE_RSA_WITH_AES_128_GCM_SHA256, TLS_DHE_DSS_WITH_AES_128_GCM_SHA256, TLS_ECDHE_ECDSA_WITH_AES_256_CBC_SHA384, TLS_ECDHE_RSA_WITH_AES_256_CBC_SHA384, TLS_ECDHE_ECDSA_WITH_AES_128_CBC_SHA256, TLS_ECDHE_RSA_WITH_AES_128_CBC_SHA256, TLS_DHE_RSA_WITH_AES_256_CBC_SHA256, TLS_DHE_DSS_WITH_AES_256_CBC_SHA256, TLS_DHE_RSA_WITH_AES_128_CBC_SHA256, TLS_DHE_DSS_WITH_AES_128_CBC_SHA256, TLS_ECDH_ECDSA_WITH_AES_256_GCM_SHA384, TLS_ECDH_RSA_WITH_AES_256_GCM_SHA384, TLS_ECDH_ECDSA_WITH_AES_128_GCM_SHA256, TLS_ECDH_RSA_WITH_AES_128_GCM_SHA256, TLS_ECDH_ECDSA_WITH_AES_256_CBC_SHA384, TLS_ECDH_RSA_WITH_AES_256_CBC_SHA384, TLS_ECDH_ECDSA_WITH_AES_128_CBC_SHA256, TLS_ECDH_RSA_WITH_AES_128_CBC_SHA256, TLS_ECDHE_ECDSA_WITH_AES_256_CBC_SHA, TLS_ECDHE_RSA_WITH_AES_256_CBC_SHA, TLS_ECDHE_ECDSA_WITH_AES_128_CBC_SHA, TLS_ECDHE_RSA_WITH_AES_128_CBC_SHA, TLS_DHE_RSA_WITH_AES_256_CBC_SHA, TLS_DHE_DSS_WITH_AES_256_CBC_SHA, TLS_DHE_RSA_WITH_AES_128_CBC_SHA, TLS_DHE_DSS_WITH_AES_128_CBC_SHA, TLS_ECDH_ECDSA_WITH_AES_256_CBC_SHA, TLS_ECDH_RSA_WITH_AES_256_CBC_SHA, TLS_ECDH_ECDSA_WITH_AES_128_CBC_SHA, TLS_ECDH_RSA_WITH_AES_128_CBC_SHA, TLS_RSA_WITH_AES_256_GCM_SHA384, TLS_RSA_WITH_AES_128_GCM_SHA256, TLS_RSA_WITH_AES_256_CBC_SHA256, TLS_RSA_WITH_AES_128_CBC_SHA256, TLS_RSA_WITH_AES_256_CBC_SHA, TLS_RSA_WITH_AES_128_CBC_SHA, TLS_EMPTY_RENEGOTIATION_INFO_SCSV]
08:01:17.288 [ForkJoinPool-1-worker-1] DEBUG org.apache.http.conn.ssl.SSLConnectionSocketFactory - Starting handshake
08:01:17.905 [ForkJoinPool-1-worker-1] DEBUG org.apache.http.conn.ssl.SSLConnectionSocketFactory - Secure session established
08:01:17.905 [ForkJoinPool-1-worker-1] DEBUG org.apache.http.conn.ssl.SSLConnectionSocketFactory -  negotiated protocol: TLSv1.2
08:01:17.905 [ForkJoinPool-1-worker-1] DEBUG org.apache.http.conn.ssl.SSLConnectionSocketFactory -  negotiated cipher suite: TLS_ECDHE_RSA_WITH_AES_128_GCM_SHA256
08:01:17.905 [ForkJoinPool-1-worker-1] DEBUG org.apache.http.conn.ssl.SSLConnectionSocketFactory -  peer principal: CN=*.swagger.io
08:01:17.905 [ForkJoinPool-1-worker-1] DEBUG org.apache.http.conn.ssl.SSLConnectionSocketFactory -  peer alternative names: [*.swagger.io]
08:01:17.905 [ForkJoinPool-1-worker-1] DEBUG org.apache.http.conn.ssl.SSLConnectionSocketFactory -  issuer principal: CN=Amazon, OU=Server CA 1B, O=Amazon, C=US
08:01:17.905 [ForkJoinPool-1-worker-1] DEBUG org.apache.http.impl.conn.DefaultHttpClientConnectionOperator - Connection established 192.168.2.247:43144<->54.235.255.168:443
08:01:17.905 [ForkJoinPool-1-worker-1] DEBUG org.apache.http.impl.conn.DefaultManagedHttpClientConnection - http-outgoing-37: set socket timeout to 30000
08:01:17.905 [ForkJoinPool-1-worker-1] DEBUG org.apache.http.impl.execchain.MainClientExec - Executing request DELETE /v2/5.56 HTTP/1.1
08:01:17.905 [ForkJoinPool-1-worker-1] DEBUG org.apache.http.impl.execchain.MainClientExec - Target auth state: UNCHALLENGED
08:01:17.905 [ForkJoinPool-1-worker-1] DEBUG org.apache.http.impl.execchain.MainClientExec - Proxy auth state: UNCHALLENGED
08:01:17.905 [ForkJoinPool-1-worker-1] DEBUG org.apache.http.headers - http-outgoing-37 >> DELETE /v2/5.56 HTTP/1.1
08:01:17.905 [ForkJoinPool-1-worker-1] DEBUG org.apache.http.headers - http-outgoing-37 >> Host: petstore.swagger.io
08:01:17.905 [ForkJoinPool-1-worker-1] DEBUG org.apache.http.headers - http-outgoing-37 >> Connection: Keep-Alive
08:01:17.905 [ForkJoinPool-1-worker-1] DEBUG org.apache.http.headers - http-outgoing-37 >> User-Agent: Apache-HttpClient/4.5.12 (Java/1.8.0_331)
08:01:17.905 [ForkJoinPool-1-worker-1] DEBUG org.apache.http.headers - http-outgoing-37 >> Accept-Encoding: gzip,deflate
08:01:17.905 [ForkJoinPool-1-worker-1] DEBUG org.apache.http.wire - http-outgoing-37 >> "DELETE /v2/5.56 HTTP/1.1[\r][\n]"
08:01:17.905 [ForkJoinPool-1-worker-1] DEBUG org.apache.http.wire - http-outgoing-37 >> "Host: petstore.swagger.io[\r][\n]"
08:01:17.905 [ForkJoinPool-1-worker-1] DEBUG org.apache.http.wire - http-outgoing-37 >> "Connection: Keep-Alive[\r][\n]"
08:01:17.905 [ForkJoinPool-1-worker-1] DEBUG org.apache.http.wire - http-outgoing-37 >> "User-Agent: Apache-HttpClient/4.5.12 (Java/1.8.0_331)[\r][\n]"
08:01:17.905 [ForkJoinPool-1-worker-1] DEBUG org.apache.http.wire - http-outgoing-37 >> "Accept-Encoding: gzip,deflate[\r][\n]"
08:01:17.905 [ForkJoinPool-1-worker-1] DEBUG org.apache.http.wire - http-outgoing-37 >> "[\r][\n]"
08:01:18.210 [ForkJoinPool-1-worker-1] DEBUG org.apache.http.wire - http-outgoing-37 << "HTTP/1.1 404 Not Found[\r][\n]"
08:01:18.210 [ForkJoinPool-1-worker-1] DEBUG org.apache.http.wire - http-outgoing-37 << "Date: Wed, 24 Aug 2022 11:01:17 GMT[\r][\n]"
08:01:18.210 [ForkJoinPool-1-worker-1] DEBUG org.apache.http.wire - http-outgoing-37 << "Content-Type: application/xml[\r][\n]"
08:01:18.210 [ForkJoinPool-1-worker-1] DEBUG org.apache.http.wire - http-outgoing-37 << "Content-Length: 169[\r][\n]"
08:01:18.210 [ForkJoinPool-1-worker-1] DEBUG org.apache.http.wire - http-outgoing-37 << "Connection: keep-alive[\r][\n]"
08:01:18.210 [ForkJoinPool-1-worker-1] DEBUG org.apache.http.wire - http-outgoing-37 << "Access-Control-Allow-Origin: *[\r][\n]"
08:01:18.210 [ForkJoinPool-1-worker-1] DEBUG org.apache.http.wire - http-outgoing-37 << "Access-Control-Allow-Methods: GET, POST, DELETE, PUT[\r][\n]"
08:01:18.210 [ForkJoinPool-1-worker-1] DEBUG org.apache.http.wire - http-outgoing-37 << "Access-Control-Allow-Headers: Content-Type, api_key, Authorization[\r][\n]"
08:01:18.210 [ForkJoinPool-1-worker-1] DEBUG org.apache.http.wire - http-outgoing-37 << "Server: Jetty(9.2.9.v20150224)[\r][\n]"
08:01:18.210 [ForkJoinPool-1-worker-1] DEBUG org.apache.http.wire - http-outgoing-37 << "[\r][\n]"
08:01:18.210 [ForkJoinPool-1-worker-1] DEBUG org.apache.http.wire - http-outgoing-37 << "<?xml version="1.0" encoding="UTF-8" standalone="yes"?><apiResponse><message>null for uri: http://petstore.swagger.io/v2/5.56</message><type>unknown</type></apiResponse>"
08:01:18.210 [ForkJoinPool-1-worker-1] DEBUG org.apache.http.headers - http-outgoing-37 << HTTP/1.1 404 Not Found
08:01:18.210 [ForkJoinPool-1-worker-1] DEBUG org.apache.http.headers - http-outgoing-37 << Date: Wed, 24 Aug 2022 11:01:17 GMT
08:01:18.210 [ForkJoinPool-1-worker-1] DEBUG org.apache.http.headers - http-outgoing-37 << Content-Type: application/xml
08:01:18.210 [ForkJoinPool-1-worker-1] DEBUG org.apache.http.headers - http-outgoing-37 << Content-Length: 169
08:01:18.210 [ForkJoinPool-1-worker-1] DEBUG org.apache.http.headers - http-outgoing-37 << Connection: keep-alive
08:01:18.210 [ForkJoinPool-1-worker-1] DEBUG org.apache.http.headers - http-outgoing-37 << Access-Control-Allow-Origin: *
08:01:18.210 [ForkJoinPool-1-worker-1] DEBUG org.apache.http.headers - http-outgoing-37 << Access-Control-Allow-Methods: GET, POST, DELETE, PUT
08:01:18.210 [ForkJoinPool-1-worker-1] DEBUG org.apache.http.headers - http-outgoing-37 << Access-Control-Allow-Headers: Content-Type, api_key, Authorization
08:01:18.210 [ForkJoinPool-1-worker-1] DEBUG org.apache.http.headers - http-outgoing-37 << Server: Jetty(9.2.9.v20150224)
08:01:18.210 [ForkJoinPool-1-worker-1] DEBUG org.apache.http.impl.execchain.MainClientExec - Connection can be kept alive indefinitely
08:01:18.211 [ForkJoinPool-1-worker-1] DEBUG org.apache.http.impl.conn.PoolingHttpClientConnectionManager - Connection [id: 37][route: {s}->https://petstore.swagger.io:443] can be kept alive indefinitely
08:01:18.211 [ForkJoinPool-1-worker-1] DEBUG org.apache.http.impl.conn.DefaultManagedHttpClientConnection - http-outgoing-37: set socket timeout to 0
08:01:18.211 [ForkJoinPool-1-worker-1] DEBUG org.apache.http.impl.conn.PoolingHttpClientConnectionManager - Connection released: [id: 37][route: {s}->https://petstore.swagger.io:443][total available: 1; route allocated: 1 of 5; total allocated: 1 of 10]
08:01:18.211 [ForkJoinPool-1-worker-1] DEBUG com.intuit.karate - response time in milliseconds: 1218.01
1 < 404
1 < Access-Control-Allow-Headers: Content-Type, api_key, Authorization
1 < Access-Control-Allow-Methods: GET, POST, DELETE, PUT
1 < Access-Control-Allow-Origin: *
1 < Connection: keep-alive
1 < Content-Length: 169
1 < Content-Type: application/xml
1 < Date: Wed, 24 Aug 2022 11:01:17 GMT
1 < Server: Jetty(9.2.9.v20150224)
<?xml version="1.0" encoding="UTF-8" standalone="yes"?><apiResponse><message>null for uri: http://petstore.swagger.io/v2/5.56</message><type>unknown</type></apiResponse>

08:01:18.231 [ForkJoinPool-1-worker-1] DEBUG com.jayway.jsonpath.internal.path.CompiledPath - Evaluating path: $
08:01:18.231 [ForkJoinPool-1-worker-1] DEBUG com.jayway.jsonpath.internal.path.CompiledPath - Evaluating path: $
08:01:18.235 [ForkJoinPool-1-worker-1] DEBUG org.apache.http.client.protocol.RequestAddCookies - CookieSpec selected: karate
08:01:18.236 [ForkJoinPool-1-worker-1] DEBUG org.apache.http.client.protocol.RequestAuthCache - Auth cache not set in the context
08:01:18.236 [ForkJoinPool-1-worker-1] DEBUG com.intuit.karate - request:
1 > DELETE https://petstore.swagger.io/v2/-5
1 > Accept-Encoding: gzip,deflate
1 > Connection: Keep-Alive
1 > Host: petstore.swagger.io
1 > User-Agent: Apache-HttpClient/4.5.12 (Java/1.8.0_331)

08:01:18.236 [ForkJoinPool-1-worker-1] DEBUG org.apache.http.impl.conn.PoolingHttpClientConnectionManager - Connection request: [route: {s}->https://petstore.swagger.io:443][total available: 0; route allocated: 0 of 5; total allocated: 0 of 10]
08:01:18.236 [ForkJoinPool-1-worker-1] DEBUG org.apache.http.impl.conn.PoolingHttpClientConnectionManager - Connection leased: [id: 38][route: {s}->https://petstore.swagger.io:443][total available: 0; route allocated: 1 of 5; total allocated: 1 of 10]
08:01:18.236 [ForkJoinPool-1-worker-1] DEBUG org.apache.http.impl.execchain.MainClientExec - Opening connection {s}->https://petstore.swagger.io:443
08:01:18.236 [ForkJoinPool-1-worker-1] DEBUG org.apache.http.impl.conn.DefaultHttpClientConnectionOperator - Connecting to petstore.swagger.io/54.235.255.168:443
08:01:18.236 [ForkJoinPool-1-worker-1] DEBUG org.apache.http.conn.ssl.SSLConnectionSocketFactory - Connecting socket to petstore.swagger.io/54.235.255.168:443 with timeout 30000
08:01:18.519 [ForkJoinPool-1-worker-1] DEBUG org.apache.http.conn.ssl.SSLConnectionSocketFactory - Enabled protocols: [TLSv1.2]
08:01:18.519 [ForkJoinPool-1-worker-1] DEBUG org.apache.http.conn.ssl.SSLConnectionSocketFactory - Enabled cipher suites:[TLS_ECDHE_ECDSA_WITH_AES_256_GCM_SHA384, TLS_ECDHE_ECDSA_WITH_AES_128_GCM_SHA256, TLS_ECDHE_RSA_WITH_AES_256_GCM_SHA384, TLS_ECDHE_RSA_WITH_AES_128_GCM_SHA256, TLS_DHE_RSA_WITH_AES_256_GCM_SHA384, TLS_DHE_DSS_WITH_AES_256_GCM_SHA384, TLS_DHE_RSA_WITH_AES_128_GCM_SHA256, TLS_DHE_DSS_WITH_AES_128_GCM_SHA256, TLS_ECDHE_ECDSA_WITH_AES_256_CBC_SHA384, TLS_ECDHE_RSA_WITH_AES_256_CBC_SHA384, TLS_ECDHE_ECDSA_WITH_AES_128_CBC_SHA256, TLS_ECDHE_RSA_WITH_AES_128_CBC_SHA256, TLS_DHE_RSA_WITH_AES_256_CBC_SHA256, TLS_DHE_DSS_WITH_AES_256_CBC_SHA256, TLS_DHE_RSA_WITH_AES_128_CBC_SHA256, TLS_DHE_DSS_WITH_AES_128_CBC_SHA256, TLS_ECDH_ECDSA_WITH_AES_256_GCM_SHA384, TLS_ECDH_RSA_WITH_AES_256_GCM_SHA384, TLS_ECDH_ECDSA_WITH_AES_128_GCM_SHA256, TLS_ECDH_RSA_WITH_AES_128_GCM_SHA256, TLS_ECDH_ECDSA_WITH_AES_256_CBC_SHA384, TLS_ECDH_RSA_WITH_AES_256_CBC_SHA384, TLS_ECDH_ECDSA_WITH_AES_128_CBC_SHA256, TLS_ECDH_RSA_WITH_AES_128_CBC_SHA256, TLS_ECDHE_ECDSA_WITH_AES_256_CBC_SHA, TLS_ECDHE_RSA_WITH_AES_256_CBC_SHA, TLS_ECDHE_ECDSA_WITH_AES_128_CBC_SHA, TLS_ECDHE_RSA_WITH_AES_128_CBC_SHA, TLS_DHE_RSA_WITH_AES_256_CBC_SHA, TLS_DHE_DSS_WITH_AES_256_CBC_SHA, TLS_DHE_RSA_WITH_AES_128_CBC_SHA, TLS_DHE_DSS_WITH_AES_128_CBC_SHA, TLS_ECDH_ECDSA_WITH_AES_256_CBC_SHA, TLS_ECDH_RSA_WITH_AES_256_CBC_SHA, TLS_ECDH_ECDSA_WITH_AES_128_CBC_SHA, TLS_ECDH_RSA_WITH_AES_128_CBC_SHA, TLS_RSA_WITH_AES_256_GCM_SHA384, TLS_RSA_WITH_AES_128_GCM_SHA256, TLS_RSA_WITH_AES_256_CBC_SHA256, TLS_RSA_WITH_AES_128_CBC_SHA256, TLS_RSA_WITH_AES_256_CBC_SHA, TLS_RSA_WITH_AES_128_CBC_SHA, TLS_EMPTY_RENEGOTIATION_INFO_SCSV]
08:01:18.519 [ForkJoinPool-1-worker-1] DEBUG org.apache.http.conn.ssl.SSLConnectionSocketFactory - Starting handshake
08:01:19.132 [ForkJoinPool-1-worker-1] DEBUG org.apache.http.conn.ssl.SSLConnectionSocketFactory - Secure session established
08:01:19.132 [ForkJoinPool-1-worker-1] DEBUG org.apache.http.conn.ssl.SSLConnectionSocketFactory -  negotiated protocol: TLSv1.2
08:01:19.132 [ForkJoinPool-1-worker-1] DEBUG org.apache.http.conn.ssl.SSLConnectionSocketFactory -  negotiated cipher suite: TLS_ECDHE_RSA_WITH_AES_128_GCM_SHA256
08:01:19.132 [ForkJoinPool-1-worker-1] DEBUG org.apache.http.conn.ssl.SSLConnectionSocketFactory -  peer principal: CN=*.swagger.io
08:01:19.132 [ForkJoinPool-1-worker-1] DEBUG org.apache.http.conn.ssl.SSLConnectionSocketFactory -  peer alternative names: [*.swagger.io]
08:01:19.132 [ForkJoinPool-1-worker-1] DEBUG org.apache.http.conn.ssl.SSLConnectionSocketFactory -  issuer principal: CN=Amazon, OU=Server CA 1B, O=Amazon, C=US
08:01:19.132 [ForkJoinPool-1-worker-1] DEBUG org.apache.http.impl.conn.DefaultHttpClientConnectionOperator - Connection established 192.168.2.247:43146<->54.235.255.168:443
08:01:19.132 [ForkJoinPool-1-worker-1] DEBUG org.apache.http.impl.conn.DefaultManagedHttpClientConnection - http-outgoing-38: set socket timeout to 30000
08:01:19.132 [ForkJoinPool-1-worker-1] DEBUG org.apache.http.impl.execchain.MainClientExec - Executing request DELETE /v2/-5 HTTP/1.1
08:01:19.132 [ForkJoinPool-1-worker-1] DEBUG org.apache.http.impl.execchain.MainClientExec - Target auth state: UNCHALLENGED
08:01:19.132 [ForkJoinPool-1-worker-1] DEBUG org.apache.http.impl.execchain.MainClientExec - Proxy auth state: UNCHALLENGED
08:01:19.132 [ForkJoinPool-1-worker-1] DEBUG org.apache.http.headers - http-outgoing-38 >> DELETE /v2/-5 HTTP/1.1
08:01:19.132 [ForkJoinPool-1-worker-1] DEBUG org.apache.http.headers - http-outgoing-38 >> Host: petstore.swagger.io
08:01:19.132 [ForkJoinPool-1-worker-1] DEBUG org.apache.http.headers - http-outgoing-38 >> Connection: Keep-Alive
08:01:19.132 [ForkJoinPool-1-worker-1] DEBUG org.apache.http.headers - http-outgoing-38 >> User-Agent: Apache-HttpClient/4.5.12 (Java/1.8.0_331)
08:01:19.132 [ForkJoinPool-1-worker-1] DEBUG org.apache.http.headers - http-outgoing-38 >> Accept-Encoding: gzip,deflate
08:01:19.132 [ForkJoinPool-1-worker-1] DEBUG org.apache.http.wire - http-outgoing-38 >> "DELETE /v2/-5 HTTP/1.1[\r][\n]"
08:01:19.132 [ForkJoinPool-1-worker-1] DEBUG org.apache.http.wire - http-outgoing-38 >> "Host: petstore.swagger.io[\r][\n]"
08:01:19.132 [ForkJoinPool-1-worker-1] DEBUG org.apache.http.wire - http-outgoing-38 >> "Connection: Keep-Alive[\r][\n]"
08:01:19.132 [ForkJoinPool-1-worker-1] DEBUG org.apache.http.wire - http-outgoing-38 >> "User-Agent: Apache-HttpClient/4.5.12 (Java/1.8.0_331)[\r][\n]"
08:01:19.132 [ForkJoinPool-1-worker-1] DEBUG org.apache.http.wire - http-outgoing-38 >> "Accept-Encoding: gzip,deflate[\r][\n]"
08:01:19.132 [ForkJoinPool-1-worker-1] DEBUG org.apache.http.wire - http-outgoing-38 >> "[\r][\n]"
08:01:19.325 [ForkJoinPool-1-worker-1] DEBUG org.apache.http.wire - http-outgoing-38 << "HTTP/1.1 404 Not Found[\r][\n]"
08:01:19.325 [ForkJoinPool-1-worker-1] DEBUG org.apache.http.wire - http-outgoing-38 << "Date: Wed, 24 Aug 2022 11:01:19 GMT[\r][\n]"
08:01:19.325 [ForkJoinPool-1-worker-1] DEBUG org.apache.http.wire - http-outgoing-38 << "Content-Type: application/xml[\r][\n]"
08:01:19.325 [ForkJoinPool-1-worker-1] DEBUG org.apache.http.wire - http-outgoing-38 << "Content-Length: 167[\r][\n]"
08:01:19.325 [ForkJoinPool-1-worker-1] DEBUG org.apache.http.wire - http-outgoing-38 << "Connection: keep-alive[\r][\n]"
08:01:19.325 [ForkJoinPool-1-worker-1] DEBUG org.apache.http.wire - http-outgoing-38 << "Access-Control-Allow-Origin: *[\r][\n]"
08:01:19.325 [ForkJoinPool-1-worker-1] DEBUG org.apache.http.wire - http-outgoing-38 << "Access-Control-Allow-Methods: GET, POST, DELETE, PUT[\r][\n]"
08:01:19.325 [ForkJoinPool-1-worker-1] DEBUG org.apache.http.wire - http-outgoing-38 << "Access-Control-Allow-Headers: Content-Type, api_key, Authorization[\r][\n]"
08:01:19.325 [ForkJoinPool-1-worker-1] DEBUG org.apache.http.wire - http-outgoing-38 << "Server: Jetty(9.2.9.v20150224)[\r][\n]"
08:01:19.325 [ForkJoinPool-1-worker-1] DEBUG org.apache.http.wire - http-outgoing-38 << "[\r][\n]"
08:01:19.325 [ForkJoinPool-1-worker-1] DEBUG org.apache.http.wire - http-outgoing-38 << "<?xml version="1.0" encoding="UTF-8" standalone="yes"?><apiResponse><message>null for uri: http://petstore.swagger.io/v2/-5</message><type>unknown</type></apiResponse>"
08:01:19.326 [ForkJoinPool-1-worker-1] DEBUG org.apache.http.headers - http-outgoing-38 << HTTP/1.1 404 Not Found
08:01:19.326 [ForkJoinPool-1-worker-1] DEBUG org.apache.http.headers - http-outgoing-38 << Date: Wed, 24 Aug 2022 11:01:19 GMT
08:01:19.326 [ForkJoinPool-1-worker-1] DEBUG org.apache.http.headers - http-outgoing-38 << Content-Type: application/xml
08:01:19.326 [ForkJoinPool-1-worker-1] DEBUG org.apache.http.headers - http-outgoing-38 << Content-Length: 167
08:01:19.326 [ForkJoinPool-1-worker-1] DEBUG org.apache.http.headers - http-outgoing-38 << Connection: keep-alive
08:01:19.326 [ForkJoinPool-1-worker-1] DEBUG org.apache.http.headers - http-outgoing-38 << Access-Control-Allow-Origin: *
08:01:19.326 [ForkJoinPool-1-worker-1] DEBUG org.apache.http.headers - http-outgoing-38 << Access-Control-Allow-Methods: GET, POST, DELETE, PUT
08:01:19.326 [ForkJoinPool-1-worker-1] DEBUG org.apache.http.headers - http-outgoing-38 << Access-Control-Allow-Headers: Content-Type, api_key, Authorization
08:01:19.326 [ForkJoinPool-1-worker-1] DEBUG org.apache.http.headers - http-outgoing-38 << Server: Jetty(9.2.9.v20150224)
08:01:19.326 [ForkJoinPool-1-worker-1] DEBUG org.apache.http.impl.execchain.MainClientExec - Connection can be kept alive indefinitely
08:01:19.326 [ForkJoinPool-1-worker-1] DEBUG org.apache.http.impl.conn.PoolingHttpClientConnectionManager - Connection [id: 38][route: {s}->https://petstore.swagger.io:443] can be kept alive indefinitely
08:01:19.326 [ForkJoinPool-1-worker-1] DEBUG org.apache.http.impl.conn.DefaultManagedHttpClientConnection - http-outgoing-38: set socket timeout to 0
08:01:19.326 [ForkJoinPool-1-worker-1] DEBUG org.apache.http.impl.conn.PoolingHttpClientConnectionManager - Connection released: [id: 38][route: {s}->https://petstore.swagger.io:443][total available: 1; route allocated: 1 of 5; total allocated: 1 of 10]
08:01:19.326 [ForkJoinPool-1-worker-1] DEBUG com.intuit.karate - response time in milliseconds: 1090.04
1 < 404
1 < Access-Control-Allow-Headers: Content-Type, api_key, Authorization
1 < Access-Control-Allow-Methods: GET, POST, DELETE, PUT
1 < Access-Control-Allow-Origin: *
1 < Connection: keep-alive
1 < Content-Length: 167
1 < Content-Type: application/xml
1 < Date: Wed, 24 Aug 2022 11:01:19 GMT
1 < Server: Jetty(9.2.9.v20150224)
<?xml version="1.0" encoding="UTF-8" standalone="yes"?><apiResponse><message>null for uri: http://petstore.swagger.io/v2/-5</message><type>unknown</type></apiResponse>

08:01:19.334 [ForkJoinPool-1-worker-1] DEBUG com.jayway.jsonpath.internal.path.CompiledPath - Evaluating path: $
08:01:19.334 [ForkJoinPool-1-worker-1] DEBUG com.jayway.jsonpath.internal.path.CompiledPath - Evaluating path: $
08:01:19.338 [ForkJoinPool-1-worker-1] DEBUG org.apache.http.client.protocol.RequestAddCookies - CookieSpec selected: karate
08:01:19.338 [ForkJoinPool-1-worker-1] DEBUG org.apache.http.client.protocol.RequestAuthCache - Auth cache not set in the context
08:01:19.338 [ForkJoinPool-1-worker-1] DEBUG com.intuit.karate - request:
1 > DELETE https://petstore.swagger.io/v2/a
1 > Accept-Encoding: gzip,deflate
1 > Connection: Keep-Alive
1 > Host: petstore.swagger.io
1 > User-Agent: Apache-HttpClient/4.5.12 (Java/1.8.0_331)

08:01:19.338 [ForkJoinPool-1-worker-1] DEBUG org.apache.http.impl.conn.PoolingHttpClientConnectionManager - Connection request: [route: {s}->https://petstore.swagger.io:443][total available: 0; route allocated: 0 of 5; total allocated: 0 of 10]
08:01:19.338 [ForkJoinPool-1-worker-1] DEBUG org.apache.http.impl.conn.PoolingHttpClientConnectionManager - Connection leased: [id: 39][route: {s}->https://petstore.swagger.io:443][total available: 0; route allocated: 1 of 5; total allocated: 1 of 10]
08:01:19.338 [ForkJoinPool-1-worker-1] DEBUG org.apache.http.impl.execchain.MainClientExec - Opening connection {s}->https://petstore.swagger.io:443
08:01:19.339 [ForkJoinPool-1-worker-1] DEBUG org.apache.http.impl.conn.DefaultHttpClientConnectionOperator - Connecting to petstore.swagger.io/54.235.255.168:443
08:01:19.339 [ForkJoinPool-1-worker-1] DEBUG org.apache.http.conn.ssl.SSLConnectionSocketFactory - Connecting socket to petstore.swagger.io/54.235.255.168:443 with timeout 30000
08:01:19.746 [ForkJoinPool-1-worker-1] DEBUG org.apache.http.conn.ssl.SSLConnectionSocketFactory - Enabled protocols: [TLSv1.2]
08:01:19.746 [ForkJoinPool-1-worker-1] DEBUG org.apache.http.conn.ssl.SSLConnectionSocketFactory - Enabled cipher suites:[TLS_ECDHE_ECDSA_WITH_AES_256_GCM_SHA384, TLS_ECDHE_ECDSA_WITH_AES_128_GCM_SHA256, TLS_ECDHE_RSA_WITH_AES_256_GCM_SHA384, TLS_ECDHE_RSA_WITH_AES_128_GCM_SHA256, TLS_DHE_RSA_WITH_AES_256_GCM_SHA384, TLS_DHE_DSS_WITH_AES_256_GCM_SHA384, TLS_DHE_RSA_WITH_AES_128_GCM_SHA256, TLS_DHE_DSS_WITH_AES_128_GCM_SHA256, TLS_ECDHE_ECDSA_WITH_AES_256_CBC_SHA384, TLS_ECDHE_RSA_WITH_AES_256_CBC_SHA384, TLS_ECDHE_ECDSA_WITH_AES_128_CBC_SHA256, TLS_ECDHE_RSA_WITH_AES_128_CBC_SHA256, TLS_DHE_RSA_WITH_AES_256_CBC_SHA256, TLS_DHE_DSS_WITH_AES_256_CBC_SHA256, TLS_DHE_RSA_WITH_AES_128_CBC_SHA256, TLS_DHE_DSS_WITH_AES_128_CBC_SHA256, TLS_ECDH_ECDSA_WITH_AES_256_GCM_SHA384, TLS_ECDH_RSA_WITH_AES_256_GCM_SHA384, TLS_ECDH_ECDSA_WITH_AES_128_GCM_SHA256, TLS_ECDH_RSA_WITH_AES_128_GCM_SHA256, TLS_ECDH_ECDSA_WITH_AES_256_CBC_SHA384, TLS_ECDH_RSA_WITH_AES_256_CBC_SHA384, TLS_ECDH_ECDSA_WITH_AES_128_CBC_SHA256, TLS_ECDH_RSA_WITH_AES_128_CBC_SHA256, TLS_ECDHE_ECDSA_WITH_AES_256_CBC_SHA, TLS_ECDHE_RSA_WITH_AES_256_CBC_SHA, TLS_ECDHE_ECDSA_WITH_AES_128_CBC_SHA, TLS_ECDHE_RSA_WITH_AES_128_CBC_SHA, TLS_DHE_RSA_WITH_AES_256_CBC_SHA, TLS_DHE_DSS_WITH_AES_256_CBC_SHA, TLS_DHE_RSA_WITH_AES_128_CBC_SHA, TLS_DHE_DSS_WITH_AES_128_CBC_SHA, TLS_ECDH_ECDSA_WITH_AES_256_CBC_SHA, TLS_ECDH_RSA_WITH_AES_256_CBC_SHA, TLS_ECDH_ECDSA_WITH_AES_128_CBC_SHA, TLS_ECDH_RSA_WITH_AES_128_CBC_SHA, TLS_RSA_WITH_AES_256_GCM_SHA384, TLS_RSA_WITH_AES_128_GCM_SHA256, TLS_RSA_WITH_AES_256_CBC_SHA256, TLS_RSA_WITH_AES_128_CBC_SHA256, TLS_RSA_WITH_AES_256_CBC_SHA, TLS_RSA_WITH_AES_128_CBC_SHA, TLS_EMPTY_RENEGOTIATION_INFO_SCSV]
08:01:19.746 [ForkJoinPool-1-worker-1] DEBUG org.apache.http.conn.ssl.SSLConnectionSocketFactory - Starting handshake
08:01:20.360 [ForkJoinPool-1-worker-1] DEBUG org.apache.http.conn.ssl.SSLConnectionSocketFactory - Secure session established
08:01:20.360 [ForkJoinPool-1-worker-1] DEBUG org.apache.http.conn.ssl.SSLConnectionSocketFactory -  negotiated protocol: TLSv1.2
08:01:20.360 [ForkJoinPool-1-worker-1] DEBUG org.apache.http.conn.ssl.SSLConnectionSocketFactory -  negotiated cipher suite: TLS_ECDHE_RSA_WITH_AES_128_GCM_SHA256
08:01:20.360 [ForkJoinPool-1-worker-1] DEBUG org.apache.http.conn.ssl.SSLConnectionSocketFactory -  peer principal: CN=*.swagger.io
08:01:20.360 [ForkJoinPool-1-worker-1] DEBUG org.apache.http.conn.ssl.SSLConnectionSocketFactory -  peer alternative names: [*.swagger.io]
08:01:20.360 [ForkJoinPool-1-worker-1] DEBUG org.apache.http.conn.ssl.SSLConnectionSocketFactory -  issuer principal: CN=Amazon, OU=Server CA 1B, O=Amazon, C=US
08:01:20.361 [ForkJoinPool-1-worker-1] DEBUG org.apache.http.impl.conn.DefaultHttpClientConnectionOperator - Connection established 192.168.2.247:43148<->54.235.255.168:443
08:01:20.361 [ForkJoinPool-1-worker-1] DEBUG org.apache.http.impl.conn.DefaultManagedHttpClientConnection - http-outgoing-39: set socket timeout to 30000
08:01:20.361 [ForkJoinPool-1-worker-1] DEBUG org.apache.http.impl.execchain.MainClientExec - Executing request DELETE /v2/a HTTP/1.1
08:01:20.361 [ForkJoinPool-1-worker-1] DEBUG org.apache.http.impl.execchain.MainClientExec - Target auth state: UNCHALLENGED
08:01:20.361 [ForkJoinPool-1-worker-1] DEBUG org.apache.http.impl.execchain.MainClientExec - Proxy auth state: UNCHALLENGED
08:01:20.361 [ForkJoinPool-1-worker-1] DEBUG org.apache.http.headers - http-outgoing-39 >> DELETE /v2/a HTTP/1.1
08:01:20.361 [ForkJoinPool-1-worker-1] DEBUG org.apache.http.headers - http-outgoing-39 >> Host: petstore.swagger.io
08:01:20.361 [ForkJoinPool-1-worker-1] DEBUG org.apache.http.headers - http-outgoing-39 >> Connection: Keep-Alive
08:01:20.361 [ForkJoinPool-1-worker-1] DEBUG org.apache.http.headers - http-outgoing-39 >> User-Agent: Apache-HttpClient/4.5.12 (Java/1.8.0_331)
08:01:20.361 [ForkJoinPool-1-worker-1] DEBUG org.apache.http.headers - http-outgoing-39 >> Accept-Encoding: gzip,deflate
08:01:20.361 [ForkJoinPool-1-worker-1] DEBUG org.apache.http.wire - http-outgoing-39 >> "DELETE /v2/a HTTP/1.1[\r][\n]"
08:01:20.361 [ForkJoinPool-1-worker-1] DEBUG org.apache.http.wire - http-outgoing-39 >> "Host: petstore.swagger.io[\r][\n]"
08:01:20.361 [ForkJoinPool-1-worker-1] DEBUG org.apache.http.wire - http-outgoing-39 >> "Connection: Keep-Alive[\r][\n]"
08:01:20.361 [ForkJoinPool-1-worker-1] DEBUG org.apache.http.wire - http-outgoing-39 >> "User-Agent: Apache-HttpClient/4.5.12 (Java/1.8.0_331)[\r][\n]"
08:01:20.361 [ForkJoinPool-1-worker-1] DEBUG org.apache.http.wire - http-outgoing-39 >> "Accept-Encoding: gzip,deflate[\r][\n]"
08:01:20.361 [ForkJoinPool-1-worker-1] DEBUG org.apache.http.wire - http-outgoing-39 >> "[\r][\n]"
08:01:20.670 [ForkJoinPool-1-worker-1] DEBUG org.apache.http.wire - http-outgoing-39 << "HTTP/1.1 404 Not Found[\r][\n]"
08:01:20.670 [ForkJoinPool-1-worker-1] DEBUG org.apache.http.wire - http-outgoing-39 << "Date: Wed, 24 Aug 2022 11:01:20 GMT[\r][\n]"
08:01:20.670 [ForkJoinPool-1-worker-1] DEBUG org.apache.http.wire - http-outgoing-39 << "Content-Type: application/xml[\r][\n]"
08:01:20.670 [ForkJoinPool-1-worker-1] DEBUG org.apache.http.wire - http-outgoing-39 << "Content-Length: 166[\r][\n]"
08:01:20.670 [ForkJoinPool-1-worker-1] DEBUG org.apache.http.wire - http-outgoing-39 << "Connection: keep-alive[\r][\n]"
08:01:20.670 [ForkJoinPool-1-worker-1] DEBUG org.apache.http.wire - http-outgoing-39 << "Access-Control-Allow-Origin: *[\r][\n]"
08:01:20.670 [ForkJoinPool-1-worker-1] DEBUG org.apache.http.wire - http-outgoing-39 << "Access-Control-Allow-Methods: GET, POST, DELETE, PUT[\r][\n]"
08:01:20.670 [ForkJoinPool-1-worker-1] DEBUG org.apache.http.wire - http-outgoing-39 << "Access-Control-Allow-Headers: Content-Type, api_key, Authorization[\r][\n]"
08:01:20.670 [ForkJoinPool-1-worker-1] DEBUG org.apache.http.wire - http-outgoing-39 << "Server: Jetty(9.2.9.v20150224)[\r][\n]"
08:01:20.670 [ForkJoinPool-1-worker-1] DEBUG org.apache.http.wire - http-outgoing-39 << "[\r][\n]"
08:01:20.670 [ForkJoinPool-1-worker-1] DEBUG org.apache.http.wire - http-outgoing-39 << "<?xml version="1.0" encoding="UTF-8" standalone="yes"?><apiResponse><message>null for uri: http://petstore.swagger.io/v2/a</message><type>unknown</type></apiResponse>"
08:01:20.670 [ForkJoinPool-1-worker-1] DEBUG org.apache.http.headers - http-outgoing-39 << HTTP/1.1 404 Not Found
08:01:20.670 [ForkJoinPool-1-worker-1] DEBUG org.apache.http.headers - http-outgoing-39 << Date: Wed, 24 Aug 2022 11:01:20 GMT
08:01:20.670 [ForkJoinPool-1-worker-1] DEBUG org.apache.http.headers - http-outgoing-39 << Content-Type: application/xml
08:01:20.670 [ForkJoinPool-1-worker-1] DEBUG org.apache.http.headers - http-outgoing-39 << Content-Length: 166
08:01:20.670 [ForkJoinPool-1-worker-1] DEBUG org.apache.http.headers - http-outgoing-39 << Connection: keep-alive
08:01:20.670 [ForkJoinPool-1-worker-1] DEBUG org.apache.http.headers - http-outgoing-39 << Access-Control-Allow-Origin: *
08:01:20.670 [ForkJoinPool-1-worker-1] DEBUG org.apache.http.headers - http-outgoing-39 << Access-Control-Allow-Methods: GET, POST, DELETE, PUT
08:01:20.670 [ForkJoinPool-1-worker-1] DEBUG org.apache.http.headers - http-outgoing-39 << Access-Control-Allow-Headers: Content-Type, api_key, Authorization
08:01:20.670 [ForkJoinPool-1-worker-1] DEBUG org.apache.http.headers - http-outgoing-39 << Server: Jetty(9.2.9.v20150224)
08:01:20.670 [ForkJoinPool-1-worker-1] DEBUG org.apache.http.impl.execchain.MainClientExec - Connection can be kept alive indefinitely
08:01:20.670 [ForkJoinPool-1-worker-1] DEBUG org.apache.http.impl.conn.PoolingHttpClientConnectionManager - Connection [id: 39][route: {s}->https://petstore.swagger.io:443] can be kept alive indefinitely
08:01:20.670 [ForkJoinPool-1-worker-1] DEBUG org.apache.http.impl.conn.DefaultManagedHttpClientConnection - http-outgoing-39: set socket timeout to 0
08:01:20.671 [ForkJoinPool-1-worker-1] DEBUG org.apache.http.impl.conn.PoolingHttpClientConnectionManager - Connection released: [id: 39][route: {s}->https://petstore.swagger.io:443][total available: 1; route allocated: 1 of 5; total allocated: 1 of 10]
08:01:20.671 [ForkJoinPool-1-worker-1] DEBUG com.intuit.karate - response time in milliseconds: 1332.09
1 < 404
1 < Access-Control-Allow-Headers: Content-Type, api_key, Authorization
1 < Access-Control-Allow-Methods: GET, POST, DELETE, PUT
1 < Access-Control-Allow-Origin: *
1 < Connection: keep-alive
1 < Content-Length: 166
1 < Content-Type: application/xml
1 < Date: Wed, 24 Aug 2022 11:01:20 GMT
1 < Server: Jetty(9.2.9.v20150224)
<?xml version="1.0" encoding="UTF-8" standalone="yes"?><apiResponse><message>null for uri: http://petstore.swagger.io/v2/a</message><type>unknown</type></apiResponse>

08:01:20.675 [ForkJoinPool-1-worker-1] DEBUG com.jayway.jsonpath.internal.path.CompiledPath - Evaluating path: $
08:01:20.675 [ForkJoinPool-1-worker-1] DEBUG com.jayway.jsonpath.internal.path.CompiledPath - Evaluating path: $
08:01:20.679 [ForkJoinPool-1-worker-1] DEBUG org.apache.http.client.protocol.RequestAddCookies - CookieSpec selected: karate
08:01:20.679 [ForkJoinPool-1-worker-1] DEBUG org.apache.http.client.protocol.RequestAuthCache - Auth cache not set in the context
08:01:20.679 [ForkJoinPool-1-worker-1] DEBUG com.intuit.karate - request:
1 > DELETE https://petstore.swagger.io/v2/A
1 > Accept-Encoding: gzip,deflate
1 > Connection: Keep-Alive
1 > Host: petstore.swagger.io
1 > User-Agent: Apache-HttpClient/4.5.12 (Java/1.8.0_331)

08:01:20.679 [ForkJoinPool-1-worker-1] DEBUG org.apache.http.impl.conn.PoolingHttpClientConnectionManager - Connection request: [route: {s}->https://petstore.swagger.io:443][total available: 0; route allocated: 0 of 5; total allocated: 0 of 10]
08:01:20.680 [ForkJoinPool-1-worker-1] DEBUG org.apache.http.impl.conn.PoolingHttpClientConnectionManager - Connection leased: [id: 40][route: {s}->https://petstore.swagger.io:443][total available: 0; route allocated: 1 of 5; total allocated: 1 of 10]
08:01:20.680 [ForkJoinPool-1-worker-1] DEBUG org.apache.http.impl.execchain.MainClientExec - Opening connection {s}->https://petstore.swagger.io:443
08:01:20.680 [ForkJoinPool-1-worker-1] DEBUG org.apache.http.impl.conn.DefaultHttpClientConnectionOperator - Connecting to petstore.swagger.io/54.235.255.168:443
08:01:20.680 [ForkJoinPool-1-worker-1] DEBUG org.apache.http.conn.ssl.SSLConnectionSocketFactory - Connecting socket to petstore.swagger.io/54.235.255.168:443 with timeout 30000
08:01:20.976 [ForkJoinPool-1-worker-1] DEBUG org.apache.http.conn.ssl.SSLConnectionSocketFactory - Enabled protocols: [TLSv1.2]
08:01:20.976 [ForkJoinPool-1-worker-1] DEBUG org.apache.http.conn.ssl.SSLConnectionSocketFactory - Enabled cipher suites:[TLS_ECDHE_ECDSA_WITH_AES_256_GCM_SHA384, TLS_ECDHE_ECDSA_WITH_AES_128_GCM_SHA256, TLS_ECDHE_RSA_WITH_AES_256_GCM_SHA384, TLS_ECDHE_RSA_WITH_AES_128_GCM_SHA256, TLS_DHE_RSA_WITH_AES_256_GCM_SHA384, TLS_DHE_DSS_WITH_AES_256_GCM_SHA384, TLS_DHE_RSA_WITH_AES_128_GCM_SHA256, TLS_DHE_DSS_WITH_AES_128_GCM_SHA256, TLS_ECDHE_ECDSA_WITH_AES_256_CBC_SHA384, TLS_ECDHE_RSA_WITH_AES_256_CBC_SHA384, TLS_ECDHE_ECDSA_WITH_AES_128_CBC_SHA256, TLS_ECDHE_RSA_WITH_AES_128_CBC_SHA256, TLS_DHE_RSA_WITH_AES_256_CBC_SHA256, TLS_DHE_DSS_WITH_AES_256_CBC_SHA256, TLS_DHE_RSA_WITH_AES_128_CBC_SHA256, TLS_DHE_DSS_WITH_AES_128_CBC_SHA256, TLS_ECDH_ECDSA_WITH_AES_256_GCM_SHA384, TLS_ECDH_RSA_WITH_AES_256_GCM_SHA384, TLS_ECDH_ECDSA_WITH_AES_128_GCM_SHA256, TLS_ECDH_RSA_WITH_AES_128_GCM_SHA256, TLS_ECDH_ECDSA_WITH_AES_256_CBC_SHA384, TLS_ECDH_RSA_WITH_AES_256_CBC_SHA384, TLS_ECDH_ECDSA_WITH_AES_128_CBC_SHA256, TLS_ECDH_RSA_WITH_AES_128_CBC_SHA256, TLS_ECDHE_ECDSA_WITH_AES_256_CBC_SHA, TLS_ECDHE_RSA_WITH_AES_256_CBC_SHA, TLS_ECDHE_ECDSA_WITH_AES_128_CBC_SHA, TLS_ECDHE_RSA_WITH_AES_128_CBC_SHA, TLS_DHE_RSA_WITH_AES_256_CBC_SHA, TLS_DHE_DSS_WITH_AES_256_CBC_SHA, TLS_DHE_RSA_WITH_AES_128_CBC_SHA, TLS_DHE_DSS_WITH_AES_128_CBC_SHA, TLS_ECDH_ECDSA_WITH_AES_256_CBC_SHA, TLS_ECDH_RSA_WITH_AES_256_CBC_SHA, TLS_ECDH_ECDSA_WITH_AES_128_CBC_SHA, TLS_ECDH_RSA_WITH_AES_128_CBC_SHA, TLS_RSA_WITH_AES_256_GCM_SHA384, TLS_RSA_WITH_AES_128_GCM_SHA256, TLS_RSA_WITH_AES_256_CBC_SHA256, TLS_RSA_WITH_AES_128_CBC_SHA256, TLS_RSA_WITH_AES_256_CBC_SHA, TLS_RSA_WITH_AES_128_CBC_SHA, TLS_EMPTY_RENEGOTIATION_INFO_SCSV]
08:01:20.976 [ForkJoinPool-1-worker-1] DEBUG org.apache.http.conn.ssl.SSLConnectionSocketFactory - Starting handshake
08:01:21.589 [ForkJoinPool-1-worker-1] DEBUG org.apache.http.conn.ssl.SSLConnectionSocketFactory - Secure session established
08:01:21.590 [ForkJoinPool-1-worker-1] DEBUG org.apache.http.conn.ssl.SSLConnectionSocketFactory -  negotiated protocol: TLSv1.2
08:01:21.590 [ForkJoinPool-1-worker-1] DEBUG org.apache.http.conn.ssl.SSLConnectionSocketFactory -  negotiated cipher suite: TLS_ECDHE_RSA_WITH_AES_128_GCM_SHA256
08:01:21.590 [ForkJoinPool-1-worker-1] DEBUG org.apache.http.conn.ssl.SSLConnectionSocketFactory -  peer principal: CN=*.swagger.io
08:01:21.590 [ForkJoinPool-1-worker-1] DEBUG org.apache.http.conn.ssl.SSLConnectionSocketFactory -  peer alternative names: [*.swagger.io]
08:01:21.590 [ForkJoinPool-1-worker-1] DEBUG org.apache.http.conn.ssl.SSLConnectionSocketFactory -  issuer principal: CN=Amazon, OU=Server CA 1B, O=Amazon, C=US
08:01:21.590 [ForkJoinPool-1-worker-1] DEBUG org.apache.http.impl.conn.DefaultHttpClientConnectionOperator - Connection established 192.168.2.247:43150<->54.235.255.168:443
08:01:21.590 [ForkJoinPool-1-worker-1] DEBUG org.apache.http.impl.conn.DefaultManagedHttpClientConnection - http-outgoing-40: set socket timeout to 30000
08:01:21.590 [ForkJoinPool-1-worker-1] DEBUG org.apache.http.impl.execchain.MainClientExec - Executing request DELETE /v2/A HTTP/1.1
08:01:21.590 [ForkJoinPool-1-worker-1] DEBUG org.apache.http.impl.execchain.MainClientExec - Target auth state: UNCHALLENGED
08:01:21.590 [ForkJoinPool-1-worker-1] DEBUG org.apache.http.impl.execchain.MainClientExec - Proxy auth state: UNCHALLENGED
08:01:21.590 [ForkJoinPool-1-worker-1] DEBUG org.apache.http.headers - http-outgoing-40 >> DELETE /v2/A HTTP/1.1
08:01:21.590 [ForkJoinPool-1-worker-1] DEBUG org.apache.http.headers - http-outgoing-40 >> Host: petstore.swagger.io
08:01:21.590 [ForkJoinPool-1-worker-1] DEBUG org.apache.http.headers - http-outgoing-40 >> Connection: Keep-Alive
08:01:21.590 [ForkJoinPool-1-worker-1] DEBUG org.apache.http.headers - http-outgoing-40 >> User-Agent: Apache-HttpClient/4.5.12 (Java/1.8.0_331)
08:01:21.590 [ForkJoinPool-1-worker-1] DEBUG org.apache.http.headers - http-outgoing-40 >> Accept-Encoding: gzip,deflate
08:01:21.590 [ForkJoinPool-1-worker-1] DEBUG org.apache.http.wire - http-outgoing-40 >> "DELETE /v2/A HTTP/1.1[\r][\n]"
08:01:21.590 [ForkJoinPool-1-worker-1] DEBUG org.apache.http.wire - http-outgoing-40 >> "Host: petstore.swagger.io[\r][\n]"
08:01:21.590 [ForkJoinPool-1-worker-1] DEBUG org.apache.http.wire - http-outgoing-40 >> "Connection: Keep-Alive[\r][\n]"
08:01:21.590 [ForkJoinPool-1-worker-1] DEBUG org.apache.http.wire - http-outgoing-40 >> "User-Agent: Apache-HttpClient/4.5.12 (Java/1.8.0_331)[\r][\n]"
08:01:21.590 [ForkJoinPool-1-worker-1] DEBUG org.apache.http.wire - http-outgoing-40 >> "Accept-Encoding: gzip,deflate[\r][\n]"
08:01:21.590 [ForkJoinPool-1-worker-1] DEBUG org.apache.http.wire - http-outgoing-40 >> "[\r][\n]"
08:01:21.852 [ForkJoinPool-1-worker-1] DEBUG org.apache.http.wire - http-outgoing-40 << "HTTP/1.1 404 Not Found[\r][\n]"
08:01:21.852 [ForkJoinPool-1-worker-1] DEBUG org.apache.http.wire - http-outgoing-40 << "Date: Wed, 24 Aug 2022 11:01:21 GMT[\r][\n]"
08:01:21.852 [ForkJoinPool-1-worker-1] DEBUG org.apache.http.wire - http-outgoing-40 << "Content-Type: application/xml[\r][\n]"
08:01:21.852 [ForkJoinPool-1-worker-1] DEBUG org.apache.http.wire - http-outgoing-40 << "Content-Length: 166[\r][\n]"
08:01:21.852 [ForkJoinPool-1-worker-1] DEBUG org.apache.http.wire - http-outgoing-40 << "Connection: keep-alive[\r][\n]"
08:01:21.852 [ForkJoinPool-1-worker-1] DEBUG org.apache.http.wire - http-outgoing-40 << "Access-Control-Allow-Origin: *[\r][\n]"
08:01:21.852 [ForkJoinPool-1-worker-1] DEBUG org.apache.http.wire - http-outgoing-40 << "Access-Control-Allow-Methods: GET, POST, DELETE, PUT[\r][\n]"
08:01:21.852 [ForkJoinPool-1-worker-1] DEBUG org.apache.http.wire - http-outgoing-40 << "Access-Control-Allow-Headers: Content-Type, api_key, Authorization[\r][\n]"
08:01:21.852 [ForkJoinPool-1-worker-1] DEBUG org.apache.http.wire - http-outgoing-40 << "Server: Jetty(9.2.9.v20150224)[\r][\n]"
08:01:21.852 [ForkJoinPool-1-worker-1] DEBUG org.apache.http.wire - http-outgoing-40 << "[\r][\n]"
08:01:21.852 [ForkJoinPool-1-worker-1] DEBUG org.apache.http.wire - http-outgoing-40 << "<?xml version="1.0" encoding="UTF-8" standalone="yes"?><apiResponse><message>null for uri: http://petstore.swagger.io/v2/A</message><type>unknown</type></apiResponse>"
08:01:21.852 [ForkJoinPool-1-worker-1] DEBUG org.apache.http.headers - http-outgoing-40 << HTTP/1.1 404 Not Found
08:01:21.852 [ForkJoinPool-1-worker-1] DEBUG org.apache.http.headers - http-outgoing-40 << Date: Wed, 24 Aug 2022 11:01:21 GMT
08:01:21.852 [ForkJoinPool-1-worker-1] DEBUG org.apache.http.headers - http-outgoing-40 << Content-Type: application/xml
08:01:21.852 [ForkJoinPool-1-worker-1] DEBUG org.apache.http.headers - http-outgoing-40 << Content-Length: 166
08:01:21.852 [ForkJoinPool-1-worker-1] DEBUG org.apache.http.headers - http-outgoing-40 << Connection: keep-alive
08:01:21.852 [ForkJoinPool-1-worker-1] DEBUG org.apache.http.headers - http-outgoing-40 << Access-Control-Allow-Origin: *
08:01:21.852 [ForkJoinPool-1-worker-1] DEBUG org.apache.http.headers - http-outgoing-40 << Access-Control-Allow-Methods: GET, POST, DELETE, PUT
08:01:21.852 [ForkJoinPool-1-worker-1] DEBUG org.apache.http.headers - http-outgoing-40 << Access-Control-Allow-Headers: Content-Type, api_key, Authorization
08:01:21.852 [ForkJoinPool-1-worker-1] DEBUG org.apache.http.headers - http-outgoing-40 << Server: Jetty(9.2.9.v20150224)
08:01:21.852 [ForkJoinPool-1-worker-1] DEBUG org.apache.http.impl.execchain.MainClientExec - Connection can be kept alive indefinitely
08:01:21.853 [ForkJoinPool-1-worker-1] DEBUG org.apache.http.impl.conn.PoolingHttpClientConnectionManager - Connection [id: 40][route: {s}->https://petstore.swagger.io:443] can be kept alive indefinitely
08:01:21.853 [ForkJoinPool-1-worker-1] DEBUG org.apache.http.impl.conn.DefaultManagedHttpClientConnection - http-outgoing-40: set socket timeout to 0
08:01:21.853 [ForkJoinPool-1-worker-1] DEBUG org.apache.http.impl.conn.PoolingHttpClientConnectionManager - Connection released: [id: 40][route: {s}->https://petstore.swagger.io:443][total available: 1; route allocated: 1 of 5; total allocated: 1 of 10]
08:01:21.853 [ForkJoinPool-1-worker-1] DEBUG com.intuit.karate - response time in milliseconds: 1173.09
1 < 404
1 < Access-Control-Allow-Headers: Content-Type, api_key, Authorization
1 < Access-Control-Allow-Methods: GET, POST, DELETE, PUT
1 < Access-Control-Allow-Origin: *
1 < Connection: keep-alive
1 < Content-Length: 166
1 < Content-Type: application/xml
1 < Date: Wed, 24 Aug 2022 11:01:21 GMT
1 < Server: Jetty(9.2.9.v20150224)
<?xml version="1.0" encoding="UTF-8" standalone="yes"?><apiResponse><message>null for uri: http://petstore.swagger.io/v2/A</message><type>unknown</type></apiResponse>

08:01:21.860 [pool-1-thread-1] INFO com.intuit.karate.Runner - <<fail>> feature 3 of 4: classpath:karate/request/4DeletesPet.feature
---------------------------------------------------------
feature: classpath:karate/request/4DeletesPet.feature
report: target/surefire-reports/karate.request.4DeletesPet.json
scenarios:  5 | passed:  4 | failed:  1 | time: 6.0555
---------------------------------------------------------
08:01:21.874 [ForkJoinPool-1-worker-1] DEBUG com.jayway.jsonpath.internal.path.CompiledPath - Evaluating path: $
08:01:21.874 [ForkJoinPool-1-worker-1] DEBUG com.jayway.jsonpath.internal.path.CompiledPath - Evaluating path: $
08:01:21.878 [ForkJoinPool-1-worker-1] DEBUG org.apache.http.client.protocol.RequestAddCookies - CookieSpec selected: karate
08:01:21.878 [ForkJoinPool-1-worker-1] DEBUG org.apache.http.client.protocol.RequestAuthCache - Auth cache not set in the context
08:01:21.878 [ForkJoinPool-1-worker-1] DEBUG com.intuit.karate - request:
1 > GET https://petstore.swagger.io/v2/pet/8
1 > Accept-Encoding: gzip,deflate
1 > Connection: Keep-Alive
1 > Host: petstore.swagger.io
1 > User-Agent: Apache-HttpClient/4.5.12 (Java/1.8.0_331)

08:01:21.878 [ForkJoinPool-1-worker-1] DEBUG org.apache.http.impl.conn.PoolingHttpClientConnectionManager - Connection request: [route: {s}->https://petstore.swagger.io:443][total available: 0; route allocated: 0 of 5; total allocated: 0 of 10]
08:01:21.878 [ForkJoinPool-1-worker-1] DEBUG org.apache.http.impl.conn.PoolingHttpClientConnectionManager - Connection leased: [id: 41][route: {s}->https://petstore.swagger.io:443][total available: 0; route allocated: 1 of 5; total allocated: 1 of 10]
08:01:21.878 [ForkJoinPool-1-worker-1] DEBUG org.apache.http.impl.execchain.MainClientExec - Opening connection {s}->https://petstore.swagger.io:443
08:01:21.878 [ForkJoinPool-1-worker-1] DEBUG org.apache.http.impl.conn.DefaultHttpClientConnectionOperator - Connecting to petstore.swagger.io/54.235.255.168:443
08:01:21.878 [ForkJoinPool-1-worker-1] DEBUG org.apache.http.conn.ssl.SSLConnectionSocketFactory - Connecting socket to petstore.swagger.io/54.235.255.168:443 with timeout 30000
08:01:22.203 [ForkJoinPool-1-worker-1] DEBUG org.apache.http.conn.ssl.SSLConnectionSocketFactory - Enabled protocols: [TLSv1.2]
08:01:22.203 [ForkJoinPool-1-worker-1] DEBUG org.apache.http.conn.ssl.SSLConnectionSocketFactory - Enabled cipher suites:[TLS_ECDHE_ECDSA_WITH_AES_256_GCM_SHA384, TLS_ECDHE_ECDSA_WITH_AES_128_GCM_SHA256, TLS_ECDHE_RSA_WITH_AES_256_GCM_SHA384, TLS_ECDHE_RSA_WITH_AES_128_GCM_SHA256, TLS_DHE_RSA_WITH_AES_256_GCM_SHA384, TLS_DHE_DSS_WITH_AES_256_GCM_SHA384, TLS_DHE_RSA_WITH_AES_128_GCM_SHA256, TLS_DHE_DSS_WITH_AES_128_GCM_SHA256, TLS_ECDHE_ECDSA_WITH_AES_256_CBC_SHA384, TLS_ECDHE_RSA_WITH_AES_256_CBC_SHA384, TLS_ECDHE_ECDSA_WITH_AES_128_CBC_SHA256, TLS_ECDHE_RSA_WITH_AES_128_CBC_SHA256, TLS_DHE_RSA_WITH_AES_256_CBC_SHA256, TLS_DHE_DSS_WITH_AES_256_CBC_SHA256, TLS_DHE_RSA_WITH_AES_128_CBC_SHA256, TLS_DHE_DSS_WITH_AES_128_CBC_SHA256, TLS_ECDH_ECDSA_WITH_AES_256_GCM_SHA384, TLS_ECDH_RSA_WITH_AES_256_GCM_SHA384, TLS_ECDH_ECDSA_WITH_AES_128_GCM_SHA256, TLS_ECDH_RSA_WITH_AES_128_GCM_SHA256, TLS_ECDH_ECDSA_WITH_AES_256_CBC_SHA384, TLS_ECDH_RSA_WITH_AES_256_CBC_SHA384, TLS_ECDH_ECDSA_WITH_AES_128_CBC_SHA256, TLS_ECDH_RSA_WITH_AES_128_CBC_SHA256, TLS_ECDHE_ECDSA_WITH_AES_256_CBC_SHA, TLS_ECDHE_RSA_WITH_AES_256_CBC_SHA, TLS_ECDHE_ECDSA_WITH_AES_128_CBC_SHA, TLS_ECDHE_RSA_WITH_AES_128_CBC_SHA, TLS_DHE_RSA_WITH_AES_256_CBC_SHA, TLS_DHE_DSS_WITH_AES_256_CBC_SHA, TLS_DHE_RSA_WITH_AES_128_CBC_SHA, TLS_DHE_DSS_WITH_AES_128_CBC_SHA, TLS_ECDH_ECDSA_WITH_AES_256_CBC_SHA, TLS_ECDH_RSA_WITH_AES_256_CBC_SHA, TLS_ECDH_ECDSA_WITH_AES_128_CBC_SHA, TLS_ECDH_RSA_WITH_AES_128_CBC_SHA, TLS_RSA_WITH_AES_256_GCM_SHA384, TLS_RSA_WITH_AES_128_GCM_SHA256, TLS_RSA_WITH_AES_256_CBC_SHA256, TLS_RSA_WITH_AES_128_CBC_SHA256, TLS_RSA_WITH_AES_256_CBC_SHA, TLS_RSA_WITH_AES_128_CBC_SHA, TLS_EMPTY_RENEGOTIATION_INFO_SCSV]
08:01:22.203 [ForkJoinPool-1-worker-1] DEBUG org.apache.http.conn.ssl.SSLConnectionSocketFactory - Starting handshake
08:01:22.818 [ForkJoinPool-1-worker-1] DEBUG org.apache.http.conn.ssl.SSLConnectionSocketFactory - Secure session established
08:01:22.818 [ForkJoinPool-1-worker-1] DEBUG org.apache.http.conn.ssl.SSLConnectionSocketFactory -  negotiated protocol: TLSv1.2
08:01:22.818 [ForkJoinPool-1-worker-1] DEBUG org.apache.http.conn.ssl.SSLConnectionSocketFactory -  negotiated cipher suite: TLS_ECDHE_RSA_WITH_AES_128_GCM_SHA256
08:01:22.818 [ForkJoinPool-1-worker-1] DEBUG org.apache.http.conn.ssl.SSLConnectionSocketFactory -  peer principal: CN=*.swagger.io
08:01:22.818 [ForkJoinPool-1-worker-1] DEBUG org.apache.http.conn.ssl.SSLConnectionSocketFactory -  peer alternative names: [*.swagger.io]
08:01:22.818 [ForkJoinPool-1-worker-1] DEBUG org.apache.http.conn.ssl.SSLConnectionSocketFactory -  issuer principal: CN=Amazon, OU=Server CA 1B, O=Amazon, C=US
08:01:22.819 [ForkJoinPool-1-worker-1] DEBUG org.apache.http.impl.conn.DefaultHttpClientConnectionOperator - Connection established 192.168.2.247:43152<->54.235.255.168:443
08:01:22.819 [ForkJoinPool-1-worker-1] DEBUG org.apache.http.impl.conn.DefaultManagedHttpClientConnection - http-outgoing-41: set socket timeout to 30000
08:01:22.819 [ForkJoinPool-1-worker-1] DEBUG org.apache.http.impl.execchain.MainClientExec - Executing request GET /v2/pet/8 HTTP/1.1
08:01:22.819 [ForkJoinPool-1-worker-1] DEBUG org.apache.http.impl.execchain.MainClientExec - Target auth state: UNCHALLENGED
08:01:22.819 [ForkJoinPool-1-worker-1] DEBUG org.apache.http.impl.execchain.MainClientExec - Proxy auth state: UNCHALLENGED
08:01:22.819 [ForkJoinPool-1-worker-1] DEBUG org.apache.http.headers - http-outgoing-41 >> GET /v2/pet/8 HTTP/1.1
08:01:22.819 [ForkJoinPool-1-worker-1] DEBUG org.apache.http.headers - http-outgoing-41 >> Host: petstore.swagger.io
08:01:22.819 [ForkJoinPool-1-worker-1] DEBUG org.apache.http.headers - http-outgoing-41 >> Connection: Keep-Alive
08:01:22.819 [ForkJoinPool-1-worker-1] DEBUG org.apache.http.headers - http-outgoing-41 >> User-Agent: Apache-HttpClient/4.5.12 (Java/1.8.0_331)
08:01:22.819 [ForkJoinPool-1-worker-1] DEBUG org.apache.http.headers - http-outgoing-41 >> Accept-Encoding: gzip,deflate
08:01:22.819 [ForkJoinPool-1-worker-1] DEBUG org.apache.http.wire - http-outgoing-41 >> "GET /v2/pet/8 HTTP/1.1[\r][\n]"
08:01:22.819 [ForkJoinPool-1-worker-1] DEBUG org.apache.http.wire - http-outgoing-41 >> "Host: petstore.swagger.io[\r][\n]"
08:01:22.819 [ForkJoinPool-1-worker-1] DEBUG org.apache.http.wire - http-outgoing-41 >> "Connection: Keep-Alive[\r][\n]"
08:01:22.819 [ForkJoinPool-1-worker-1] DEBUG org.apache.http.wire - http-outgoing-41 >> "User-Agent: Apache-HttpClient/4.5.12 (Java/1.8.0_331)[\r][\n]"
08:01:22.819 [ForkJoinPool-1-worker-1] DEBUG org.apache.http.wire - http-outgoing-41 >> "Accept-Encoding: gzip,deflate[\r][\n]"
08:01:22.819 [ForkJoinPool-1-worker-1] DEBUG org.apache.http.wire - http-outgoing-41 >> "[\r][\n]"
08:01:23.125 [ForkJoinPool-1-worker-1] DEBUG org.apache.http.wire - http-outgoing-41 << "HTTP/1.1 200 OK[\r][\n]"
08:01:23.125 [ForkJoinPool-1-worker-1] DEBUG org.apache.http.wire - http-outgoing-41 << "Date: Wed, 24 Aug 2022 11:01:22 GMT[\r][\n]"
08:01:23.125 [ForkJoinPool-1-worker-1] DEBUG org.apache.http.wire - http-outgoing-41 << "Content-Type: application/json[\r][\n]"
08:01:23.125 [ForkJoinPool-1-worker-1] DEBUG org.apache.http.wire - http-outgoing-41 << "Transfer-Encoding: chunked[\r][\n]"
08:01:23.125 [ForkJoinPool-1-worker-1] DEBUG org.apache.http.wire - http-outgoing-41 << "Connection: keep-alive[\r][\n]"
08:01:23.125 [ForkJoinPool-1-worker-1] DEBUG org.apache.http.wire - http-outgoing-41 << "Access-Control-Allow-Origin: *[\r][\n]"
08:01:23.125 [ForkJoinPool-1-worker-1] DEBUG org.apache.http.wire - http-outgoing-41 << "Access-Control-Allow-Methods: GET, POST, DELETE, PUT[\r][\n]"
08:01:23.125 [ForkJoinPool-1-worker-1] DEBUG org.apache.http.wire - http-outgoing-41 << "Access-Control-Allow-Headers: Content-Type, api_key, Authorization[\r][\n]"
08:01:23.125 [ForkJoinPool-1-worker-1] DEBUG org.apache.http.wire - http-outgoing-41 << "Server: Jetty(9.2.9.v20150224)[\r][\n]"
08:01:23.125 [ForkJoinPool-1-worker-1] DEBUG org.apache.http.wire - http-outgoing-41 << "[\r][\n]"
08:01:23.125 [ForkJoinPool-1-worker-1] DEBUG org.apache.http.wire - http-outgoing-41 << "8a[\r][\n]"
08:01:23.125 [ForkJoinPool-1-worker-1] DEBUG org.apache.http.wire - http-outgoing-41 << "{"id":8,"category":{"id":0,"name":"pepito"},"name":"doggie","photoUrls":["pepito.jpg"],"tags":[{"id":0,"name":"perrito"}],"status":"#$%&"}[\r][\n]"
08:01:23.125 [ForkJoinPool-1-worker-1] DEBUG org.apache.http.headers - http-outgoing-41 << HTTP/1.1 200 OK
08:01:23.125 [ForkJoinPool-1-worker-1] DEBUG org.apache.http.headers - http-outgoing-41 << Date: Wed, 24 Aug 2022 11:01:22 GMT
08:01:23.125 [ForkJoinPool-1-worker-1] DEBUG org.apache.http.headers - http-outgoing-41 << Content-Type: application/json
08:01:23.125 [ForkJoinPool-1-worker-1] DEBUG org.apache.http.headers - http-outgoing-41 << Transfer-Encoding: chunked
08:01:23.125 [ForkJoinPool-1-worker-1] DEBUG org.apache.http.headers - http-outgoing-41 << Connection: keep-alive
08:01:23.125 [ForkJoinPool-1-worker-1] DEBUG org.apache.http.headers - http-outgoing-41 << Access-Control-Allow-Origin: *
08:01:23.125 [ForkJoinPool-1-worker-1] DEBUG org.apache.http.headers - http-outgoing-41 << Access-Control-Allow-Methods: GET, POST, DELETE, PUT
08:01:23.125 [ForkJoinPool-1-worker-1] DEBUG org.apache.http.headers - http-outgoing-41 << Access-Control-Allow-Headers: Content-Type, api_key, Authorization
08:01:23.125 [ForkJoinPool-1-worker-1] DEBUG org.apache.http.headers - http-outgoing-41 << Server: Jetty(9.2.9.v20150224)
08:01:23.125 [ForkJoinPool-1-worker-1] DEBUG org.apache.http.impl.execchain.MainClientExec - Connection can be kept alive indefinitely
08:01:23.126 [ForkJoinPool-1-worker-1] DEBUG org.apache.http.wire - http-outgoing-41 << "0[\r][\n]"
08:01:23.126 [ForkJoinPool-1-worker-1] DEBUG org.apache.http.wire - http-outgoing-41 << "[\r][\n]"
08:01:23.126 [ForkJoinPool-1-worker-1] DEBUG org.apache.http.impl.conn.PoolingHttpClientConnectionManager - Connection [id: 41][route: {s}->https://petstore.swagger.io:443] can be kept alive indefinitely
08:01:23.126 [ForkJoinPool-1-worker-1] DEBUG org.apache.http.impl.conn.DefaultManagedHttpClientConnection - http-outgoing-41: set socket timeout to 0
08:01:23.126 [ForkJoinPool-1-worker-1] DEBUG org.apache.http.impl.conn.PoolingHttpClientConnectionManager - Connection released: [id: 41][route: {s}->https://petstore.swagger.io:443][total available: 1; route allocated: 1 of 5; total allocated: 1 of 10]
08:01:23.126 [ForkJoinPool-1-worker-1] DEBUG com.intuit.karate - response time in milliseconds: 1247.39
1 < 200
1 < Access-Control-Allow-Headers: Content-Type, api_key, Authorization
1 < Access-Control-Allow-Methods: GET, POST, DELETE, PUT
1 < Access-Control-Allow-Origin: *
1 < Connection: keep-alive
1 < Content-Type: application/json
1 < Date: Wed, 24 Aug 2022 11:01:22 GMT
1 < Server: Jetty(9.2.9.v20150224)
1 < Transfer-Encoding: chunked
{"id":8,"category":{"id":0,"name":"pepito"},"name":"doggie","photoUrls":["pepito.jpg"],"tags":[{"id":0,"name":"perrito"}],"status":"#$%&"}

08:01:23.129 [ForkJoinPool-1-worker-1] DEBUG com.jayway.jsonpath.internal.path.CompiledPath - Evaluating path: $
08:01:23.129 [ForkJoinPool-1-worker-1] DEBUG com.jayway.jsonpath.internal.path.CompiledPath - Evaluating path: $
08:01:23.134 [ForkJoinPool-1-worker-1] DEBUG com.jayway.jsonpath.internal.path.CompiledPath - Evaluating path: $
08:01:23.134 [ForkJoinPool-1-worker-1] DEBUG com.jayway.jsonpath.internal.path.CompiledPath - Evaluating path: $
08:01:23.135 [ForkJoinPool-1-worker-1] DEBUG org.apache.http.client.protocol.RequestAddCookies - CookieSpec selected: karate
08:01:23.136 [ForkJoinPool-1-worker-1] DEBUG org.apache.http.client.protocol.RequestAuthCache - Auth cache not set in the context
08:01:23.136 [ForkJoinPool-1-worker-1] DEBUG com.intuit.karate - request:
1 > GET https://petstore.swagger.io/v2/pet/-5
1 > Accept-Encoding: gzip,deflate
1 > Connection: Keep-Alive
1 > Host: petstore.swagger.io
1 > User-Agent: Apache-HttpClient/4.5.12 (Java/1.8.0_331)

08:01:23.136 [ForkJoinPool-1-worker-1] DEBUG org.apache.http.impl.conn.PoolingHttpClientConnectionManager - Connection request: [route: {s}->https://petstore.swagger.io:443][total available: 0; route allocated: 0 of 5; total allocated: 0 of 10]
08:01:23.136 [ForkJoinPool-1-worker-1] DEBUG org.apache.http.impl.conn.PoolingHttpClientConnectionManager - Connection leased: [id: 42][route: {s}->https://petstore.swagger.io:443][total available: 0; route allocated: 1 of 5; total allocated: 1 of 10]
08:01:23.136 [ForkJoinPool-1-worker-1] DEBUG org.apache.http.impl.execchain.MainClientExec - Opening connection {s}->https://petstore.swagger.io:443
08:01:23.136 [ForkJoinPool-1-worker-1] DEBUG org.apache.http.impl.conn.DefaultHttpClientConnectionOperator - Connecting to petstore.swagger.io/54.235.255.168:443
08:01:23.136 [ForkJoinPool-1-worker-1] DEBUG org.apache.http.conn.ssl.SSLConnectionSocketFactory - Connecting socket to petstore.swagger.io/54.235.255.168:443 with timeout 30000
08:01:23.334 [ForkJoinPool-1-worker-1] DEBUG org.apache.http.conn.ssl.SSLConnectionSocketFactory - Enabled protocols: [TLSv1.2]
08:01:23.334 [ForkJoinPool-1-worker-1] DEBUG org.apache.http.conn.ssl.SSLConnectionSocketFactory - Enabled cipher suites:[TLS_ECDHE_ECDSA_WITH_AES_256_GCM_SHA384, TLS_ECDHE_ECDSA_WITH_AES_128_GCM_SHA256, TLS_ECDHE_RSA_WITH_AES_256_GCM_SHA384, TLS_ECDHE_RSA_WITH_AES_128_GCM_SHA256, TLS_DHE_RSA_WITH_AES_256_GCM_SHA384, TLS_DHE_DSS_WITH_AES_256_GCM_SHA384, TLS_DHE_RSA_WITH_AES_128_GCM_SHA256, TLS_DHE_DSS_WITH_AES_128_GCM_SHA256, TLS_ECDHE_ECDSA_WITH_AES_256_CBC_SHA384, TLS_ECDHE_RSA_WITH_AES_256_CBC_SHA384, TLS_ECDHE_ECDSA_WITH_AES_128_CBC_SHA256, TLS_ECDHE_RSA_WITH_AES_128_CBC_SHA256, TLS_DHE_RSA_WITH_AES_256_CBC_SHA256, TLS_DHE_DSS_WITH_AES_256_CBC_SHA256, TLS_DHE_RSA_WITH_AES_128_CBC_SHA256, TLS_DHE_DSS_WITH_AES_128_CBC_SHA256, TLS_ECDH_ECDSA_WITH_AES_256_GCM_SHA384, TLS_ECDH_RSA_WITH_AES_256_GCM_SHA384, TLS_ECDH_ECDSA_WITH_AES_128_GCM_SHA256, TLS_ECDH_RSA_WITH_AES_128_GCM_SHA256, TLS_ECDH_ECDSA_WITH_AES_256_CBC_SHA384, TLS_ECDH_RSA_WITH_AES_256_CBC_SHA384, TLS_ECDH_ECDSA_WITH_AES_128_CBC_SHA256, TLS_ECDH_RSA_WITH_AES_128_CBC_SHA256, TLS_ECDHE_ECDSA_WITH_AES_256_CBC_SHA, TLS_ECDHE_RSA_WITH_AES_256_CBC_SHA, TLS_ECDHE_ECDSA_WITH_AES_128_CBC_SHA, TLS_ECDHE_RSA_WITH_AES_128_CBC_SHA, TLS_DHE_RSA_WITH_AES_256_CBC_SHA, TLS_DHE_DSS_WITH_AES_256_CBC_SHA, TLS_DHE_RSA_WITH_AES_128_CBC_SHA, TLS_DHE_DSS_WITH_AES_128_CBC_SHA, TLS_ECDH_ECDSA_WITH_AES_256_CBC_SHA, TLS_ECDH_RSA_WITH_AES_256_CBC_SHA, TLS_ECDH_ECDSA_WITH_AES_128_CBC_SHA, TLS_ECDH_RSA_WITH_AES_128_CBC_SHA, TLS_RSA_WITH_AES_256_GCM_SHA384, TLS_RSA_WITH_AES_128_GCM_SHA256, TLS_RSA_WITH_AES_256_CBC_SHA256, TLS_RSA_WITH_AES_128_CBC_SHA256, TLS_RSA_WITH_AES_256_CBC_SHA, TLS_RSA_WITH_AES_128_CBC_SHA, TLS_EMPTY_RENEGOTIATION_INFO_SCSV]
08:01:23.334 [ForkJoinPool-1-worker-1] DEBUG org.apache.http.conn.ssl.SSLConnectionSocketFactory - Starting handshake
08:01:24.047 [ForkJoinPool-1-worker-1] DEBUG org.apache.http.conn.ssl.SSLConnectionSocketFactory - Secure session established
08:01:24.048 [ForkJoinPool-1-worker-1] DEBUG org.apache.http.conn.ssl.SSLConnectionSocketFactory -  negotiated protocol: TLSv1.2
08:01:24.048 [ForkJoinPool-1-worker-1] DEBUG org.apache.http.conn.ssl.SSLConnectionSocketFactory -  negotiated cipher suite: TLS_ECDHE_RSA_WITH_AES_128_GCM_SHA256
08:01:24.048 [ForkJoinPool-1-worker-1] DEBUG org.apache.http.conn.ssl.SSLConnectionSocketFactory -  peer principal: CN=*.swagger.io
08:01:24.048 [ForkJoinPool-1-worker-1] DEBUG org.apache.http.conn.ssl.SSLConnectionSocketFactory -  peer alternative names: [*.swagger.io]
08:01:24.048 [ForkJoinPool-1-worker-1] DEBUG org.apache.http.conn.ssl.SSLConnectionSocketFactory -  issuer principal: CN=Amazon, OU=Server CA 1B, O=Amazon, C=US
08:01:24.048 [ForkJoinPool-1-worker-1] DEBUG org.apache.http.impl.conn.DefaultHttpClientConnectionOperator - Connection established 192.168.2.247:43154<->54.235.255.168:443
08:01:24.048 [ForkJoinPool-1-worker-1] DEBUG org.apache.http.impl.conn.DefaultManagedHttpClientConnection - http-outgoing-42: set socket timeout to 30000
08:01:24.048 [ForkJoinPool-1-worker-1] DEBUG org.apache.http.impl.execchain.MainClientExec - Executing request GET /v2/pet/-5 HTTP/1.1
08:01:24.048 [ForkJoinPool-1-worker-1] DEBUG org.apache.http.impl.execchain.MainClientExec - Target auth state: UNCHALLENGED
08:01:24.048 [ForkJoinPool-1-worker-1] DEBUG org.apache.http.impl.execchain.MainClientExec - Proxy auth state: UNCHALLENGED
08:01:24.048 [ForkJoinPool-1-worker-1] DEBUG org.apache.http.headers - http-outgoing-42 >> GET /v2/pet/-5 HTTP/1.1
08:01:24.048 [ForkJoinPool-1-worker-1] DEBUG org.apache.http.headers - http-outgoing-42 >> Host: petstore.swagger.io
08:01:24.048 [ForkJoinPool-1-worker-1] DEBUG org.apache.http.headers - http-outgoing-42 >> Connection: Keep-Alive
08:01:24.048 [ForkJoinPool-1-worker-1] DEBUG org.apache.http.headers - http-outgoing-42 >> User-Agent: Apache-HttpClient/4.5.12 (Java/1.8.0_331)
08:01:24.048 [ForkJoinPool-1-worker-1] DEBUG org.apache.http.headers - http-outgoing-42 >> Accept-Encoding: gzip,deflate
08:01:24.048 [ForkJoinPool-1-worker-1] DEBUG org.apache.http.wire - http-outgoing-42 >> "GET /v2/pet/-5 HTTP/1.1[\r][\n]"
08:01:24.048 [ForkJoinPool-1-worker-1] DEBUG org.apache.http.wire - http-outgoing-42 >> "Host: petstore.swagger.io[\r][\n]"
08:01:24.048 [ForkJoinPool-1-worker-1] DEBUG org.apache.http.wire - http-outgoing-42 >> "Connection: Keep-Alive[\r][\n]"
08:01:24.048 [ForkJoinPool-1-worker-1] DEBUG org.apache.http.wire - http-outgoing-42 >> "User-Agent: Apache-HttpClient/4.5.12 (Java/1.8.0_331)[\r][\n]"
08:01:24.048 [ForkJoinPool-1-worker-1] DEBUG org.apache.http.wire - http-outgoing-42 >> "Accept-Encoding: gzip,deflate[\r][\n]"
08:01:24.048 [ForkJoinPool-1-worker-1] DEBUG org.apache.http.wire - http-outgoing-42 >> "[\r][\n]"
08:01:24.355 [ForkJoinPool-1-worker-1] DEBUG org.apache.http.wire - http-outgoing-42 << "HTTP/1.1 404 Not Found[\r][\n]"
08:01:24.355 [ForkJoinPool-1-worker-1] DEBUG org.apache.http.wire - http-outgoing-42 << "Date: Wed, 24 Aug 2022 11:01:24 GMT[\r][\n]"
08:01:24.355 [ForkJoinPool-1-worker-1] DEBUG org.apache.http.wire - http-outgoing-42 << "Content-Type: application/json[\r][\n]"
08:01:24.355 [ForkJoinPool-1-worker-1] DEBUG org.apache.http.wire - http-outgoing-42 << "Transfer-Encoding: chunked[\r][\n]"
08:01:24.355 [ForkJoinPool-1-worker-1] DEBUG org.apache.http.wire - http-outgoing-42 << "Connection: keep-alive[\r][\n]"
08:01:24.355 [ForkJoinPool-1-worker-1] DEBUG org.apache.http.wire - http-outgoing-42 << "Access-Control-Allow-Origin: *[\r][\n]"
08:01:24.355 [ForkJoinPool-1-worker-1] DEBUG org.apache.http.wire - http-outgoing-42 << "Access-Control-Allow-Methods: GET, POST, DELETE, PUT[\r][\n]"
08:01:24.355 [ForkJoinPool-1-worker-1] DEBUG org.apache.http.wire - http-outgoing-42 << "Access-Control-Allow-Headers: Content-Type, api_key, Authorization[\r][\n]"
08:01:24.355 [ForkJoinPool-1-worker-1] DEBUG org.apache.http.wire - http-outgoing-42 << "Server: Jetty(9.2.9.v20150224)[\r][\n]"
08:01:24.355 [ForkJoinPool-1-worker-1] DEBUG org.apache.http.wire - http-outgoing-42 << "[\r][\n]"
08:01:24.355 [ForkJoinPool-1-worker-1] DEBUG org.apache.http.wire - http-outgoing-42 << "33[\r][\n]"
08:01:24.355 [ForkJoinPool-1-worker-1] DEBUG org.apache.http.wire - http-outgoing-42 << "{"code":1,"type":"error","message":"Pet not found"}[\r][\n]"
08:01:24.355 [ForkJoinPool-1-worker-1] DEBUG org.apache.http.headers - http-outgoing-42 << HTTP/1.1 404 Not Found
08:01:24.355 [ForkJoinPool-1-worker-1] DEBUG org.apache.http.headers - http-outgoing-42 << Date: Wed, 24 Aug 2022 11:01:24 GMT
08:01:24.355 [ForkJoinPool-1-worker-1] DEBUG org.apache.http.headers - http-outgoing-42 << Content-Type: application/json
08:01:24.355 [ForkJoinPool-1-worker-1] DEBUG org.apache.http.headers - http-outgoing-42 << Transfer-Encoding: chunked
08:01:24.355 [ForkJoinPool-1-worker-1] DEBUG org.apache.http.headers - http-outgoing-42 << Connection: keep-alive
08:01:24.355 [ForkJoinPool-1-worker-1] DEBUG org.apache.http.headers - http-outgoing-42 << Access-Control-Allow-Origin: *
08:01:24.355 [ForkJoinPool-1-worker-1] DEBUG org.apache.http.headers - http-outgoing-42 << Access-Control-Allow-Methods: GET, POST, DELETE, PUT
08:01:24.355 [ForkJoinPool-1-worker-1] DEBUG org.apache.http.headers - http-outgoing-42 << Access-Control-Allow-Headers: Content-Type, api_key, Authorization
08:01:24.355 [ForkJoinPool-1-worker-1] DEBUG org.apache.http.headers - http-outgoing-42 << Server: Jetty(9.2.9.v20150224)
08:01:24.355 [ForkJoinPool-1-worker-1] DEBUG org.apache.http.impl.execchain.MainClientExec - Connection can be kept alive indefinitely
08:01:24.355 [ForkJoinPool-1-worker-1] DEBUG org.apache.http.wire - http-outgoing-42 << "0[\r][\n]"
08:01:24.355 [ForkJoinPool-1-worker-1] DEBUG org.apache.http.wire - http-outgoing-42 << "[\r][\n]"
08:01:24.355 [ForkJoinPool-1-worker-1] DEBUG org.apache.http.impl.conn.PoolingHttpClientConnectionManager - Connection [id: 42][route: {s}->https://petstore.swagger.io:443] can be kept alive indefinitely
08:01:24.355 [ForkJoinPool-1-worker-1] DEBUG org.apache.http.impl.conn.DefaultManagedHttpClientConnection - http-outgoing-42: set socket timeout to 0
08:01:24.355 [ForkJoinPool-1-worker-1] DEBUG org.apache.http.impl.conn.PoolingHttpClientConnectionManager - Connection released: [id: 42][route: {s}->https://petstore.swagger.io:443][total available: 1; route allocated: 1 of 5; total allocated: 1 of 10]
08:01:24.355 [ForkJoinPool-1-worker-1] DEBUG com.intuit.karate - response time in milliseconds: 1219.18
1 < 404
1 < Access-Control-Allow-Headers: Content-Type, api_key, Authorization
1 < Access-Control-Allow-Methods: GET, POST, DELETE, PUT
1 < Access-Control-Allow-Origin: *
1 < Connection: keep-alive
1 < Content-Type: application/json
1 < Date: Wed, 24 Aug 2022 11:01:24 GMT
1 < Server: Jetty(9.2.9.v20150224)
1 < Transfer-Encoding: chunked
{"code":1,"type":"error","message":"Pet not found"}

08:01:24.356 [ForkJoinPool-1-worker-1] DEBUG com.jayway.jsonpath.internal.path.CompiledPath - Evaluating path: $
08:01:24.359 [ForkJoinPool-1-worker-1] DEBUG com.jayway.jsonpath.internal.path.CompiledPath - Evaluating path: $
08:01:24.359 [ForkJoinPool-1-worker-1] DEBUG com.jayway.jsonpath.internal.path.CompiledPath - Evaluating path: $
08:01:24.360 [ForkJoinPool-1-worker-1] DEBUG com.jayway.jsonpath.internal.path.CompiledPath - Evaluating path: $
08:01:24.360 [ForkJoinPool-1-worker-1] DEBUG com.jayway.jsonpath.internal.path.CompiledPath - Evaluating path: $
08:01:24.361 [ForkJoinPool-1-worker-1] DEBUG org.apache.http.client.protocol.RequestAddCookies - CookieSpec selected: karate
08:01:24.361 [ForkJoinPool-1-worker-1] DEBUG org.apache.http.client.protocol.RequestAuthCache - Auth cache not set in the context
08:01:24.361 [ForkJoinPool-1-worker-1] DEBUG com.intuit.karate - request:
1 > GET https://petstore.swagger.io/v2/pet/5.56
1 > Accept-Encoding: gzip,deflate
1 > Connection: Keep-Alive
1 > Host: petstore.swagger.io
1 > User-Agent: Apache-HttpClient/4.5.12 (Java/1.8.0_331)

08:01:24.361 [ForkJoinPool-1-worker-1] DEBUG org.apache.http.impl.conn.PoolingHttpClientConnectionManager - Connection request: [route: {s}->https://petstore.swagger.io:443][total available: 0; route allocated: 0 of 5; total allocated: 0 of 10]
08:01:24.362 [ForkJoinPool-1-worker-1] DEBUG org.apache.http.impl.conn.PoolingHttpClientConnectionManager - Connection leased: [id: 43][route: {s}->https://petstore.swagger.io:443][total available: 0; route allocated: 1 of 5; total allocated: 1 of 10]
08:01:24.362 [ForkJoinPool-1-worker-1] DEBUG org.apache.http.impl.execchain.MainClientExec - Opening connection {s}->https://petstore.swagger.io:443
08:01:24.362 [ForkJoinPool-1-worker-1] DEBUG org.apache.http.impl.conn.DefaultHttpClientConnectionOperator - Connecting to petstore.swagger.io/54.235.255.168:443
08:01:24.362 [ForkJoinPool-1-worker-1] DEBUG org.apache.http.conn.ssl.SSLConnectionSocketFactory - Connecting socket to petstore.swagger.io/54.235.255.168:443 with timeout 30000
08:01:24.662 [ForkJoinPool-1-worker-1] DEBUG org.apache.http.conn.ssl.SSLConnectionSocketFactory - Enabled protocols: [TLSv1.2]
08:01:24.662 [ForkJoinPool-1-worker-1] DEBUG org.apache.http.conn.ssl.SSLConnectionSocketFactory - Enabled cipher suites:[TLS_ECDHE_ECDSA_WITH_AES_256_GCM_SHA384, TLS_ECDHE_ECDSA_WITH_AES_128_GCM_SHA256, TLS_ECDHE_RSA_WITH_AES_256_GCM_SHA384, TLS_ECDHE_RSA_WITH_AES_128_GCM_SHA256, TLS_DHE_RSA_WITH_AES_256_GCM_SHA384, TLS_DHE_DSS_WITH_AES_256_GCM_SHA384, TLS_DHE_RSA_WITH_AES_128_GCM_SHA256, TLS_DHE_DSS_WITH_AES_128_GCM_SHA256, TLS_ECDHE_ECDSA_WITH_AES_256_CBC_SHA384, TLS_ECDHE_RSA_WITH_AES_256_CBC_SHA384, TLS_ECDHE_ECDSA_WITH_AES_128_CBC_SHA256, TLS_ECDHE_RSA_WITH_AES_128_CBC_SHA256, TLS_DHE_RSA_WITH_AES_256_CBC_SHA256, TLS_DHE_DSS_WITH_AES_256_CBC_SHA256, TLS_DHE_RSA_WITH_AES_128_CBC_SHA256, TLS_DHE_DSS_WITH_AES_128_CBC_SHA256, TLS_ECDH_ECDSA_WITH_AES_256_GCM_SHA384, TLS_ECDH_RSA_WITH_AES_256_GCM_SHA384, TLS_ECDH_ECDSA_WITH_AES_128_GCM_SHA256, TLS_ECDH_RSA_WITH_AES_128_GCM_SHA256, TLS_ECDH_ECDSA_WITH_AES_256_CBC_SHA384, TLS_ECDH_RSA_WITH_AES_256_CBC_SHA384, TLS_ECDH_ECDSA_WITH_AES_128_CBC_SHA256, TLS_ECDH_RSA_WITH_AES_128_CBC_SHA256, TLS_ECDHE_ECDSA_WITH_AES_256_CBC_SHA, TLS_ECDHE_RSA_WITH_AES_256_CBC_SHA, TLS_ECDHE_ECDSA_WITH_AES_128_CBC_SHA, TLS_ECDHE_RSA_WITH_AES_128_CBC_SHA, TLS_DHE_RSA_WITH_AES_256_CBC_SHA, TLS_DHE_DSS_WITH_AES_256_CBC_SHA, TLS_DHE_RSA_WITH_AES_128_CBC_SHA, TLS_DHE_DSS_WITH_AES_128_CBC_SHA, TLS_ECDH_ECDSA_WITH_AES_256_CBC_SHA, TLS_ECDH_RSA_WITH_AES_256_CBC_SHA, TLS_ECDH_ECDSA_WITH_AES_128_CBC_SHA, TLS_ECDH_RSA_WITH_AES_128_CBC_SHA, TLS_RSA_WITH_AES_256_GCM_SHA384, TLS_RSA_WITH_AES_128_GCM_SHA256, TLS_RSA_WITH_AES_256_CBC_SHA256, TLS_RSA_WITH_AES_128_CBC_SHA256, TLS_RSA_WITH_AES_256_CBC_SHA, TLS_RSA_WITH_AES_128_CBC_SHA, TLS_EMPTY_RENEGOTIATION_INFO_SCSV]
08:01:24.662 [ForkJoinPool-1-worker-1] DEBUG org.apache.http.conn.ssl.SSLConnectionSocketFactory - Starting handshake
08:01:25.276 [ForkJoinPool-1-worker-1] DEBUG org.apache.http.conn.ssl.SSLConnectionSocketFactory - Secure session established
08:01:25.276 [ForkJoinPool-1-worker-1] DEBUG org.apache.http.conn.ssl.SSLConnectionSocketFactory -  negotiated protocol: TLSv1.2
08:01:25.276 [ForkJoinPool-1-worker-1] DEBUG org.apache.http.conn.ssl.SSLConnectionSocketFactory -  negotiated cipher suite: TLS_ECDHE_RSA_WITH_AES_128_GCM_SHA256
08:01:25.276 [ForkJoinPool-1-worker-1] DEBUG org.apache.http.conn.ssl.SSLConnectionSocketFactory -  peer principal: CN=*.swagger.io
08:01:25.276 [ForkJoinPool-1-worker-1] DEBUG org.apache.http.conn.ssl.SSLConnectionSocketFactory -  peer alternative names: [*.swagger.io]
08:01:25.276 [ForkJoinPool-1-worker-1] DEBUG org.apache.http.conn.ssl.SSLConnectionSocketFactory -  issuer principal: CN=Amazon, OU=Server CA 1B, O=Amazon, C=US
08:01:25.276 [ForkJoinPool-1-worker-1] DEBUG org.apache.http.impl.conn.DefaultHttpClientConnectionOperator - Connection established 192.168.2.247:43156<->54.235.255.168:443
08:01:25.276 [ForkJoinPool-1-worker-1] DEBUG org.apache.http.impl.conn.DefaultManagedHttpClientConnection - http-outgoing-43: set socket timeout to 30000
08:01:25.276 [ForkJoinPool-1-worker-1] DEBUG org.apache.http.impl.execchain.MainClientExec - Executing request GET /v2/pet/5.56 HTTP/1.1
08:01:25.276 [ForkJoinPool-1-worker-1] DEBUG org.apache.http.impl.execchain.MainClientExec - Target auth state: UNCHALLENGED
08:01:25.276 [ForkJoinPool-1-worker-1] DEBUG org.apache.http.impl.execchain.MainClientExec - Proxy auth state: UNCHALLENGED
08:01:25.276 [ForkJoinPool-1-worker-1] DEBUG org.apache.http.headers - http-outgoing-43 >> GET /v2/pet/5.56 HTTP/1.1
08:01:25.276 [ForkJoinPool-1-worker-1] DEBUG org.apache.http.headers - http-outgoing-43 >> Host: petstore.swagger.io
08:01:25.276 [ForkJoinPool-1-worker-1] DEBUG org.apache.http.headers - http-outgoing-43 >> Connection: Keep-Alive
08:01:25.276 [ForkJoinPool-1-worker-1] DEBUG org.apache.http.headers - http-outgoing-43 >> User-Agent: Apache-HttpClient/4.5.12 (Java/1.8.0_331)
08:01:25.276 [ForkJoinPool-1-worker-1] DEBUG org.apache.http.headers - http-outgoing-43 >> Accept-Encoding: gzip,deflate
08:01:25.276 [ForkJoinPool-1-worker-1] DEBUG org.apache.http.wire - http-outgoing-43 >> "GET /v2/pet/5.56 HTTP/1.1[\r][\n]"
08:01:25.276 [ForkJoinPool-1-worker-1] DEBUG org.apache.http.wire - http-outgoing-43 >> "Host: petstore.swagger.io[\r][\n]"
08:01:25.276 [ForkJoinPool-1-worker-1] DEBUG org.apache.http.wire - http-outgoing-43 >> "Connection: Keep-Alive[\r][\n]"
08:01:25.276 [ForkJoinPool-1-worker-1] DEBUG org.apache.http.wire - http-outgoing-43 >> "User-Agent: Apache-HttpClient/4.5.12 (Java/1.8.0_331)[\r][\n]"
08:01:25.276 [ForkJoinPool-1-worker-1] DEBUG org.apache.http.wire - http-outgoing-43 >> "Accept-Encoding: gzip,deflate[\r][\n]"
08:01:25.276 [ForkJoinPool-1-worker-1] DEBUG org.apache.http.wire - http-outgoing-43 >> "[\r][\n]"
08:01:25.480 [ForkJoinPool-1-worker-1] DEBUG org.apache.http.wire - http-outgoing-43 << "HTTP/1.1 404 Not Found[\r][\n]"
08:01:25.480 [ForkJoinPool-1-worker-1] DEBUG org.apache.http.wire - http-outgoing-43 << "Date: Wed, 24 Aug 2022 11:01:25 GMT[\r][\n]"
08:01:25.480 [ForkJoinPool-1-worker-1] DEBUG org.apache.http.wire - http-outgoing-43 << "Content-Type: application/json[\r][\n]"
08:01:25.480 [ForkJoinPool-1-worker-1] DEBUG org.apache.http.wire - http-outgoing-43 << "Transfer-Encoding: chunked[\r][\n]"
08:01:25.480 [ForkJoinPool-1-worker-1] DEBUG org.apache.http.wire - http-outgoing-43 << "Connection: keep-alive[\r][\n]"
08:01:25.480 [ForkJoinPool-1-worker-1] DEBUG org.apache.http.wire - http-outgoing-43 << "Access-Control-Allow-Origin: *[\r][\n]"
08:01:25.480 [ForkJoinPool-1-worker-1] DEBUG org.apache.http.wire - http-outgoing-43 << "Access-Control-Allow-Methods: GET, POST, DELETE, PUT[\r][\n]"
08:01:25.480 [ForkJoinPool-1-worker-1] DEBUG org.apache.http.wire - http-outgoing-43 << "Access-Control-Allow-Headers: Content-Type, api_key, Authorization[\r][\n]"
08:01:25.480 [ForkJoinPool-1-worker-1] DEBUG org.apache.http.wire - http-outgoing-43 << "Server: Jetty(9.2.9.v20150224)[\r][\n]"
08:01:25.480 [ForkJoinPool-1-worker-1] DEBUG org.apache.http.wire - http-outgoing-43 << "[\r][\n]"
08:01:25.480 [ForkJoinPool-1-worker-1] DEBUG org.apache.http.wire - http-outgoing-43 << "65[\r][\n]"
08:01:25.480 [ForkJoinPool-1-worker-1] DEBUG org.apache.http.wire - http-outgoing-43 << "{"code":404,"type":"unknown","message":"java.lang.NumberFormatException: For input string: \"5.56\""}[\r][\n]"
08:01:25.481 [ForkJoinPool-1-worker-1] DEBUG org.apache.http.headers - http-outgoing-43 << HTTP/1.1 404 Not Found
08:01:25.481 [ForkJoinPool-1-worker-1] DEBUG org.apache.http.headers - http-outgoing-43 << Date: Wed, 24 Aug 2022 11:01:25 GMT
08:01:25.481 [ForkJoinPool-1-worker-1] DEBUG org.apache.http.headers - http-outgoing-43 << Content-Type: application/json
08:01:25.481 [ForkJoinPool-1-worker-1] DEBUG org.apache.http.headers - http-outgoing-43 << Transfer-Encoding: chunked
08:01:25.481 [ForkJoinPool-1-worker-1] DEBUG org.apache.http.headers - http-outgoing-43 << Connection: keep-alive
08:01:25.481 [ForkJoinPool-1-worker-1] DEBUG org.apache.http.headers - http-outgoing-43 << Access-Control-Allow-Origin: *
08:01:25.481 [ForkJoinPool-1-worker-1] DEBUG org.apache.http.headers - http-outgoing-43 << Access-Control-Allow-Methods: GET, POST, DELETE, PUT
08:01:25.481 [ForkJoinPool-1-worker-1] DEBUG org.apache.http.headers - http-outgoing-43 << Access-Control-Allow-Headers: Content-Type, api_key, Authorization
08:01:25.481 [ForkJoinPool-1-worker-1] DEBUG org.apache.http.headers - http-outgoing-43 << Server: Jetty(9.2.9.v20150224)
08:01:25.481 [ForkJoinPool-1-worker-1] DEBUG org.apache.http.impl.execchain.MainClientExec - Connection can be kept alive indefinitely
08:01:25.482 [ForkJoinPool-1-worker-1] DEBUG org.apache.http.wire - http-outgoing-43 << "0[\r][\n]"
08:01:25.482 [ForkJoinPool-1-worker-1] DEBUG org.apache.http.wire - http-outgoing-43 << "[\r][\n]"
08:01:25.482 [ForkJoinPool-1-worker-1] DEBUG org.apache.http.impl.conn.PoolingHttpClientConnectionManager - Connection [id: 43][route: {s}->https://petstore.swagger.io:443] can be kept alive indefinitely
08:01:25.482 [ForkJoinPool-1-worker-1] DEBUG org.apache.http.impl.conn.DefaultManagedHttpClientConnection - http-outgoing-43: set socket timeout to 0
08:01:25.482 [ForkJoinPool-1-worker-1] DEBUG org.apache.http.impl.conn.PoolingHttpClientConnectionManager - Connection released: [id: 43][route: {s}->https://petstore.swagger.io:443][total available: 1; route allocated: 1 of 5; total allocated: 1 of 10]
08:01:25.482 [ForkJoinPool-1-worker-1] DEBUG com.intuit.karate - response time in milliseconds: 1119.84
1 < 404
1 < Access-Control-Allow-Headers: Content-Type, api_key, Authorization
1 < Access-Control-Allow-Methods: GET, POST, DELETE, PUT
1 < Access-Control-Allow-Origin: *
1 < Connection: keep-alive
1 < Content-Type: application/json
1 < Date: Wed, 24 Aug 2022 11:01:25 GMT
1 < Server: Jetty(9.2.9.v20150224)
1 < Transfer-Encoding: chunked
{"code":404,"type":"unknown","message":"java.lang.NumberFormatException: For input string: \"5.56\""}

08:01:25.483 [ForkJoinPool-1-worker-1] DEBUG com.jayway.jsonpath.internal.path.CompiledPath - Evaluating path: $
08:01:25.488 [ForkJoinPool-1-worker-1] DEBUG com.jayway.jsonpath.internal.path.CompiledPath - Evaluating path: $
08:01:25.489 [ForkJoinPool-1-worker-1] DEBUG com.jayway.jsonpath.internal.path.CompiledPath - Evaluating path: $
08:01:25.490 [ForkJoinPool-1-worker-1] DEBUG com.jayway.jsonpath.internal.path.CompiledPath - Evaluating path: $
08:01:25.490 [ForkJoinPool-1-worker-1] DEBUG com.jayway.jsonpath.internal.path.CompiledPath - Evaluating path: $
08:01:25.497 [ForkJoinPool-1-worker-1] DEBUG org.apache.http.client.protocol.RequestAddCookies - CookieSpec selected: karate
08:01:25.498 [ForkJoinPool-1-worker-1] DEBUG org.apache.http.client.protocol.RequestAuthCache - Auth cache not set in the context
08:01:25.498 [ForkJoinPool-1-worker-1] DEBUG com.intuit.karate - request:
1 > GET https://petstore.swagger.io/v2/pet/%25&*+
1 > Accept-Encoding: gzip,deflate
1 > Connection: Keep-Alive
1 > Host: petstore.swagger.io
1 > User-Agent: Apache-HttpClient/4.5.12 (Java/1.8.0_331)

08:01:25.498 [ForkJoinPool-1-worker-1] DEBUG org.apache.http.impl.conn.PoolingHttpClientConnectionManager - Connection request: [route: {s}->https://petstore.swagger.io:443][total available: 0; route allocated: 0 of 5; total allocated: 0 of 10]
08:01:25.498 [ForkJoinPool-1-worker-1] DEBUG org.apache.http.impl.conn.PoolingHttpClientConnectionManager - Connection leased: [id: 44][route: {s}->https://petstore.swagger.io:443][total available: 0; route allocated: 1 of 5; total allocated: 1 of 10]
08:01:25.498 [ForkJoinPool-1-worker-1] DEBUG org.apache.http.impl.execchain.MainClientExec - Opening connection {s}->https://petstore.swagger.io:443
08:01:25.498 [ForkJoinPool-1-worker-1] DEBUG org.apache.http.impl.conn.DefaultHttpClientConnectionOperator - Connecting to petstore.swagger.io/54.235.255.168:443
08:01:25.498 [ForkJoinPool-1-worker-1] DEBUG org.apache.http.conn.ssl.SSLConnectionSocketFactory - Connecting socket to petstore.swagger.io/54.235.255.168:443 with timeout 30000
08:01:25.892 [ForkJoinPool-1-worker-1] DEBUG org.apache.http.conn.ssl.SSLConnectionSocketFactory - Enabled protocols: [TLSv1.2]
08:01:25.892 [ForkJoinPool-1-worker-1] DEBUG org.apache.http.conn.ssl.SSLConnectionSocketFactory - Enabled cipher suites:[TLS_ECDHE_ECDSA_WITH_AES_256_GCM_SHA384, TLS_ECDHE_ECDSA_WITH_AES_128_GCM_SHA256, TLS_ECDHE_RSA_WITH_AES_256_GCM_SHA384, TLS_ECDHE_RSA_WITH_AES_128_GCM_SHA256, TLS_DHE_RSA_WITH_AES_256_GCM_SHA384, TLS_DHE_DSS_WITH_AES_256_GCM_SHA384, TLS_DHE_RSA_WITH_AES_128_GCM_SHA256, TLS_DHE_DSS_WITH_AES_128_GCM_SHA256, TLS_ECDHE_ECDSA_WITH_AES_256_CBC_SHA384, TLS_ECDHE_RSA_WITH_AES_256_CBC_SHA384, TLS_ECDHE_ECDSA_WITH_AES_128_CBC_SHA256, TLS_ECDHE_RSA_WITH_AES_128_CBC_SHA256, TLS_DHE_RSA_WITH_AES_256_CBC_SHA256, TLS_DHE_DSS_WITH_AES_256_CBC_SHA256, TLS_DHE_RSA_WITH_AES_128_CBC_SHA256, TLS_DHE_DSS_WITH_AES_128_CBC_SHA256, TLS_ECDH_ECDSA_WITH_AES_256_GCM_SHA384, TLS_ECDH_RSA_WITH_AES_256_GCM_SHA384, TLS_ECDH_ECDSA_WITH_AES_128_GCM_SHA256, TLS_ECDH_RSA_WITH_AES_128_GCM_SHA256, TLS_ECDH_ECDSA_WITH_AES_256_CBC_SHA384, TLS_ECDH_RSA_WITH_AES_256_CBC_SHA384, TLS_ECDH_ECDSA_WITH_AES_128_CBC_SHA256, TLS_ECDH_RSA_WITH_AES_128_CBC_SHA256, TLS_ECDHE_ECDSA_WITH_AES_256_CBC_SHA, TLS_ECDHE_RSA_WITH_AES_256_CBC_SHA, TLS_ECDHE_ECDSA_WITH_AES_128_CBC_SHA, TLS_ECDHE_RSA_WITH_AES_128_CBC_SHA, TLS_DHE_RSA_WITH_AES_256_CBC_SHA, TLS_DHE_DSS_WITH_AES_256_CBC_SHA, TLS_DHE_RSA_WITH_AES_128_CBC_SHA, TLS_DHE_DSS_WITH_AES_128_CBC_SHA, TLS_ECDH_ECDSA_WITH_AES_256_CBC_SHA, TLS_ECDH_RSA_WITH_AES_256_CBC_SHA, TLS_ECDH_ECDSA_WITH_AES_128_CBC_SHA, TLS_ECDH_RSA_WITH_AES_128_CBC_SHA, TLS_RSA_WITH_AES_256_GCM_SHA384, TLS_RSA_WITH_AES_128_GCM_SHA256, TLS_RSA_WITH_AES_256_CBC_SHA256, TLS_RSA_WITH_AES_128_CBC_SHA256, TLS_RSA_WITH_AES_256_CBC_SHA, TLS_RSA_WITH_AES_128_CBC_SHA, TLS_EMPTY_RENEGOTIATION_INFO_SCSV]
08:01:25.892 [ForkJoinPool-1-worker-1] DEBUG org.apache.http.conn.ssl.SSLConnectionSocketFactory - Starting handshake
08:01:26.505 [ForkJoinPool-1-worker-1] DEBUG org.apache.http.conn.ssl.SSLConnectionSocketFactory - Secure session established
08:01:26.505 [ForkJoinPool-1-worker-1] DEBUG org.apache.http.conn.ssl.SSLConnectionSocketFactory -  negotiated protocol: TLSv1.2
08:01:26.505 [ForkJoinPool-1-worker-1] DEBUG org.apache.http.conn.ssl.SSLConnectionSocketFactory -  negotiated cipher suite: TLS_ECDHE_RSA_WITH_AES_128_GCM_SHA256
08:01:26.505 [ForkJoinPool-1-worker-1] DEBUG org.apache.http.conn.ssl.SSLConnectionSocketFactory -  peer principal: CN=*.swagger.io
08:01:26.505 [ForkJoinPool-1-worker-1] DEBUG org.apache.http.conn.ssl.SSLConnectionSocketFactory -  peer alternative names: [*.swagger.io]
08:01:26.505 [ForkJoinPool-1-worker-1] DEBUG org.apache.http.conn.ssl.SSLConnectionSocketFactory -  issuer principal: CN=Amazon, OU=Server CA 1B, O=Amazon, C=US
08:01:26.505 [ForkJoinPool-1-worker-1] DEBUG org.apache.http.impl.conn.DefaultHttpClientConnectionOperator - Connection established 192.168.2.247:43158<->54.235.255.168:443
08:01:26.505 [ForkJoinPool-1-worker-1] DEBUG org.apache.http.impl.conn.DefaultManagedHttpClientConnection - http-outgoing-44: set socket timeout to 30000
08:01:26.505 [ForkJoinPool-1-worker-1] DEBUG org.apache.http.impl.execchain.MainClientExec - Executing request GET /v2/pet/%25&*+ HTTP/1.1
08:01:26.505 [ForkJoinPool-1-worker-1] DEBUG org.apache.http.impl.execchain.MainClientExec - Target auth state: UNCHALLENGED
08:01:26.505 [ForkJoinPool-1-worker-1] DEBUG org.apache.http.impl.execchain.MainClientExec - Proxy auth state: UNCHALLENGED
08:01:26.506 [ForkJoinPool-1-worker-1] DEBUG org.apache.http.headers - http-outgoing-44 >> GET /v2/pet/%25&*+ HTTP/1.1
08:01:26.506 [ForkJoinPool-1-worker-1] DEBUG org.apache.http.headers - http-outgoing-44 >> Host: petstore.swagger.io
08:01:26.506 [ForkJoinPool-1-worker-1] DEBUG org.apache.http.headers - http-outgoing-44 >> Connection: Keep-Alive
08:01:26.506 [ForkJoinPool-1-worker-1] DEBUG org.apache.http.headers - http-outgoing-44 >> User-Agent: Apache-HttpClient/4.5.12 (Java/1.8.0_331)
08:01:26.506 [ForkJoinPool-1-worker-1] DEBUG org.apache.http.headers - http-outgoing-44 >> Accept-Encoding: gzip,deflate
08:01:26.506 [ForkJoinPool-1-worker-1] DEBUG org.apache.http.wire - http-outgoing-44 >> "GET /v2/pet/%25&*+ HTTP/1.1[\r][\n]"
08:01:26.506 [ForkJoinPool-1-worker-1] DEBUG org.apache.http.wire - http-outgoing-44 >> "Host: petstore.swagger.io[\r][\n]"
08:01:26.506 [ForkJoinPool-1-worker-1] DEBUG org.apache.http.wire - http-outgoing-44 >> "Connection: Keep-Alive[\r][\n]"
08:01:26.506 [ForkJoinPool-1-worker-1] DEBUG org.apache.http.wire - http-outgoing-44 >> "User-Agent: Apache-HttpClient/4.5.12 (Java/1.8.0_331)[\r][\n]"
08:01:26.506 [ForkJoinPool-1-worker-1] DEBUG org.apache.http.wire - http-outgoing-44 >> "Accept-Encoding: gzip,deflate[\r][\n]"
08:01:26.506 [ForkJoinPool-1-worker-1] DEBUG org.apache.http.wire - http-outgoing-44 >> "[\r][\n]"
08:01:26.813 [ForkJoinPool-1-worker-1] DEBUG org.apache.http.wire - http-outgoing-44 << "HTTP/1.1 404 Not Found[\r][\n]"
08:01:26.813 [ForkJoinPool-1-worker-1] DEBUG org.apache.http.wire - http-outgoing-44 << "Date: Wed, 24 Aug 2022 11:01:26 GMT[\r][\n]"
08:01:26.813 [ForkJoinPool-1-worker-1] DEBUG org.apache.http.wire - http-outgoing-44 << "Content-Type: application/json[\r][\n]"
08:01:26.813 [ForkJoinPool-1-worker-1] DEBUG org.apache.http.wire - http-outgoing-44 << "Transfer-Encoding: chunked[\r][\n]"
08:01:26.813 [ForkJoinPool-1-worker-1] DEBUG org.apache.http.wire - http-outgoing-44 << "Connection: keep-alive[\r][\n]"
08:01:26.813 [ForkJoinPool-1-worker-1] DEBUG org.apache.http.wire - http-outgoing-44 << "Access-Control-Allow-Origin: *[\r][\n]"
08:01:26.813 [ForkJoinPool-1-worker-1] DEBUG org.apache.http.wire - http-outgoing-44 << "Access-Control-Allow-Methods: GET, POST, DELETE, PUT[\r][\n]"
08:01:26.813 [ForkJoinPool-1-worker-1] DEBUG org.apache.http.wire - http-outgoing-44 << "Access-Control-Allow-Headers: Content-Type, api_key, Authorization[\r][\n]"
08:01:26.813 [ForkJoinPool-1-worker-1] DEBUG org.apache.http.wire - http-outgoing-44 << "Server: Jetty(9.2.9.v20150224)[\r][\n]"
08:01:26.813 [ForkJoinPool-1-worker-1] DEBUG org.apache.http.wire - http-outgoing-44 << "[\r][\n]"
08:01:26.813 [ForkJoinPool-1-worker-1] DEBUG org.apache.http.wire - http-outgoing-44 << "65[\r][\n]"
08:01:26.813 [ForkJoinPool-1-worker-1] DEBUG org.apache.http.wire - http-outgoing-44 << "{"code":404,"type":"unknown","message":"java.lang.NumberFormatException: For input string: \"%&*+\""}[\r][\n]"
08:01:26.813 [ForkJoinPool-1-worker-1] DEBUG org.apache.http.headers - http-outgoing-44 << HTTP/1.1 404 Not Found
08:01:26.813 [ForkJoinPool-1-worker-1] DEBUG org.apache.http.headers - http-outgoing-44 << Date: Wed, 24 Aug 2022 11:01:26 GMT
08:01:26.813 [ForkJoinPool-1-worker-1] DEBUG org.apache.http.headers - http-outgoing-44 << Content-Type: application/json
08:01:26.813 [ForkJoinPool-1-worker-1] DEBUG org.apache.http.headers - http-outgoing-44 << Transfer-Encoding: chunked
08:01:26.813 [ForkJoinPool-1-worker-1] DEBUG org.apache.http.headers - http-outgoing-44 << Connection: keep-alive
08:01:26.813 [ForkJoinPool-1-worker-1] DEBUG org.apache.http.headers - http-outgoing-44 << Access-Control-Allow-Origin: *
08:01:26.813 [ForkJoinPool-1-worker-1] DEBUG org.apache.http.headers - http-outgoing-44 << Access-Control-Allow-Methods: GET, POST, DELETE, PUT
08:01:26.813 [ForkJoinPool-1-worker-1] DEBUG org.apache.http.headers - http-outgoing-44 << Access-Control-Allow-Headers: Content-Type, api_key, Authorization
08:01:26.813 [ForkJoinPool-1-worker-1] DEBUG org.apache.http.headers - http-outgoing-44 << Server: Jetty(9.2.9.v20150224)
08:01:26.813 [ForkJoinPool-1-worker-1] DEBUG org.apache.http.impl.execchain.MainClientExec - Connection can be kept alive indefinitely
08:01:26.814 [ForkJoinPool-1-worker-1] DEBUG org.apache.http.wire - http-outgoing-44 << "0[\r][\n]"
08:01:26.814 [ForkJoinPool-1-worker-1] DEBUG org.apache.http.wire - http-outgoing-44 << "[\r][\n]"
08:01:26.814 [ForkJoinPool-1-worker-1] DEBUG org.apache.http.impl.conn.PoolingHttpClientConnectionManager - Connection [id: 44][route: {s}->https://petstore.swagger.io:443] can be kept alive indefinitely
08:01:26.814 [ForkJoinPool-1-worker-1] DEBUG org.apache.http.impl.conn.DefaultManagedHttpClientConnection - http-outgoing-44: set socket timeout to 0
08:01:26.814 [ForkJoinPool-1-worker-1] DEBUG org.apache.http.impl.conn.PoolingHttpClientConnectionManager - Connection released: [id: 44][route: {s}->https://petstore.swagger.io:443][total available: 1; route allocated: 1 of 5; total allocated: 1 of 10]
08:01:26.814 [ForkJoinPool-1-worker-1] DEBUG com.intuit.karate - response time in milliseconds: 1315.81
1 < 404
1 < Access-Control-Allow-Headers: Content-Type, api_key, Authorization
1 < Access-Control-Allow-Methods: GET, POST, DELETE, PUT
1 < Access-Control-Allow-Origin: *
1 < Connection: keep-alive
1 < Content-Type: application/json
1 < Date: Wed, 24 Aug 2022 11:01:26 GMT
1 < Server: Jetty(9.2.9.v20150224)
1 < Transfer-Encoding: chunked
{"code":404,"type":"unknown","message":"java.lang.NumberFormatException: For input string: \"%&*+\""}

08:01:26.815 [ForkJoinPool-1-worker-1] DEBUG com.jayway.jsonpath.internal.path.CompiledPath - Evaluating path: $
08:01:26.820 [ForkJoinPool-1-worker-1] DEBUG com.jayway.jsonpath.internal.path.CompiledPath - Evaluating path: $
08:01:26.820 [ForkJoinPool-1-worker-1] DEBUG com.jayway.jsonpath.internal.path.CompiledPath - Evaluating path: $
08:01:26.821 [ForkJoinPool-1-worker-1] DEBUG com.jayway.jsonpath.internal.path.CompiledPath - Evaluating path: $
08:01:26.821 [ForkJoinPool-1-worker-1] DEBUG com.jayway.jsonpath.internal.path.CompiledPath - Evaluating path: $
08:01:26.823 [ForkJoinPool-1-worker-1] DEBUG org.apache.http.client.protocol.RequestAddCookies - CookieSpec selected: karate
08:01:26.823 [ForkJoinPool-1-worker-1] DEBUG org.apache.http.client.protocol.RequestAuthCache - Auth cache not set in the context
08:01:26.823 [ForkJoinPool-1-worker-1] DEBUG com.intuit.karate - request:
1 > GET https://petstore.swagger.io/v2/pet/a
1 > Accept-Encoding: gzip,deflate
1 > Connection: Keep-Alive
1 > Host: petstore.swagger.io
1 > User-Agent: Apache-HttpClient/4.5.12 (Java/1.8.0_331)

08:01:26.823 [ForkJoinPool-1-worker-1] DEBUG org.apache.http.impl.conn.PoolingHttpClientConnectionManager - Connection request: [route: {s}->https://petstore.swagger.io:443][total available: 0; route allocated: 0 of 5; total allocated: 0 of 10]
08:01:26.823 [ForkJoinPool-1-worker-1] DEBUG org.apache.http.impl.conn.PoolingHttpClientConnectionManager - Connection leased: [id: 45][route: {s}->https://petstore.swagger.io:443][total available: 0; route allocated: 1 of 5; total allocated: 1 of 10]
08:01:26.824 [ForkJoinPool-1-worker-1] DEBUG org.apache.http.impl.execchain.MainClientExec - Opening connection {s}->https://petstore.swagger.io:443
08:01:26.824 [ForkJoinPool-1-worker-1] DEBUG org.apache.http.impl.conn.DefaultHttpClientConnectionOperator - Connecting to petstore.swagger.io/54.235.255.168:443
08:01:26.824 [ForkJoinPool-1-worker-1] DEBUG org.apache.http.conn.ssl.SSLConnectionSocketFactory - Connecting socket to petstore.swagger.io/54.235.255.168:443 with timeout 30000
08:01:27.120 [ForkJoinPool-1-worker-1] DEBUG org.apache.http.conn.ssl.SSLConnectionSocketFactory - Enabled protocols: [TLSv1.2]
08:01:27.120 [ForkJoinPool-1-worker-1] DEBUG org.apache.http.conn.ssl.SSLConnectionSocketFactory - Enabled cipher suites:[TLS_ECDHE_ECDSA_WITH_AES_256_GCM_SHA384, TLS_ECDHE_ECDSA_WITH_AES_128_GCM_SHA256, TLS_ECDHE_RSA_WITH_AES_256_GCM_SHA384, TLS_ECDHE_RSA_WITH_AES_128_GCM_SHA256, TLS_DHE_RSA_WITH_AES_256_GCM_SHA384, TLS_DHE_DSS_WITH_AES_256_GCM_SHA384, TLS_DHE_RSA_WITH_AES_128_GCM_SHA256, TLS_DHE_DSS_WITH_AES_128_GCM_SHA256, TLS_ECDHE_ECDSA_WITH_AES_256_CBC_SHA384, TLS_ECDHE_RSA_WITH_AES_256_CBC_SHA384, TLS_ECDHE_ECDSA_WITH_AES_128_CBC_SHA256, TLS_ECDHE_RSA_WITH_AES_128_CBC_SHA256, TLS_DHE_RSA_WITH_AES_256_CBC_SHA256, TLS_DHE_DSS_WITH_AES_256_CBC_SHA256, TLS_DHE_RSA_WITH_AES_128_CBC_SHA256, TLS_DHE_DSS_WITH_AES_128_CBC_SHA256, TLS_ECDH_ECDSA_WITH_AES_256_GCM_SHA384, TLS_ECDH_RSA_WITH_AES_256_GCM_SHA384, TLS_ECDH_ECDSA_WITH_AES_128_GCM_SHA256, TLS_ECDH_RSA_WITH_AES_128_GCM_SHA256, TLS_ECDH_ECDSA_WITH_AES_256_CBC_SHA384, TLS_ECDH_RSA_WITH_AES_256_CBC_SHA384, TLS_ECDH_ECDSA_WITH_AES_128_CBC_SHA256, TLS_ECDH_RSA_WITH_AES_128_CBC_SHA256, TLS_ECDHE_ECDSA_WITH_AES_256_CBC_SHA, TLS_ECDHE_RSA_WITH_AES_256_CBC_SHA, TLS_ECDHE_ECDSA_WITH_AES_128_CBC_SHA, TLS_ECDHE_RSA_WITH_AES_128_CBC_SHA, TLS_DHE_RSA_WITH_AES_256_CBC_SHA, TLS_DHE_DSS_WITH_AES_256_CBC_SHA, TLS_DHE_RSA_WITH_AES_128_CBC_SHA, TLS_DHE_DSS_WITH_AES_128_CBC_SHA, TLS_ECDH_ECDSA_WITH_AES_256_CBC_SHA, TLS_ECDH_RSA_WITH_AES_256_CBC_SHA, TLS_ECDH_ECDSA_WITH_AES_128_CBC_SHA, TLS_ECDH_RSA_WITH_AES_128_CBC_SHA, TLS_RSA_WITH_AES_256_GCM_SHA384, TLS_RSA_WITH_AES_128_GCM_SHA256, TLS_RSA_WITH_AES_256_CBC_SHA256, TLS_RSA_WITH_AES_128_CBC_SHA256, TLS_RSA_WITH_AES_256_CBC_SHA, TLS_RSA_WITH_AES_128_CBC_SHA, TLS_EMPTY_RENEGOTIATION_INFO_SCSV]
08:01:27.120 [ForkJoinPool-1-worker-1] DEBUG org.apache.http.conn.ssl.SSLConnectionSocketFactory - Starting handshake
08:01:27.735 [ForkJoinPool-1-worker-1] DEBUG org.apache.http.conn.ssl.SSLConnectionSocketFactory - Secure session established
08:01:27.735 [ForkJoinPool-1-worker-1] DEBUG org.apache.http.conn.ssl.SSLConnectionSocketFactory -  negotiated protocol: TLSv1.2
08:01:27.735 [ForkJoinPool-1-worker-1] DEBUG org.apache.http.conn.ssl.SSLConnectionSocketFactory -  negotiated cipher suite: TLS_ECDHE_RSA_WITH_AES_128_GCM_SHA256
08:01:27.735 [ForkJoinPool-1-worker-1] DEBUG org.apache.http.conn.ssl.SSLConnectionSocketFactory -  peer principal: CN=*.swagger.io
08:01:27.735 [ForkJoinPool-1-worker-1] DEBUG org.apache.http.conn.ssl.SSLConnectionSocketFactory -  peer alternative names: [*.swagger.io]
08:01:27.735 [ForkJoinPool-1-worker-1] DEBUG org.apache.http.conn.ssl.SSLConnectionSocketFactory -  issuer principal: CN=Amazon, OU=Server CA 1B, O=Amazon, C=US
08:01:27.735 [ForkJoinPool-1-worker-1] DEBUG org.apache.http.impl.conn.DefaultHttpClientConnectionOperator - Connection established 192.168.2.247:43160<->54.235.255.168:443
08:01:27.735 [ForkJoinPool-1-worker-1] DEBUG org.apache.http.impl.conn.DefaultManagedHttpClientConnection - http-outgoing-45: set socket timeout to 30000
08:01:27.735 [ForkJoinPool-1-worker-1] DEBUG org.apache.http.impl.execchain.MainClientExec - Executing request GET /v2/pet/a HTTP/1.1
08:01:27.736 [ForkJoinPool-1-worker-1] DEBUG org.apache.http.impl.execchain.MainClientExec - Target auth state: UNCHALLENGED
08:01:27.736 [ForkJoinPool-1-worker-1] DEBUG org.apache.http.impl.execchain.MainClientExec - Proxy auth state: UNCHALLENGED
08:01:27.736 [ForkJoinPool-1-worker-1] DEBUG org.apache.http.headers - http-outgoing-45 >> GET /v2/pet/a HTTP/1.1
08:01:27.736 [ForkJoinPool-1-worker-1] DEBUG org.apache.http.headers - http-outgoing-45 >> Host: petstore.swagger.io
08:01:27.736 [ForkJoinPool-1-worker-1] DEBUG org.apache.http.headers - http-outgoing-45 >> Connection: Keep-Alive
08:01:27.736 [ForkJoinPool-1-worker-1] DEBUG org.apache.http.headers - http-outgoing-45 >> User-Agent: Apache-HttpClient/4.5.12 (Java/1.8.0_331)
08:01:27.736 [ForkJoinPool-1-worker-1] DEBUG org.apache.http.headers - http-outgoing-45 >> Accept-Encoding: gzip,deflate
08:01:27.736 [ForkJoinPool-1-worker-1] DEBUG org.apache.http.wire - http-outgoing-45 >> "GET /v2/pet/a HTTP/1.1[\r][\n]"
08:01:27.736 [ForkJoinPool-1-worker-1] DEBUG org.apache.http.wire - http-outgoing-45 >> "Host: petstore.swagger.io[\r][\n]"
08:01:27.736 [ForkJoinPool-1-worker-1] DEBUG org.apache.http.wire - http-outgoing-45 >> "Connection: Keep-Alive[\r][\n]"
08:01:27.736 [ForkJoinPool-1-worker-1] DEBUG org.apache.http.wire - http-outgoing-45 >> "User-Agent: Apache-HttpClient/4.5.12 (Java/1.8.0_331)[\r][\n]"
08:01:27.736 [ForkJoinPool-1-worker-1] DEBUG org.apache.http.wire - http-outgoing-45 >> "Accept-Encoding: gzip,deflate[\r][\n]"
08:01:27.736 [ForkJoinPool-1-worker-1] DEBUG org.apache.http.wire - http-outgoing-45 >> "[\r][\n]"
08:01:28.043 [ForkJoinPool-1-worker-1] DEBUG org.apache.http.wire - http-outgoing-45 << "HTTP/1.1 404 Not Found[\r][\n]"
08:01:28.043 [ForkJoinPool-1-worker-1] DEBUG org.apache.http.wire - http-outgoing-45 << "Date: Wed, 24 Aug 2022 11:01:27 GMT[\r][\n]"
08:01:28.043 [ForkJoinPool-1-worker-1] DEBUG org.apache.http.wire - http-outgoing-45 << "Content-Type: application/json[\r][\n]"
08:01:28.043 [ForkJoinPool-1-worker-1] DEBUG org.apache.http.wire - http-outgoing-45 << "Transfer-Encoding: chunked[\r][\n]"
08:01:28.043 [ForkJoinPool-1-worker-1] DEBUG org.apache.http.wire - http-outgoing-45 << "Connection: keep-alive[\r][\n]"
08:01:28.043 [ForkJoinPool-1-worker-1] DEBUG org.apache.http.wire - http-outgoing-45 << "Access-Control-Allow-Origin: *[\r][\n]"
08:01:28.043 [ForkJoinPool-1-worker-1] DEBUG org.apache.http.wire - http-outgoing-45 << "Access-Control-Allow-Methods: GET, POST, DELETE, PUT[\r][\n]"
08:01:28.043 [ForkJoinPool-1-worker-1] DEBUG org.apache.http.wire - http-outgoing-45 << "Access-Control-Allow-Headers: Content-Type, api_key, Authorization[\r][\n]"
08:01:28.043 [ForkJoinPool-1-worker-1] DEBUG org.apache.http.wire - http-outgoing-45 << "Server: Jetty(9.2.9.v20150224)[\r][\n]"
08:01:28.043 [ForkJoinPool-1-worker-1] DEBUG org.apache.http.wire - http-outgoing-45 << "[\r][\n]"
08:01:28.043 [ForkJoinPool-1-worker-1] DEBUG org.apache.http.wire - http-outgoing-45 << "62[\r][\n]"
08:01:28.043 [ForkJoinPool-1-worker-1] DEBUG org.apache.http.wire - http-outgoing-45 << "{"code":404,"type":"unknown","message":"java.lang.NumberFormatException: For input string: \"a\""}[\r][\n]"
08:01:28.043 [ForkJoinPool-1-worker-1] DEBUG org.apache.http.headers - http-outgoing-45 << HTTP/1.1 404 Not Found
08:01:28.044 [ForkJoinPool-1-worker-1] DEBUG org.apache.http.headers - http-outgoing-45 << Date: Wed, 24 Aug 2022 11:01:27 GMT
08:01:28.044 [ForkJoinPool-1-worker-1] DEBUG org.apache.http.headers - http-outgoing-45 << Content-Type: application/json
08:01:28.044 [ForkJoinPool-1-worker-1] DEBUG org.apache.http.headers - http-outgoing-45 << Transfer-Encoding: chunked
08:01:28.044 [ForkJoinPool-1-worker-1] DEBUG org.apache.http.headers - http-outgoing-45 << Connection: keep-alive
08:01:28.044 [ForkJoinPool-1-worker-1] DEBUG org.apache.http.headers - http-outgoing-45 << Access-Control-Allow-Origin: *
08:01:28.044 [ForkJoinPool-1-worker-1] DEBUG org.apache.http.headers - http-outgoing-45 << Access-Control-Allow-Methods: GET, POST, DELETE, PUT
08:01:28.044 [ForkJoinPool-1-worker-1] DEBUG org.apache.http.headers - http-outgoing-45 << Access-Control-Allow-Headers: Content-Type, api_key, Authorization
08:01:28.044 [ForkJoinPool-1-worker-1] DEBUG org.apache.http.headers - http-outgoing-45 << Server: Jetty(9.2.9.v20150224)
08:01:28.044 [ForkJoinPool-1-worker-1] DEBUG org.apache.http.impl.execchain.MainClientExec - Connection can be kept alive indefinitely
08:01:28.044 [ForkJoinPool-1-worker-1] DEBUG org.apache.http.wire - http-outgoing-45 << "0[\r][\n]"
08:01:28.044 [ForkJoinPool-1-worker-1] DEBUG org.apache.http.wire - http-outgoing-45 << "[\r][\n]"
08:01:28.044 [ForkJoinPool-1-worker-1] DEBUG org.apache.http.impl.conn.PoolingHttpClientConnectionManager - Connection [id: 45][route: {s}->https://petstore.swagger.io:443] can be kept alive indefinitely
08:01:28.044 [ForkJoinPool-1-worker-1] DEBUG org.apache.http.impl.conn.DefaultManagedHttpClientConnection - http-outgoing-45: set socket timeout to 0
08:01:28.044 [ForkJoinPool-1-worker-1] DEBUG org.apache.http.impl.conn.PoolingHttpClientConnectionManager - Connection released: [id: 45][route: {s}->https://petstore.swagger.io:443][total available: 1; route allocated: 1 of 5; total allocated: 1 of 10]
08:01:28.044 [ForkJoinPool-1-worker-1] DEBUG com.intuit.karate - response time in milliseconds: 1220.46
1 < 404
1 < Access-Control-Allow-Headers: Content-Type, api_key, Authorization
1 < Access-Control-Allow-Methods: GET, POST, DELETE, PUT
1 < Access-Control-Allow-Origin: *
1 < Connection: keep-alive
1 < Content-Type: application/json
1 < Date: Wed, 24 Aug 2022 11:01:27 GMT
1 < Server: Jetty(9.2.9.v20150224)
1 < Transfer-Encoding: chunked
{"code":404,"type":"unknown","message":"java.lang.NumberFormatException: For input string: \"a\""}

08:01:28.045 [ForkJoinPool-1-worker-1] DEBUG com.jayway.jsonpath.internal.path.CompiledPath - Evaluating path: $
08:01:28.048 [ForkJoinPool-1-worker-1] DEBUG com.jayway.jsonpath.internal.path.CompiledPath - Evaluating path: $
08:01:28.048 [ForkJoinPool-1-worker-1] DEBUG com.jayway.jsonpath.internal.path.CompiledPath - Evaluating path: $
08:01:28.050 [ForkJoinPool-1-worker-1] DEBUG com.jayway.jsonpath.internal.path.CompiledPath - Evaluating path: $
08:01:28.050 [ForkJoinPool-1-worker-1] DEBUG com.jayway.jsonpath.internal.path.CompiledPath - Evaluating path: $
08:01:28.052 [ForkJoinPool-1-worker-1] DEBUG org.apache.http.client.protocol.RequestAddCookies - CookieSpec selected: karate
08:01:28.052 [ForkJoinPool-1-worker-1] DEBUG org.apache.http.client.protocol.RequestAuthCache - Auth cache not set in the context
08:01:28.052 [ForkJoinPool-1-worker-1] DEBUG com.intuit.karate - request:
1 > GET https://petstore.swagger.io/v2/pet/A
1 > Accept-Encoding: gzip,deflate
1 > Connection: Keep-Alive
1 > Host: petstore.swagger.io
1 > User-Agent: Apache-HttpClient/4.5.12 (Java/1.8.0_331)

08:01:28.052 [ForkJoinPool-1-worker-1] DEBUG org.apache.http.impl.conn.PoolingHttpClientConnectionManager - Connection request: [route: {s}->https://petstore.swagger.io:443][total available: 0; route allocated: 0 of 5; total allocated: 0 of 10]
08:01:28.052 [ForkJoinPool-1-worker-1] DEBUG org.apache.http.impl.conn.PoolingHttpClientConnectionManager - Connection leased: [id: 46][route: {s}->https://petstore.swagger.io:443][total available: 0; route allocated: 1 of 5; total allocated: 1 of 10]
08:01:28.052 [ForkJoinPool-1-worker-1] DEBUG org.apache.http.impl.execchain.MainClientExec - Opening connection {s}->https://petstore.swagger.io:443
08:01:28.052 [ForkJoinPool-1-worker-1] DEBUG org.apache.http.impl.conn.DefaultHttpClientConnectionOperator - Connecting to petstore.swagger.io/54.235.255.168:443
08:01:28.052 [ForkJoinPool-1-worker-1] DEBUG org.apache.http.conn.ssl.SSLConnectionSocketFactory - Connecting socket to petstore.swagger.io/54.235.255.168:443 with timeout 30000
08:01:28.348 [ForkJoinPool-1-worker-1] DEBUG org.apache.http.conn.ssl.SSLConnectionSocketFactory - Enabled protocols: [TLSv1.2]
08:01:28.348 [ForkJoinPool-1-worker-1] DEBUG org.apache.http.conn.ssl.SSLConnectionSocketFactory - Enabled cipher suites:[TLS_ECDHE_ECDSA_WITH_AES_256_GCM_SHA384, TLS_ECDHE_ECDSA_WITH_AES_128_GCM_SHA256, TLS_ECDHE_RSA_WITH_AES_256_GCM_SHA384, TLS_ECDHE_RSA_WITH_AES_128_GCM_SHA256, TLS_DHE_RSA_WITH_AES_256_GCM_SHA384, TLS_DHE_DSS_WITH_AES_256_GCM_SHA384, TLS_DHE_RSA_WITH_AES_128_GCM_SHA256, TLS_DHE_DSS_WITH_AES_128_GCM_SHA256, TLS_ECDHE_ECDSA_WITH_AES_256_CBC_SHA384, TLS_ECDHE_RSA_WITH_AES_256_CBC_SHA384, TLS_ECDHE_ECDSA_WITH_AES_128_CBC_SHA256, TLS_ECDHE_RSA_WITH_AES_128_CBC_SHA256, TLS_DHE_RSA_WITH_AES_256_CBC_SHA256, TLS_DHE_DSS_WITH_AES_256_CBC_SHA256, TLS_DHE_RSA_WITH_AES_128_CBC_SHA256, TLS_DHE_DSS_WITH_AES_128_CBC_SHA256, TLS_ECDH_ECDSA_WITH_AES_256_GCM_SHA384, TLS_ECDH_RSA_WITH_AES_256_GCM_SHA384, TLS_ECDH_ECDSA_WITH_AES_128_GCM_SHA256, TLS_ECDH_RSA_WITH_AES_128_GCM_SHA256, TLS_ECDH_ECDSA_WITH_AES_256_CBC_SHA384, TLS_ECDH_RSA_WITH_AES_256_CBC_SHA384, TLS_ECDH_ECDSA_WITH_AES_128_CBC_SHA256, TLS_ECDH_RSA_WITH_AES_128_CBC_SHA256, TLS_ECDHE_ECDSA_WITH_AES_256_CBC_SHA, TLS_ECDHE_RSA_WITH_AES_256_CBC_SHA, TLS_ECDHE_ECDSA_WITH_AES_128_CBC_SHA, TLS_ECDHE_RSA_WITH_AES_128_CBC_SHA, TLS_DHE_RSA_WITH_AES_256_CBC_SHA, TLS_DHE_DSS_WITH_AES_256_CBC_SHA, TLS_DHE_RSA_WITH_AES_128_CBC_SHA, TLS_DHE_DSS_WITH_AES_128_CBC_SHA, TLS_ECDH_ECDSA_WITH_AES_256_CBC_SHA, TLS_ECDH_RSA_WITH_AES_256_CBC_SHA, TLS_ECDH_ECDSA_WITH_AES_128_CBC_SHA, TLS_ECDH_RSA_WITH_AES_128_CBC_SHA, TLS_RSA_WITH_AES_256_GCM_SHA384, TLS_RSA_WITH_AES_128_GCM_SHA256, TLS_RSA_WITH_AES_256_CBC_SHA256, TLS_RSA_WITH_AES_128_CBC_SHA256, TLS_RSA_WITH_AES_256_CBC_SHA, TLS_RSA_WITH_AES_128_CBC_SHA, TLS_EMPTY_RENEGOTIATION_INFO_SCSV]
08:01:28.348 [ForkJoinPool-1-worker-1] DEBUG org.apache.http.conn.ssl.SSLConnectionSocketFactory - Starting handshake
08:01:28.667 [Finalizer] DEBUG org.apache.http.impl.conn.PoolingHttpClientConnectionManager - Connection manager is shutting down
08:01:28.667 [Finalizer] DEBUG org.apache.http.impl.conn.DefaultManagedHttpClientConnection - http-outgoing-34: Close connection
08:01:28.669 [Finalizer] DEBUG org.apache.http.impl.conn.PoolingHttpClientConnectionManager - Connection manager shut down
08:01:28.669 [Finalizer] DEBUG org.apache.http.impl.conn.PoolingHttpClientConnectionManager - Connection manager is shutting down
08:01:28.669 [Finalizer] DEBUG org.apache.http.impl.conn.DefaultManagedHttpClientConnection - http-outgoing-25: Close connection
08:01:28.670 [Finalizer] DEBUG org.apache.http.impl.conn.PoolingHttpClientConnectionManager - Connection manager shut down
08:01:28.673 [Finalizer] DEBUG org.apache.http.impl.conn.PoolingHttpClientConnectionManager - Connection manager is shutting down
08:01:28.673 [Finalizer] DEBUG org.apache.http.impl.conn.DefaultManagedHttpClientConnection - http-outgoing-24: Close connection
08:01:28.673 [Finalizer] DEBUG org.apache.http.impl.conn.PoolingHttpClientConnectionManager - Connection manager shut down
08:01:28.678 [Finalizer] DEBUG org.apache.http.impl.conn.PoolingHttpClientConnectionManager - Connection manager is shutting down
08:01:28.678 [Finalizer] DEBUG org.apache.http.impl.conn.DefaultManagedHttpClientConnection - http-outgoing-28: Close connection
08:01:28.678 [Finalizer] DEBUG org.apache.http.impl.conn.PoolingHttpClientConnectionManager - Connection manager shut down
08:01:28.681 [Finalizer] DEBUG org.apache.http.impl.conn.PoolingHttpClientConnectionManager - Connection manager is shutting down
08:01:28.681 [Finalizer] DEBUG org.apache.http.impl.conn.DefaultManagedHttpClientConnection - http-outgoing-27: Close connection
08:01:28.681 [Finalizer] DEBUG org.apache.http.impl.conn.PoolingHttpClientConnectionManager - Connection manager shut down
08:01:28.682 [Finalizer] DEBUG org.apache.http.impl.conn.PoolingHttpClientConnectionManager - Connection manager is shutting down
08:01:28.682 [Finalizer] DEBUG org.apache.http.impl.conn.DefaultManagedHttpClientConnection - http-outgoing-26: Close connection
08:01:28.682 [Finalizer] DEBUG org.apache.http.impl.conn.PoolingHttpClientConnectionManager - Connection manager shut down
08:01:28.682 [Finalizer] DEBUG org.apache.http.impl.conn.PoolingHttpClientConnectionManager - Connection manager is shutting down
08:01:28.682 [Finalizer] DEBUG org.apache.http.impl.conn.DefaultManagedHttpClientConnection - http-outgoing-31: Close connection
08:01:28.682 [Finalizer] DEBUG org.apache.http.impl.conn.PoolingHttpClientConnectionManager - Connection manager shut down
08:01:28.683 [Finalizer] DEBUG org.apache.http.impl.conn.PoolingHttpClientConnectionManager - Connection manager is shutting down
08:01:28.683 [Finalizer] DEBUG org.apache.http.impl.conn.DefaultManagedHttpClientConnection - http-outgoing-30: Close connection
08:01:28.683 [Finalizer] DEBUG org.apache.http.impl.conn.PoolingHttpClientConnectionManager - Connection manager shut down
08:01:28.683 [Finalizer] DEBUG org.apache.http.impl.conn.PoolingHttpClientConnectionManager - Connection manager is shutting down
08:01:28.683 [Finalizer] DEBUG org.apache.http.impl.conn.DefaultManagedHttpClientConnection - http-outgoing-29: Close connection
08:01:28.683 [Finalizer] DEBUG org.apache.http.impl.conn.PoolingHttpClientConnectionManager - Connection manager shut down
08:01:28.684 [Finalizer] DEBUG org.apache.http.impl.conn.PoolingHttpClientConnectionManager - Connection manager is shutting down
08:01:28.684 [Finalizer] DEBUG org.apache.http.impl.conn.DefaultManagedHttpClientConnection - http-outgoing-33: Close connection
08:01:28.684 [Finalizer] DEBUG org.apache.http.impl.conn.PoolingHttpClientConnectionManager - Connection manager shut down
08:01:28.684 [Finalizer] DEBUG org.apache.http.impl.conn.PoolingHttpClientConnectionManager - Connection manager is shutting down
08:01:28.684 [Finalizer] DEBUG org.apache.http.impl.conn.DefaultManagedHttpClientConnection - http-outgoing-32: Close connection
08:01:28.684 [Finalizer] DEBUG org.apache.http.impl.conn.PoolingHttpClientConnectionManager - Connection manager shut down
08:01:28.685 [Finalizer] DEBUG org.apache.http.impl.conn.PoolingHttpClientConnectionManager - Connection manager is shutting down
08:01:28.685 [Finalizer] DEBUG org.apache.http.impl.conn.DefaultManagedHttpClientConnection - http-outgoing-45: Close connection
08:01:28.685 [Finalizer] DEBUG org.apache.http.impl.conn.PoolingHttpClientConnectionManager - Connection manager shut down
08:01:28.685 [Finalizer] DEBUG org.apache.http.impl.conn.PoolingHttpClientConnectionManager - Connection manager is shutting down
08:01:28.686 [Finalizer] DEBUG org.apache.http.impl.conn.DefaultManagedHttpClientConnection - http-outgoing-44: Close connection
08:01:28.686 [Finalizer] DEBUG org.apache.http.impl.conn.PoolingHttpClientConnectionManager - Connection manager shut down
08:01:28.686 [Finalizer] DEBUG org.apache.http.impl.conn.PoolingHttpClientConnectionManager - Connection manager is shutting down
08:01:28.686 [Finalizer] DEBUG org.apache.http.impl.conn.DefaultManagedHttpClientConnection - http-outgoing-37: Close connection
08:01:28.686 [Finalizer] DEBUG org.apache.http.impl.conn.PoolingHttpClientConnectionManager - Connection manager shut down
08:01:28.687 [Finalizer] DEBUG org.apache.http.impl.conn.PoolingHttpClientConnectionManager - Connection manager is shutting down
08:01:28.687 [Finalizer] DEBUG org.apache.http.impl.conn.DefaultManagedHttpClientConnection - http-outgoing-36: Close connection
08:01:28.687 [Finalizer] DEBUG org.apache.http.impl.conn.PoolingHttpClientConnectionManager - Connection manager shut down
08:01:28.688 [Finalizer] DEBUG org.apache.http.impl.conn.PoolingHttpClientConnectionManager - Connection manager is shutting down
08:01:28.688 [Finalizer] DEBUG org.apache.http.impl.conn.DefaultManagedHttpClientConnection - http-outgoing-35: Close connection
08:01:28.688 [Finalizer] DEBUG org.apache.http.impl.conn.PoolingHttpClientConnectionManager - Connection manager shut down
08:01:28.688 [Finalizer] DEBUG org.apache.http.impl.conn.PoolingHttpClientConnectionManager - Connection manager is shutting down
08:01:28.688 [Finalizer] DEBUG org.apache.http.impl.conn.DefaultManagedHttpClientConnection - http-outgoing-40: Close connection
08:01:28.689 [Finalizer] DEBUG org.apache.http.impl.conn.PoolingHttpClientConnectionManager - Connection manager shut down
08:01:28.689 [Finalizer] DEBUG org.apache.http.impl.conn.PoolingHttpClientConnectionManager - Connection manager is shutting down
08:01:28.689 [Finalizer] DEBUG org.apache.http.impl.conn.DefaultManagedHttpClientConnection - http-outgoing-39: Close connection
08:01:28.689 [Finalizer] DEBUG org.apache.http.impl.conn.PoolingHttpClientConnectionManager - Connection manager shut down
08:01:28.690 [Finalizer] DEBUG org.apache.http.impl.conn.PoolingHttpClientConnectionManager - Connection manager is shutting down
08:01:28.690 [Finalizer] DEBUG org.apache.http.impl.conn.DefaultManagedHttpClientConnection - http-outgoing-38: Close connection
08:01:28.690 [Finalizer] DEBUG org.apache.http.impl.conn.PoolingHttpClientConnectionManager - Connection manager shut down
08:01:28.690 [Finalizer] DEBUG org.apache.http.impl.conn.PoolingHttpClientConnectionManager - Connection manager is shutting down
08:01:28.690 [Finalizer] DEBUG org.apache.http.impl.conn.DefaultManagedHttpClientConnection - http-outgoing-43: Close connection
08:01:28.690 [Finalizer] DEBUG org.apache.http.impl.conn.PoolingHttpClientConnectionManager - Connection manager shut down
08:01:28.691 [Finalizer] DEBUG org.apache.http.impl.conn.PoolingHttpClientConnectionManager - Connection manager is shutting down
08:01:28.691 [Finalizer] DEBUG org.apache.http.impl.conn.DefaultManagedHttpClientConnection - http-outgoing-42: Close connection
08:01:28.691 [Finalizer] DEBUG org.apache.http.impl.conn.PoolingHttpClientConnectionManager - Connection manager shut down
08:01:28.691 [Finalizer] DEBUG org.apache.http.impl.conn.PoolingHttpClientConnectionManager - Connection manager is shutting down
08:01:28.691 [Finalizer] DEBUG org.apache.http.impl.conn.DefaultManagedHttpClientConnection - http-outgoing-41: Close connection
08:01:28.691 [Finalizer] DEBUG org.apache.http.impl.conn.PoolingHttpClientConnectionManager - Connection manager shut down
08:01:28.963 [ForkJoinPool-1-worker-1] DEBUG org.apache.http.conn.ssl.SSLConnectionSocketFactory - Secure session established
08:01:28.963 [ForkJoinPool-1-worker-1] DEBUG org.apache.http.conn.ssl.SSLConnectionSocketFactory -  negotiated protocol: TLSv1.2
08:01:28.963 [ForkJoinPool-1-worker-1] DEBUG org.apache.http.conn.ssl.SSLConnectionSocketFactory -  negotiated cipher suite: TLS_ECDHE_RSA_WITH_AES_128_GCM_SHA256
08:01:28.963 [ForkJoinPool-1-worker-1] DEBUG org.apache.http.conn.ssl.SSLConnectionSocketFactory -  peer principal: CN=*.swagger.io
08:01:28.963 [ForkJoinPool-1-worker-1] DEBUG org.apache.http.conn.ssl.SSLConnectionSocketFactory -  peer alternative names: [*.swagger.io]
08:01:28.963 [ForkJoinPool-1-worker-1] DEBUG org.apache.http.conn.ssl.SSLConnectionSocketFactory -  issuer principal: CN=Amazon, OU=Server CA 1B, O=Amazon, C=US
08:01:28.964 [ForkJoinPool-1-worker-1] DEBUG org.apache.http.impl.conn.DefaultHttpClientConnectionOperator - Connection established 192.168.2.247:43162<->54.235.255.168:443
08:01:28.964 [ForkJoinPool-1-worker-1] DEBUG org.apache.http.impl.conn.DefaultManagedHttpClientConnection - http-outgoing-46: set socket timeout to 30000
08:01:28.964 [ForkJoinPool-1-worker-1] DEBUG org.apache.http.impl.execchain.MainClientExec - Executing request GET /v2/pet/A HTTP/1.1
08:01:28.964 [ForkJoinPool-1-worker-1] DEBUG org.apache.http.impl.execchain.MainClientExec - Target auth state: UNCHALLENGED
08:01:28.964 [ForkJoinPool-1-worker-1] DEBUG org.apache.http.impl.execchain.MainClientExec - Proxy auth state: UNCHALLENGED
08:01:28.964 [ForkJoinPool-1-worker-1] DEBUG org.apache.http.headers - http-outgoing-46 >> GET /v2/pet/A HTTP/1.1
08:01:28.964 [ForkJoinPool-1-worker-1] DEBUG org.apache.http.headers - http-outgoing-46 >> Host: petstore.swagger.io
08:01:28.964 [ForkJoinPool-1-worker-1] DEBUG org.apache.http.headers - http-outgoing-46 >> Connection: Keep-Alive
08:01:28.964 [ForkJoinPool-1-worker-1] DEBUG org.apache.http.headers - http-outgoing-46 >> User-Agent: Apache-HttpClient/4.5.12 (Java/1.8.0_331)
08:01:28.964 [ForkJoinPool-1-worker-1] DEBUG org.apache.http.headers - http-outgoing-46 >> Accept-Encoding: gzip,deflate
08:01:28.964 [ForkJoinPool-1-worker-1] DEBUG org.apache.http.wire - http-outgoing-46 >> "GET /v2/pet/A HTTP/1.1[\r][\n]"
08:01:28.964 [ForkJoinPool-1-worker-1] DEBUG org.apache.http.wire - http-outgoing-46 >> "Host: petstore.swagger.io[\r][\n]"
08:01:28.964 [ForkJoinPool-1-worker-1] DEBUG org.apache.http.wire - http-outgoing-46 >> "Connection: Keep-Alive[\r][\n]"
08:01:28.964 [ForkJoinPool-1-worker-1] DEBUG org.apache.http.wire - http-outgoing-46 >> "User-Agent: Apache-HttpClient/4.5.12 (Java/1.8.0_331)[\r][\n]"
08:01:28.964 [ForkJoinPool-1-worker-1] DEBUG org.apache.http.wire - http-outgoing-46 >> "Accept-Encoding: gzip,deflate[\r][\n]"
08:01:28.964 [ForkJoinPool-1-worker-1] DEBUG org.apache.http.wire - http-outgoing-46 >> "[\r][\n]"
08:01:29.272 [ForkJoinPool-1-worker-1] DEBUG org.apache.http.wire - http-outgoing-46 << "HTTP/1.1 404 Not Found[\r][\n]"
08:01:29.272 [ForkJoinPool-1-worker-1] DEBUG org.apache.http.wire - http-outgoing-46 << "Date: Wed, 24 Aug 2022 11:01:29 GMT[\r][\n]"
08:01:29.272 [ForkJoinPool-1-worker-1] DEBUG org.apache.http.wire - http-outgoing-46 << "Content-Type: application/json[\r][\n]"
08:01:29.272 [ForkJoinPool-1-worker-1] DEBUG org.apache.http.wire - http-outgoing-46 << "Transfer-Encoding: chunked[\r][\n]"
08:01:29.272 [ForkJoinPool-1-worker-1] DEBUG org.apache.http.wire - http-outgoing-46 << "Connection: keep-alive[\r][\n]"
08:01:29.272 [ForkJoinPool-1-worker-1] DEBUG org.apache.http.wire - http-outgoing-46 << "Access-Control-Allow-Origin: *[\r][\n]"
08:01:29.272 [ForkJoinPool-1-worker-1] DEBUG org.apache.http.wire - http-outgoing-46 << "Access-Control-Allow-Methods: GET, POST, DELETE, PUT[\r][\n]"
08:01:29.272 [ForkJoinPool-1-worker-1] DEBUG org.apache.http.wire - http-outgoing-46 << "Access-Control-Allow-Headers: Content-Type, api_key, Authorization[\r][\n]"
08:01:29.272 [ForkJoinPool-1-worker-1] DEBUG org.apache.http.wire - http-outgoing-46 << "Server: Jetty(9.2.9.v20150224)[\r][\n]"
08:01:29.272 [ForkJoinPool-1-worker-1] DEBUG org.apache.http.wire - http-outgoing-46 << "[\r][\n]"
08:01:29.272 [ForkJoinPool-1-worker-1] DEBUG org.apache.http.wire - http-outgoing-46 << "62[\r][\n]"
08:01:29.272 [ForkJoinPool-1-worker-1] DEBUG org.apache.http.wire - http-outgoing-46 << "{"code":404,"type":"unknown","message":"java.lang.NumberFormatException: For input string: \"A\""}[\r][\n]"
08:01:29.272 [ForkJoinPool-1-worker-1] DEBUG org.apache.http.headers - http-outgoing-46 << HTTP/1.1 404 Not Found
08:01:29.272 [ForkJoinPool-1-worker-1] DEBUG org.apache.http.headers - http-outgoing-46 << Date: Wed, 24 Aug 2022 11:01:29 GMT
08:01:29.272 [ForkJoinPool-1-worker-1] DEBUG org.apache.http.headers - http-outgoing-46 << Content-Type: application/json
08:01:29.272 [ForkJoinPool-1-worker-1] DEBUG org.apache.http.headers - http-outgoing-46 << Transfer-Encoding: chunked
08:01:29.272 [ForkJoinPool-1-worker-1] DEBUG org.apache.http.headers - http-outgoing-46 << Connection: keep-alive
08:01:29.272 [ForkJoinPool-1-worker-1] DEBUG org.apache.http.headers - http-outgoing-46 << Access-Control-Allow-Origin: *
08:01:29.272 [ForkJoinPool-1-worker-1] DEBUG org.apache.http.headers - http-outgoing-46 << Access-Control-Allow-Methods: GET, POST, DELETE, PUT
08:01:29.272 [ForkJoinPool-1-worker-1] DEBUG org.apache.http.headers - http-outgoing-46 << Access-Control-Allow-Headers: Content-Type, api_key, Authorization
08:01:29.272 [ForkJoinPool-1-worker-1] DEBUG org.apache.http.headers - http-outgoing-46 << Server: Jetty(9.2.9.v20150224)
08:01:29.272 [ForkJoinPool-1-worker-1] DEBUG org.apache.http.impl.execchain.MainClientExec - Connection can be kept alive indefinitely
08:01:29.273 [ForkJoinPool-1-worker-1] DEBUG org.apache.http.wire - http-outgoing-46 << "0[\r][\n]"
08:01:29.273 [ForkJoinPool-1-worker-1] DEBUG org.apache.http.wire - http-outgoing-46 << "[\r][\n]"
08:01:29.273 [ForkJoinPool-1-worker-1] DEBUG org.apache.http.impl.conn.PoolingHttpClientConnectionManager - Connection [id: 46][route: {s}->https://petstore.swagger.io:443] can be kept alive indefinitely
08:01:29.273 [ForkJoinPool-1-worker-1] DEBUG org.apache.http.impl.conn.DefaultManagedHttpClientConnection - http-outgoing-46: set socket timeout to 0
08:01:29.273 [ForkJoinPool-1-worker-1] DEBUG org.apache.http.impl.conn.PoolingHttpClientConnectionManager - Connection released: [id: 46][route: {s}->https://petstore.swagger.io:443][total available: 1; route allocated: 1 of 5; total allocated: 1 of 10]
08:01:29.273 [ForkJoinPool-1-worker-1] DEBUG com.intuit.karate - response time in milliseconds: 1220.38
1 < 404
1 < Access-Control-Allow-Headers: Content-Type, api_key, Authorization
1 < Access-Control-Allow-Methods: GET, POST, DELETE, PUT
1 < Access-Control-Allow-Origin: *
1 < Connection: keep-alive
1 < Content-Type: application/json
1 < Date: Wed, 24 Aug 2022 11:01:29 GMT
1 < Server: Jetty(9.2.9.v20150224)
1 < Transfer-Encoding: chunked
{"code":404,"type":"unknown","message":"java.lang.NumberFormatException: For input string: \"A\""}

08:01:29.274 [ForkJoinPool-1-worker-1] DEBUG com.jayway.jsonpath.internal.path.CompiledPath - Evaluating path: $
08:01:29.279 [pool-1-thread-1] INFO com.intuit.karate.Runner - <<pass>> feature 4 of 4: classpath:karate/request/2FilterPetsById.feature
---------------------------------------------------------
feature: classpath:karate/request/2FilterPetsById.feature
report: target/surefire-reports/karate.request.2FilterPetsById.json
scenarios:  6 | passed:  6 | failed:  0 | time: 7.3772
---------------------------------------------------------

HTML report: (paste into browser to view) | Karate version: 0.9.6
file:/home/mati/Desktop/newbuck/PetStore-proyect-with-postman/petStoreKarate/petStoreKarate/target/surefire-reports/karate-summary.html
===================================================================

Karate version: 0.9.6
======================================================
elapsed:  57.06 | threads:    1 | thread time: 54.52 
features:     4 | ignored:    0 | efficiency: 0.96
scenarios:   47 | passed:    46 | failed: 1
======================================================
failed features:
karate.request.4DeletesPet: 4DeletesPet.feature:13 - status code was: 404, expected: 200, response time: 1196, url: https://petstore.swagger.io/v2/pet/9, response: 

08:01:30.174 [Finalizer] DEBUG org.apache.http.impl.conn.PoolingHttpClientConnectionManager - Connection manager is shutting down
08:01:30.174 [Finalizer] DEBUG org.apache.http.impl.conn.DefaultManagedHttpClientConnection - http-outgoing-46: Close connection
08:01:30.175 [Finalizer] DEBUG org.apache.http.impl.conn.PoolingHttpClientConnectionManager - Connection manager shut down
08:01:30.408 [main] DEBUG org.apache.velocity - CommonsLogLogChute name is 'org.apache.velocity'
08:01:30.408 [main] DEBUG org.apache.velocity - Initializing Velocity, Calling init()...
08:01:30.408 [main] DEBUG org.apache.velocity - Starting Apache Velocity v1.7 (compiled: 2010-11-19 12:14:37)
08:01:30.408 [main] DEBUG org.apache.velocity - Default Properties File: org/apache/velocity/runtime/defaults/velocity.properties
08:01:30.408 [main] DEBUG org.apache.velocity - Trying to use logger class org.apache.velocity.runtime.log.AvalonLogChute
08:01:30.408 [main] DEBUG org.apache.velocity - Target log system for org.apache.velocity.runtime.log.AvalonLogChute is not available (java.lang.NoClassDefFoundError: org/apache/log/format/Formatter).  Falling back to next log system...
08:01:30.408 [main] DEBUG org.apache.velocity - Trying to use logger class org.apache.velocity.runtime.log.Log4JLogChute
08:01:30.408 [main] DEBUG org.apache.velocity - Target log system for org.apache.velocity.runtime.log.Log4JLogChute is not available (java.lang.NoClassDefFoundError: org/apache/log4j/Appender).  Falling back to next log system...
08:01:30.408 [main] DEBUG org.apache.velocity - Trying to use logger class org.apache.velocity.runtime.log.CommonsLogLogChute
08:01:30.408 [main] DEBUG org.apache.velocity - Using logger class org.apache.velocity.runtime.log.CommonsLogLogChute
08:01:30.411 [main] DEBUG org.apache.velocity - ResourceLoader instantiated: org.apache.velocity.runtime.resource.loader.ClasspathResourceLoader
08:01:30.442 [main] DEBUG org.apache.velocity - ResourceCache: initialized (class org.apache.velocity.runtime.resource.ResourceCacheImpl) with class java.util.Collections$SynchronizedMap cache map.
08:01:30.443 [main] DEBUG org.apache.velocity - Loaded System Directive: org.apache.velocity.runtime.directive.Stop
08:01:30.444 [main] DEBUG org.apache.velocity - Loaded System Directive: org.apache.velocity.runtime.directive.Define
08:01:30.444 [main] DEBUG org.apache.velocity - Loaded System Directive: org.apache.velocity.runtime.directive.Break
08:01:30.445 [main] DEBUG org.apache.velocity - Loaded System Directive: org.apache.velocity.runtime.directive.Evaluate
08:01:30.445 [main] DEBUG org.apache.velocity - Loaded System Directive: org.apache.velocity.runtime.directive.Literal
08:01:30.446 [main] DEBUG org.apache.velocity - Loaded System Directive: org.apache.velocity.runtime.directive.Macro
08:01:30.447 [main] DEBUG org.apache.velocity - Loaded System Directive: org.apache.velocity.runtime.directive.Parse
08:01:30.448 [main] DEBUG org.apache.velocity - Loaded System Directive: org.apache.velocity.runtime.directive.Include
08:01:30.449 [main] DEBUG org.apache.velocity - Loaded System Directive: org.apache.velocity.runtime.directive.Foreach
08:01:30.465 [main] DEBUG org.apache.velocity - Created '20' parsers.
08:01:30.468 [main] DEBUG org.apache.velocity - Velocimacro : "velocimacro.library" is not set.  Trying default library: VM_global_library.vm
08:01:30.468 [main] DEBUG org.apache.velocity - Could not load resource 'VM_global_library.vm' from ResourceLoader org.apache.velocity.runtime.resource.loader.ClasspathResourceLoader: ClasspathResourceLoader Error: cannot find resource VM_global_library.vm
08:01:30.469 [main] DEBUG org.apache.velocity - Velocimacro : Default library not found.
08:01:30.469 [main] DEBUG org.apache.velocity - Velocimacro : allowInline = true : VMs can be defined inline in templates
08:01:30.469 [main] DEBUG org.apache.velocity - Velocimacro : allowInlineToOverride = false : VMs defined inline may NOT replace previous VM definitions
08:01:30.469 [main] DEBUG org.apache.velocity - Velocimacro : allowInlineLocal = false : VMs defined inline will be global in scope if allowed.
08:01:30.469 [main] DEBUG org.apache.velocity - Velocimacro : autoload off : VM system will not automatically reload global library macros
08:01:30.682 [main] DEBUG org.apache.velocity - ResourceManager : found templates/generators/overviewFeatures.vm with loader org.apache.velocity.runtime.resource.loader.ClasspathResourceLoader
08:01:30.685 [main] DEBUG org.apache.velocity - ResourceManager : found /templates/headers.vm with loader org.apache.velocity.runtime.resource.loader.ClasspathResourceLoader
08:01:30.686 [main] DEBUG org.apache.velocity - ResourceManager : found /templates/head.vm with loader org.apache.velocity.runtime.resource.loader.ClasspathResourceLoader
08:01:30.689 [main] DEBUG org.apache.velocity - Velocimacro : added VM stringArray: source=/templates/macros/array.js.vm
08:01:30.689 [main] DEBUG org.apache.velocity - Velocimacro : added VM numberArray: source=/templates/macros/array.js.vm
08:01:30.689 [main] DEBUG org.apache.velocity - ResourceManager : found /templates/macros/array.js.vm with loader org.apache.velocity.runtime.resource.loader.ClasspathResourceLoader
08:01:30.691 [main] DEBUG org.apache.velocity - Velocimacro : added VM includeBuildInfo: source=/templates/macros/page/buildinfo.vm
08:01:30.691 [main] DEBUG org.apache.velocity - ResourceManager : found /templates/macros/page/buildinfo.vm with loader org.apache.velocity.runtime.resource.loader.ClasspathResourceLoader
08:01:30.693 [main] DEBUG org.apache.velocity - Velocimacro : added VM includeClassifications: source=/templates/macros/page/classifications.vm
08:01:30.693 [main] DEBUG org.apache.velocity - ResourceManager : found /templates/macros/page/classifications.vm with loader org.apache.velocity.runtime.resource.loader.ClasspathResourceLoader
08:01:30.694 [main] DEBUG org.apache.velocity - Velocimacro : added VM includeLead: source=/templates/macros/page/lead.vm
08:01:30.694 [main] DEBUG org.apache.velocity - ResourceManager : found /templates/macros/page/lead.vm with loader org.apache.velocity.runtime.resource.loader.ClasspathResourceLoader
08:01:30.697 [main] DEBUG org.apache.velocity - Velocimacro : added VM includeNavigation: source=/templates/macros/page/navigation.vm
08:01:30.697 [main] DEBUG org.apache.velocity - ResourceManager : found /templates/macros/page/navigation.vm with loader org.apache.velocity.runtime.resource.loader.ClasspathResourceLoader
08:01:30.698 [main] DEBUG org.apache.velocity - Velocimacro : added VM includeReportInfo: source=/templates/macros/page/reportInfo.vm
08:01:30.698 [main] DEBUG org.apache.velocity - ResourceManager : found /templates/macros/page/reportInfo.vm with loader org.apache.velocity.runtime.resource.loader.ClasspathResourceLoader
08:01:30.700 [main] DEBUG org.apache.velocity - Velocimacro : added VM includeTitle: source=/templates/macros/page/title.vm
08:01:30.700 [main] DEBUG org.apache.velocity - ResourceManager : found /templates/macros/page/title.vm with loader org.apache.velocity.runtime.resource.loader.ClasspathResourceLoader
08:01:30.701 [main] DEBUG org.apache.velocity - Velocimacro : added VM includeExpandingButtons: source=/templates/macros/report/expandAllButtons.vm
08:01:30.701 [main] DEBUG org.apache.velocity - ResourceManager : found /templates/macros/report/expandAllButtons.vm with loader org.apache.velocity.runtime.resource.loader.ClasspathResourceLoader
08:01:30.708 [main] DEBUG org.apache.velocity - Velocimacro : added VM includeReportTable: source=/templates/macros/report/reportTable.vm
08:01:30.708 [main] DEBUG org.apache.velocity - ResourceManager : found /templates/macros/report/reportTable.vm with loader org.apache.velocity.runtime.resource.loader.ClasspathResourceLoader
08:01:30.709 [main] DEBUG org.apache.velocity - Velocimacro : added VM includeReportHeader: source=/templates/macros/report/reportHeader.vm
08:01:30.709 [main] DEBUG org.apache.velocity - ResourceManager : found /templates/macros/report/reportHeader.vm with loader org.apache.velocity.runtime.resource.loader.ClasspathResourceLoader
08:01:30.717 [main] DEBUG org.apache.velocity - Velocimacro : added VM includeStatsTable: source=/templates/macros/report/statsTable.vm
08:01:30.717 [main] DEBUG org.apache.velocity - ResourceManager : found /templates/macros/report/statsTable.vm with loader org.apache.velocity.runtime.resource.loader.ClasspathResourceLoader
08:01:30.718 [main] DEBUG org.apache.velocity - Velocimacro : added VM includeBrief: source=/templates/macros/json/brief.vm
08:01:30.718 [main] DEBUG org.apache.velocity - ResourceManager : found /templates/macros/json/brief.vm with loader org.apache.velocity.runtime.resource.loader.ClasspathResourceLoader
08:01:30.719 [main] DEBUG org.apache.velocity - Velocimacro : added VM includeDocString: source=/templates/macros/json/docstring.vm
08:01:30.719 [main] DEBUG org.apache.velocity - ResourceManager : found /templates/macros/json/docstring.vm with loader org.apache.velocity.runtime.resource.loader.ClasspathResourceLoader
08:01:30.720 [main] DEBUG org.apache.velocity - Velocimacro : added VM includeDuration: source=/templates/macros/json/duration.vm
08:01:30.720 [main] DEBUG org.apache.velocity - ResourceManager : found /templates/macros/json/duration.vm with loader org.apache.velocity.runtime.resource.loader.ClasspathResourceLoader
08:01:30.723 [main] DEBUG org.apache.velocity - Velocimacro : added VM includeElement: source=/templates/macros/json/element.vm
08:01:30.723 [main] DEBUG org.apache.velocity - ResourceManager : found /templates/macros/json/element.vm with loader org.apache.velocity.runtime.resource.loader.ClasspathResourceLoader
08:01:30.732 [main] DEBUG org.apache.velocity - Velocimacro : added VM includeEmbeddings: source=/templates/macros/json/embeddings.vm
08:01:30.733 [main] DEBUG org.apache.velocity - Velocimacro : added VM includeHtmlEmbedding: source=/templates/macros/json/embeddings.vm
08:01:30.733 [main] DEBUG org.apache.velocity - Velocimacro : added VM includeImageEmbedding: source=/templates/macros/json/embeddings.vm
08:01:30.733 [main] DEBUG org.apache.velocity - Velocimacro : added VM includeImageReferenceEmbedding: source=/templates/macros/json/embeddings.vm
08:01:30.733 [main] DEBUG org.apache.velocity - Velocimacro : added VM includeTextEmbedding: source=/templates/macros/json/embeddings.vm
08:01:30.734 [main] DEBUG org.apache.velocity - Velocimacro : added VM includeUnknownEmbedding: source=/templates/macros/json/embeddings.vm
08:01:30.734 [main] DEBUG org.apache.velocity - ResourceManager : found /templates/macros/json/embeddings.vm with loader org.apache.velocity.runtime.resource.loader.ClasspathResourceLoader
08:01:30.736 [main] DEBUG org.apache.velocity - Velocimacro : added VM includeHooks: source=/templates/macros/json/hooks.vm
08:01:30.736 [main] DEBUG org.apache.velocity - ResourceManager : found /templates/macros/json/hooks.vm with loader org.apache.velocity.runtime.resource.loader.ClasspathResourceLoader
08:01:30.739 [main] DEBUG org.apache.velocity - Velocimacro : added VM includeOutput: source=/templates/macros/json/output.vm
08:01:30.739 [main] DEBUG org.apache.velocity - ResourceManager : found /templates/macros/json/output.vm with loader org.apache.velocity.runtime.resource.loader.ClasspathResourceLoader
08:01:30.739 [main] DEBUG org.apache.velocity - Velocimacro : added VM includeMessage: source=/templates/macros/json/message.vm
08:01:30.739 [main] DEBUG org.apache.velocity - ResourceManager : found /templates/macros/json/message.vm with loader org.apache.velocity.runtime.resource.loader.ClasspathResourceLoader
08:01:30.743 [main] DEBUG org.apache.velocity - Velocimacro : added VM includeSteps: source=/templates/macros/json/steps.vm
08:01:30.743 [main] DEBUG org.apache.velocity - ResourceManager : found /templates/macros/json/steps.vm with loader org.apache.velocity.runtime.resource.loader.ClasspathResourceLoader
08:01:30.744 [main] DEBUG org.apache.velocity - Velocimacro : added VM includeStepName: source=/templates/macros/json/stepName.vm
08:01:30.744 [main] DEBUG org.apache.velocity - ResourceManager : found /templates/macros/json/stepName.vm with loader org.apache.velocity.runtime.resource.loader.ClasspathResourceLoader
08:01:30.745 [main] DEBUG org.apache.velocity - Velocimacro : added VM includeTags: source=/templates/macros/json/tags.vm
08:01:30.745 [main] DEBUG org.apache.velocity - ResourceManager : found /templates/macros/json/tags.vm with loader org.apache.velocity.runtime.resource.loader.ClasspathResourceLoader
08:01:30.781 [main] DEBUG org.apache.velocity - ResourceManager : found /templates/js/steps-chart.js.vm with loader org.apache.velocity.runtime.resource.loader.ClasspathResourceLoader
08:01:30.786 [main] DEBUG org.apache.velocity - ResourceManager : found /templates/js/scenarios-chart.js.vm with loader org.apache.velocity.runtime.resource.loader.ClasspathResourceLoader
08:01:30.787 [main] DEBUG org.apache.velocity - ResourceManager : found /templates/js/features-chart.js.vm with loader org.apache.velocity.runtime.resource.loader.ClasspathResourceLoader
08:01:30.846 [main] DEBUG org.apache.velocity - ResourceManager : found /templates/footer.vm with loader org.apache.velocity.runtime.resource.loader.ClasspathResourceLoader
08:01:30.848 [main] DEBUG org.apache.velocity - CommonsLogLogChute name is 'org.apache.velocity'
08:01:30.848 [main] DEBUG org.apache.velocity - Initializing Velocity, Calling init()...
08:01:30.848 [main] DEBUG org.apache.velocity - Starting Apache Velocity v1.7 (compiled: 2010-11-19 12:14:37)
08:01:30.848 [main] DEBUG org.apache.velocity - Default Properties File: org/apache/velocity/runtime/defaults/velocity.properties
08:01:30.848 [main] DEBUG org.apache.velocity - Trying to use logger class org.apache.velocity.runtime.log.AvalonLogChute
08:01:30.848 [main] DEBUG org.apache.velocity - Target log system for org.apache.velocity.runtime.log.AvalonLogChute is not available (java.lang.NoClassDefFoundError: org/apache/log/format/Formatter).  Falling back to next log system...
08:01:30.848 [main] DEBUG org.apache.velocity - Trying to use logger class org.apache.velocity.runtime.log.Log4JLogChute
08:01:30.848 [main] DEBUG org.apache.velocity - Target log system for org.apache.velocity.runtime.log.Log4JLogChute is not available (java.lang.NoClassDefFoundError: org/apache/log4j/Appender).  Falling back to next log system...
08:01:30.848 [main] DEBUG org.apache.velocity - Trying to use logger class org.apache.velocity.runtime.log.CommonsLogLogChute
08:01:30.848 [main] DEBUG org.apache.velocity - Using logger class org.apache.velocity.runtime.log.CommonsLogLogChute
08:01:30.848 [main] DEBUG org.apache.velocity - ResourceLoader instantiated: org.apache.velocity.runtime.resource.loader.ClasspathResourceLoader
08:01:30.849 [main] DEBUG org.apache.velocity - ResourceCache: initialized (class org.apache.velocity.runtime.resource.ResourceCacheImpl) with class java.util.Collections$SynchronizedMap cache map.
08:01:30.849 [main] DEBUG org.apache.velocity - Loaded System Directive: org.apache.velocity.runtime.directive.Stop
08:01:30.849 [main] DEBUG org.apache.velocity - Loaded System Directive: org.apache.velocity.runtime.directive.Define
08:01:30.849 [main] DEBUG org.apache.velocity - Loaded System Directive: org.apache.velocity.runtime.directive.Break
08:01:30.849 [main] DEBUG org.apache.velocity - Loaded System Directive: org.apache.velocity.runtime.directive.Evaluate
08:01:30.849 [main] DEBUG org.apache.velocity - Loaded System Directive: org.apache.velocity.runtime.directive.Literal
08:01:30.849 [main] DEBUG org.apache.velocity - Loaded System Directive: org.apache.velocity.runtime.directive.Macro
08:01:30.849 [main] DEBUG org.apache.velocity - Loaded System Directive: org.apache.velocity.runtime.directive.Parse
08:01:30.849 [main] DEBUG org.apache.velocity - Loaded System Directive: org.apache.velocity.runtime.directive.Include
08:01:30.849 [main] DEBUG org.apache.velocity - Loaded System Directive: org.apache.velocity.runtime.directive.Foreach
08:01:30.850 [main] DEBUG org.apache.velocity - Created '20' parsers.
08:01:30.850 [main] DEBUG org.apache.velocity - Velocimacro : "velocimacro.library" is not set.  Trying default library: VM_global_library.vm
08:01:30.851 [main] DEBUG org.apache.velocity - Could not load resource 'VM_global_library.vm' from ResourceLoader org.apache.velocity.runtime.resource.loader.ClasspathResourceLoader: ClasspathResourceLoader Error: cannot find resource VM_global_library.vm
08:01:30.851 [main] DEBUG org.apache.velocity - Velocimacro : Default library not found.
08:01:30.851 [main] DEBUG org.apache.velocity - Velocimacro : allowInline = true : VMs can be defined inline in templates
08:01:30.851 [main] DEBUG org.apache.velocity - Velocimacro : allowInlineToOverride = false : VMs defined inline may NOT replace previous VM definitions
08:01:30.851 [main] DEBUG org.apache.velocity - Velocimacro : allowInlineLocal = false : VMs defined inline will be global in scope if allowed.
08:01:30.851 [main] DEBUG org.apache.velocity - Velocimacro : autoload off : VM system will not automatically reload global library macros
08:01:30.853 [main] DEBUG org.apache.velocity - ResourceManager : found templates/generators/reportFeature.vm with loader org.apache.velocity.runtime.resource.loader.ClasspathResourceLoader
08:01:30.855 [main] DEBUG org.apache.velocity - ResourceManager : found /templates/headers.vm with loader org.apache.velocity.runtime.resource.loader.ClasspathResourceLoader
08:01:30.856 [main] DEBUG org.apache.velocity - ResourceManager : found /templates/head.vm with loader org.apache.velocity.runtime.resource.loader.ClasspathResourceLoader
08:01:30.857 [main] DEBUG org.apache.velocity - Velocimacro : added VM stringArray: source=/templates/macros/array.js.vm
08:01:30.857 [main] DEBUG org.apache.velocity - Velocimacro : added VM numberArray: source=/templates/macros/array.js.vm
08:01:30.857 [main] DEBUG org.apache.velocity - ResourceManager : found /templates/macros/array.js.vm with loader org.apache.velocity.runtime.resource.loader.ClasspathResourceLoader
08:01:30.858 [main] DEBUG org.apache.velocity - Velocimacro : added VM includeBuildInfo: source=/templates/macros/page/buildinfo.vm
08:01:30.858 [main] DEBUG org.apache.velocity - ResourceManager : found /templates/macros/page/buildinfo.vm with loader org.apache.velocity.runtime.resource.loader.ClasspathResourceLoader
08:01:30.859 [main] DEBUG org.apache.velocity - Velocimacro : added VM includeClassifications: source=/templates/macros/page/classifications.vm
08:01:30.859 [main] DEBUG org.apache.velocity - ResourceManager : found /templates/macros/page/classifications.vm with loader org.apache.velocity.runtime.resource.loader.ClasspathResourceLoader
08:01:30.860 [main] DEBUG org.apache.velocity - Velocimacro : added VM includeLead: source=/templates/macros/page/lead.vm
08:01:30.860 [main] DEBUG org.apache.velocity - ResourceManager : found /templates/macros/page/lead.vm with loader org.apache.velocity.runtime.resource.loader.ClasspathResourceLoader
08:01:30.861 [main] DEBUG org.apache.velocity - Velocimacro : added VM includeNavigation: source=/templates/macros/page/navigation.vm
08:01:30.861 [main] DEBUG org.apache.velocity - ResourceManager : found /templates/macros/page/navigation.vm with loader org.apache.velocity.runtime.resource.loader.ClasspathResourceLoader
08:01:30.862 [main] DEBUG org.apache.velocity - Velocimacro : added VM includeReportInfo: source=/templates/macros/page/reportInfo.vm
08:01:30.862 [main] DEBUG org.apache.velocity - ResourceManager : found /templates/macros/page/reportInfo.vm with loader org.apache.velocity.runtime.resource.loader.ClasspathResourceLoader
08:01:30.863 [main] DEBUG org.apache.velocity - Velocimacro : added VM includeTitle: source=/templates/macros/page/title.vm
08:01:30.863 [main] DEBUG org.apache.velocity - ResourceManager : found /templates/macros/page/title.vm with loader org.apache.velocity.runtime.resource.loader.ClasspathResourceLoader
08:01:30.863 [main] DEBUG org.apache.velocity - Velocimacro : added VM includeExpandingButtons: source=/templates/macros/report/expandAllButtons.vm
08:01:30.863 [main] DEBUG org.apache.velocity - ResourceManager : found /templates/macros/report/expandAllButtons.vm with loader org.apache.velocity.runtime.resource.loader.ClasspathResourceLoader
08:01:30.865 [main] DEBUG org.apache.velocity - Velocimacro : added VM includeReportTable: source=/templates/macros/report/reportTable.vm
08:01:30.865 [main] DEBUG org.apache.velocity - ResourceManager : found /templates/macros/report/reportTable.vm with loader org.apache.velocity.runtime.resource.loader.ClasspathResourceLoader
08:01:30.866 [main] DEBUG org.apache.velocity - Velocimacro : added VM includeReportHeader: source=/templates/macros/report/reportHeader.vm
08:01:30.866 [main] DEBUG org.apache.velocity - ResourceManager : found /templates/macros/report/reportHeader.vm with loader org.apache.velocity.runtime.resource.loader.ClasspathResourceLoader
08:01:30.869 [main] DEBUG org.apache.velocity - Velocimacro : added VM includeStatsTable: source=/templates/macros/report/statsTable.vm
08:01:30.869 [main] DEBUG org.apache.velocity - ResourceManager : found /templates/macros/report/statsTable.vm with loader org.apache.velocity.runtime.resource.loader.ClasspathResourceLoader
08:01:30.870 [main] DEBUG org.apache.velocity - Velocimacro : added VM includeBrief: source=/templates/macros/json/brief.vm
08:01:30.870 [main] DEBUG org.apache.velocity - ResourceManager : found /templates/macros/json/brief.vm with loader org.apache.velocity.runtime.resource.loader.ClasspathResourceLoader
08:01:30.871 [main] DEBUG org.apache.velocity - Velocimacro : added VM includeDocString: source=/templates/macros/json/docstring.vm
08:01:30.871 [main] DEBUG org.apache.velocity - ResourceManager : found /templates/macros/json/docstring.vm with loader org.apache.velocity.runtime.resource.loader.ClasspathResourceLoader
08:01:30.872 [main] DEBUG org.apache.velocity - Velocimacro : added VM includeDuration: source=/templates/macros/json/duration.vm
08:01:30.872 [main] DEBUG org.apache.velocity - ResourceManager : found /templates/macros/json/duration.vm with loader org.apache.velocity.runtime.resource.loader.ClasspathResourceLoader
08:01:30.875 [main] DEBUG org.apache.velocity - Velocimacro : added VM includeElement: source=/templates/macros/json/element.vm
08:01:30.875 [main] DEBUG org.apache.velocity - ResourceManager : found /templates/macros/json/element.vm with loader org.apache.velocity.runtime.resource.loader.ClasspathResourceLoader
08:01:30.879 [main] DEBUG org.apache.velocity - Velocimacro : added VM includeEmbeddings: source=/templates/macros/json/embeddings.vm
08:01:30.879 [main] DEBUG org.apache.velocity - Velocimacro : added VM includeHtmlEmbedding: source=/templates/macros/json/embeddings.vm
08:01:30.879 [main] DEBUG org.apache.velocity - Velocimacro : added VM includeImageEmbedding: source=/templates/macros/json/embeddings.vm
08:01:30.879 [main] DEBUG org.apache.velocity - Velocimacro : added VM includeImageReferenceEmbedding: source=/templates/macros/json/embeddings.vm
08:01:30.879 [main] DEBUG org.apache.velocity - Velocimacro : added VM includeTextEmbedding: source=/templates/macros/json/embeddings.vm
08:01:30.880 [main] DEBUG org.apache.velocity - Velocimacro : added VM includeUnknownEmbedding: source=/templates/macros/json/embeddings.vm
08:01:30.880 [main] DEBUG org.apache.velocity - ResourceManager : found /templates/macros/json/embeddings.vm with loader org.apache.velocity.runtime.resource.loader.ClasspathResourceLoader
08:01:30.882 [main] DEBUG org.apache.velocity - Velocimacro : added VM includeHooks: source=/templates/macros/json/hooks.vm
08:01:30.882 [main] DEBUG org.apache.velocity - ResourceManager : found /templates/macros/json/hooks.vm with loader org.apache.velocity.runtime.resource.loader.ClasspathResourceLoader
08:01:30.883 [main] DEBUG org.apache.velocity - Velocimacro : added VM includeOutput: source=/templates/macros/json/output.vm
08:01:30.883 [main] DEBUG org.apache.velocity - ResourceManager : found /templates/macros/json/output.vm with loader org.apache.velocity.runtime.resource.loader.ClasspathResourceLoader
08:01:30.884 [main] DEBUG org.apache.velocity - Velocimacro : added VM includeMessage: source=/templates/macros/json/message.vm
08:01:30.884 [main] DEBUG org.apache.velocity - ResourceManager : found /templates/macros/json/message.vm with loader org.apache.velocity.runtime.resource.loader.ClasspathResourceLoader
08:01:30.886 [main] DEBUG org.apache.velocity - Velocimacro : added VM includeSteps: source=/templates/macros/json/steps.vm
08:01:30.886 [main] DEBUG org.apache.velocity - ResourceManager : found /templates/macros/json/steps.vm with loader org.apache.velocity.runtime.resource.loader.ClasspathResourceLoader
08:01:30.887 [main] DEBUG org.apache.velocity - Velocimacro : added VM includeStepName: source=/templates/macros/json/stepName.vm
08:01:30.887 [main] DEBUG org.apache.velocity - ResourceManager : found /templates/macros/json/stepName.vm with loader org.apache.velocity.runtime.resource.loader.ClasspathResourceLoader
08:01:30.888 [main] DEBUG org.apache.velocity - Velocimacro : added VM includeTags: source=/templates/macros/json/tags.vm
08:01:30.888 [main] DEBUG org.apache.velocity - ResourceManager : found /templates/macros/json/tags.vm with loader org.apache.velocity.runtime.resource.loader.ClasspathResourceLoader
08:01:30.888 [main] DEBUG org.apache.velocity - VM #includeNavigation: too few arguments to macro. Wanted 1 got 0
08:01:30.888 [main] DEBUG org.apache.velocity - Left side ($active_tab) of '==' operation has null value. If it is a reference, it may not be in the context or its toString() returned null. /templates/macros/page/navigation.vm[line 14, column 51]
08:01:30.888 [main] DEBUG org.apache.velocity - Left side ($active_tab) of '==' operation has null value. If it is a reference, it may not be in the context or its toString() returned null. /templates/macros/page/navigation.vm[line 15, column 51]
08:01:30.888 [main] DEBUG org.apache.velocity - Left side ($active_tab) of '==' operation has null value. If it is a reference, it may not be in the context or its toString() returned null. /templates/macros/page/navigation.vm[line 16, column 51]
08:01:30.889 [main] DEBUG org.apache.velocity - Left side ($active_tab) of '==' operation has null value. If it is a reference, it may not be in the context or its toString() returned null. /templates/macros/page/navigation.vm[line 20, column 51]
08:01:30.889 [main] DEBUG org.apache.velocity - VM #includeLead: too few arguments to macro. Wanted 2 got 1
08:01:30.890 [main] DEBUG org.apache.velocity - VM #includeBrief: too few arguments to macro. Wanted 5 got 3
08:01:30.893 [main] DEBUG org.apache.velocity - VM #includeBrief: too few arguments to macro. Wanted 5 got 4
08:01:30.893 [main] DEBUG org.apache.velocity - VM #includeBrief: too few arguments to macro. Wanted 5 got 4
08:01:30.898 [main] DEBUG org.apache.velocity - VM #includeBrief: too few arguments to macro. Wanted 5 got 4
08:01:30.898 [main] DEBUG org.apache.velocity - VM #includeBrief: too few arguments to macro. Wanted 5 got 4
08:01:30.904 [main] DEBUG org.apache.velocity - VM #includeBrief: too few arguments to macro. Wanted 5 got 4
08:01:30.905 [main] DEBUG org.apache.velocity - VM #includeBrief: too few arguments to macro. Wanted 5 got 4
08:01:30.906 [main] DEBUG org.apache.velocity - VM #includeBrief: too few arguments to macro. Wanted 5 got 4
08:01:30.906 [main] DEBUG org.apache.velocity - VM #includeBrief: too few arguments to macro. Wanted 5 got 4
08:01:30.911 [main] DEBUG org.apache.velocity - VM #includeBrief: too few arguments to macro. Wanted 5 got 4
08:01:30.911 [main] DEBUG org.apache.velocity - VM #includeBrief: too few arguments to macro. Wanted 5 got 4
08:01:30.913 [main] DEBUG org.apache.velocity - VM #includeBrief: too few arguments to macro. Wanted 5 got 4
08:01:30.913 [main] DEBUG org.apache.velocity - VM #includeBrief: too few arguments to macro. Wanted 5 got 4
08:01:30.922 [main] DEBUG org.apache.velocity - VM #includeBrief: too few arguments to macro. Wanted 5 got 4
08:01:30.922 [main] DEBUG org.apache.velocity - VM #includeBrief: too few arguments to macro. Wanted 5 got 4
08:01:30.923 [main] DEBUG org.apache.velocity - VM #includeBrief: too few arguments to macro. Wanted 5 got 4
08:01:30.923 [main] DEBUG org.apache.velocity - VM #includeBrief: too few arguments to macro. Wanted 5 got 4
08:01:30.927 [main] DEBUG org.apache.velocity - VM #includeBrief: too few arguments to macro. Wanted 5 got 4
08:01:30.928 [main] DEBUG org.apache.velocity - VM #includeBrief: too few arguments to macro. Wanted 5 got 4
08:01:30.929 [main] DEBUG org.apache.velocity - VM #includeBrief: too few arguments to macro. Wanted 5 got 4
08:01:30.930 [main] DEBUG org.apache.velocity - VM #includeBrief: too few arguments to macro. Wanted 5 got 4
08:01:30.933 [main] DEBUG org.apache.velocity - VM #includeBrief: too few arguments to macro. Wanted 5 got 4
08:01:30.933 [main] DEBUG org.apache.velocity - VM #includeBrief: too few arguments to macro. Wanted 5 got 4
08:01:30.935 [main] DEBUG org.apache.velocity - VM #includeBrief: too few arguments to macro. Wanted 5 got 4
08:01:30.935 [main] DEBUG org.apache.velocity - VM #includeBrief: too few arguments to macro. Wanted 5 got 4
08:01:30.938 [main] DEBUG org.apache.velocity - VM #includeBrief: too few arguments to macro. Wanted 5 got 4
08:01:30.938 [main] DEBUG org.apache.velocity - VM #includeBrief: too few arguments to macro. Wanted 5 got 4
08:01:30.939 [main] DEBUG org.apache.velocity - VM #includeBrief: too few arguments to macro. Wanted 5 got 4
08:01:30.940 [main] DEBUG org.apache.velocity - VM #includeBrief: too few arguments to macro. Wanted 5 got 4
08:01:30.942 [main] DEBUG org.apache.velocity - VM #includeBrief: too few arguments to macro. Wanted 5 got 4
08:01:30.943 [main] DEBUG org.apache.velocity - VM #includeBrief: too few arguments to macro. Wanted 5 got 4
08:01:30.944 [main] DEBUG org.apache.velocity - VM #includeBrief: too few arguments to macro. Wanted 5 got 4
08:01:30.945 [main] DEBUG org.apache.velocity - VM #includeBrief: too few arguments to macro. Wanted 5 got 4
08:01:30.948 [main] DEBUG org.apache.velocity - VM #includeBrief: too few arguments to macro. Wanted 5 got 4
08:01:30.948 [main] DEBUG org.apache.velocity - VM #includeBrief: too few arguments to macro. Wanted 5 got 4
08:01:30.953 [main] DEBUG org.apache.velocity - VM #includeBrief: too few arguments to macro. Wanted 5 got 4
08:01:30.953 [main] DEBUG org.apache.velocity - VM #includeBrief: too few arguments to macro. Wanted 5 got 4
08:01:30.956 [main] DEBUG org.apache.velocity - VM #includeBrief: too few arguments to macro. Wanted 5 got 4
08:01:30.957 [main] DEBUG org.apache.velocity - VM #includeBrief: too few arguments to macro. Wanted 5 got 4
08:01:30.957 [main] DEBUG org.apache.velocity - VM #includeBrief: too few arguments to macro. Wanted 5 got 4
08:01:30.958 [main] DEBUG org.apache.velocity - VM #includeBrief: too few arguments to macro. Wanted 5 got 4
08:01:30.960 [main] DEBUG org.apache.velocity - VM #includeBrief: too few arguments to macro. Wanted 5 got 4
08:01:30.961 [main] DEBUG org.apache.velocity - VM #includeBrief: too few arguments to macro. Wanted 5 got 4
08:01:30.961 [main] DEBUG org.apache.velocity - VM #includeBrief: too few arguments to macro. Wanted 5 got 4
08:01:30.962 [main] DEBUG org.apache.velocity - VM #includeBrief: too few arguments to macro. Wanted 5 got 4
08:01:30.963 [main] DEBUG org.apache.velocity - VM #includeBrief: too few arguments to macro. Wanted 5 got 4
08:01:30.964 [main] DEBUG org.apache.velocity - VM #includeBrief: too few arguments to macro. Wanted 5 got 4
08:01:30.964 [main] DEBUG org.apache.velocity - VM #includeBrief: too few arguments to macro. Wanted 5 got 4
08:01:30.965 [main] DEBUG org.apache.velocity - VM #includeBrief: too few arguments to macro. Wanted 5 got 4
08:01:30.967 [main] DEBUG org.apache.velocity - VM #includeBrief: too few arguments to macro. Wanted 5 got 4
08:01:30.967 [main] DEBUG org.apache.velocity - VM #includeBrief: too few arguments to macro. Wanted 5 got 4
08:01:30.968 [main] DEBUG org.apache.velocity - VM #includeBrief: too few arguments to macro. Wanted 5 got 4
08:01:30.968 [main] DEBUG org.apache.velocity - VM #includeBrief: too few arguments to macro. Wanted 5 got 4
08:01:30.972 [main] DEBUG org.apache.velocity - VM #includeBrief: too few arguments to macro. Wanted 5 got 4
08:01:30.976 [main] DEBUG org.apache.velocity - VM #includeBrief: too few arguments to macro. Wanted 5 got 4
08:01:30.976 [main] DEBUG org.apache.velocity - VM #includeBrief: too few arguments to macro. Wanted 5 got 4
08:01:30.977 [main] DEBUG org.apache.velocity - VM #includeBrief: too few arguments to macro. Wanted 5 got 4
08:01:30.978 [main] DEBUG org.apache.velocity - VM #includeBrief: too few arguments to macro. Wanted 5 got 4
08:01:30.983 [main] DEBUG org.apache.velocity - VM #includeBrief: too few arguments to macro. Wanted 5 got 4
08:01:30.985 [main] DEBUG org.apache.velocity - VM #includeBrief: too few arguments to macro. Wanted 5 got 4
08:01:30.985 [main] DEBUG org.apache.velocity - VM #includeBrief: too few arguments to macro. Wanted 5 got 4
08:01:30.987 [main] DEBUG org.apache.velocity - VM #includeBrief: too few arguments to macro. Wanted 5 got 4
08:01:30.987 [main] DEBUG org.apache.velocity - VM #includeBrief: too few arguments to macro. Wanted 5 got 4
08:01:30.988 [main] DEBUG org.apache.velocity - VM #includeBrief: too few arguments to macro. Wanted 5 got 4
08:01:30.988 [main] DEBUG org.apache.velocity - VM #includeBrief: too few arguments to macro. Wanted 5 got 4
08:01:30.990 [main] DEBUG org.apache.velocity - VM #includeBrief: too few arguments to macro. Wanted 5 got 4
08:01:30.990 [main] DEBUG org.apache.velocity - VM #includeBrief: too few arguments to macro. Wanted 5 got 4
08:01:30.991 [main] DEBUG org.apache.velocity - VM #includeBrief: too few arguments to macro. Wanted 5 got 4
08:01:30.991 [main] DEBUG org.apache.velocity - VM #includeBrief: too few arguments to macro. Wanted 5 got 4
08:01:30.994 [main] DEBUG org.apache.velocity - VM #includeBrief: too few arguments to macro. Wanted 5 got 4
08:01:30.994 [main] DEBUG org.apache.velocity - VM #includeBrief: too few arguments to macro. Wanted 5 got 4
08:01:30.995 [main] DEBUG org.apache.velocity - VM #includeBrief: too few arguments to macro. Wanted 5 got 4
08:01:30.995 [main] DEBUG org.apache.velocity - VM #includeBrief: too few arguments to macro. Wanted 5 got 4
08:01:30.996 [main] DEBUG org.apache.velocity - ResourceManager : found /templates/footer.vm with loader org.apache.velocity.runtime.resource.loader.ClasspathResourceLoader
08:01:30.997 [main] DEBUG org.apache.velocity - CommonsLogLogChute name is 'org.apache.velocity'
08:01:30.997 [main] DEBUG org.apache.velocity - Initializing Velocity, Calling init()...
08:01:30.997 [main] DEBUG org.apache.velocity - Starting Apache Velocity v1.7 (compiled: 2010-11-19 12:14:37)
08:01:30.997 [main] DEBUG org.apache.velocity - Default Properties File: org/apache/velocity/runtime/defaults/velocity.properties
08:01:30.997 [main] DEBUG org.apache.velocity - Trying to use logger class org.apache.velocity.runtime.log.AvalonLogChute
08:01:30.997 [main] DEBUG org.apache.velocity - Target log system for org.apache.velocity.runtime.log.AvalonLogChute is not available (java.lang.NoClassDefFoundError: org/apache/log/format/Formatter).  Falling back to next log system...
08:01:30.997 [main] DEBUG org.apache.velocity - Trying to use logger class org.apache.velocity.runtime.log.Log4JLogChute
08:01:30.997 [main] DEBUG org.apache.velocity - Target log system for org.apache.velocity.runtime.log.Log4JLogChute is not available (java.lang.NoClassDefFoundError: org/apache/log4j/Appender).  Falling back to next log system...
08:01:30.997 [main] DEBUG org.apache.velocity - Trying to use logger class org.apache.velocity.runtime.log.CommonsLogLogChute
08:01:30.997 [main] DEBUG org.apache.velocity - Using logger class org.apache.velocity.runtime.log.CommonsLogLogChute
08:01:30.997 [main] DEBUG org.apache.velocity - ResourceLoader instantiated: org.apache.velocity.runtime.resource.loader.ClasspathResourceLoader
08:01:30.997 [main] DEBUG org.apache.velocity - ResourceCache: initialized (class org.apache.velocity.runtime.resource.ResourceCacheImpl) with class java.util.Collections$SynchronizedMap cache map.
08:01:30.998 [main] DEBUG org.apache.velocity - Loaded System Directive: org.apache.velocity.runtime.directive.Stop
08:01:30.998 [main] DEBUG org.apache.velocity - Loaded System Directive: org.apache.velocity.runtime.directive.Define
08:01:30.998 [main] DEBUG org.apache.velocity - Loaded System Directive: org.apache.velocity.runtime.directive.Break
08:01:30.998 [main] DEBUG org.apache.velocity - Loaded System Directive: org.apache.velocity.runtime.directive.Evaluate
08:01:30.998 [main] DEBUG org.apache.velocity - Loaded System Directive: org.apache.velocity.runtime.directive.Literal
08:01:30.998 [main] DEBUG org.apache.velocity - Loaded System Directive: org.apache.velocity.runtime.directive.Macro
08:01:30.998 [main] DEBUG org.apache.velocity - Loaded System Directive: org.apache.velocity.runtime.directive.Parse
08:01:30.998 [main] DEBUG org.apache.velocity - Loaded System Directive: org.apache.velocity.runtime.directive.Include
08:01:30.998 [main] DEBUG org.apache.velocity - Loaded System Directive: org.apache.velocity.runtime.directive.Foreach
08:01:30.998 [main] DEBUG org.apache.velocity - Created '20' parsers.
08:01:30.998 [main] DEBUG org.apache.velocity - Velocimacro : "velocimacro.library" is not set.  Trying default library: VM_global_library.vm
08:01:30.999 [main] DEBUG org.apache.velocity - Could not load resource 'VM_global_library.vm' from ResourceLoader org.apache.velocity.runtime.resource.loader.ClasspathResourceLoader: ClasspathResourceLoader Error: cannot find resource VM_global_library.vm
08:01:30.999 [main] DEBUG org.apache.velocity - Velocimacro : Default library not found.
08:01:30.999 [main] DEBUG org.apache.velocity - Velocimacro : allowInline = true : VMs can be defined inline in templates
08:01:30.999 [main] DEBUG org.apache.velocity - Velocimacro : allowInlineToOverride = false : VMs defined inline may NOT replace previous VM definitions
08:01:30.999 [main] DEBUG org.apache.velocity - Velocimacro : allowInlineLocal = false : VMs defined inline will be global in scope if allowed.
08:01:30.999 [main] DEBUG org.apache.velocity - Velocimacro : autoload off : VM system will not automatically reload global library macros
08:01:31.001 [main] DEBUG org.apache.velocity - ResourceManager : found templates/generators/reportFeature.vm with loader org.apache.velocity.runtime.resource.loader.ClasspathResourceLoader
08:01:31.002 [main] DEBUG org.apache.velocity - ResourceManager : found /templates/headers.vm with loader org.apache.velocity.runtime.resource.loader.ClasspathResourceLoader
08:01:31.003 [main] DEBUG org.apache.velocity - ResourceManager : found /templates/head.vm with loader org.apache.velocity.runtime.resource.loader.ClasspathResourceLoader
08:01:31.004 [main] DEBUG org.apache.velocity - Velocimacro : added VM stringArray: source=/templates/macros/array.js.vm
08:01:31.004 [main] DEBUG org.apache.velocity - Velocimacro : added VM numberArray: source=/templates/macros/array.js.vm
08:01:31.004 [main] DEBUG org.apache.velocity - ResourceManager : found /templates/macros/array.js.vm with loader org.apache.velocity.runtime.resource.loader.ClasspathResourceLoader
08:01:31.005 [main] DEBUG org.apache.velocity - Velocimacro : added VM includeBuildInfo: source=/templates/macros/page/buildinfo.vm
08:01:31.005 [main] DEBUG org.apache.velocity - ResourceManager : found /templates/macros/page/buildinfo.vm with loader org.apache.velocity.runtime.resource.loader.ClasspathResourceLoader
08:01:31.006 [main] DEBUG org.apache.velocity - Velocimacro : added VM includeClassifications: source=/templates/macros/page/classifications.vm
08:01:31.006 [main] DEBUG org.apache.velocity - ResourceManager : found /templates/macros/page/classifications.vm with loader org.apache.velocity.runtime.resource.loader.ClasspathResourceLoader
08:01:31.006 [main] DEBUG org.apache.velocity - Velocimacro : added VM includeLead: source=/templates/macros/page/lead.vm
08:01:31.006 [main] DEBUG org.apache.velocity - ResourceManager : found /templates/macros/page/lead.vm with loader org.apache.velocity.runtime.resource.loader.ClasspathResourceLoader
08:01:31.007 [main] DEBUG org.apache.velocity - Velocimacro : added VM includeNavigation: source=/templates/macros/page/navigation.vm
08:01:31.007 [main] DEBUG org.apache.velocity - ResourceManager : found /templates/macros/page/navigation.vm with loader org.apache.velocity.runtime.resource.loader.ClasspathResourceLoader
08:01:31.008 [main] DEBUG org.apache.velocity - Velocimacro : added VM includeReportInfo: source=/templates/macros/page/reportInfo.vm
08:01:31.008 [main] DEBUG org.apache.velocity - ResourceManager : found /templates/macros/page/reportInfo.vm with loader org.apache.velocity.runtime.resource.loader.ClasspathResourceLoader
08:01:31.009 [main] DEBUG org.apache.velocity - Velocimacro : added VM includeTitle: source=/templates/macros/page/title.vm
08:01:31.009 [main] DEBUG org.apache.velocity - ResourceManager : found /templates/macros/page/title.vm with loader org.apache.velocity.runtime.resource.loader.ClasspathResourceLoader
08:01:31.010 [main] DEBUG org.apache.velocity - Velocimacro : added VM includeExpandingButtons: source=/templates/macros/report/expandAllButtons.vm
08:01:31.010 [main] DEBUG org.apache.velocity - ResourceManager : found /templates/macros/report/expandAllButtons.vm with loader org.apache.velocity.runtime.resource.loader.ClasspathResourceLoader
08:01:31.012 [main] DEBUG org.apache.velocity - Velocimacro : added VM includeReportTable: source=/templates/macros/report/reportTable.vm
08:01:31.012 [main] DEBUG org.apache.velocity - ResourceManager : found /templates/macros/report/reportTable.vm with loader org.apache.velocity.runtime.resource.loader.ClasspathResourceLoader
08:01:31.013 [main] DEBUG org.apache.velocity - Velocimacro : added VM includeReportHeader: source=/templates/macros/report/reportHeader.vm
08:01:31.013 [main] DEBUG org.apache.velocity - ResourceManager : found /templates/macros/report/reportHeader.vm with loader org.apache.velocity.runtime.resource.loader.ClasspathResourceLoader
08:01:31.016 [main] DEBUG org.apache.velocity - Velocimacro : added VM includeStatsTable: source=/templates/macros/report/statsTable.vm
08:01:31.016 [main] DEBUG org.apache.velocity - ResourceManager : found /templates/macros/report/statsTable.vm with loader org.apache.velocity.runtime.resource.loader.ClasspathResourceLoader
08:01:31.017 [main] DEBUG org.apache.velocity - Velocimacro : added VM includeBrief: source=/templates/macros/json/brief.vm
08:01:31.017 [main] DEBUG org.apache.velocity - ResourceManager : found /templates/macros/json/brief.vm with loader org.apache.velocity.runtime.resource.loader.ClasspathResourceLoader
08:01:31.017 [main] DEBUG org.apache.velocity - Velocimacro : added VM includeDocString: source=/templates/macros/json/docstring.vm
08:01:31.017 [main] DEBUG org.apache.velocity - ResourceManager : found /templates/macros/json/docstring.vm with loader org.apache.velocity.runtime.resource.loader.ClasspathResourceLoader
08:01:31.018 [main] DEBUG org.apache.velocity - Velocimacro : added VM includeDuration: source=/templates/macros/json/duration.vm
08:01:31.018 [main] DEBUG org.apache.velocity - ResourceManager : found /templates/macros/json/duration.vm with loader org.apache.velocity.runtime.resource.loader.ClasspathResourceLoader
08:01:31.020 [main] DEBUG org.apache.velocity - Velocimacro : added VM includeElement: source=/templates/macros/json/element.vm
08:01:31.020 [main] DEBUG org.apache.velocity - ResourceManager : found /templates/macros/json/element.vm with loader org.apache.velocity.runtime.resource.loader.ClasspathResourceLoader
08:01:31.022 [main] DEBUG org.apache.velocity - Velocimacro : added VM includeEmbeddings: source=/templates/macros/json/embeddings.vm
08:01:31.023 [main] DEBUG org.apache.velocity - Velocimacro : added VM includeHtmlEmbedding: source=/templates/macros/json/embeddings.vm
08:01:31.023 [main] DEBUG org.apache.velocity - Velocimacro : added VM includeImageEmbedding: source=/templates/macros/json/embeddings.vm
08:01:31.023 [main] DEBUG org.apache.velocity - Velocimacro : added VM includeImageReferenceEmbedding: source=/templates/macros/json/embeddings.vm
08:01:31.023 [main] DEBUG org.apache.velocity - Velocimacro : added VM includeTextEmbedding: source=/templates/macros/json/embeddings.vm
08:01:31.023 [main] DEBUG org.apache.velocity - Velocimacro : added VM includeUnknownEmbedding: source=/templates/macros/json/embeddings.vm
08:01:31.023 [main] DEBUG org.apache.velocity - ResourceManager : found /templates/macros/json/embeddings.vm with loader org.apache.velocity.runtime.resource.loader.ClasspathResourceLoader
08:01:31.026 [main] DEBUG org.apache.velocity - Velocimacro : added VM includeHooks: source=/templates/macros/json/hooks.vm
08:01:31.026 [main] DEBUG org.apache.velocity - ResourceManager : found /templates/macros/json/hooks.vm with loader org.apache.velocity.runtime.resource.loader.ClasspathResourceLoader
08:01:31.028 [main] DEBUG org.apache.velocity - Velocimacro : added VM includeOutput: source=/templates/macros/json/output.vm
08:01:31.028 [main] DEBUG org.apache.velocity - ResourceManager : found /templates/macros/json/output.vm with loader org.apache.velocity.runtime.resource.loader.ClasspathResourceLoader
08:01:31.029 [main] DEBUG org.apache.velocity - Velocimacro : added VM includeMessage: source=/templates/macros/json/message.vm
08:01:31.029 [main] DEBUG org.apache.velocity - ResourceManager : found /templates/macros/json/message.vm with loader org.apache.velocity.runtime.resource.loader.ClasspathResourceLoader
08:01:31.031 [main] DEBUG org.apache.velocity - Velocimacro : added VM includeSteps: source=/templates/macros/json/steps.vm
08:01:31.031 [main] DEBUG org.apache.velocity - ResourceManager : found /templates/macros/json/steps.vm with loader org.apache.velocity.runtime.resource.loader.ClasspathResourceLoader
08:01:31.032 [main] DEBUG org.apache.velocity - Velocimacro : added VM includeStepName: source=/templates/macros/json/stepName.vm
08:01:31.032 [main] DEBUG org.apache.velocity - ResourceManager : found /templates/macros/json/stepName.vm with loader org.apache.velocity.runtime.resource.loader.ClasspathResourceLoader
08:01:31.033 [main] DEBUG org.apache.velocity - Velocimacro : added VM includeTags: source=/templates/macros/json/tags.vm
08:01:31.033 [main] DEBUG org.apache.velocity - ResourceManager : found /templates/macros/json/tags.vm with loader org.apache.velocity.runtime.resource.loader.ClasspathResourceLoader
08:01:31.033 [main] DEBUG org.apache.velocity - VM #includeNavigation: too few arguments to macro. Wanted 1 got 0
08:01:31.033 [main] DEBUG org.apache.velocity - Left side ($active_tab) of '==' operation has null value. If it is a reference, it may not be in the context or its toString() returned null. /templates/macros/page/navigation.vm[line 14, column 51]
08:01:31.033 [main] DEBUG org.apache.velocity - Left side ($active_tab) of '==' operation has null value. If it is a reference, it may not be in the context or its toString() returned null. /templates/macros/page/navigation.vm[line 15, column 51]
08:01:31.033 [main] DEBUG org.apache.velocity - Left side ($active_tab) of '==' operation has null value. If it is a reference, it may not be in the context or its toString() returned null. /templates/macros/page/navigation.vm[line 16, column 51]
08:01:31.033 [main] DEBUG org.apache.velocity - Left side ($active_tab) of '==' operation has null value. If it is a reference, it may not be in the context or its toString() returned null. /templates/macros/page/navigation.vm[line 20, column 51]
08:01:31.034 [main] DEBUG org.apache.velocity - VM #includeLead: too few arguments to macro. Wanted 2 got 1
08:01:31.034 [main] DEBUG org.apache.velocity - VM #includeBrief: too few arguments to macro. Wanted 5 got 3
08:01:31.035 [main] DEBUG org.apache.velocity - VM #includeBrief: too few arguments to macro. Wanted 5 got 4
08:01:31.035 [main] DEBUG org.apache.velocity - VM #includeBrief: too few arguments to macro. Wanted 5 got 4
08:01:31.036 [main] DEBUG org.apache.velocity - VM #includeBrief: too few arguments to macro. Wanted 5 got 4
08:01:31.036 [main] DEBUG org.apache.velocity - VM #includeBrief: too few arguments to macro. Wanted 5 got 4
08:01:31.038 [main] DEBUG org.apache.velocity - VM #includeBrief: too few arguments to macro. Wanted 5 got 4
08:01:31.039 [main] DEBUG org.apache.velocity - VM #includeBrief: too few arguments to macro. Wanted 5 got 4
08:01:31.040 [main] DEBUG org.apache.velocity - VM #includeBrief: too few arguments to macro. Wanted 5 got 4
08:01:31.040 [main] DEBUG org.apache.velocity - VM #includeBrief: too few arguments to macro. Wanted 5 got 4
08:01:31.042 [main] DEBUG org.apache.velocity - VM #includeBrief: too few arguments to macro. Wanted 5 got 4
08:01:31.042 [main] DEBUG org.apache.velocity - VM #includeBrief: too few arguments to macro. Wanted 5 got 4
08:01:31.043 [main] DEBUG org.apache.velocity - VM #includeBrief: too few arguments to macro. Wanted 5 got 4
08:01:31.043 [main] DEBUG org.apache.velocity - VM #includeBrief: too few arguments to macro. Wanted 5 got 4
08:01:31.044 [main] DEBUG org.apache.velocity - VM #includeBrief: too few arguments to macro. Wanted 5 got 4
08:01:31.044 [main] DEBUG org.apache.velocity - VM #includeBrief: too few arguments to macro. Wanted 5 got 4
08:01:31.045 [main] DEBUG org.apache.velocity - VM #includeBrief: too few arguments to macro. Wanted 5 got 4
08:01:31.045 [main] DEBUG org.apache.velocity - VM #includeBrief: too few arguments to macro. Wanted 5 got 4
08:01:31.046 [main] DEBUG org.apache.velocity - VM #includeBrief: too few arguments to macro. Wanted 5 got 4
08:01:31.046 [main] DEBUG org.apache.velocity - VM #includeBrief: too few arguments to macro. Wanted 5 got 4
08:01:31.046 [main] DEBUG org.apache.velocity - VM #includeBrief: too few arguments to macro. Wanted 5 got 4
08:01:31.046 [main] DEBUG org.apache.velocity - VM #includeBrief: too few arguments to macro. Wanted 5 got 4
08:01:31.048 [main] DEBUG org.apache.velocity - VM #includeBrief: too few arguments to macro. Wanted 5 got 4
08:01:31.048 [main] DEBUG org.apache.velocity - VM #includeBrief: too few arguments to macro. Wanted 5 got 4
08:01:31.048 [main] DEBUG org.apache.velocity - VM #includeBrief: too few arguments to macro. Wanted 5 got 4
08:01:31.048 [main] DEBUG org.apache.velocity - VM #includeBrief: too few arguments to macro. Wanted 5 got 4
08:01:31.050 [main] DEBUG org.apache.velocity - VM #includeBrief: too few arguments to macro. Wanted 5 got 4
08:01:31.050 [main] DEBUG org.apache.velocity - VM #includeBrief: too few arguments to macro. Wanted 5 got 4
08:01:31.050 [main] DEBUG org.apache.velocity - VM #includeBrief: too few arguments to macro. Wanted 5 got 4
08:01:31.051 [main] DEBUG org.apache.velocity - VM #includeBrief: too few arguments to macro. Wanted 5 got 4
08:01:31.052 [main] DEBUG org.apache.velocity - VM #includeBrief: too few arguments to macro. Wanted 5 got 4
08:01:31.052 [main] DEBUG org.apache.velocity - VM #includeBrief: too few arguments to macro. Wanted 5 got 4
08:01:31.053 [main] DEBUG org.apache.velocity - VM #includeBrief: too few arguments to macro. Wanted 5 got 4
08:01:31.053 [main] DEBUG org.apache.velocity - VM #includeBrief: too few arguments to macro. Wanted 5 got 4
08:01:31.054 [main] DEBUG org.apache.velocity - VM #includeBrief: too few arguments to macro. Wanted 5 got 4
08:01:31.054 [main] DEBUG org.apache.velocity - VM #includeBrief: too few arguments to macro. Wanted 5 got 4
08:01:31.055 [main] DEBUG org.apache.velocity - VM #includeBrief: too few arguments to macro. Wanted 5 got 4
08:01:31.055 [main] DEBUG org.apache.velocity - VM #includeBrief: too few arguments to macro. Wanted 5 got 4
08:01:31.056 [main] DEBUG org.apache.velocity - VM #includeBrief: too few arguments to macro. Wanted 5 got 4
08:01:31.056 [main] DEBUG org.apache.velocity - VM #includeBrief: too few arguments to macro. Wanted 5 got 4
08:01:31.057 [main] DEBUG org.apache.velocity - VM #includeBrief: too few arguments to macro. Wanted 5 got 4
08:01:31.057 [main] DEBUG org.apache.velocity - VM #includeBrief: too few arguments to macro. Wanted 5 got 4
08:01:31.059 [main] DEBUG org.apache.velocity - VM #includeBrief: too few arguments to macro. Wanted 5 got 4
08:01:31.059 [main] DEBUG org.apache.velocity - VM #includeBrief: too few arguments to macro. Wanted 5 got 4
08:01:31.060 [main] DEBUG org.apache.velocity - VM #includeBrief: too few arguments to macro. Wanted 5 got 4
08:01:31.060 [main] DEBUG org.apache.velocity - VM #includeBrief: too few arguments to macro. Wanted 5 got 4
08:01:31.061 [main] DEBUG org.apache.velocity - VM #includeBrief: too few arguments to macro. Wanted 5 got 4
08:01:31.062 [main] DEBUG org.apache.velocity - VM #includeBrief: too few arguments to macro. Wanted 5 got 4
08:01:31.062 [main] DEBUG org.apache.velocity - VM #includeBrief: too few arguments to macro. Wanted 5 got 4
08:01:31.062 [main] DEBUG org.apache.velocity - VM #includeBrief: too few arguments to macro. Wanted 5 got 4
08:01:31.064 [main] DEBUG org.apache.velocity - VM #includeBrief: too few arguments to macro. Wanted 5 got 4
08:01:31.064 [main] DEBUG org.apache.velocity - VM #includeBrief: too few arguments to macro. Wanted 5 got 4
08:01:31.065 [main] DEBUG org.apache.velocity - VM #includeBrief: too few arguments to macro. Wanted 5 got 4
08:01:31.065 [main] DEBUG org.apache.velocity - VM #includeBrief: too few arguments to macro. Wanted 5 got 4
08:01:31.066 [main] DEBUG org.apache.velocity - VM #includeBrief: too few arguments to macro. Wanted 5 got 4
08:01:31.066 [main] DEBUG org.apache.velocity - VM #includeBrief: too few arguments to macro. Wanted 5 got 4
08:01:31.067 [main] DEBUG org.apache.velocity - VM #includeBrief: too few arguments to macro. Wanted 5 got 4
08:01:31.067 [main] DEBUG org.apache.velocity - VM #includeBrief: too few arguments to macro. Wanted 5 got 4
08:01:31.068 [main] DEBUG org.apache.velocity - VM #includeBrief: too few arguments to macro. Wanted 5 got 4
08:01:31.068 [main] DEBUG org.apache.velocity - VM #includeBrief: too few arguments to macro. Wanted 5 got 4
08:01:31.069 [main] DEBUG org.apache.velocity - VM #includeBrief: too few arguments to macro. Wanted 5 got 4
08:01:31.069 [main] DEBUG org.apache.velocity - VM #includeBrief: too few arguments to macro. Wanted 5 got 4
08:01:31.070 [main] DEBUG org.apache.velocity - VM #includeBrief: too few arguments to macro. Wanted 5 got 4
08:01:31.070 [main] DEBUG org.apache.velocity - VM #includeBrief: too few arguments to macro. Wanted 5 got 4
08:01:31.071 [main] DEBUG org.apache.velocity - VM #includeBrief: too few arguments to macro. Wanted 5 got 4
08:01:31.071 [main] DEBUG org.apache.velocity - VM #includeBrief: too few arguments to macro. Wanted 5 got 4
08:01:31.072 [main] DEBUG org.apache.velocity - VM #includeBrief: too few arguments to macro. Wanted 5 got 4
08:01:31.072 [main] DEBUG org.apache.velocity - VM #includeBrief: too few arguments to macro. Wanted 5 got 4
08:01:31.073 [main] DEBUG org.apache.velocity - VM #includeBrief: too few arguments to macro. Wanted 5 got 4
08:01:31.073 [main] DEBUG org.apache.velocity - VM #includeBrief: too few arguments to macro. Wanted 5 got 4
08:01:31.074 [main] DEBUG org.apache.velocity - VM #includeBrief: too few arguments to macro. Wanted 5 got 4
08:01:31.074 [main] DEBUG org.apache.velocity - VM #includeBrief: too few arguments to macro. Wanted 5 got 4
08:01:31.074 [main] DEBUG org.apache.velocity - VM #includeBrief: too few arguments to macro. Wanted 5 got 4
08:01:31.074 [main] DEBUG org.apache.velocity - VM #includeBrief: too few arguments to macro. Wanted 5 got 4
08:01:31.075 [main] DEBUG org.apache.velocity - ResourceManager : found /templates/footer.vm with loader org.apache.velocity.runtime.resource.loader.ClasspathResourceLoader
08:01:31.077 [main] DEBUG org.apache.velocity - CommonsLogLogChute name is 'org.apache.velocity'
08:01:31.077 [main] DEBUG org.apache.velocity - Initializing Velocity, Calling init()...
08:01:31.077 [main] DEBUG org.apache.velocity - Starting Apache Velocity v1.7 (compiled: 2010-11-19 12:14:37)
08:01:31.077 [main] DEBUG org.apache.velocity - Default Properties File: org/apache/velocity/runtime/defaults/velocity.properties
08:01:31.077 [main] DEBUG org.apache.velocity - Trying to use logger class org.apache.velocity.runtime.log.AvalonLogChute
08:01:31.077 [main] DEBUG org.apache.velocity - Target log system for org.apache.velocity.runtime.log.AvalonLogChute is not available (java.lang.NoClassDefFoundError: org/apache/log/format/Formatter).  Falling back to next log system...
08:01:31.077 [main] DEBUG org.apache.velocity - Trying to use logger class org.apache.velocity.runtime.log.Log4JLogChute
08:01:31.077 [main] DEBUG org.apache.velocity - Target log system for org.apache.velocity.runtime.log.Log4JLogChute is not available (java.lang.NoClassDefFoundError: org/apache/log4j/Appender).  Falling back to next log system...
08:01:31.077 [main] DEBUG org.apache.velocity - Trying to use logger class org.apache.velocity.runtime.log.CommonsLogLogChute
08:01:31.077 [main] DEBUG org.apache.velocity - Using logger class org.apache.velocity.runtime.log.CommonsLogLogChute
08:01:31.077 [main] DEBUG org.apache.velocity - ResourceLoader instantiated: org.apache.velocity.runtime.resource.loader.ClasspathResourceLoader
08:01:31.077 [main] DEBUG org.apache.velocity - ResourceCache: initialized (class org.apache.velocity.runtime.resource.ResourceCacheImpl) with class java.util.Collections$SynchronizedMap cache map.
08:01:31.078 [main] DEBUG org.apache.velocity - Loaded System Directive: org.apache.velocity.runtime.directive.Stop
08:01:31.078 [main] DEBUG org.apache.velocity - Loaded System Directive: org.apache.velocity.runtime.directive.Define
08:01:31.078 [main] DEBUG org.apache.velocity - Loaded System Directive: org.apache.velocity.runtime.directive.Break
08:01:31.078 [main] DEBUG org.apache.velocity - Loaded System Directive: org.apache.velocity.runtime.directive.Evaluate
08:01:31.078 [main] DEBUG org.apache.velocity - Loaded System Directive: org.apache.velocity.runtime.directive.Literal
08:01:31.078 [main] DEBUG org.apache.velocity - Loaded System Directive: org.apache.velocity.runtime.directive.Macro
08:01:31.078 [main] DEBUG org.apache.velocity - Loaded System Directive: org.apache.velocity.runtime.directive.Parse
08:01:31.078 [main] DEBUG org.apache.velocity - Loaded System Directive: org.apache.velocity.runtime.directive.Include
08:01:31.078 [main] DEBUG org.apache.velocity - Loaded System Directive: org.apache.velocity.runtime.directive.Foreach
08:01:31.079 [main] DEBUG org.apache.velocity - Created '20' parsers.
08:01:31.079 [main] DEBUG org.apache.velocity - Velocimacro : "velocimacro.library" is not set.  Trying default library: VM_global_library.vm
08:01:31.079 [main] DEBUG org.apache.velocity - Could not load resource 'VM_global_library.vm' from ResourceLoader org.apache.velocity.runtime.resource.loader.ClasspathResourceLoader: ClasspathResourceLoader Error: cannot find resource VM_global_library.vm
08:01:31.079 [main] DEBUG org.apache.velocity - Velocimacro : Default library not found.
08:01:31.079 [main] DEBUG org.apache.velocity - Velocimacro : allowInline = true : VMs can be defined inline in templates
08:01:31.079 [main] DEBUG org.apache.velocity - Velocimacro : allowInlineToOverride = false : VMs defined inline may NOT replace previous VM definitions
08:01:31.079 [main] DEBUG org.apache.velocity - Velocimacro : allowInlineLocal = false : VMs defined inline will be global in scope if allowed.
08:01:31.079 [main] DEBUG org.apache.velocity - Velocimacro : autoload off : VM system will not automatically reload global library macros
08:01:31.081 [main] DEBUG org.apache.velocity - ResourceManager : found templates/generators/reportFeature.vm with loader org.apache.velocity.runtime.resource.loader.ClasspathResourceLoader
08:01:31.082 [main] DEBUG org.apache.velocity - ResourceManager : found /templates/headers.vm with loader org.apache.velocity.runtime.resource.loader.ClasspathResourceLoader
08:01:31.083 [main] DEBUG org.apache.velocity - ResourceManager : found /templates/head.vm with loader org.apache.velocity.runtime.resource.loader.ClasspathResourceLoader
08:01:31.084 [main] DEBUG org.apache.velocity - Velocimacro : added VM stringArray: source=/templates/macros/array.js.vm
08:01:31.084 [main] DEBUG org.apache.velocity - Velocimacro : added VM numberArray: source=/templates/macros/array.js.vm
08:01:31.084 [main] DEBUG org.apache.velocity - ResourceManager : found /templates/macros/array.js.vm with loader org.apache.velocity.runtime.resource.loader.ClasspathResourceLoader
08:01:31.084 [main] DEBUG org.apache.velocity - Velocimacro : added VM includeBuildInfo: source=/templates/macros/page/buildinfo.vm
08:01:31.085 [main] DEBUG org.apache.velocity - ResourceManager : found /templates/macros/page/buildinfo.vm with loader org.apache.velocity.runtime.resource.loader.ClasspathResourceLoader
08:01:31.085 [main] DEBUG org.apache.velocity - Velocimacro : added VM includeClassifications: source=/templates/macros/page/classifications.vm
08:01:31.085 [main] DEBUG org.apache.velocity - ResourceManager : found /templates/macros/page/classifications.vm with loader org.apache.velocity.runtime.resource.loader.ClasspathResourceLoader
08:01:31.086 [main] DEBUG org.apache.velocity - Velocimacro : added VM includeLead: source=/templates/macros/page/lead.vm
08:01:31.086 [main] DEBUG org.apache.velocity - ResourceManager : found /templates/macros/page/lead.vm with loader org.apache.velocity.runtime.resource.loader.ClasspathResourceLoader
08:01:31.087 [main] DEBUG org.apache.velocity - Velocimacro : added VM includeNavigation: source=/templates/macros/page/navigation.vm
08:01:31.087 [main] DEBUG org.apache.velocity - ResourceManager : found /templates/macros/page/navigation.vm with loader org.apache.velocity.runtime.resource.loader.ClasspathResourceLoader
08:01:31.087 [main] DEBUG org.apache.velocity - Velocimacro : added VM includeReportInfo: source=/templates/macros/page/reportInfo.vm
08:01:31.087 [main] DEBUG org.apache.velocity - ResourceManager : found /templates/macros/page/reportInfo.vm with loader org.apache.velocity.runtime.resource.loader.ClasspathResourceLoader
08:01:31.088 [main] DEBUG org.apache.velocity - Velocimacro : added VM includeTitle: source=/templates/macros/page/title.vm
08:01:31.088 [main] DEBUG org.apache.velocity - ResourceManager : found /templates/macros/page/title.vm with loader org.apache.velocity.runtime.resource.loader.ClasspathResourceLoader
08:01:31.089 [main] DEBUG org.apache.velocity - Velocimacro : added VM includeExpandingButtons: source=/templates/macros/report/expandAllButtons.vm
08:01:31.089 [main] DEBUG org.apache.velocity - ResourceManager : found /templates/macros/report/expandAllButtons.vm with loader org.apache.velocity.runtime.resource.loader.ClasspathResourceLoader
08:01:31.090 [main] DEBUG org.apache.velocity - Velocimacro : added VM includeReportTable: source=/templates/macros/report/reportTable.vm
08:01:31.090 [main] DEBUG org.apache.velocity - ResourceManager : found /templates/macros/report/reportTable.vm with loader org.apache.velocity.runtime.resource.loader.ClasspathResourceLoader
08:01:31.091 [main] DEBUG org.apache.velocity - Velocimacro : added VM includeReportHeader: source=/templates/macros/report/reportHeader.vm
08:01:31.091 [main] DEBUG org.apache.velocity - ResourceManager : found /templates/macros/report/reportHeader.vm with loader org.apache.velocity.runtime.resource.loader.ClasspathResourceLoader
08:01:31.093 [main] DEBUG org.apache.velocity - Velocimacro : added VM includeStatsTable: source=/templates/macros/report/statsTable.vm
08:01:31.093 [main] DEBUG org.apache.velocity - ResourceManager : found /templates/macros/report/statsTable.vm with loader org.apache.velocity.runtime.resource.loader.ClasspathResourceLoader
08:01:31.094 [main] DEBUG org.apache.velocity - Velocimacro : added VM includeBrief: source=/templates/macros/json/brief.vm
08:01:31.094 [main] DEBUG org.apache.velocity - ResourceManager : found /templates/macros/json/brief.vm with loader org.apache.velocity.runtime.resource.loader.ClasspathResourceLoader
08:01:31.094 [main] DEBUG org.apache.velocity - Velocimacro : added VM includeDocString: source=/templates/macros/json/docstring.vm
08:01:31.094 [main] DEBUG org.apache.velocity - ResourceManager : found /templates/macros/json/docstring.vm with loader org.apache.velocity.runtime.resource.loader.ClasspathResourceLoader
08:01:31.095 [main] DEBUG org.apache.velocity - Velocimacro : added VM includeDuration: source=/templates/macros/json/duration.vm
08:01:31.095 [main] DEBUG org.apache.velocity - ResourceManager : found /templates/macros/json/duration.vm with loader org.apache.velocity.runtime.resource.loader.ClasspathResourceLoader
08:01:31.096 [main] DEBUG org.apache.velocity - Velocimacro : added VM includeElement: source=/templates/macros/json/element.vm
08:01:31.096 [main] DEBUG org.apache.velocity - ResourceManager : found /templates/macros/json/element.vm with loader org.apache.velocity.runtime.resource.loader.ClasspathResourceLoader
08:01:31.099 [main] DEBUG org.apache.velocity - Velocimacro : added VM includeEmbeddings: source=/templates/macros/json/embeddings.vm
08:01:31.099 [main] DEBUG org.apache.velocity - Velocimacro : added VM includeHtmlEmbedding: source=/templates/macros/json/embeddings.vm
08:01:31.099 [main] DEBUG org.apache.velocity - Velocimacro : added VM includeImageEmbedding: source=/templates/macros/json/embeddings.vm
08:01:31.099 [main] DEBUG org.apache.velocity - Velocimacro : added VM includeImageReferenceEmbedding: source=/templates/macros/json/embeddings.vm
08:01:31.099 [main] DEBUG org.apache.velocity - Velocimacro : added VM includeTextEmbedding: source=/templates/macros/json/embeddings.vm
08:01:31.099 [main] DEBUG org.apache.velocity - Velocimacro : added VM includeUnknownEmbedding: source=/templates/macros/json/embeddings.vm
08:01:31.099 [main] DEBUG org.apache.velocity - ResourceManager : found /templates/macros/json/embeddings.vm with loader org.apache.velocity.runtime.resource.loader.ClasspathResourceLoader
08:01:31.100 [main] DEBUG org.apache.velocity - Velocimacro : added VM includeHooks: source=/templates/macros/json/hooks.vm
08:01:31.100 [main] DEBUG org.apache.velocity - ResourceManager : found /templates/macros/json/hooks.vm with loader org.apache.velocity.runtime.resource.loader.ClasspathResourceLoader
08:01:31.102 [main] DEBUG org.apache.velocity - Velocimacro : added VM includeOutput: source=/templates/macros/json/output.vm
08:01:31.102 [main] DEBUG org.apache.velocity - ResourceManager : found /templates/macros/json/output.vm with loader org.apache.velocity.runtime.resource.loader.ClasspathResourceLoader
08:01:31.102 [main] DEBUG org.apache.velocity - Velocimacro : added VM includeMessage: source=/templates/macros/json/message.vm
08:01:31.102 [main] DEBUG org.apache.velocity - ResourceManager : found /templates/macros/json/message.vm with loader org.apache.velocity.runtime.resource.loader.ClasspathResourceLoader
08:01:31.104 [main] DEBUG org.apache.velocity - Velocimacro : added VM includeSteps: source=/templates/macros/json/steps.vm
08:01:31.104 [main] DEBUG org.apache.velocity - ResourceManager : found /templates/macros/json/steps.vm with loader org.apache.velocity.runtime.resource.loader.ClasspathResourceLoader
08:01:31.105 [main] DEBUG org.apache.velocity - Velocimacro : added VM includeStepName: source=/templates/macros/json/stepName.vm
08:01:31.105 [main] DEBUG org.apache.velocity - ResourceManager : found /templates/macros/json/stepName.vm with loader org.apache.velocity.runtime.resource.loader.ClasspathResourceLoader
08:01:31.106 [main] DEBUG org.apache.velocity - Velocimacro : added VM includeTags: source=/templates/macros/json/tags.vm
08:01:31.106 [main] DEBUG org.apache.velocity - ResourceManager : found /templates/macros/json/tags.vm with loader org.apache.velocity.runtime.resource.loader.ClasspathResourceLoader
08:01:31.106 [main] DEBUG org.apache.velocity - VM #includeNavigation: too few arguments to macro. Wanted 1 got 0
08:01:31.107 [main] DEBUG org.apache.velocity - Left side ($active_tab) of '==' operation has null value. If it is a reference, it may not be in the context or its toString() returned null. /templates/macros/page/navigation.vm[line 14, column 51]
08:01:31.107 [main] DEBUG org.apache.velocity - Left side ($active_tab) of '==' operation has null value. If it is a reference, it may not be in the context or its toString() returned null. /templates/macros/page/navigation.vm[line 15, column 51]
08:01:31.107 [main] DEBUG org.apache.velocity - Left side ($active_tab) of '==' operation has null value. If it is a reference, it may not be in the context or its toString() returned null. /templates/macros/page/navigation.vm[line 16, column 51]
08:01:31.107 [main] DEBUG org.apache.velocity - Left side ($active_tab) of '==' operation has null value. If it is a reference, it may not be in the context or its toString() returned null. /templates/macros/page/navigation.vm[line 20, column 51]
08:01:31.107 [main] DEBUG org.apache.velocity - VM #includeLead: too few arguments to macro. Wanted 2 got 1
08:01:31.108 [main] DEBUG org.apache.velocity - VM #includeBrief: too few arguments to macro. Wanted 5 got 3
08:01:31.108 [main] DEBUG org.apache.velocity - VM #includeBrief: too few arguments to macro. Wanted 5 got 4
08:01:31.108 [main] DEBUG org.apache.velocity - VM #includeBrief: too few arguments to macro. Wanted 5 got 4
08:01:31.109 [main] DEBUG org.apache.velocity - VM #includeBrief: too few arguments to macro. Wanted 5 got 4
08:01:31.109 [main] DEBUG org.apache.velocity - VM #includeBrief: too few arguments to macro. Wanted 5 got 4
08:01:31.110 [main] DEBUG org.apache.velocity - VM #includeBrief: too few arguments to macro. Wanted 5 got 4
08:01:31.110 [main] DEBUG org.apache.velocity - VM #includeBrief: too few arguments to macro. Wanted 5 got 4
08:01:31.110 [main] DEBUG org.apache.velocity - VM #includeBrief: too few arguments to macro. Wanted 5 got 4
08:01:31.110 [main] DEBUG org.apache.velocity - VM #includeBrief: too few arguments to macro. Wanted 5 got 4
08:01:31.111 [main] DEBUG org.apache.velocity - VM #includeBrief: too few arguments to macro. Wanted 5 got 4
08:01:31.111 [main] DEBUG org.apache.velocity - VM #includeBrief: too few arguments to macro. Wanted 5 got 4
08:01:31.112 [main] DEBUG org.apache.velocity - VM #includeBrief: too few arguments to macro. Wanted 5 got 4
08:01:31.112 [main] DEBUG org.apache.velocity - VM #includeBrief: too few arguments to macro. Wanted 5 got 4
08:01:31.112 [main] DEBUG org.apache.velocity - VM #includeBrief: too few arguments to macro. Wanted 5 got 4
08:01:31.112 [main] DEBUG org.apache.velocity - VM #includeBrief: too few arguments to macro. Wanted 5 got 4
08:01:31.113 [main] DEBUG org.apache.velocity - VM #includeBrief: too few arguments to macro. Wanted 5 got 4
08:01:31.113 [main] DEBUG org.apache.velocity - VM #includeBrief: too few arguments to macro. Wanted 5 got 4
08:01:31.113 [main] DEBUG org.apache.velocity - VM #includeBrief: too few arguments to macro. Wanted 5 got 4
08:01:31.114 [main] DEBUG org.apache.velocity - VM #includeBrief: too few arguments to macro. Wanted 5 got 4
08:01:31.114 [main] DEBUG org.apache.velocity - VM #includeBrief: too few arguments to macro. Wanted 5 got 4
08:01:31.114 [main] DEBUG org.apache.velocity - VM #includeBrief: too few arguments to macro. Wanted 5 got 4
08:01:31.115 [main] DEBUG org.apache.velocity - ResourceManager : found /templates/footer.vm with loader org.apache.velocity.runtime.resource.loader.ClasspathResourceLoader
08:01:31.117 [main] DEBUG org.apache.velocity - CommonsLogLogChute name is 'org.apache.velocity'
08:01:31.117 [main] DEBUG org.apache.velocity - Initializing Velocity, Calling init()...
08:01:31.117 [main] DEBUG org.apache.velocity - Starting Apache Velocity v1.7 (compiled: 2010-11-19 12:14:37)
08:01:31.117 [main] DEBUG org.apache.velocity - Default Properties File: org/apache/velocity/runtime/defaults/velocity.properties
08:01:31.117 [main] DEBUG org.apache.velocity - Trying to use logger class org.apache.velocity.runtime.log.AvalonLogChute
08:01:31.117 [main] DEBUG org.apache.velocity - Target log system for org.apache.velocity.runtime.log.AvalonLogChute is not available (java.lang.NoClassDefFoundError: org/apache/log/format/Formatter).  Falling back to next log system...
08:01:31.117 [main] DEBUG org.apache.velocity - Trying to use logger class org.apache.velocity.runtime.log.Log4JLogChute
08:01:31.117 [main] DEBUG org.apache.velocity - Target log system for org.apache.velocity.runtime.log.Log4JLogChute is not available (java.lang.NoClassDefFoundError: org/apache/log4j/Appender).  Falling back to next log system...
08:01:31.117 [main] DEBUG org.apache.velocity - Trying to use logger class org.apache.velocity.runtime.log.CommonsLogLogChute
08:01:31.117 [main] DEBUG org.apache.velocity - Using logger class org.apache.velocity.runtime.log.CommonsLogLogChute
08:01:31.117 [main] DEBUG org.apache.velocity - ResourceLoader instantiated: org.apache.velocity.runtime.resource.loader.ClasspathResourceLoader
08:01:31.117 [main] DEBUG org.apache.velocity - ResourceCache: initialized (class org.apache.velocity.runtime.resource.ResourceCacheImpl) with class java.util.Collections$SynchronizedMap cache map.
08:01:31.118 [main] DEBUG org.apache.velocity - Loaded System Directive: org.apache.velocity.runtime.directive.Stop
08:01:31.118 [main] DEBUG org.apache.velocity - Loaded System Directive: org.apache.velocity.runtime.directive.Define
08:01:31.118 [main] DEBUG org.apache.velocity - Loaded System Directive: org.apache.velocity.runtime.directive.Break
08:01:31.118 [main] DEBUG org.apache.velocity - Loaded System Directive: org.apache.velocity.runtime.directive.Evaluate
08:01:31.118 [main] DEBUG org.apache.velocity - Loaded System Directive: org.apache.velocity.runtime.directive.Literal
08:01:31.118 [main] DEBUG org.apache.velocity - Loaded System Directive: org.apache.velocity.runtime.directive.Macro
08:01:31.118 [main] DEBUG org.apache.velocity - Loaded System Directive: org.apache.velocity.runtime.directive.Parse
08:01:31.118 [main] DEBUG org.apache.velocity - Loaded System Directive: org.apache.velocity.runtime.directive.Include
08:01:31.118 [main] DEBUG org.apache.velocity - Loaded System Directive: org.apache.velocity.runtime.directive.Foreach
08:01:31.119 [main] DEBUG org.apache.velocity - Created '20' parsers.
08:01:31.119 [main] DEBUG org.apache.velocity - Velocimacro : "velocimacro.library" is not set.  Trying default library: VM_global_library.vm
08:01:31.119 [main] DEBUG org.apache.velocity - Could not load resource 'VM_global_library.vm' from ResourceLoader org.apache.velocity.runtime.resource.loader.ClasspathResourceLoader: ClasspathResourceLoader Error: cannot find resource VM_global_library.vm
08:01:31.119 [main] DEBUG org.apache.velocity - Velocimacro : Default library not found.
08:01:31.119 [main] DEBUG org.apache.velocity - Velocimacro : allowInline = true : VMs can be defined inline in templates
08:01:31.119 [main] DEBUG org.apache.velocity - Velocimacro : allowInlineToOverride = false : VMs defined inline may NOT replace previous VM definitions
08:01:31.119 [main] DEBUG org.apache.velocity - Velocimacro : allowInlineLocal = false : VMs defined inline will be global in scope if allowed.
08:01:31.119 [main] DEBUG org.apache.velocity - Velocimacro : autoload off : VM system will not automatically reload global library macros
08:01:31.120 [main] DEBUG org.apache.velocity - ResourceManager : found templates/generators/reportFeature.vm with loader org.apache.velocity.runtime.resource.loader.ClasspathResourceLoader
08:01:31.121 [main] DEBUG org.apache.velocity - ResourceManager : found /templates/headers.vm with loader org.apache.velocity.runtime.resource.loader.ClasspathResourceLoader
08:01:31.121 [main] DEBUG org.apache.velocity - ResourceManager : found /templates/head.vm with loader org.apache.velocity.runtime.resource.loader.ClasspathResourceLoader
08:01:31.122 [main] DEBUG org.apache.velocity - Velocimacro : added VM stringArray: source=/templates/macros/array.js.vm
08:01:31.122 [main] DEBUG org.apache.velocity - Velocimacro : added VM numberArray: source=/templates/macros/array.js.vm
08:01:31.122 [main] DEBUG org.apache.velocity - ResourceManager : found /templates/macros/array.js.vm with loader org.apache.velocity.runtime.resource.loader.ClasspathResourceLoader
08:01:31.122 [main] DEBUG org.apache.velocity - Velocimacro : added VM includeBuildInfo: source=/templates/macros/page/buildinfo.vm
08:01:31.122 [main] DEBUG org.apache.velocity - ResourceManager : found /templates/macros/page/buildinfo.vm with loader org.apache.velocity.runtime.resource.loader.ClasspathResourceLoader
08:01:31.123 [main] DEBUG org.apache.velocity - Velocimacro : added VM includeClassifications: source=/templates/macros/page/classifications.vm
08:01:31.123 [main] DEBUG org.apache.velocity - ResourceManager : found /templates/macros/page/classifications.vm with loader org.apache.velocity.runtime.resource.loader.ClasspathResourceLoader
08:01:31.123 [main] DEBUG org.apache.velocity - Velocimacro : added VM includeLead: source=/templates/macros/page/lead.vm
08:01:31.123 [main] DEBUG org.apache.velocity - ResourceManager : found /templates/macros/page/lead.vm with loader org.apache.velocity.runtime.resource.loader.ClasspathResourceLoader
08:01:31.124 [main] DEBUG org.apache.velocity - Velocimacro : added VM includeNavigation: source=/templates/macros/page/navigation.vm
08:01:31.124 [main] DEBUG org.apache.velocity - ResourceManager : found /templates/macros/page/navigation.vm with loader org.apache.velocity.runtime.resource.loader.ClasspathResourceLoader
08:01:31.125 [main] DEBUG org.apache.velocity - Velocimacro : added VM includeReportInfo: source=/templates/macros/page/reportInfo.vm
08:01:31.125 [main] DEBUG org.apache.velocity - ResourceManager : found /templates/macros/page/reportInfo.vm with loader org.apache.velocity.runtime.resource.loader.ClasspathResourceLoader
08:01:31.125 [main] DEBUG org.apache.velocity - Velocimacro : added VM includeTitle: source=/templates/macros/page/title.vm
08:01:31.125 [main] DEBUG org.apache.velocity - ResourceManager : found /templates/macros/page/title.vm with loader org.apache.velocity.runtime.resource.loader.ClasspathResourceLoader
08:01:31.126 [main] DEBUG org.apache.velocity - Velocimacro : added VM includeExpandingButtons: source=/templates/macros/report/expandAllButtons.vm
08:01:31.126 [main] DEBUG org.apache.velocity - ResourceManager : found /templates/macros/report/expandAllButtons.vm with loader org.apache.velocity.runtime.resource.loader.ClasspathResourceLoader
08:01:31.127 [main] DEBUG org.apache.velocity - Velocimacro : added VM includeReportTable: source=/templates/macros/report/reportTable.vm
08:01:31.127 [main] DEBUG org.apache.velocity - ResourceManager : found /templates/macros/report/reportTable.vm with loader org.apache.velocity.runtime.resource.loader.ClasspathResourceLoader
08:01:31.128 [main] DEBUG org.apache.velocity - Velocimacro : added VM includeReportHeader: source=/templates/macros/report/reportHeader.vm
08:01:31.128 [main] DEBUG org.apache.velocity - ResourceManager : found /templates/macros/report/reportHeader.vm with loader org.apache.velocity.runtime.resource.loader.ClasspathResourceLoader
08:01:31.130 [main] DEBUG org.apache.velocity - Velocimacro : added VM includeStatsTable: source=/templates/macros/report/statsTable.vm
08:01:31.130 [main] DEBUG org.apache.velocity - ResourceManager : found /templates/macros/report/statsTable.vm with loader org.apache.velocity.runtime.resource.loader.ClasspathResourceLoader
08:01:31.130 [main] DEBUG org.apache.velocity - Velocimacro : added VM includeBrief: source=/templates/macros/json/brief.vm
08:01:31.130 [main] DEBUG org.apache.velocity - ResourceManager : found /templates/macros/json/brief.vm with loader org.apache.velocity.runtime.resource.loader.ClasspathResourceLoader
08:01:31.132 [main] DEBUG org.apache.velocity - Velocimacro : added VM includeDocString: source=/templates/macros/json/docstring.vm
08:01:31.132 [main] DEBUG org.apache.velocity - ResourceManager : found /templates/macros/json/docstring.vm with loader org.apache.velocity.runtime.resource.loader.ClasspathResourceLoader
08:01:31.136 [main] DEBUG org.apache.velocity - Velocimacro : added VM includeDuration: source=/templates/macros/json/duration.vm
08:01:31.136 [main] DEBUG org.apache.velocity - ResourceManager : found /templates/macros/json/duration.vm with loader org.apache.velocity.runtime.resource.loader.ClasspathResourceLoader
08:01:31.137 [main] DEBUG org.apache.velocity - Velocimacro : added VM includeElement: source=/templates/macros/json/element.vm
08:01:31.137 [main] DEBUG org.apache.velocity - ResourceManager : found /templates/macros/json/element.vm with loader org.apache.velocity.runtime.resource.loader.ClasspathResourceLoader
08:01:31.139 [main] DEBUG org.apache.velocity - Velocimacro : added VM includeEmbeddings: source=/templates/macros/json/embeddings.vm
08:01:31.139 [main] DEBUG org.apache.velocity - Velocimacro : added VM includeHtmlEmbedding: source=/templates/macros/json/embeddings.vm
08:01:31.140 [main] DEBUG org.apache.velocity - Velocimacro : added VM includeImageEmbedding: source=/templates/macros/json/embeddings.vm
08:01:31.140 [main] DEBUG org.apache.velocity - Velocimacro : added VM includeImageReferenceEmbedding: source=/templates/macros/json/embeddings.vm
08:01:31.140 [main] DEBUG org.apache.velocity - Velocimacro : added VM includeTextEmbedding: source=/templates/macros/json/embeddings.vm
08:01:31.140 [main] DEBUG org.apache.velocity - Velocimacro : added VM includeUnknownEmbedding: source=/templates/macros/json/embeddings.vm
08:01:31.140 [main] DEBUG org.apache.velocity - ResourceManager : found /templates/macros/json/embeddings.vm with loader org.apache.velocity.runtime.resource.loader.ClasspathResourceLoader
08:01:31.141 [main] DEBUG org.apache.velocity - Velocimacro : added VM includeHooks: source=/templates/macros/json/hooks.vm
08:01:31.141 [main] DEBUG org.apache.velocity - ResourceManager : found /templates/macros/json/hooks.vm with loader org.apache.velocity.runtime.resource.loader.ClasspathResourceLoader
08:01:31.142 [main] DEBUG org.apache.velocity - Velocimacro : added VM includeOutput: source=/templates/macros/json/output.vm
08:01:31.142 [main] DEBUG org.apache.velocity - ResourceManager : found /templates/macros/json/output.vm with loader org.apache.velocity.runtime.resource.loader.ClasspathResourceLoader
08:01:31.143 [main] DEBUG org.apache.velocity - Velocimacro : added VM includeMessage: source=/templates/macros/json/message.vm
08:01:31.143 [main] DEBUG org.apache.velocity - ResourceManager : found /templates/macros/json/message.vm with loader org.apache.velocity.runtime.resource.loader.ClasspathResourceLoader
08:01:31.147 [main] DEBUG org.apache.velocity - Velocimacro : added VM includeSteps: source=/templates/macros/json/steps.vm
08:01:31.147 [main] DEBUG org.apache.velocity - ResourceManager : found /templates/macros/json/steps.vm with loader org.apache.velocity.runtime.resource.loader.ClasspathResourceLoader
08:01:31.147 [main] DEBUG org.apache.velocity - Velocimacro : added VM includeStepName: source=/templates/macros/json/stepName.vm
08:01:31.147 [main] DEBUG org.apache.velocity - ResourceManager : found /templates/macros/json/stepName.vm with loader org.apache.velocity.runtime.resource.loader.ClasspathResourceLoader
08:01:31.148 [main] DEBUG org.apache.velocity - Velocimacro : added VM includeTags: source=/templates/macros/json/tags.vm
08:01:31.148 [main] DEBUG org.apache.velocity - ResourceManager : found /templates/macros/json/tags.vm with loader org.apache.velocity.runtime.resource.loader.ClasspathResourceLoader
08:01:31.148 [main] DEBUG org.apache.velocity - VM #includeNavigation: too few arguments to macro. Wanted 1 got 0
08:01:31.148 [main] DEBUG org.apache.velocity - Left side ($active_tab) of '==' operation has null value. If it is a reference, it may not be in the context or its toString() returned null. /templates/macros/page/navigation.vm[line 14, column 51]
08:01:31.148 [main] DEBUG org.apache.velocity - Left side ($active_tab) of '==' operation has null value. If it is a reference, it may not be in the context or its toString() returned null. /templates/macros/page/navigation.vm[line 15, column 51]
08:01:31.148 [main] DEBUG org.apache.velocity - Left side ($active_tab) of '==' operation has null value. If it is a reference, it may not be in the context or its toString() returned null. /templates/macros/page/navigation.vm[line 16, column 51]
08:01:31.148 [main] DEBUG org.apache.velocity - Left side ($active_tab) of '==' operation has null value. If it is a reference, it may not be in the context or its toString() returned null. /templates/macros/page/navigation.vm[line 20, column 51]
08:01:31.148 [main] DEBUG org.apache.velocity - VM #includeLead: too few arguments to macro. Wanted 2 got 1
08:01:31.151 [main] DEBUG org.apache.velocity - VM #includeBrief: too few arguments to macro. Wanted 5 got 3
08:01:31.151 [main] DEBUG org.apache.velocity - VM #includeBrief: too few arguments to macro. Wanted 5 got 4
08:01:31.151 [main] DEBUG org.apache.velocity - VM #includeBrief: too few arguments to macro. Wanted 5 got 4
08:01:31.152 [main] DEBUG org.apache.velocity - VM #includeBrief: too few arguments to macro. Wanted 5 got 4
08:01:31.152 [main] DEBUG org.apache.velocity - VM #includeBrief: too few arguments to macro. Wanted 5 got 4
08:01:31.153 [main] DEBUG org.apache.velocity - VM #includeBrief: too few arguments to macro. Wanted 5 got 4
08:01:31.153 [main] DEBUG org.apache.velocity - VM #includeBrief: too few arguments to macro. Wanted 5 got 4
08:01:31.153 [main] DEBUG org.apache.velocity - VM #includeBrief: too few arguments to macro. Wanted 5 got 4
08:01:31.153 [main] DEBUG org.apache.velocity - VM #includeBrief: too few arguments to macro. Wanted 5 got 4
08:01:31.154 [main] DEBUG org.apache.velocity - VM #includeBrief: too few arguments to macro. Wanted 5 got 4
08:01:31.154 [main] DEBUG org.apache.velocity - VM #includeBrief: too few arguments to macro. Wanted 5 got 4
08:01:31.155 [main] DEBUG org.apache.velocity - VM #includeBrief: too few arguments to macro. Wanted 5 got 4
08:01:31.155 [main] DEBUG org.apache.velocity - VM #includeBrief: too few arguments to macro. Wanted 5 got 4
08:01:31.156 [main] DEBUG org.apache.velocity - VM #includeBrief: too few arguments to macro. Wanted 5 got 4
08:01:31.156 [main] DEBUG org.apache.velocity - VM #includeBrief: too few arguments to macro. Wanted 5 got 4
08:01:31.156 [main] DEBUG org.apache.velocity - VM #includeBrief: too few arguments to macro. Wanted 5 got 4
08:01:31.156 [main] DEBUG org.apache.velocity - VM #includeBrief: too few arguments to macro. Wanted 5 got 4
08:01:31.157 [main] DEBUG org.apache.velocity - VM #includeBrief: too few arguments to macro. Wanted 5 got 4
08:01:31.157 [main] DEBUG org.apache.velocity - VM #includeBrief: too few arguments to macro. Wanted 5 got 4
08:01:31.157 [main] DEBUG org.apache.velocity - VM #includeBrief: too few arguments to macro. Wanted 5 got 4
08:01:31.157 [main] DEBUG org.apache.velocity - VM #includeBrief: too few arguments to macro. Wanted 5 got 4
08:01:31.158 [main] DEBUG org.apache.velocity - VM #includeBrief: too few arguments to macro. Wanted 5 got 4
08:01:31.158 [main] DEBUG org.apache.velocity - VM #includeBrief: too few arguments to macro. Wanted 5 got 4
08:01:31.159 [main] DEBUG org.apache.velocity - VM #includeBrief: too few arguments to macro. Wanted 5 got 4
08:01:31.159 [main] DEBUG org.apache.velocity - VM #includeBrief: too few arguments to macro. Wanted 5 got 4
08:01:31.161 [main] DEBUG org.apache.velocity - ResourceManager : found /templates/footer.vm with loader org.apache.velocity.runtime.resource.loader.ClasspathResourceLoader
08:01:31.164 [main] DEBUG org.apache.velocity - CommonsLogLogChute name is 'org.apache.velocity'
08:01:31.164 [main] DEBUG org.apache.velocity - Initializing Velocity, Calling init()...
08:01:31.164 [main] DEBUG org.apache.velocity - Starting Apache Velocity v1.7 (compiled: 2010-11-19 12:14:37)
08:01:31.164 [main] DEBUG org.apache.velocity - Default Properties File: org/apache/velocity/runtime/defaults/velocity.properties
08:01:31.164 [main] DEBUG org.apache.velocity - Trying to use logger class org.apache.velocity.runtime.log.AvalonLogChute
08:01:31.164 [main] DEBUG org.apache.velocity - Target log system for org.apache.velocity.runtime.log.AvalonLogChute is not available (java.lang.NoClassDefFoundError: org/apache/log/format/Formatter).  Falling back to next log system...
08:01:31.164 [main] DEBUG org.apache.velocity - Trying to use logger class org.apache.velocity.runtime.log.Log4JLogChute
08:01:31.164 [main] DEBUG org.apache.velocity - Target log system for org.apache.velocity.runtime.log.Log4JLogChute is not available (java.lang.NoClassDefFoundError: org/apache/log4j/Appender).  Falling back to next log system...
08:01:31.164 [main] DEBUG org.apache.velocity - Trying to use logger class org.apache.velocity.runtime.log.CommonsLogLogChute
08:01:31.164 [main] DEBUG org.apache.velocity - Using logger class org.apache.velocity.runtime.log.CommonsLogLogChute
08:01:31.164 [main] DEBUG org.apache.velocity - ResourceLoader instantiated: org.apache.velocity.runtime.resource.loader.ClasspathResourceLoader
08:01:31.164 [main] DEBUG org.apache.velocity - ResourceCache: initialized (class org.apache.velocity.runtime.resource.ResourceCacheImpl) with class java.util.Collections$SynchronizedMap cache map.
08:01:31.165 [main] DEBUG org.apache.velocity - Loaded System Directive: org.apache.velocity.runtime.directive.Stop
08:01:31.165 [main] DEBUG org.apache.velocity - Loaded System Directive: org.apache.velocity.runtime.directive.Define
08:01:31.165 [main] DEBUG org.apache.velocity - Loaded System Directive: org.apache.velocity.runtime.directive.Break
08:01:31.165 [main] DEBUG org.apache.velocity - Loaded System Directive: org.apache.velocity.runtime.directive.Evaluate
08:01:31.165 [main] DEBUG org.apache.velocity - Loaded System Directive: org.apache.velocity.runtime.directive.Literal
08:01:31.165 [main] DEBUG org.apache.velocity - Loaded System Directive: org.apache.velocity.runtime.directive.Macro
08:01:31.165 [main] DEBUG org.apache.velocity - Loaded System Directive: org.apache.velocity.runtime.directive.Parse
08:01:31.165 [main] DEBUG org.apache.velocity - Loaded System Directive: org.apache.velocity.runtime.directive.Include
08:01:31.165 [main] DEBUG org.apache.velocity - Loaded System Directive: org.apache.velocity.runtime.directive.Foreach
08:01:31.173 [main] DEBUG org.apache.velocity - Created '20' parsers.
08:01:31.173 [main] DEBUG org.apache.velocity - Velocimacro : "velocimacro.library" is not set.  Trying default library: VM_global_library.vm
08:01:31.173 [main] DEBUG org.apache.velocity - Could not load resource 'VM_global_library.vm' from ResourceLoader org.apache.velocity.runtime.resource.loader.ClasspathResourceLoader: ClasspathResourceLoader Error: cannot find resource VM_global_library.vm
08:01:31.173 [main] DEBUG org.apache.velocity - Velocimacro : Default library not found.
08:01:31.173 [main] DEBUG org.apache.velocity - Velocimacro : allowInline = true : VMs can be defined inline in templates
08:01:31.173 [main] DEBUG org.apache.velocity - Velocimacro : allowInlineToOverride = false : VMs defined inline may NOT replace previous VM definitions
08:01:31.173 [main] DEBUG org.apache.velocity - Velocimacro : allowInlineLocal = false : VMs defined inline will be global in scope if allowed.
08:01:31.173 [main] DEBUG org.apache.velocity - Velocimacro : autoload off : VM system will not automatically reload global library macros
08:01:31.175 [main] DEBUG org.apache.velocity - ResourceManager : found templates/generators/overviewTags.vm with loader org.apache.velocity.runtime.resource.loader.ClasspathResourceLoader
08:01:31.176 [main] DEBUG org.apache.velocity - ResourceManager : found /templates/headers.vm with loader org.apache.velocity.runtime.resource.loader.ClasspathResourceLoader
08:01:31.176 [main] DEBUG org.apache.velocity - ResourceManager : found /templates/head.vm with loader org.apache.velocity.runtime.resource.loader.ClasspathResourceLoader
08:01:31.176 [main] DEBUG org.apache.velocity - Velocimacro : added VM stringArray: source=/templates/macros/array.js.vm
08:01:31.176 [main] DEBUG org.apache.velocity - Velocimacro : added VM numberArray: source=/templates/macros/array.js.vm
08:01:31.176 [main] DEBUG org.apache.velocity - ResourceManager : found /templates/macros/array.js.vm with loader org.apache.velocity.runtime.resource.loader.ClasspathResourceLoader
08:01:31.177 [main] DEBUG org.apache.velocity - Velocimacro : added VM includeBuildInfo: source=/templates/macros/page/buildinfo.vm
08:01:31.177 [main] DEBUG org.apache.velocity - ResourceManager : found /templates/macros/page/buildinfo.vm with loader org.apache.velocity.runtime.resource.loader.ClasspathResourceLoader
08:01:31.178 [main] DEBUG org.apache.velocity - Velocimacro : added VM includeClassifications: source=/templates/macros/page/classifications.vm
08:01:31.178 [main] DEBUG org.apache.velocity - ResourceManager : found /templates/macros/page/classifications.vm with loader org.apache.velocity.runtime.resource.loader.ClasspathResourceLoader
08:01:31.178 [main] DEBUG org.apache.velocity - Velocimacro : added VM includeLead: source=/templates/macros/page/lead.vm
08:01:31.178 [main] DEBUG org.apache.velocity - ResourceManager : found /templates/macros/page/lead.vm with loader org.apache.velocity.runtime.resource.loader.ClasspathResourceLoader
08:01:31.179 [main] DEBUG org.apache.velocity - Velocimacro : added VM includeNavigation: source=/templates/macros/page/navigation.vm
08:01:31.179 [main] DEBUG org.apache.velocity - ResourceManager : found /templates/macros/page/navigation.vm with loader org.apache.velocity.runtime.resource.loader.ClasspathResourceLoader
08:01:31.180 [main] DEBUG org.apache.velocity - Velocimacro : added VM includeReportInfo: source=/templates/macros/page/reportInfo.vm
08:01:31.180 [main] DEBUG org.apache.velocity - ResourceManager : found /templates/macros/page/reportInfo.vm with loader org.apache.velocity.runtime.resource.loader.ClasspathResourceLoader
08:01:31.180 [main] DEBUG org.apache.velocity - Velocimacro : added VM includeTitle: source=/templates/macros/page/title.vm
08:01:31.180 [main] DEBUG org.apache.velocity - ResourceManager : found /templates/macros/page/title.vm with loader org.apache.velocity.runtime.resource.loader.ClasspathResourceLoader
08:01:31.181 [main] DEBUG org.apache.velocity - Velocimacro : added VM includeExpandingButtons: source=/templates/macros/report/expandAllButtons.vm
08:01:31.181 [main] DEBUG org.apache.velocity - ResourceManager : found /templates/macros/report/expandAllButtons.vm with loader org.apache.velocity.runtime.resource.loader.ClasspathResourceLoader
08:01:31.182 [main] DEBUG org.apache.velocity - Velocimacro : added VM includeReportTable: source=/templates/macros/report/reportTable.vm
08:01:31.182 [main] DEBUG org.apache.velocity - ResourceManager : found /templates/macros/report/reportTable.vm with loader org.apache.velocity.runtime.resource.loader.ClasspathResourceLoader
08:01:31.183 [main] DEBUG org.apache.velocity - Velocimacro : added VM includeReportHeader: source=/templates/macros/report/reportHeader.vm
08:01:31.183 [main] DEBUG org.apache.velocity - ResourceManager : found /templates/macros/report/reportHeader.vm with loader org.apache.velocity.runtime.resource.loader.ClasspathResourceLoader
08:01:31.185 [main] DEBUG org.apache.velocity - Velocimacro : added VM includeStatsTable: source=/templates/macros/report/statsTable.vm
08:01:31.185 [main] DEBUG org.apache.velocity - ResourceManager : found /templates/macros/report/statsTable.vm with loader org.apache.velocity.runtime.resource.loader.ClasspathResourceLoader
08:01:31.185 [main] DEBUG org.apache.velocity - Velocimacro : added VM includeBrief: source=/templates/macros/json/brief.vm
08:01:31.185 [main] DEBUG org.apache.velocity - ResourceManager : found /templates/macros/json/brief.vm with loader org.apache.velocity.runtime.resource.loader.ClasspathResourceLoader
08:01:31.186 [main] DEBUG org.apache.velocity - Velocimacro : added VM includeDocString: source=/templates/macros/json/docstring.vm
08:01:31.186 [main] DEBUG org.apache.velocity - ResourceManager : found /templates/macros/json/docstring.vm with loader org.apache.velocity.runtime.resource.loader.ClasspathResourceLoader
08:01:31.186 [main] DEBUG org.apache.velocity - Velocimacro : added VM includeDuration: source=/templates/macros/json/duration.vm
08:01:31.186 [main] DEBUG org.apache.velocity - ResourceManager : found /templates/macros/json/duration.vm with loader org.apache.velocity.runtime.resource.loader.ClasspathResourceLoader
08:01:31.187 [main] DEBUG org.apache.velocity - Velocimacro : added VM includeElement: source=/templates/macros/json/element.vm
08:01:31.188 [main] DEBUG org.apache.velocity - ResourceManager : found /templates/macros/json/element.vm with loader org.apache.velocity.runtime.resource.loader.ClasspathResourceLoader
08:01:31.190 [main] DEBUG org.apache.velocity - Velocimacro : added VM includeEmbeddings: source=/templates/macros/json/embeddings.vm
08:01:31.190 [main] DEBUG org.apache.velocity - Velocimacro : added VM includeHtmlEmbedding: source=/templates/macros/json/embeddings.vm
08:01:31.190 [main] DEBUG org.apache.velocity - Velocimacro : added VM includeImageEmbedding: source=/templates/macros/json/embeddings.vm
08:01:31.190 [main] DEBUG org.apache.velocity - Velocimacro : added VM includeImageReferenceEmbedding: source=/templates/macros/json/embeddings.vm
08:01:31.190 [main] DEBUG org.apache.velocity - Velocimacro : added VM includeTextEmbedding: source=/templates/macros/json/embeddings.vm
08:01:31.190 [main] DEBUG org.apache.velocity - Velocimacro : added VM includeUnknownEmbedding: source=/templates/macros/json/embeddings.vm
08:01:31.190 [main] DEBUG org.apache.velocity - ResourceManager : found /templates/macros/json/embeddings.vm with loader org.apache.velocity.runtime.resource.loader.ClasspathResourceLoader
08:01:31.191 [main] DEBUG org.apache.velocity - Velocimacro : added VM includeHooks: source=/templates/macros/json/hooks.vm
08:01:31.191 [main] DEBUG org.apache.velocity - ResourceManager : found /templates/macros/json/hooks.vm with loader org.apache.velocity.runtime.resource.loader.ClasspathResourceLoader
08:01:31.192 [main] DEBUG org.apache.velocity - Velocimacro : added VM includeOutput: source=/templates/macros/json/output.vm
08:01:31.192 [main] DEBUG org.apache.velocity - ResourceManager : found /templates/macros/json/output.vm with loader org.apache.velocity.runtime.resource.loader.ClasspathResourceLoader
08:01:31.193 [main] DEBUG org.apache.velocity - Velocimacro : added VM includeMessage: source=/templates/macros/json/message.vm
08:01:31.193 [main] DEBUG org.apache.velocity - ResourceManager : found /templates/macros/json/message.vm with loader org.apache.velocity.runtime.resource.loader.ClasspathResourceLoader
08:01:31.194 [main] DEBUG org.apache.velocity - Velocimacro : added VM includeSteps: source=/templates/macros/json/steps.vm
08:01:31.194 [main] DEBUG org.apache.velocity - ResourceManager : found /templates/macros/json/steps.vm with loader org.apache.velocity.runtime.resource.loader.ClasspathResourceLoader
08:01:31.195 [main] DEBUG org.apache.velocity - Velocimacro : added VM includeStepName: source=/templates/macros/json/stepName.vm
08:01:31.195 [main] DEBUG org.apache.velocity - ResourceManager : found /templates/macros/json/stepName.vm with loader org.apache.velocity.runtime.resource.loader.ClasspathResourceLoader
08:01:31.196 [main] DEBUG org.apache.velocity - Velocimacro : added VM includeTags: source=/templates/macros/json/tags.vm
08:01:31.196 [main] DEBUG org.apache.velocity - ResourceManager : found /templates/macros/json/tags.vm with loader org.apache.velocity.runtime.resource.loader.ClasspathResourceLoader
08:01:31.197 [main] DEBUG org.apache.velocity - ResourceManager : found /templates/js/tags-chart.js.vm with loader org.apache.velocity.runtime.resource.loader.ClasspathResourceLoader
08:01:31.199 [main] DEBUG org.apache.velocity - ResourceManager : found /templates/footer.vm with loader org.apache.velocity.runtime.resource.loader.ClasspathResourceLoader
08:01:31.202 [main] DEBUG org.apache.velocity - CommonsLogLogChute name is 'org.apache.velocity'
08:01:31.202 [main] DEBUG org.apache.velocity - Initializing Velocity, Calling init()...
08:01:31.202 [main] DEBUG org.apache.velocity - Starting Apache Velocity v1.7 (compiled: 2010-11-19 12:14:37)
08:01:31.202 [main] DEBUG org.apache.velocity - Default Properties File: org/apache/velocity/runtime/defaults/velocity.properties
08:01:31.202 [main] DEBUG org.apache.velocity - Trying to use logger class org.apache.velocity.runtime.log.AvalonLogChute
08:01:31.202 [main] DEBUG org.apache.velocity - Target log system for org.apache.velocity.runtime.log.AvalonLogChute is not available (java.lang.NoClassDefFoundError: org/apache/log/format/Formatter).  Falling back to next log system...
08:01:31.202 [main] DEBUG org.apache.velocity - Trying to use logger class org.apache.velocity.runtime.log.Log4JLogChute
08:01:31.202 [main] DEBUG org.apache.velocity - Target log system for org.apache.velocity.runtime.log.Log4JLogChute is not available (java.lang.NoClassDefFoundError: org/apache/log4j/Appender).  Falling back to next log system...
08:01:31.202 [main] DEBUG org.apache.velocity - Trying to use logger class org.apache.velocity.runtime.log.CommonsLogLogChute
08:01:31.202 [main] DEBUG org.apache.velocity - Using logger class org.apache.velocity.runtime.log.CommonsLogLogChute
08:01:31.202 [main] DEBUG org.apache.velocity - ResourceLoader instantiated: org.apache.velocity.runtime.resource.loader.ClasspathResourceLoader
08:01:31.202 [main] DEBUG org.apache.velocity - ResourceCache: initialized (class org.apache.velocity.runtime.resource.ResourceCacheImpl) with class java.util.Collections$SynchronizedMap cache map.
08:01:31.207 [main] DEBUG org.apache.velocity - Loaded System Directive: org.apache.velocity.runtime.directive.Stop
08:01:31.207 [main] DEBUG org.apache.velocity - Loaded System Directive: org.apache.velocity.runtime.directive.Define
08:01:31.207 [main] DEBUG org.apache.velocity - Loaded System Directive: org.apache.velocity.runtime.directive.Break
08:01:31.207 [main] DEBUG org.apache.velocity - Loaded System Directive: org.apache.velocity.runtime.directive.Evaluate
08:01:31.207 [main] DEBUG org.apache.velocity - Loaded System Directive: org.apache.velocity.runtime.directive.Literal
08:01:31.207 [main] DEBUG org.apache.velocity - Loaded System Directive: org.apache.velocity.runtime.directive.Macro
08:01:31.207 [main] DEBUG org.apache.velocity - Loaded System Directive: org.apache.velocity.runtime.directive.Parse
08:01:31.207 [main] DEBUG org.apache.velocity - Loaded System Directive: org.apache.velocity.runtime.directive.Include
08:01:31.207 [main] DEBUG org.apache.velocity - Loaded System Directive: org.apache.velocity.runtime.directive.Foreach
08:01:31.208 [main] DEBUG org.apache.velocity - Created '20' parsers.
08:01:31.208 [main] DEBUG org.apache.velocity - Velocimacro : "velocimacro.library" is not set.  Trying default library: VM_global_library.vm
08:01:31.208 [main] DEBUG org.apache.velocity - Could not load resource 'VM_global_library.vm' from ResourceLoader org.apache.velocity.runtime.resource.loader.ClasspathResourceLoader: ClasspathResourceLoader Error: cannot find resource VM_global_library.vm
08:01:31.208 [main] DEBUG org.apache.velocity - Velocimacro : Default library not found.
08:01:31.208 [main] DEBUG org.apache.velocity - Velocimacro : allowInline = true : VMs can be defined inline in templates
08:01:31.208 [main] DEBUG org.apache.velocity - Velocimacro : allowInlineToOverride = false : VMs defined inline may NOT replace previous VM definitions
08:01:31.208 [main] DEBUG org.apache.velocity - Velocimacro : allowInlineLocal = false : VMs defined inline will be global in scope if allowed.
08:01:31.208 [main] DEBUG org.apache.velocity - Velocimacro : autoload off : VM system will not automatically reload global library macros
08:01:31.210 [main] DEBUG org.apache.velocity - ResourceManager : found templates/generators/overviewSteps.vm with loader org.apache.velocity.runtime.resource.loader.ClasspathResourceLoader
08:01:31.212 [main] DEBUG org.apache.velocity - ResourceManager : found /templates/headers.vm with loader org.apache.velocity.runtime.resource.loader.ClasspathResourceLoader
08:01:31.213 [main] DEBUG org.apache.velocity - ResourceManager : found /templates/head.vm with loader org.apache.velocity.runtime.resource.loader.ClasspathResourceLoader
08:01:31.213 [main] DEBUG org.apache.velocity - Velocimacro : added VM stringArray: source=/templates/macros/array.js.vm
08:01:31.213 [main] DEBUG org.apache.velocity - Velocimacro : added VM numberArray: source=/templates/macros/array.js.vm
08:01:31.213 [main] DEBUG org.apache.velocity - ResourceManager : found /templates/macros/array.js.vm with loader org.apache.velocity.runtime.resource.loader.ClasspathResourceLoader
08:01:31.214 [main] DEBUG org.apache.velocity - Velocimacro : added VM includeBuildInfo: source=/templates/macros/page/buildinfo.vm
08:01:31.214 [main] DEBUG org.apache.velocity - ResourceManager : found /templates/macros/page/buildinfo.vm with loader org.apache.velocity.runtime.resource.loader.ClasspathResourceLoader
08:01:31.215 [main] DEBUG org.apache.velocity - Velocimacro : added VM includeClassifications: source=/templates/macros/page/classifications.vm
08:01:31.215 [main] DEBUG org.apache.velocity - ResourceManager : found /templates/macros/page/classifications.vm with loader org.apache.velocity.runtime.resource.loader.ClasspathResourceLoader
08:01:31.215 [main] DEBUG org.apache.velocity - Velocimacro : added VM includeLead: source=/templates/macros/page/lead.vm
08:01:31.215 [main] DEBUG org.apache.velocity - ResourceManager : found /templates/macros/page/lead.vm with loader org.apache.velocity.runtime.resource.loader.ClasspathResourceLoader
08:01:31.216 [main] DEBUG org.apache.velocity - Velocimacro : added VM includeNavigation: source=/templates/macros/page/navigation.vm
08:01:31.216 [main] DEBUG org.apache.velocity - ResourceManager : found /templates/macros/page/navigation.vm with loader org.apache.velocity.runtime.resource.loader.ClasspathResourceLoader
08:01:31.217 [main] DEBUG org.apache.velocity - Velocimacro : added VM includeReportInfo: source=/templates/macros/page/reportInfo.vm
08:01:31.217 [main] DEBUG org.apache.velocity - ResourceManager : found /templates/macros/page/reportInfo.vm with loader org.apache.velocity.runtime.resource.loader.ClasspathResourceLoader
08:01:31.218 [main] DEBUG org.apache.velocity - Velocimacro : added VM includeTitle: source=/templates/macros/page/title.vm
08:01:31.218 [main] DEBUG org.apache.velocity - ResourceManager : found /templates/macros/page/title.vm with loader org.apache.velocity.runtime.resource.loader.ClasspathResourceLoader
08:01:31.218 [main] DEBUG org.apache.velocity - Velocimacro : added VM includeExpandingButtons: source=/templates/macros/report/expandAllButtons.vm
08:01:31.218 [main] DEBUG org.apache.velocity - ResourceManager : found /templates/macros/report/expandAllButtons.vm with loader org.apache.velocity.runtime.resource.loader.ClasspathResourceLoader
08:01:31.220 [main] DEBUG org.apache.velocity - Velocimacro : added VM includeReportTable: source=/templates/macros/report/reportTable.vm
08:01:31.220 [main] DEBUG org.apache.velocity - ResourceManager : found /templates/macros/report/reportTable.vm with loader org.apache.velocity.runtime.resource.loader.ClasspathResourceLoader
08:01:31.220 [main] DEBUG org.apache.velocity - Velocimacro : added VM includeReportHeader: source=/templates/macros/report/reportHeader.vm
08:01:31.220 [main] DEBUG org.apache.velocity - ResourceManager : found /templates/macros/report/reportHeader.vm with loader org.apache.velocity.runtime.resource.loader.ClasspathResourceLoader
08:01:31.222 [main] DEBUG org.apache.velocity - Velocimacro : added VM includeStatsTable: source=/templates/macros/report/statsTable.vm
08:01:31.222 [main] DEBUG org.apache.velocity - ResourceManager : found /templates/macros/report/statsTable.vm with loader org.apache.velocity.runtime.resource.loader.ClasspathResourceLoader
08:01:31.223 [main] DEBUG org.apache.velocity - Velocimacro : added VM includeBrief: source=/templates/macros/json/brief.vm
08:01:31.223 [main] DEBUG org.apache.velocity - ResourceManager : found /templates/macros/json/brief.vm with loader org.apache.velocity.runtime.resource.loader.ClasspathResourceLoader
08:01:31.223 [main] DEBUG org.apache.velocity - Velocimacro : added VM includeDocString: source=/templates/macros/json/docstring.vm
08:01:31.224 [main] DEBUG org.apache.velocity - ResourceManager : found /templates/macros/json/docstring.vm with loader org.apache.velocity.runtime.resource.loader.ClasspathResourceLoader
08:01:31.224 [main] DEBUG org.apache.velocity - Velocimacro : added VM includeDuration: source=/templates/macros/json/duration.vm
08:01:31.224 [main] DEBUG org.apache.velocity - ResourceManager : found /templates/macros/json/duration.vm with loader org.apache.velocity.runtime.resource.loader.ClasspathResourceLoader
08:01:31.225 [main] DEBUG org.apache.velocity - Velocimacro : added VM includeElement: source=/templates/macros/json/element.vm
08:01:31.225 [main] DEBUG org.apache.velocity - ResourceManager : found /templates/macros/json/element.vm with loader org.apache.velocity.runtime.resource.loader.ClasspathResourceLoader
08:01:31.228 [main] DEBUG org.apache.velocity - Velocimacro : added VM includeEmbeddings: source=/templates/macros/json/embeddings.vm
08:01:31.228 [main] DEBUG org.apache.velocity - Velocimacro : added VM includeHtmlEmbedding: source=/templates/macros/json/embeddings.vm
08:01:31.228 [main] DEBUG org.apache.velocity - Velocimacro : added VM includeImageEmbedding: source=/templates/macros/json/embeddings.vm
08:01:31.228 [main] DEBUG org.apache.velocity - Velocimacro : added VM includeImageReferenceEmbedding: source=/templates/macros/json/embeddings.vm
08:01:31.228 [main] DEBUG org.apache.velocity - Velocimacro : added VM includeTextEmbedding: source=/templates/macros/json/embeddings.vm
08:01:31.228 [main] DEBUG org.apache.velocity - Velocimacro : added VM includeUnknownEmbedding: source=/templates/macros/json/embeddings.vm
08:01:31.228 [main] DEBUG org.apache.velocity - ResourceManager : found /templates/macros/json/embeddings.vm with loader org.apache.velocity.runtime.resource.loader.ClasspathResourceLoader
08:01:31.230 [main] DEBUG org.apache.velocity - Velocimacro : added VM includeHooks: source=/templates/macros/json/hooks.vm
08:01:31.230 [main] DEBUG org.apache.velocity - ResourceManager : found /templates/macros/json/hooks.vm with loader org.apache.velocity.runtime.resource.loader.ClasspathResourceLoader
08:01:31.231 [main] DEBUG org.apache.velocity - Velocimacro : added VM includeOutput: source=/templates/macros/json/output.vm
08:01:31.231 [main] DEBUG org.apache.velocity - ResourceManager : found /templates/macros/json/output.vm with loader org.apache.velocity.runtime.resource.loader.ClasspathResourceLoader
08:01:31.232 [main] DEBUG org.apache.velocity - Velocimacro : added VM includeMessage: source=/templates/macros/json/message.vm
08:01:31.232 [main] DEBUG org.apache.velocity - ResourceManager : found /templates/macros/json/message.vm with loader org.apache.velocity.runtime.resource.loader.ClasspathResourceLoader
08:01:31.233 [main] DEBUG org.apache.velocity - Velocimacro : added VM includeSteps: source=/templates/macros/json/steps.vm
08:01:31.233 [main] DEBUG org.apache.velocity - ResourceManager : found /templates/macros/json/steps.vm with loader org.apache.velocity.runtime.resource.loader.ClasspathResourceLoader
08:01:31.235 [main] DEBUG org.apache.velocity - Velocimacro : added VM includeStepName: source=/templates/macros/json/stepName.vm
08:01:31.235 [main] DEBUG org.apache.velocity - ResourceManager : found /templates/macros/json/stepName.vm with loader org.apache.velocity.runtime.resource.loader.ClasspathResourceLoader
08:01:31.235 [main] DEBUG org.apache.velocity - Velocimacro : added VM includeTags: source=/templates/macros/json/tags.vm
08:01:31.236 [main] DEBUG org.apache.velocity - ResourceManager : found /templates/macros/json/tags.vm with loader org.apache.velocity.runtime.resource.loader.ClasspathResourceLoader
08:01:31.237 [main] DEBUG org.apache.velocity - ResourceManager : found /templates/footer.vm with loader org.apache.velocity.runtime.resource.loader.ClasspathResourceLoader
08:01:31.239 [main] DEBUG org.apache.velocity - CommonsLogLogChute name is 'org.apache.velocity'
08:01:31.239 [main] DEBUG org.apache.velocity - Initializing Velocity, Calling init()...
08:01:31.239 [main] DEBUG org.apache.velocity - Starting Apache Velocity v1.7 (compiled: 2010-11-19 12:14:37)
08:01:31.239 [main] DEBUG org.apache.velocity - Default Properties File: org/apache/velocity/runtime/defaults/velocity.properties
08:01:31.239 [main] DEBUG org.apache.velocity - Trying to use logger class org.apache.velocity.runtime.log.AvalonLogChute
08:01:31.239 [main] DEBUG org.apache.velocity - Target log system for org.apache.velocity.runtime.log.AvalonLogChute is not available (java.lang.NoClassDefFoundError: org/apache/log/format/Formatter).  Falling back to next log system...
08:01:31.239 [main] DEBUG org.apache.velocity - Trying to use logger class org.apache.velocity.runtime.log.Log4JLogChute
08:01:31.239 [main] DEBUG org.apache.velocity - Target log system for org.apache.velocity.runtime.log.Log4JLogChute is not available (java.lang.NoClassDefFoundError: org/apache/log4j/Appender).  Falling back to next log system...
08:01:31.239 [main] DEBUG org.apache.velocity - Trying to use logger class org.apache.velocity.runtime.log.CommonsLogLogChute
08:01:31.239 [main] DEBUG org.apache.velocity - Using logger class org.apache.velocity.runtime.log.CommonsLogLogChute
08:01:31.240 [main] DEBUG org.apache.velocity - ResourceLoader instantiated: org.apache.velocity.runtime.resource.loader.ClasspathResourceLoader
08:01:31.240 [main] DEBUG org.apache.velocity - ResourceCache: initialized (class org.apache.velocity.runtime.resource.ResourceCacheImpl) with class java.util.Collections$SynchronizedMap cache map.
08:01:31.240 [main] DEBUG org.apache.velocity - Loaded System Directive: org.apache.velocity.runtime.directive.Stop
08:01:31.240 [main] DEBUG org.apache.velocity - Loaded System Directive: org.apache.velocity.runtime.directive.Define
08:01:31.240 [main] DEBUG org.apache.velocity - Loaded System Directive: org.apache.velocity.runtime.directive.Break
08:01:31.240 [main] DEBUG org.apache.velocity - Loaded System Directive: org.apache.velocity.runtime.directive.Evaluate
08:01:31.240 [main] DEBUG org.apache.velocity - Loaded System Directive: org.apache.velocity.runtime.directive.Literal
08:01:31.240 [main] DEBUG org.apache.velocity - Loaded System Directive: org.apache.velocity.runtime.directive.Macro
08:01:31.240 [main] DEBUG org.apache.velocity - Loaded System Directive: org.apache.velocity.runtime.directive.Parse
08:01:31.240 [main] DEBUG org.apache.velocity - Loaded System Directive: org.apache.velocity.runtime.directive.Include
08:01:31.240 [main] DEBUG org.apache.velocity - Loaded System Directive: org.apache.velocity.runtime.directive.Foreach
08:01:31.241 [main] DEBUG org.apache.velocity - Created '20' parsers.
08:01:31.241 [main] DEBUG org.apache.velocity - Velocimacro : "velocimacro.library" is not set.  Trying default library: VM_global_library.vm
08:01:31.242 [main] DEBUG org.apache.velocity - Could not load resource 'VM_global_library.vm' from ResourceLoader org.apache.velocity.runtime.resource.loader.ClasspathResourceLoader: ClasspathResourceLoader Error: cannot find resource VM_global_library.vm
08:01:31.242 [main] DEBUG org.apache.velocity - Velocimacro : Default library not found.
08:01:31.242 [main] DEBUG org.apache.velocity - Velocimacro : allowInline = true : VMs can be defined inline in templates
08:01:31.242 [main] DEBUG org.apache.velocity - Velocimacro : allowInlineToOverride = false : VMs defined inline may NOT replace previous VM definitions
08:01:31.242 [main] DEBUG org.apache.velocity - Velocimacro : allowInlineLocal = false : VMs defined inline will be global in scope if allowed.
08:01:31.242 [main] DEBUG org.apache.velocity - Velocimacro : autoload off : VM system will not automatically reload global library macros
08:01:31.243 [main] DEBUG org.apache.velocity - ResourceManager : found templates/generators/overviewFailures.vm with loader org.apache.velocity.runtime.resource.loader.ClasspathResourceLoader
08:01:31.244 [main] DEBUG org.apache.velocity - ResourceManager : found /templates/headers.vm with loader org.apache.velocity.runtime.resource.loader.ClasspathResourceLoader
08:01:31.244 [main] DEBUG org.apache.velocity - ResourceManager : found /templates/head.vm with loader org.apache.velocity.runtime.resource.loader.ClasspathResourceLoader
08:01:31.245 [main] DEBUG org.apache.velocity - Velocimacro : added VM stringArray: source=/templates/macros/array.js.vm
08:01:31.245 [main] DEBUG org.apache.velocity - Velocimacro : added VM numberArray: source=/templates/macros/array.js.vm
08:01:31.245 [main] DEBUG org.apache.velocity - ResourceManager : found /templates/macros/array.js.vm with loader org.apache.velocity.runtime.resource.loader.ClasspathResourceLoader
08:01:31.246 [main] DEBUG org.apache.velocity - Velocimacro : added VM includeBuildInfo: source=/templates/macros/page/buildinfo.vm
08:01:31.246 [main] DEBUG org.apache.velocity - ResourceManager : found /templates/macros/page/buildinfo.vm with loader org.apache.velocity.runtime.resource.loader.ClasspathResourceLoader
08:01:31.247 [main] DEBUG org.apache.velocity - Velocimacro : added VM includeClassifications: source=/templates/macros/page/classifications.vm
08:01:31.247 [main] DEBUG org.apache.velocity - ResourceManager : found /templates/macros/page/classifications.vm with loader org.apache.velocity.runtime.resource.loader.ClasspathResourceLoader
08:01:31.248 [main] DEBUG org.apache.velocity - Velocimacro : added VM includeLead: source=/templates/macros/page/lead.vm
08:01:31.248 [main] DEBUG org.apache.velocity - ResourceManager : found /templates/macros/page/lead.vm with loader org.apache.velocity.runtime.resource.loader.ClasspathResourceLoader
08:01:31.249 [main] DEBUG org.apache.velocity - Velocimacro : added VM includeNavigation: source=/templates/macros/page/navigation.vm
08:01:31.249 [main] DEBUG org.apache.velocity - ResourceManager : found /templates/macros/page/navigation.vm with loader org.apache.velocity.runtime.resource.loader.ClasspathResourceLoader
08:01:31.250 [main] DEBUG org.apache.velocity - Velocimacro : added VM includeReportInfo: source=/templates/macros/page/reportInfo.vm
08:01:31.250 [main] DEBUG org.apache.velocity - ResourceManager : found /templates/macros/page/reportInfo.vm with loader org.apache.velocity.runtime.resource.loader.ClasspathResourceLoader
08:01:31.250 [main] DEBUG org.apache.velocity - Velocimacro : added VM includeTitle: source=/templates/macros/page/title.vm
08:01:31.250 [main] DEBUG org.apache.velocity - ResourceManager : found /templates/macros/page/title.vm with loader org.apache.velocity.runtime.resource.loader.ClasspathResourceLoader
08:01:31.254 [main] DEBUG org.apache.velocity - Velocimacro : added VM includeExpandingButtons: source=/templates/macros/report/expandAllButtons.vm
08:01:31.254 [main] DEBUG org.apache.velocity - ResourceManager : found /templates/macros/report/expandAllButtons.vm with loader org.apache.velocity.runtime.resource.loader.ClasspathResourceLoader
08:01:31.256 [main] DEBUG org.apache.velocity - Velocimacro : added VM includeReportTable: source=/templates/macros/report/reportTable.vm
08:01:31.256 [main] DEBUG org.apache.velocity - ResourceManager : found /templates/macros/report/reportTable.vm with loader org.apache.velocity.runtime.resource.loader.ClasspathResourceLoader
08:01:31.256 [main] DEBUG org.apache.velocity - Velocimacro : added VM includeReportHeader: source=/templates/macros/report/reportHeader.vm
08:01:31.257 [main] DEBUG org.apache.velocity - ResourceManager : found /templates/macros/report/reportHeader.vm with loader org.apache.velocity.runtime.resource.loader.ClasspathResourceLoader
08:01:31.272 [main] DEBUG org.apache.velocity - Velocimacro : added VM includeStatsTable: source=/templates/macros/report/statsTable.vm
08:01:31.272 [main] DEBUG org.apache.velocity - ResourceManager : found /templates/macros/report/statsTable.vm with loader org.apache.velocity.runtime.resource.loader.ClasspathResourceLoader
08:01:31.273 [main] DEBUG org.apache.velocity - Velocimacro : added VM includeBrief: source=/templates/macros/json/brief.vm
08:01:31.273 [main] DEBUG org.apache.velocity - ResourceManager : found /templates/macros/json/brief.vm with loader org.apache.velocity.runtime.resource.loader.ClasspathResourceLoader
08:01:31.273 [main] DEBUG org.apache.velocity - Velocimacro : added VM includeDocString: source=/templates/macros/json/docstring.vm
08:01:31.273 [main] DEBUG org.apache.velocity - ResourceManager : found /templates/macros/json/docstring.vm with loader org.apache.velocity.runtime.resource.loader.ClasspathResourceLoader
08:01:31.274 [main] DEBUG org.apache.velocity - Velocimacro : added VM includeDuration: source=/templates/macros/json/duration.vm
08:01:31.274 [main] DEBUG org.apache.velocity - ResourceManager : found /templates/macros/json/duration.vm with loader org.apache.velocity.runtime.resource.loader.ClasspathResourceLoader
08:01:31.274 [main] DEBUG org.apache.velocity - Velocimacro : added VM includeElement: source=/templates/macros/json/element.vm
08:01:31.275 [main] DEBUG org.apache.velocity - ResourceManager : found /templates/macros/json/element.vm with loader org.apache.velocity.runtime.resource.loader.ClasspathResourceLoader
08:01:31.276 [main] DEBUG org.apache.velocity - Velocimacro : added VM includeEmbeddings: source=/templates/macros/json/embeddings.vm
08:01:31.276 [main] DEBUG org.apache.velocity - Velocimacro : added VM includeHtmlEmbedding: source=/templates/macros/json/embeddings.vm
08:01:31.276 [main] DEBUG org.apache.velocity - Velocimacro : added VM includeImageEmbedding: source=/templates/macros/json/embeddings.vm
08:01:31.276 [main] DEBUG org.apache.velocity - Velocimacro : added VM includeImageReferenceEmbedding: source=/templates/macros/json/embeddings.vm
08:01:31.276 [main] DEBUG org.apache.velocity - Velocimacro : added VM includeTextEmbedding: source=/templates/macros/json/embeddings.vm
08:01:31.276 [main] DEBUG org.apache.velocity - Velocimacro : added VM includeUnknownEmbedding: source=/templates/macros/json/embeddings.vm
08:01:31.276 [main] DEBUG org.apache.velocity - ResourceManager : found /templates/macros/json/embeddings.vm with loader org.apache.velocity.runtime.resource.loader.ClasspathResourceLoader
08:01:31.277 [main] DEBUG org.apache.velocity - Velocimacro : added VM includeHooks: source=/templates/macros/json/hooks.vm
08:01:31.277 [main] DEBUG org.apache.velocity - ResourceManager : found /templates/macros/json/hooks.vm with loader org.apache.velocity.runtime.resource.loader.ClasspathResourceLoader
08:01:31.278 [main] DEBUG org.apache.velocity - Velocimacro : added VM includeOutput: source=/templates/macros/json/output.vm
08:01:31.278 [main] DEBUG org.apache.velocity - ResourceManager : found /templates/macros/json/output.vm with loader org.apache.velocity.runtime.resource.loader.ClasspathResourceLoader
08:01:31.279 [main] DEBUG org.apache.velocity - Velocimacro : added VM includeMessage: source=/templates/macros/json/message.vm
08:01:31.279 [main] DEBUG org.apache.velocity - ResourceManager : found /templates/macros/json/message.vm with loader org.apache.velocity.runtime.resource.loader.ClasspathResourceLoader
08:01:31.280 [main] DEBUG org.apache.velocity - Velocimacro : added VM includeSteps: source=/templates/macros/json/steps.vm
08:01:31.280 [main] DEBUG org.apache.velocity - ResourceManager : found /templates/macros/json/steps.vm with loader org.apache.velocity.runtime.resource.loader.ClasspathResourceLoader
08:01:31.281 [main] DEBUG org.apache.velocity - Velocimacro : added VM includeStepName: source=/templates/macros/json/stepName.vm
08:01:31.281 [main] DEBUG org.apache.velocity - ResourceManager : found /templates/macros/json/stepName.vm with loader org.apache.velocity.runtime.resource.loader.ClasspathResourceLoader
08:01:31.281 [main] DEBUG org.apache.velocity - Velocimacro : added VM includeTags: source=/templates/macros/json/tags.vm
08:01:31.281 [main] DEBUG org.apache.velocity - ResourceManager : found /templates/macros/json/tags.vm with loader org.apache.velocity.runtime.resource.loader.ClasspathResourceLoader
08:01:31.283 [main] DEBUG org.apache.velocity - VM #includeBrief: too few arguments to macro. Wanted 5 got 4
08:01:31.283 [main] DEBUG org.apache.velocity - VM #includeBrief: too few arguments to macro. Wanted 5 got 4
08:01:31.284 [main] DEBUG org.apache.velocity - ResourceManager : found /templates/footer.vm with loader org.apache.velocity.runtime.resource.loader.ClasspathResourceLoader
]]></system-out>
    <system-err><![CDATA[Aug 24, 2022 8:01:30 AM net.masterthought.cucumber.ReportParser parseJsonFiles
INFO: File '/home/mati/Desktop/newbuck/PetStore-proyect-with-postman/petStoreKarate/petStoreKarate/target/surefire-reports/karate.request.1CreateNewPet.json' contains 1 features
Aug 24, 2022 8:01:30 AM net.masterthought.cucumber.ReportParser parseJsonFiles
INFO: File '/home/mati/Desktop/newbuck/PetStore-proyect-with-postman/petStoreKarate/petStoreKarate/target/surefire-reports/karate.request.3PetIdUpdate.json' contains 1 features
Aug 24, 2022 8:01:30 AM net.masterthought.cucumber.ReportParser parseJsonFiles
INFO: File '/home/mati/Desktop/newbuck/PetStore-proyect-with-postman/petStoreKarate/petStoreKarate/target/surefire-reports/karate.request.4DeletesPet.json' contains 1 features
Aug 24, 2022 8:01:30 AM net.masterthought.cucumber.ReportParser parseJsonFiles
INFO: File '/home/mati/Desktop/newbuck/PetStore-proyect-with-postman/petStoreKarate/petStoreKarate/target/surefire-reports/karate.request.2FilterPetsById.json' contains 1 features
]]></system-err>
  </testcase>
</testsuite>